[2024-10-21T09:00:47.655+0000] {processor.py:186} INFO - Started process (PID=98) to work on /opt/airflow/dags/wikipedia_pageviews_dag.py
[2024-10-21T09:00:47.671+0000] {processor.py:914} INFO - Processing file /opt/airflow/dags/wikipedia_pageviews_dag.py for tasks to queue
[2024-10-21T09:00:47.704+0000] {logging_mixin.py:190} INFO - [2024-10-21T09:00:47.702+0000] {dagbag.py:587} INFO - Filling up the DagBag from /opt/airflow/dags/wikipedia_pageviews_dag.py
[2024-10-21T09:00:48.354+0000] {processor.py:925} INFO - DAG(s) 'wikipedia_pageviews_dag' retrieved from /opt/airflow/dags/wikipedia_pageviews_dag.py
[2024-10-21T09:00:48.685+0000] {logging_mixin.py:190} INFO - [2024-10-21T09:00:48.685+0000] {dag.py:3229} INFO - Sync 1 DAGs
[2024-10-21T09:00:48.937+0000] {logging_mixin.py:190} INFO - [2024-10-21T09:00:48.937+0000] {dag.py:4156} INFO - Setting next_dagrun for wikipedia_pageviews_dag to 2024-10-21 08:00:00+00:00, run_after=2024-10-21 09:00:00+00:00
[2024-10-21T09:00:49.387+0000] {processor.py:208} INFO - Processing /opt/airflow/dags/wikipedia_pageviews_dag.py took 1.750 seconds
[2024-10-21T09:02:05.449+0000] {processor.py:186} INFO - Started process (PID=173) to work on /opt/airflow/dags/wikipedia_pageviews_dag.py
[2024-10-21T09:02:05.464+0000] {processor.py:914} INFO - Processing file /opt/airflow/dags/wikipedia_pageviews_dag.py for tasks to queue
[2024-10-21T09:02:05.485+0000] {logging_mixin.py:190} INFO - [2024-10-21T09:02:05.480+0000] {dagbag.py:587} INFO - Filling up the DagBag from /opt/airflow/dags/wikipedia_pageviews_dag.py
[2024-10-21T09:02:05.783+0000] {processor.py:925} INFO - DAG(s) 'wikipedia_pageviews_dag' retrieved from /opt/airflow/dags/wikipedia_pageviews_dag.py
[2024-10-21T09:02:05.988+0000] {logging_mixin.py:190} INFO - [2024-10-21T09:02:05.987+0000] {dag.py:3229} INFO - Sync 1 DAGs
[2024-10-21T09:02:06.823+0000] {logging_mixin.py:190} INFO - [2024-10-21T09:02:06.822+0000] {dag.py:4156} INFO - Setting next_dagrun for wikipedia_pageviews_dag to 2024-10-21 08:00:00+00:00, run_after=2024-10-21 09:00:00+00:00
[2024-10-21T09:02:07.001+0000] {processor.py:208} INFO - Processing /opt/airflow/dags/wikipedia_pageviews_dag.py took 1.598 seconds
[2024-10-21T09:02:50.960+0000] {processor.py:186} INFO - Started process (PID=212) to work on /opt/airflow/dags/wikipedia_pageviews_dag.py
[2024-10-21T09:02:50.978+0000] {processor.py:914} INFO - Processing file /opt/airflow/dags/wikipedia_pageviews_dag.py for tasks to queue
[2024-10-21T09:02:50.999+0000] {logging_mixin.py:190} INFO - [2024-10-21T09:02:50.983+0000] {dagbag.py:587} INFO - Filling up the DagBag from /opt/airflow/dags/wikipedia_pageviews_dag.py
[2024-10-21T09:02:51.349+0000] {processor.py:925} INFO - DAG(s) 'wikipedia_pageviews_dag' retrieved from /opt/airflow/dags/wikipedia_pageviews_dag.py
[2024-10-21T09:02:51.759+0000] {logging_mixin.py:190} INFO - [2024-10-21T09:02:51.759+0000] {dag.py:3229} INFO - Sync 1 DAGs
[2024-10-21T09:02:52.325+0000] {logging_mixin.py:190} INFO - [2024-10-21T09:02:52.325+0000] {dag.py:4156} INFO - Setting next_dagrun for wikipedia_pageviews_dag to 2024-10-21 08:00:00+00:00, run_after=2024-10-21 09:00:00+00:00
[2024-10-21T09:02:52.648+0000] {processor.py:208} INFO - Processing /opt/airflow/dags/wikipedia_pageviews_dag.py took 1.755 seconds
[2024-10-21T09:03:32.993+0000] {processor.py:186} INFO - Started process (PID=275) to work on /opt/airflow/dags/wikipedia_pageviews_dag.py
[2024-10-21T09:03:33.001+0000] {processor.py:914} INFO - Processing file /opt/airflow/dags/wikipedia_pageviews_dag.py for tasks to queue
[2024-10-21T09:03:33.024+0000] {logging_mixin.py:190} INFO - [2024-10-21T09:03:33.024+0000] {dagbag.py:587} INFO - Filling up the DagBag from /opt/airflow/dags/wikipedia_pageviews_dag.py
[2024-10-21T09:03:33.219+0000] {processor.py:925} INFO - DAG(s) 'wikipedia_pageviews_dag' retrieved from /opt/airflow/dags/wikipedia_pageviews_dag.py
[2024-10-21T09:03:33.459+0000] {logging_mixin.py:190} INFO - [2024-10-21T09:03:33.458+0000] {dag.py:3229} INFO - Sync 1 DAGs
[2024-10-21T09:03:33.837+0000] {logging_mixin.py:190} INFO - [2024-10-21T09:03:33.836+0000] {dag.py:4156} INFO - Setting next_dagrun for wikipedia_pageviews_dag to 2024-10-21 08:00:00+00:00, run_after=2024-10-21 09:00:00+00:00
[2024-10-21T09:03:35.272+0000] {processor.py:208} INFO - Processing /opt/airflow/dags/wikipedia_pageviews_dag.py took 2.273 seconds
[2024-10-21T09:09:14.465+0000] {processor.py:186} INFO - Started process (PID=71) to work on /opt/airflow/dags/wikipedia_pageviews_dag.py
[2024-10-21T09:09:14.468+0000] {processor.py:914} INFO - Processing file /opt/airflow/dags/wikipedia_pageviews_dag.py for tasks to queue
[2024-10-21T09:09:14.485+0000] {logging_mixin.py:190} INFO - [2024-10-21T09:09:14.484+0000] {dagbag.py:587} INFO - Filling up the DagBag from /opt/airflow/dags/wikipedia_pageviews_dag.py
[2024-10-21T09:09:14.689+0000] {processor.py:925} INFO - DAG(s) 'wikipedia_pageviews_dag' retrieved from /opt/airflow/dags/wikipedia_pageviews_dag.py
[2024-10-21T09:09:14.975+0000] {logging_mixin.py:190} INFO - [2024-10-21T09:09:14.975+0000] {dag.py:3229} INFO - Sync 1 DAGs
[2024-10-21T09:09:15.152+0000] {logging_mixin.py:190} INFO - [2024-10-21T09:09:15.152+0000] {dag.py:4156} INFO - Setting next_dagrun for wikipedia_pageviews_dag to 2024-10-21 08:00:00+00:00, run_after=2024-10-21 09:00:00+00:00
[2024-10-21T09:09:15.227+0000] {processor.py:208} INFO - Processing /opt/airflow/dags/wikipedia_pageviews_dag.py took 0.800 seconds
[2024-10-21T09:09:46.175+0000] {processor.py:186} INFO - Started process (PID=133) to work on /opt/airflow/dags/wikipedia_pageviews_dag.py
[2024-10-21T09:09:46.177+0000] {processor.py:914} INFO - Processing file /opt/airflow/dags/wikipedia_pageviews_dag.py for tasks to queue
[2024-10-21T09:09:46.185+0000] {logging_mixin.py:190} INFO - [2024-10-21T09:09:46.183+0000] {dagbag.py:587} INFO - Filling up the DagBag from /opt/airflow/dags/wikipedia_pageviews_dag.py
[2024-10-21T09:09:46.255+0000] {processor.py:925} INFO - DAG(s) 'wikipedia_pageviews_dag' retrieved from /opt/airflow/dags/wikipedia_pageviews_dag.py
[2024-10-21T09:09:46.318+0000] {logging_mixin.py:190} INFO - [2024-10-21T09:09:46.318+0000] {dag.py:3229} INFO - Sync 1 DAGs
[2024-10-21T09:09:46.420+0000] {logging_mixin.py:190} INFO - [2024-10-21T09:09:46.420+0000] {dag.py:4156} INFO - Setting next_dagrun for wikipedia_pageviews_dag to 2024-10-21 08:00:00+00:00, run_after=2024-10-21 09:00:00+00:00
[2024-10-21T09:09:46.484+0000] {processor.py:208} INFO - Processing /opt/airflow/dags/wikipedia_pageviews_dag.py took 0.328 seconds
[2024-10-21T09:12:29.894+0000] {processor.py:186} INFO - Started process (PID=69) to work on /opt/airflow/dags/wikipedia_pageviews_dag.py
[2024-10-21T09:12:29.907+0000] {processor.py:914} INFO - Processing file /opt/airflow/dags/wikipedia_pageviews_dag.py for tasks to queue
[2024-10-21T09:12:29.919+0000] {logging_mixin.py:190} INFO - [2024-10-21T09:12:29.919+0000] {dagbag.py:587} INFO - Filling up the DagBag from /opt/airflow/dags/wikipedia_pageviews_dag.py
[2024-10-21T09:12:30.171+0000] {processor.py:925} INFO - DAG(s) 'wikipedia_pageviews_dag' retrieved from /opt/airflow/dags/wikipedia_pageviews_dag.py
[2024-10-21T09:12:30.742+0000] {logging_mixin.py:190} INFO - [2024-10-21T09:12:30.742+0000] {dag.py:3229} INFO - Sync 1 DAGs
[2024-10-21T09:12:31.011+0000] {logging_mixin.py:190} INFO - [2024-10-21T09:12:31.011+0000] {dag.py:4156} INFO - Setting next_dagrun for wikipedia_pageviews_dag to 2024-10-21 08:00:00+00:00, run_after=2024-10-21 09:00:00+00:00
[2024-10-21T09:12:31.171+0000] {processor.py:208} INFO - Processing /opt/airflow/dags/wikipedia_pageviews_dag.py took 1.268 seconds
[2024-10-21T18:01:09.147+0000] {processor.py:186} INFO - Started process (PID=87) to work on /opt/airflow/dags/wikipedia_pageviews_dag.py
[2024-10-21T18:01:09.188+0000] {processor.py:914} INFO - Processing file /opt/airflow/dags/wikipedia_pageviews_dag.py for tasks to queue
[2024-10-21T18:01:09.265+0000] {logging_mixin.py:190} INFO - [2024-10-21T18:01:09.257+0000] {dagbag.py:587} INFO - Filling up the DagBag from /opt/airflow/dags/wikipedia_pageviews_dag.py
[2024-10-21T18:01:10.278+0000] {processor.py:925} INFO - DAG(s) 'wikipedia_pageviews_dag' retrieved from /opt/airflow/dags/wikipedia_pageviews_dag.py
[2024-10-21T18:01:10.805+0000] {logging_mixin.py:190} INFO - [2024-10-21T18:01:10.804+0000] {dag.py:3229} INFO - Sync 1 DAGs
[2024-10-21T18:01:11.288+0000] {logging_mixin.py:190} INFO - [2024-10-21T18:01:11.278+0000] {dag.py:4156} INFO - Setting next_dagrun for wikipedia_pageviews_dag to 2024-10-21 17:00:00+00:00, run_after=2024-10-21 18:00:00+00:00
[2024-10-21T18:01:11.544+0000] {processor.py:208} INFO - Processing /opt/airflow/dags/wikipedia_pageviews_dag.py took 2.473 seconds
[2024-10-21T18:02:18.506+0000] {processor.py:186} INFO - Started process (PID=155) to work on /opt/airflow/dags/wikipedia_pageviews_dag.py
[2024-10-21T18:02:18.517+0000] {processor.py:914} INFO - Processing file /opt/airflow/dags/wikipedia_pageviews_dag.py for tasks to queue
[2024-10-21T18:02:18.584+0000] {logging_mixin.py:190} INFO - [2024-10-21T18:02:18.583+0000] {dagbag.py:587} INFO - Filling up the DagBag from /opt/airflow/dags/wikipedia_pageviews_dag.py
[2024-10-21T18:02:19.121+0000] {processor.py:925} INFO - DAG(s) 'wikipedia_pageviews_dag' retrieved from /opt/airflow/dags/wikipedia_pageviews_dag.py
[2024-10-21T18:02:19.518+0000] {logging_mixin.py:190} INFO - [2024-10-21T18:02:19.518+0000] {dag.py:3229} INFO - Sync 1 DAGs
[2024-10-21T18:02:19.869+0000] {logging_mixin.py:190} INFO - [2024-10-21T18:02:19.869+0000] {dag.py:4156} INFO - Setting next_dagrun for wikipedia_pageviews_dag to 2024-10-21 17:00:00+00:00, run_after=2024-10-21 18:00:00+00:00
[2024-10-21T18:02:20.248+0000] {processor.py:208} INFO - Processing /opt/airflow/dags/wikipedia_pageviews_dag.py took 1.823 seconds
[2024-10-21T18:02:54.284+0000] {processor.py:186} INFO - Started process (PID=197) to work on /opt/airflow/dags/wikipedia_pageviews_dag.py
[2024-10-21T18:02:54.314+0000] {processor.py:914} INFO - Processing file /opt/airflow/dags/wikipedia_pageviews_dag.py for tasks to queue
[2024-10-21T18:02:54.373+0000] {logging_mixin.py:190} INFO - [2024-10-21T18:02:54.372+0000] {dagbag.py:587} INFO - Filling up the DagBag from /opt/airflow/dags/wikipedia_pageviews_dag.py
[2024-10-21T18:02:54.614+0000] {processor.py:925} INFO - DAG(s) 'wikipedia_pageviews_dag' retrieved from /opt/airflow/dags/wikipedia_pageviews_dag.py
[2024-10-21T18:02:54.911+0000] {logging_mixin.py:190} INFO - [2024-10-21T18:02:54.911+0000] {dag.py:3229} INFO - Sync 1 DAGs
[2024-10-21T18:02:55.312+0000] {logging_mixin.py:190} INFO - [2024-10-21T18:02:55.312+0000] {dag.py:4156} INFO - Setting next_dagrun for wikipedia_pageviews_dag to 2024-10-21 17:00:00+00:00, run_after=2024-10-21 18:00:00+00:00
[2024-10-21T18:02:55.593+0000] {processor.py:208} INFO - Processing /opt/airflow/dags/wikipedia_pageviews_dag.py took 1.399 seconds
[2024-10-21T18:03:57.628+0000] {processor.py:186} INFO - Started process (PID=265) to work on /opt/airflow/dags/wikipedia_pageviews_dag.py
[2024-10-21T18:03:57.633+0000] {processor.py:914} INFO - Processing file /opt/airflow/dags/wikipedia_pageviews_dag.py for tasks to queue
[2024-10-21T18:03:57.661+0000] {logging_mixin.py:190} INFO - [2024-10-21T18:03:57.660+0000] {dagbag.py:587} INFO - Filling up the DagBag from /opt/airflow/dags/wikipedia_pageviews_dag.py
[2024-10-21T18:03:57.931+0000] {processor.py:925} INFO - DAG(s) 'wikipedia_pageviews_dag' retrieved from /opt/airflow/dags/wikipedia_pageviews_dag.py
[2024-10-21T18:03:58.423+0000] {logging_mixin.py:190} INFO - [2024-10-21T18:03:58.422+0000] {dag.py:3229} INFO - Sync 1 DAGs
[2024-10-21T18:03:58.810+0000] {logging_mixin.py:190} INFO - [2024-10-21T18:03:58.809+0000] {dag.py:4156} INFO - Setting next_dagrun for wikipedia_pageviews_dag to 2024-10-21 17:00:00+00:00, run_after=2024-10-21 18:00:00+00:00
[2024-10-21T18:03:59.238+0000] {processor.py:208} INFO - Processing /opt/airflow/dags/wikipedia_pageviews_dag.py took 1.714 seconds
[2024-10-21T18:08:58.048+0000] {processor.py:186} INFO - Started process (PID=77) to work on /opt/airflow/dags/wikipedia_pageviews_dag.py
[2024-10-21T18:08:58.056+0000] {processor.py:914} INFO - Processing file /opt/airflow/dags/wikipedia_pageviews_dag.py for tasks to queue
[2024-10-21T18:08:58.079+0000] {logging_mixin.py:190} INFO - [2024-10-21T18:08:58.069+0000] {dagbag.py:587} INFO - Filling up the DagBag from /opt/airflow/dags/wikipedia_pageviews_dag.py
[2024-10-21T18:08:59.080+0000] {processor.py:925} INFO - DAG(s) 'wikipedia_pageviews_dag' retrieved from /opt/airflow/dags/wikipedia_pageviews_dag.py
[2024-10-21T18:08:59.412+0000] {logging_mixin.py:190} INFO - [2024-10-21T18:08:59.411+0000] {dag.py:3229} INFO - Sync 1 DAGs
[2024-10-21T18:08:59.676+0000] {logging_mixin.py:190} INFO - [2024-10-21T18:08:59.675+0000] {dag.py:4156} INFO - Setting next_dagrun for wikipedia_pageviews_dag to 2024-10-21 17:00:00+00:00, run_after=2024-10-21 18:00:00+00:00
[2024-10-21T18:08:59.875+0000] {processor.py:208} INFO - Processing /opt/airflow/dags/wikipedia_pageviews_dag.py took 1.865 seconds
[2024-10-21T18:09:31.169+0000] {processor.py:186} INFO - Started process (PID=142) to work on /opt/airflow/dags/wikipedia_pageviews_dag.py
[2024-10-21T18:09:31.172+0000] {processor.py:914} INFO - Processing file /opt/airflow/dags/wikipedia_pageviews_dag.py for tasks to queue
[2024-10-21T18:09:31.183+0000] {logging_mixin.py:190} INFO - [2024-10-21T18:09:31.182+0000] {dagbag.py:587} INFO - Filling up the DagBag from /opt/airflow/dags/wikipedia_pageviews_dag.py
[2024-10-21T18:09:31.318+0000] {processor.py:925} INFO - DAG(s) 'wikipedia_pageviews_dag' retrieved from /opt/airflow/dags/wikipedia_pageviews_dag.py
