[2024-10-23T10:51:46.511+0000] {processor.py:186} INFO - Started process (PID=125) to work on /home/airflow/.local/lib/python3.12/site-packages/airflow/example_dags/example_workday_timetable.py
[2024-10-23T10:51:46.533+0000] {processor.py:914} INFO - Processing file /home/airflow/.local/lib/python3.12/site-packages/airflow/example_dags/example_workday_timetable.py for tasks to queue
[2024-10-23T10:51:46.631+0000] {logging_mixin.py:190} INFO - [2024-10-23T10:51:46.603+0000] {dagbag.py:587} INFO - Filling up the DagBag from /home/airflow/.local/lib/python3.12/site-packages/airflow/example_dags/example_workday_timetable.py
[2024-10-23T10:51:46.701+0000] {processor.py:925} INFO - DAG(s) 'example_workday_timetable' retrieved from /home/airflow/.local/lib/python3.12/site-packages/airflow/example_dags/example_workday_timetable.py
[2024-10-23T10:51:46.960+0000] {logging_mixin.py:190} INFO - [2024-10-23T10:51:46.960+0000] {dag.py:3229} INFO - Sync 1 DAGs
[2024-10-23T10:51:47.815+0000] {logging_mixin.py:190} INFO - [2024-10-23T10:51:47.814+0000] {dag.py:4156} INFO - Setting next_dagrun for example_workday_timetable to 2021-01-04 00:00:00+00:00, run_after=2021-01-05 00:00:00+00:00
[2024-10-23T10:51:47.999+0000] {processor.py:208} INFO - Processing /home/airflow/.local/lib/python3.12/site-packages/airflow/example_dags/example_workday_timetable.py took 1.558 seconds
[2024-10-23T10:52:41.434+0000] {processor.py:186} INFO - Started process (PID=194) to work on /home/airflow/.local/lib/python3.12/site-packages/airflow/example_dags/example_workday_timetable.py
[2024-10-23T10:52:41.459+0000] {processor.py:914} INFO - Processing file /home/airflow/.local/lib/python3.12/site-packages/airflow/example_dags/example_workday_timetable.py for tasks to queue
[2024-10-23T10:52:41.469+0000] {logging_mixin.py:190} INFO - [2024-10-23T10:52:41.468+0000] {dagbag.py:587} INFO - Filling up the DagBag from /home/airflow/.local/lib/python3.12/site-packages/airflow/example_dags/example_workday_timetable.py
[2024-10-23T10:52:41.517+0000] {processor.py:925} INFO - DAG(s) 'example_workday_timetable' retrieved from /home/airflow/.local/lib/python3.12/site-packages/airflow/example_dags/example_workday_timetable.py
[2024-10-23T10:52:41.628+0000] {logging_mixin.py:190} INFO - [2024-10-23T10:52:41.628+0000] {dag.py:3229} INFO - Sync 1 DAGs
[2024-10-23T10:52:43.054+0000] {logging_mixin.py:190} INFO - [2024-10-23T10:52:43.053+0000] {dag.py:4156} INFO - Setting next_dagrun for example_workday_timetable to 2021-01-04 00:00:00+00:00, run_after=2021-01-05 00:00:00+00:00
[2024-10-23T10:52:43.388+0000] {processor.py:208} INFO - Processing /home/airflow/.local/lib/python3.12/site-packages/airflow/example_dags/example_workday_timetable.py took 1.986 seconds
[2024-10-23T10:59:10.656+0000] {processor.py:186} INFO - Started process (PID=129) to work on /home/airflow/.local/lib/python3.12/site-packages/airflow/example_dags/example_workday_timetable.py
[2024-10-23T10:59:10.663+0000] {processor.py:914} INFO - Processing file /home/airflow/.local/lib/python3.12/site-packages/airflow/example_dags/example_workday_timetable.py for tasks to queue
[2024-10-23T10:59:10.686+0000] {logging_mixin.py:190} INFO - [2024-10-23T10:59:10.685+0000] {dagbag.py:587} INFO - Filling up the DagBag from /home/airflow/.local/lib/python3.12/site-packages/airflow/example_dags/example_workday_timetable.py
[2024-10-23T10:59:10.716+0000] {processor.py:925} INFO - DAG(s) 'example_workday_timetable' retrieved from /home/airflow/.local/lib/python3.12/site-packages/airflow/example_dags/example_workday_timetable.py
[2024-10-23T10:59:10.924+0000] {logging_mixin.py:190} INFO - [2024-10-23T10:59:10.924+0000] {dag.py:3229} INFO - Sync 1 DAGs
[2024-10-23T10:59:12.084+0000] {logging_mixin.py:190} INFO - [2024-10-23T10:59:12.083+0000] {dag.py:4156} INFO - Setting next_dagrun for example_workday_timetable to 2021-01-04 00:00:00+00:00, run_after=2021-01-05 00:00:00+00:00
[2024-10-23T10:59:12.334+0000] {processor.py:208} INFO - Processing /home/airflow/.local/lib/python3.12/site-packages/airflow/example_dags/example_workday_timetable.py took 1.738 seconds
[2024-10-23T10:59:54.889+0000] {processor.py:186} INFO - Started process (PID=199) to work on /home/airflow/.local/lib/python3.12/site-packages/airflow/example_dags/example_workday_timetable.py
[2024-10-23T10:59:54.908+0000] {processor.py:914} INFO - Processing file /home/airflow/.local/lib/python3.12/site-packages/airflow/example_dags/example_workday_timetable.py for tasks to queue
[2024-10-23T10:59:54.919+0000] {logging_mixin.py:190} INFO - [2024-10-23T10:59:54.918+0000] {dagbag.py:587} INFO - Filling up the DagBag from /home/airflow/.local/lib/python3.12/site-packages/airflow/example_dags/example_workday_timetable.py
[2024-10-23T10:59:55.015+0000] {processor.py:925} INFO - DAG(s) 'example_workday_timetable' retrieved from /home/airflow/.local/lib/python3.12/site-packages/airflow/example_dags/example_workday_timetable.py
[2024-10-23T10:59:55.138+0000] {logging_mixin.py:190} INFO - [2024-10-23T10:59:55.134+0000] {dag.py:3229} INFO - Sync 1 DAGs
[2024-10-23T10:59:56.282+0000] {logging_mixin.py:190} INFO - [2024-10-23T10:59:56.276+0000] {dag.py:4156} INFO - Setting next_dagrun for example_workday_timetable to 2021-01-04 00:00:00+00:00, run_after=2021-01-05 00:00:00+00:00
[2024-10-23T10:59:56.391+0000] {processor.py:208} INFO - Processing /home/airflow/.local/lib/python3.12/site-packages/airflow/example_dags/example_workday_timetable.py took 1.580 seconds
[2024-10-23T11:16:34.061+0000] {processor.py:186} INFO - Started process (PID=123) to work on /home/airflow/.local/lib/python3.12/site-packages/airflow/example_dags/example_workday_timetable.py
[2024-10-23T11:16:34.074+0000] {processor.py:914} INFO - Processing file /home/airflow/.local/lib/python3.12/site-packages/airflow/example_dags/example_workday_timetable.py for tasks to queue
[2024-10-23T11:16:34.092+0000] {logging_mixin.py:190} INFO - [2024-10-23T11:16:34.091+0000] {dagbag.py:587} INFO - Filling up the DagBag from /home/airflow/.local/lib/python3.12/site-packages/airflow/example_dags/example_workday_timetable.py
[2024-10-23T11:16:34.178+0000] {processor.py:925} INFO - DAG(s) 'example_workday_timetable' retrieved from /home/airflow/.local/lib/python3.12/site-packages/airflow/example_dags/example_workday_timetable.py
[2024-10-23T11:16:34.598+0000] {logging_mixin.py:190} INFO - [2024-10-23T11:16:34.526+0000] {dag.py:3229} INFO - Sync 1 DAGs
[2024-10-23T11:16:37.501+0000] {logging_mixin.py:190} INFO - [2024-10-23T11:16:37.500+0000] {dag.py:4156} INFO - Setting next_dagrun for example_workday_timetable to 2021-01-04 00:00:00+00:00, run_after=2021-01-05 00:00:00+00:00
[2024-10-23T11:16:37.786+0000] {processor.py:208} INFO - Processing /home/airflow/.local/lib/python3.12/site-packages/airflow/example_dags/example_workday_timetable.py took 3.775 seconds
