[2024-10-23T10:52:03.634+0000] {processor.py:186} INFO - Started process (PID=144) to work on /home/airflow/.local/lib/python3.12/site-packages/airflow/example_dags/example_latest_only_with_trigger.py
[2024-10-23T10:52:03.654+0000] {processor.py:914} INFO - Processing file /home/airflow/.local/lib/python3.12/site-packages/airflow/example_dags/example_latest_only_with_trigger.py for tasks to queue
[2024-10-23T10:52:03.676+0000] {logging_mixin.py:190} INFO - [2024-10-23T10:52:03.675+0000] {dagbag.py:587} INFO - Filling up the DagBag from /home/airflow/.local/lib/python3.12/site-packages/airflow/example_dags/example_latest_only_with_trigger.py
[2024-10-23T10:52:03.789+0000] {processor.py:925} INFO - DAG(s) 'latest_only_with_trigger' retrieved from /home/airflow/.local/lib/python3.12/site-packages/airflow/example_dags/example_latest_only_with_trigger.py
[2024-10-23T10:52:04.170+0000] {logging_mixin.py:190} INFO - [2024-10-23T10:52:04.168+0000] {dag.py:3229} INFO - Sync 1 DAGs
[2024-10-23T10:52:04.673+0000] {logging_mixin.py:190} INFO - [2024-10-23T10:52:04.673+0000] {dag.py:4156} INFO - Setting next_dagrun for latest_only_with_trigger to 2024-10-23 04:00:00+00:00, run_after=2024-10-23 08:00:00+00:00
[2024-10-23T10:52:04.974+0000] {processor.py:208} INFO - Processing /home/airflow/.local/lib/python3.12/site-packages/airflow/example_dags/example_latest_only_with_trigger.py took 1.470 seconds
[2024-10-23T10:52:54.631+0000] {processor.py:186} INFO - Started process (PID=207) to work on /home/airflow/.local/lib/python3.12/site-packages/airflow/example_dags/example_latest_only_with_trigger.py
[2024-10-23T10:52:54.650+0000] {processor.py:914} INFO - Processing file /home/airflow/.local/lib/python3.12/site-packages/airflow/example_dags/example_latest_only_with_trigger.py for tasks to queue
[2024-10-23T10:52:54.705+0000] {logging_mixin.py:190} INFO - [2024-10-23T10:52:54.705+0000] {dagbag.py:587} INFO - Filling up the DagBag from /home/airflow/.local/lib/python3.12/site-packages/airflow/example_dags/example_latest_only_with_trigger.py
[2024-10-23T10:52:54.801+0000] {processor.py:925} INFO - DAG(s) 'latest_only_with_trigger' retrieved from /home/airflow/.local/lib/python3.12/site-packages/airflow/example_dags/example_latest_only_with_trigger.py
[2024-10-23T10:52:55.231+0000] {logging_mixin.py:190} INFO - [2024-10-23T10:52:55.231+0000] {dag.py:3229} INFO - Sync 1 DAGs
[2024-10-23T10:52:55.603+0000] {logging_mixin.py:190} INFO - [2024-10-23T10:52:55.590+0000] {dag.py:4156} INFO - Setting next_dagrun for latest_only_with_trigger to 2024-10-23 04:00:00+00:00, run_after=2024-10-23 08:00:00+00:00
[2024-10-23T10:52:55.931+0000] {processor.py:208} INFO - Processing /home/airflow/.local/lib/python3.12/site-packages/airflow/example_dags/example_latest_only_with_trigger.py took 1.393 seconds
[2024-10-23T10:59:25.197+0000] {processor.py:186} INFO - Started process (PID=148) to work on /home/airflow/.local/lib/python3.12/site-packages/airflow/example_dags/example_latest_only_with_trigger.py
[2024-10-23T10:59:25.220+0000] {processor.py:914} INFO - Processing file /home/airflow/.local/lib/python3.12/site-packages/airflow/example_dags/example_latest_only_with_trigger.py for tasks to queue
[2024-10-23T10:59:25.242+0000] {logging_mixin.py:190} INFO - [2024-10-23T10:59:25.241+0000] {dagbag.py:587} INFO - Filling up the DagBag from /home/airflow/.local/lib/python3.12/site-packages/airflow/example_dags/example_latest_only_with_trigger.py
[2024-10-23T10:59:25.331+0000] {processor.py:925} INFO - DAG(s) 'latest_only_with_trigger' retrieved from /home/airflow/.local/lib/python3.12/site-packages/airflow/example_dags/example_latest_only_with_trigger.py
[2024-10-23T10:59:25.606+0000] {logging_mixin.py:190} INFO - [2024-10-23T10:59:25.605+0000] {dag.py:3229} INFO - Sync 1 DAGs
[2024-10-23T10:59:25.804+0000] {logging_mixin.py:190} INFO - [2024-10-23T10:59:25.803+0000] {dag.py:4156} INFO - Setting next_dagrun for latest_only_with_trigger to 2024-10-23 04:00:00+00:00, run_after=2024-10-23 08:00:00+00:00
[2024-10-23T10:59:26.097+0000] {processor.py:208} INFO - Processing /home/airflow/.local/lib/python3.12/site-packages/airflow/example_dags/example_latest_only_with_trigger.py took 0.937 seconds
[2024-10-23T11:00:07.302+0000] {processor.py:186} INFO - Started process (PID=212) to work on /home/airflow/.local/lib/python3.12/site-packages/airflow/example_dags/example_latest_only_with_trigger.py
[2024-10-23T11:00:07.359+0000] {processor.py:914} INFO - Processing file /home/airflow/.local/lib/python3.12/site-packages/airflow/example_dags/example_latest_only_with_trigger.py for tasks to queue
[2024-10-23T11:00:07.375+0000] {logging_mixin.py:190} INFO - [2024-10-23T11:00:07.374+0000] {dagbag.py:587} INFO - Filling up the DagBag from /home/airflow/.local/lib/python3.12/site-packages/airflow/example_dags/example_latest_only_with_trigger.py
[2024-10-23T11:00:07.445+0000] {processor.py:925} INFO - DAG(s) 'latest_only_with_trigger' retrieved from /home/airflow/.local/lib/python3.12/site-packages/airflow/example_dags/example_latest_only_with_trigger.py
[2024-10-23T11:00:07.579+0000] {logging_mixin.py:190} INFO - [2024-10-23T11:00:07.578+0000] {dag.py:3229} INFO - Sync 1 DAGs
[2024-10-23T11:00:07.811+0000] {logging_mixin.py:190} INFO - [2024-10-23T11:00:07.811+0000] {dag.py:4156} INFO - Setting next_dagrun for latest_only_with_trigger to 2024-10-23 04:00:00+00:00, run_after=2024-10-23 08:00:00+00:00
[2024-10-23T11:00:07.940+0000] {processor.py:208} INFO - Processing /home/airflow/.local/lib/python3.12/site-packages/airflow/example_dags/example_latest_only_with_trigger.py took 0.720 seconds
[2024-10-23T11:16:57.262+0000] {processor.py:186} INFO - Started process (PID=136) to work on /home/airflow/.local/lib/python3.12/site-packages/airflow/example_dags/example_latest_only_with_trigger.py
[2024-10-23T11:16:57.279+0000] {processor.py:914} INFO - Processing file /home/airflow/.local/lib/python3.12/site-packages/airflow/example_dags/example_latest_only_with_trigger.py for tasks to queue
[2024-10-23T11:16:57.298+0000] {logging_mixin.py:190} INFO - [2024-10-23T11:16:57.297+0000] {dagbag.py:587} INFO - Filling up the DagBag from /home/airflow/.local/lib/python3.12/site-packages/airflow/example_dags/example_latest_only_with_trigger.py
[2024-10-23T11:16:57.430+0000] {processor.py:925} INFO - DAG(s) 'latest_only_with_trigger' retrieved from /home/airflow/.local/lib/python3.12/site-packages/airflow/example_dags/example_latest_only_with_trigger.py
[2024-10-23T11:16:57.812+0000] {logging_mixin.py:190} INFO - [2024-10-23T11:16:57.812+0000] {dag.py:3229} INFO - Sync 1 DAGs
[2024-10-23T11:16:59.268+0000] {logging_mixin.py:190} INFO - [2024-10-23T11:16:59.267+0000] {dag.py:4156} INFO - Setting next_dagrun for latest_only_with_trigger to 2024-10-23 04:00:00+00:00, run_after=2024-10-23 08:00:00+00:00
[2024-10-23T11:16:59.698+0000] {processor.py:208} INFO - Processing /home/airflow/.local/lib/python3.12/site-packages/airflow/example_dags/example_latest_only_with_trigger.py took 2.504 seconds
