[2024-10-23T10:52:11.261+0000] {processor.py:186} INFO - Started process (PID=150) to work on /home/airflow/.local/lib/python3.12/site-packages/airflow/example_dags/example_kubernetes_executor.py
[2024-10-23T10:52:11.296+0000] {processor.py:914} INFO - Processing file /home/airflow/.local/lib/python3.12/site-packages/airflow/example_dags/example_kubernetes_executor.py for tasks to queue
[2024-10-23T10:52:11.314+0000] {logging_mixin.py:190} INFO - [2024-10-23T10:52:11.313+0000] {dagbag.py:587} INFO - Filling up the DagBag from /home/airflow/.local/lib/python3.12/site-packages/airflow/example_dags/example_kubernetes_executor.py
[2024-10-23T10:52:11.671+0000] {processor.py:925} INFO - DAG(s) 'example_kubernetes_executor' retrieved from /home/airflow/.local/lib/python3.12/site-packages/airflow/example_dags/example_kubernetes_executor.py
[2024-10-23T10:52:12.505+0000] {logging_mixin.py:190} INFO - [2024-10-23T10:52:12.504+0000] {dag.py:3229} INFO - Sync 1 DAGs
[2024-10-23T10:52:12.891+0000] {logging_mixin.py:190} INFO - [2024-10-23T10:52:12.890+0000] {dag.py:4156} INFO - Setting next_dagrun for example_kubernetes_executor to None, run_after=None
[2024-10-23T10:52:13.312+0000] {processor.py:208} INFO - Processing /home/airflow/.local/lib/python3.12/site-packages/airflow/example_dags/example_kubernetes_executor.py took 2.208 seconds
[2024-10-23T10:53:19.093+0000] {processor.py:186} INFO - Started process (PID=232) to work on /home/airflow/.local/lib/python3.12/site-packages/airflow/example_dags/example_kubernetes_executor.py
[2024-10-23T10:53:19.175+0000] {processor.py:914} INFO - Processing file /home/airflow/.local/lib/python3.12/site-packages/airflow/example_dags/example_kubernetes_executor.py for tasks to queue
[2024-10-23T10:53:19.277+0000] {logging_mixin.py:190} INFO - [2024-10-23T10:53:19.276+0000] {dagbag.py:587} INFO - Filling up the DagBag from /home/airflow/.local/lib/python3.12/site-packages/airflow/example_dags/example_kubernetes_executor.py
[2024-10-23T10:53:19.826+0000] {processor.py:925} INFO - DAG(s) 'example_kubernetes_executor' retrieved from /home/airflow/.local/lib/python3.12/site-packages/airflow/example_dags/example_kubernetes_executor.py
[2024-10-23T10:53:22.542+0000] {logging_mixin.py:190} INFO - [2024-10-23T10:53:22.541+0000] {dag.py:3229} INFO - Sync 1 DAGs
[2024-10-23T10:53:23.344+0000] {logging_mixin.py:190} INFO - [2024-10-23T10:53:23.340+0000] {dag.py:4156} INFO - Setting next_dagrun for example_kubernetes_executor to None, run_after=None
[2024-10-23T10:53:24.585+0000] {processor.py:208} INFO - Processing /home/airflow/.local/lib/python3.12/site-packages/airflow/example_dags/example_kubernetes_executor.py took 5.853 seconds
[2024-10-23T10:59:30.690+0000] {processor.py:186} INFO - Started process (PID=154) to work on /home/airflow/.local/lib/python3.12/site-packages/airflow/example_dags/example_kubernetes_executor.py
[2024-10-23T10:59:30.712+0000] {processor.py:914} INFO - Processing file /home/airflow/.local/lib/python3.12/site-packages/airflow/example_dags/example_kubernetes_executor.py for tasks to queue
[2024-10-23T10:59:30.767+0000] {logging_mixin.py:190} INFO - [2024-10-23T10:59:30.766+0000] {dagbag.py:587} INFO - Filling up the DagBag from /home/airflow/.local/lib/python3.12/site-packages/airflow/example_dags/example_kubernetes_executor.py
[2024-10-23T10:59:30.989+0000] {processor.py:925} INFO - DAG(s) 'example_kubernetes_executor' retrieved from /home/airflow/.local/lib/python3.12/site-packages/airflow/example_dags/example_kubernetes_executor.py
[2024-10-23T10:59:31.744+0000] {logging_mixin.py:190} INFO - [2024-10-23T10:59:31.743+0000] {dag.py:3229} INFO - Sync 1 DAGs
[2024-10-23T10:59:32.130+0000] {logging_mixin.py:190} INFO - [2024-10-23T10:59:32.130+0000] {dag.py:4156} INFO - Setting next_dagrun for example_kubernetes_executor to None, run_after=None
[2024-10-23T10:59:32.271+0000] {processor.py:208} INFO - Processing /home/airflow/.local/lib/python3.12/site-packages/airflow/example_dags/example_kubernetes_executor.py took 1.652 seconds
[2024-10-23T11:17:08.235+0000] {processor.py:186} INFO - Started process (PID=147) to work on /home/airflow/.local/lib/python3.12/site-packages/airflow/example_dags/example_kubernetes_executor.py
[2024-10-23T11:17:08.374+0000] {processor.py:914} INFO - Processing file /home/airflow/.local/lib/python3.12/site-packages/airflow/example_dags/example_kubernetes_executor.py for tasks to queue
[2024-10-23T11:17:08.425+0000] {logging_mixin.py:190} INFO - [2024-10-23T11:17:08.425+0000] {dagbag.py:587} INFO - Filling up the DagBag from /home/airflow/.local/lib/python3.12/site-packages/airflow/example_dags/example_kubernetes_executor.py
[2024-10-23T11:17:09.158+0000] {processor.py:925} INFO - DAG(s) 'example_kubernetes_executor' retrieved from /home/airflow/.local/lib/python3.12/site-packages/airflow/example_dags/example_kubernetes_executor.py
[2024-10-23T11:17:09.877+0000] {logging_mixin.py:190} INFO - [2024-10-23T11:17:09.877+0000] {dag.py:3229} INFO - Sync 1 DAGs
[2024-10-23T11:17:10.115+0000] {logging_mixin.py:190} INFO - [2024-10-23T11:17:10.115+0000] {dag.py:4156} INFO - Setting next_dagrun for example_kubernetes_executor to None, run_after=None
[2024-10-23T11:17:10.437+0000] {processor.py:208} INFO - Processing /home/airflow/.local/lib/python3.12/site-packages/airflow/example_dags/example_kubernetes_executor.py took 2.274 seconds
