[2024-10-23T10:51:47.062+0000] {processor.py:186} INFO - Started process (PID=126) to work on /home/airflow/.local/lib/python3.12/site-packages/airflow/example_dags/example_bash_operator.py
[2024-10-23T10:51:47.073+0000] {processor.py:914} INFO - Processing file /home/airflow/.local/lib/python3.12/site-packages/airflow/example_dags/example_bash_operator.py for tasks to queue
[2024-10-23T10:51:47.113+0000] {logging_mixin.py:190} INFO - [2024-10-23T10:51:47.113+0000] {dagbag.py:587} INFO - Filling up the DagBag from /home/airflow/.local/lib/python3.12/site-packages/airflow/example_dags/example_bash_operator.py
[2024-10-23T10:51:47.218+0000] {processor.py:925} INFO - DAG(s) 'example_bash_operator' retrieved from /home/airflow/.local/lib/python3.12/site-packages/airflow/example_dags/example_bash_operator.py
[2024-10-23T10:51:47.450+0000] {logging_mixin.py:190} INFO - [2024-10-23T10:51:47.449+0000] {dag.py:3229} INFO - Sync 1 DAGs
[2024-10-23T10:51:47.687+0000] {logging_mixin.py:190} INFO - [2024-10-23T10:51:47.686+0000] {dag.py:4156} INFO - Setting next_dagrun for example_bash_operator to 2024-10-22 00:00:00+00:00, run_after=2024-10-23 00:00:00+00:00
[2024-10-23T10:51:47.869+0000] {processor.py:208} INFO - Processing /home/airflow/.local/lib/python3.12/site-packages/airflow/example_dags/example_bash_operator.py took 0.873 seconds
[2024-10-23T10:52:43.641+0000] {processor.py:186} INFO - Started process (PID=195) to work on /home/airflow/.local/lib/python3.12/site-packages/airflow/example_dags/example_bash_operator.py
[2024-10-23T10:52:43.645+0000] {processor.py:914} INFO - Processing file /home/airflow/.local/lib/python3.12/site-packages/airflow/example_dags/example_bash_operator.py for tasks to queue
[2024-10-23T10:52:43.660+0000] {logging_mixin.py:190} INFO - [2024-10-23T10:52:43.659+0000] {dagbag.py:587} INFO - Filling up the DagBag from /home/airflow/.local/lib/python3.12/site-packages/airflow/example_dags/example_bash_operator.py
[2024-10-23T10:52:43.748+0000] {processor.py:925} INFO - DAG(s) 'example_bash_operator' retrieved from /home/airflow/.local/lib/python3.12/site-packages/airflow/example_dags/example_bash_operator.py
[2024-10-23T10:52:43.963+0000] {logging_mixin.py:190} INFO - [2024-10-23T10:52:43.962+0000] {dag.py:3229} INFO - Sync 1 DAGs
[2024-10-23T10:52:44.101+0000] {logging_mixin.py:190} INFO - [2024-10-23T10:52:44.100+0000] {dag.py:4156} INFO - Setting next_dagrun for example_bash_operator to 2024-10-22 00:00:00+00:00, run_after=2024-10-23 00:00:00+00:00
[2024-10-23T10:52:44.208+0000] {processor.py:208} INFO - Processing /home/airflow/.local/lib/python3.12/site-packages/airflow/example_dags/example_bash_operator.py took 0.619 seconds
[2024-10-23T10:59:10.814+0000] {processor.py:186} INFO - Started process (PID=130) to work on /home/airflow/.local/lib/python3.12/site-packages/airflow/example_dags/example_bash_operator.py
[2024-10-23T10:59:10.843+0000] {processor.py:914} INFO - Processing file /home/airflow/.local/lib/python3.12/site-packages/airflow/example_dags/example_bash_operator.py for tasks to queue
[2024-10-23T10:59:10.856+0000] {logging_mixin.py:190} INFO - [2024-10-23T10:59:10.855+0000] {dagbag.py:587} INFO - Filling up the DagBag from /home/airflow/.local/lib/python3.12/site-packages/airflow/example_dags/example_bash_operator.py
[2024-10-23T10:59:11.052+0000] {processor.py:925} INFO - DAG(s) 'example_bash_operator' retrieved from /home/airflow/.local/lib/python3.12/site-packages/airflow/example_dags/example_bash_operator.py
[2024-10-23T10:59:11.509+0000] {logging_mixin.py:190} INFO - [2024-10-23T10:59:11.508+0000] {dag.py:3229} INFO - Sync 1 DAGs
[2024-10-23T10:59:11.828+0000] {logging_mixin.py:190} INFO - [2024-10-23T10:59:11.827+0000] {dag.py:4156} INFO - Setting next_dagrun for example_bash_operator to 2024-10-22 00:00:00+00:00, run_after=2024-10-23 00:00:00+00:00
[2024-10-23T10:59:12.054+0000] {processor.py:208} INFO - Processing /home/airflow/.local/lib/python3.12/site-packages/airflow/example_dags/example_bash_operator.py took 1.286 seconds
[2024-10-23T10:59:55.070+0000] {processor.py:186} INFO - Started process (PID=200) to work on /home/airflow/.local/lib/python3.12/site-packages/airflow/example_dags/example_bash_operator.py
[2024-10-23T10:59:55.080+0000] {processor.py:914} INFO - Processing file /home/airflow/.local/lib/python3.12/site-packages/airflow/example_dags/example_bash_operator.py for tasks to queue
[2024-10-23T10:59:55.117+0000] {logging_mixin.py:190} INFO - [2024-10-23T10:59:55.115+0000] {dagbag.py:587} INFO - Filling up the DagBag from /home/airflow/.local/lib/python3.12/site-packages/airflow/example_dags/example_bash_operator.py
[2024-10-23T10:59:55.299+0000] {processor.py:925} INFO - DAG(s) 'example_bash_operator' retrieved from /home/airflow/.local/lib/python3.12/site-packages/airflow/example_dags/example_bash_operator.py
[2024-10-23T10:59:55.604+0000] {logging_mixin.py:190} INFO - [2024-10-23T10:59:55.603+0000] {dag.py:3229} INFO - Sync 1 DAGs
[2024-10-23T10:59:55.937+0000] {logging_mixin.py:190} INFO - [2024-10-23T10:59:55.936+0000] {dag.py:4156} INFO - Setting next_dagrun for example_bash_operator to 2024-10-22 00:00:00+00:00, run_after=2024-10-23 00:00:00+00:00
[2024-10-23T10:59:56.108+0000] {processor.py:208} INFO - Processing /home/airflow/.local/lib/python3.12/site-packages/airflow/example_dags/example_bash_operator.py took 1.146 seconds
[2024-10-23T11:16:35.826+0000] {processor.py:186} INFO - Started process (PID=124) to work on /home/airflow/.local/lib/python3.12/site-packages/airflow/example_dags/example_bash_operator.py
[2024-10-23T11:16:35.868+0000] {processor.py:914} INFO - Processing file /home/airflow/.local/lib/python3.12/site-packages/airflow/example_dags/example_bash_operator.py for tasks to queue
[2024-10-23T11:16:35.910+0000] {logging_mixin.py:190} INFO - [2024-10-23T11:16:35.908+0000] {dagbag.py:587} INFO - Filling up the DagBag from /home/airflow/.local/lib/python3.12/site-packages/airflow/example_dags/example_bash_operator.py
[2024-10-23T11:16:36.354+0000] {processor.py:925} INFO - DAG(s) 'example_bash_operator' retrieved from /home/airflow/.local/lib/python3.12/site-packages/airflow/example_dags/example_bash_operator.py
[2024-10-23T11:16:37.273+0000] {logging_mixin.py:190} INFO - [2024-10-23T11:16:37.272+0000] {dag.py:3229} INFO - Sync 1 DAGs
[2024-10-23T11:16:37.901+0000] {logging_mixin.py:190} INFO - [2024-10-23T11:16:37.900+0000] {dag.py:4156} INFO - Setting next_dagrun for example_bash_operator to 2024-10-22 00:00:00+00:00, run_after=2024-10-23 00:00:00+00:00
[2024-10-23T11:16:38.265+0000] {processor.py:208} INFO - Processing /home/airflow/.local/lib/python3.12/site-packages/airflow/example_dags/example_bash_operator.py took 2.479 seconds
