[2024-10-23T10:51:44.934+0000] {processor.py:186} INFO - Started process (PID=124) to work on /home/airflow/.local/lib/python3.12/site-packages/airflow/example_dags/example_local_kubernetes_executor.py
[2024-10-23T10:51:44.962+0000] {processor.py:914} INFO - Processing file /home/airflow/.local/lib/python3.12/site-packages/airflow/example_dags/example_local_kubernetes_executor.py for tasks to queue
[2024-10-23T10:51:44.980+0000] {logging_mixin.py:190} INFO - [2024-10-23T10:51:44.979+0000] {dagbag.py:587} INFO - Filling up the DagBag from /home/airflow/.local/lib/python3.12/site-packages/airflow/example_dags/example_local_kubernetes_executor.py
[2024-10-23T10:51:45.128+0000] {processor.py:925} INFO - DAG(s) 'example_local_kubernetes_executor' retrieved from /home/airflow/.local/lib/python3.12/site-packages/airflow/example_dags/example_local_kubernetes_executor.py
[2024-10-23T10:51:45.630+0000] {logging_mixin.py:190} INFO - [2024-10-23T10:51:45.630+0000] {dag.py:3229} INFO - Sync 1 DAGs
[2024-10-23T10:51:45.835+0000] {logging_mixin.py:190} INFO - [2024-10-23T10:51:45.834+0000] {dag.py:4156} INFO - Setting next_dagrun for example_local_kubernetes_executor to None, run_after=None
[2024-10-23T10:51:46.092+0000] {processor.py:208} INFO - Processing /home/airflow/.local/lib/python3.12/site-packages/airflow/example_dags/example_local_kubernetes_executor.py took 1.215 seconds
[2024-10-23T10:52:40.459+0000] {processor.py:186} INFO - Started process (PID=193) to work on /home/airflow/.local/lib/python3.12/site-packages/airflow/example_dags/example_local_kubernetes_executor.py
[2024-10-23T10:52:40.462+0000] {processor.py:914} INFO - Processing file /home/airflow/.local/lib/python3.12/site-packages/airflow/example_dags/example_local_kubernetes_executor.py for tasks to queue
[2024-10-23T10:52:40.484+0000] {logging_mixin.py:190} INFO - [2024-10-23T10:52:40.471+0000] {dagbag.py:587} INFO - Filling up the DagBag from /home/airflow/.local/lib/python3.12/site-packages/airflow/example_dags/example_local_kubernetes_executor.py
[2024-10-23T10:52:40.563+0000] {processor.py:925} INFO - DAG(s) 'example_local_kubernetes_executor' retrieved from /home/airflow/.local/lib/python3.12/site-packages/airflow/example_dags/example_local_kubernetes_executor.py
[2024-10-23T10:52:41.017+0000] {logging_mixin.py:190} INFO - [2024-10-23T10:52:41.017+0000] {dag.py:3229} INFO - Sync 1 DAGs
[2024-10-23T10:52:41.143+0000] {logging_mixin.py:190} INFO - [2024-10-23T10:52:41.142+0000] {dag.py:4156} INFO - Setting next_dagrun for example_local_kubernetes_executor to None, run_after=None
[2024-10-23T10:52:41.258+0000] {processor.py:208} INFO - Processing /home/airflow/.local/lib/python3.12/site-packages/airflow/example_dags/example_local_kubernetes_executor.py took 0.925 seconds
[2024-10-23T10:59:09.727+0000] {processor.py:186} INFO - Started process (PID=128) to work on /home/airflow/.local/lib/python3.12/site-packages/airflow/example_dags/example_local_kubernetes_executor.py
[2024-10-23T10:59:09.744+0000] {processor.py:914} INFO - Processing file /home/airflow/.local/lib/python3.12/site-packages/airflow/example_dags/example_local_kubernetes_executor.py for tasks to queue
[2024-10-23T10:59:09.774+0000] {logging_mixin.py:190} INFO - [2024-10-23T10:59:09.768+0000] {dagbag.py:587} INFO - Filling up the DagBag from /home/airflow/.local/lib/python3.12/site-packages/airflow/example_dags/example_local_kubernetes_executor.py
[2024-10-23T10:59:09.857+0000] {processor.py:925} INFO - DAG(s) 'example_local_kubernetes_executor' retrieved from /home/airflow/.local/lib/python3.12/site-packages/airflow/example_dags/example_local_kubernetes_executor.py
[2024-10-23T10:59:10.140+0000] {logging_mixin.py:190} INFO - [2024-10-23T10:59:10.139+0000] {dag.py:3229} INFO - Sync 1 DAGs
[2024-10-23T10:59:10.233+0000] {logging_mixin.py:190} INFO - [2024-10-23T10:59:10.232+0000] {dag.py:4156} INFO - Setting next_dagrun for example_local_kubernetes_executor to None, run_after=None
[2024-10-23T10:59:10.359+0000] {processor.py:208} INFO - Processing /home/airflow/.local/lib/python3.12/site-packages/airflow/example_dags/example_local_kubernetes_executor.py took 0.674 seconds
[2024-10-23T10:59:53.590+0000] {processor.py:186} INFO - Started process (PID=198) to work on /home/airflow/.local/lib/python3.12/site-packages/airflow/example_dags/example_local_kubernetes_executor.py
[2024-10-23T10:59:53.604+0000] {processor.py:914} INFO - Processing file /home/airflow/.local/lib/python3.12/site-packages/airflow/example_dags/example_local_kubernetes_executor.py for tasks to queue
[2024-10-23T10:59:53.611+0000] {logging_mixin.py:190} INFO - [2024-10-23T10:59:53.609+0000] {dagbag.py:587} INFO - Filling up the DagBag from /home/airflow/.local/lib/python3.12/site-packages/airflow/example_dags/example_local_kubernetes_executor.py
[2024-10-23T10:59:53.659+0000] {processor.py:925} INFO - DAG(s) 'example_local_kubernetes_executor' retrieved from /home/airflow/.local/lib/python3.12/site-packages/airflow/example_dags/example_local_kubernetes_executor.py
[2024-10-23T10:59:54.129+0000] {logging_mixin.py:190} INFO - [2024-10-23T10:59:54.129+0000] {dag.py:3229} INFO - Sync 1 DAGs
[2024-10-23T10:59:54.386+0000] {logging_mixin.py:190} INFO - [2024-10-23T10:59:54.382+0000] {dag.py:4156} INFO - Setting next_dagrun for example_local_kubernetes_executor to None, run_after=None
[2024-10-23T10:59:54.530+0000] {processor.py:208} INFO - Processing /home/airflow/.local/lib/python3.12/site-packages/airflow/example_dags/example_local_kubernetes_executor.py took 0.967 seconds
[2024-10-23T11:16:29.615+0000] {processor.py:186} INFO - Started process (PID=122) to work on /home/airflow/.local/lib/python3.12/site-packages/airflow/example_dags/example_local_kubernetes_executor.py
[2024-10-23T11:16:29.649+0000] {processor.py:914} INFO - Processing file /home/airflow/.local/lib/python3.12/site-packages/airflow/example_dags/example_local_kubernetes_executor.py for tasks to queue
[2024-10-23T11:16:29.801+0000] {logging_mixin.py:190} INFO - [2024-10-23T11:16:29.779+0000] {dagbag.py:587} INFO - Filling up the DagBag from /home/airflow/.local/lib/python3.12/site-packages/airflow/example_dags/example_local_kubernetes_executor.py
[2024-10-23T11:16:30.192+0000] {processor.py:925} INFO - DAG(s) 'example_local_kubernetes_executor' retrieved from /home/airflow/.local/lib/python3.12/site-packages/airflow/example_dags/example_local_kubernetes_executor.py
[2024-10-23T11:16:31.990+0000] {logging_mixin.py:190} INFO - [2024-10-23T11:16:31.989+0000] {dag.py:3229} INFO - Sync 1 DAGs
[2024-10-23T11:16:32.520+0000] {logging_mixin.py:190} INFO - [2024-10-23T11:16:32.519+0000] {dag.py:4156} INFO - Setting next_dagrun for example_local_kubernetes_executor to None, run_after=None
[2024-10-23T11:16:33.207+0000] {processor.py:208} INFO - Processing /home/airflow/.local/lib/python3.12/site-packages/airflow/example_dags/example_local_kubernetes_executor.py took 3.753 seconds
