[2024-10-23T10:51:56.872+0000] {processor.py:186} INFO - Started process (PID=132) to work on /home/airflow/.local/lib/python3.12/site-packages/airflow/example_dags/example_datasets.py
[2024-10-23T10:51:56.879+0000] {processor.py:914} INFO - Processing file /home/airflow/.local/lib/python3.12/site-packages/airflow/example_dags/example_datasets.py for tasks to queue
[2024-10-23T10:51:56.944+0000] {logging_mixin.py:190} INFO - [2024-10-23T10:51:56.943+0000] {dagbag.py:587} INFO - Filling up the DagBag from /home/airflow/.local/lib/python3.12/site-packages/airflow/example_dags/example_datasets.py
[2024-10-23T10:51:59.231+0000] {processor.py:925} INFO - DAG(s) 'dataset_produces_2', 'consume_1_or_both_2_and_3_with_dataset_expressions', 'conditional_dataset_and_time_based_timetable', 'dataset_consumes_1_never_scheduled', 'dataset_consumes_1_and_2', 'dataset_consumes_unknown_never_scheduled', 'consume_1_and_2_with_dataset_expressions', 'consume_1_or_2_with_dataset_expressions', 'dataset_consumes_1', 'dataset_produces_1' retrieved from /home/airflow/.local/lib/python3.12/site-packages/airflow/example_dags/example_datasets.py
[2024-10-23T10:51:59.989+0000] {logging_mixin.py:190} INFO - [2024-10-23T10:51:59.989+0000] {dag.py:3229} INFO - Sync 10 DAGs
[2024-10-23T10:52:00.490+0000] {logging_mixin.py:190} INFO - [2024-10-23T10:52:00.490+0000] {dag.py:4156} INFO - Setting next_dagrun for conditional_dataset_and_time_based_timetable to 2024-10-23 01:00:00+00:00, run_after=2024-10-23 01:00:00+00:00
[2024-10-23T10:52:00.559+0000] {logging_mixin.py:190} INFO - [2024-10-23T10:52:00.555+0000] {dag.py:4156} INFO - Setting next_dagrun for consume_1_and_2_with_dataset_expressions to None, run_after=None
[2024-10-23T10:52:00.626+0000] {logging_mixin.py:190} INFO - [2024-10-23T10:52:00.625+0000] {dag.py:4156} INFO - Setting next_dagrun for consume_1_or_2_with_dataset_expressions to None, run_after=None
[2024-10-23T10:52:00.638+0000] {logging_mixin.py:190} INFO - [2024-10-23T10:52:00.637+0000] {dag.py:4156} INFO - Setting next_dagrun for consume_1_or_both_2_and_3_with_dataset_expressions to None, run_after=None
[2024-10-23T10:52:00.686+0000] {logging_mixin.py:190} INFO - [2024-10-23T10:52:00.686+0000] {dag.py:4156} INFO - Setting next_dagrun for dataset_consumes_1 to None, run_after=None
[2024-10-23T10:52:00.689+0000] {logging_mixin.py:190} INFO - [2024-10-23T10:52:00.689+0000] {dag.py:4156} INFO - Setting next_dagrun for dataset_consumes_1_and_2 to None, run_after=None
[2024-10-23T10:52:00.704+0000] {logging_mixin.py:190} INFO - [2024-10-23T10:52:00.704+0000] {dag.py:4156} INFO - Setting next_dagrun for dataset_consumes_1_never_scheduled to None, run_after=None
[2024-10-23T10:52:00.708+0000] {logging_mixin.py:190} INFO - [2024-10-23T10:52:00.707+0000] {dag.py:4156} INFO - Setting next_dagrun for dataset_consumes_unknown_never_scheduled to None, run_after=None
[2024-10-23T10:52:00.731+0000] {logging_mixin.py:190} INFO - [2024-10-23T10:52:00.730+0000] {dag.py:4156} INFO - Setting next_dagrun for dataset_produces_1 to 2024-10-22 00:00:00+00:00, run_after=2024-10-23 00:00:00+00:00
[2024-10-23T10:52:00.820+0000] {logging_mixin.py:190} INFO - [2024-10-23T10:52:00.820+0000] {dag.py:4156} INFO - Setting next_dagrun for dataset_produces_2 to None, run_after=None
[2024-10-23T10:52:01.275+0000] {processor.py:208} INFO - Processing /home/airflow/.local/lib/python3.12/site-packages/airflow/example_dags/example_datasets.py took 4.491 seconds
[2024-10-23T10:52:49.967+0000] {processor.py:186} INFO - Started process (PID=201) to work on /home/airflow/.local/lib/python3.12/site-packages/airflow/example_dags/example_datasets.py
[2024-10-23T10:52:49.976+0000] {processor.py:914} INFO - Processing file /home/airflow/.local/lib/python3.12/site-packages/airflow/example_dags/example_datasets.py for tasks to queue
[2024-10-23T10:52:49.990+0000] {logging_mixin.py:190} INFO - [2024-10-23T10:52:49.988+0000] {dagbag.py:587} INFO - Filling up the DagBag from /home/airflow/.local/lib/python3.12/site-packages/airflow/example_dags/example_datasets.py
[2024-10-23T10:52:51.891+0000] {processor.py:925} INFO - DAG(s) 'consume_1_or_both_2_and_3_with_dataset_expressions', 'dataset_consumes_1_and_2', 'dataset_consumes_1_never_scheduled', 'consume_1_and_2_with_dataset_expressions', 'dataset_produces_1', 'consume_1_or_2_with_dataset_expressions', 'dataset_consumes_unknown_never_scheduled', 'dataset_produces_2', 'dataset_consumes_1', 'conditional_dataset_and_time_based_timetable' retrieved from /home/airflow/.local/lib/python3.12/site-packages/airflow/example_dags/example_datasets.py
[2024-10-23T10:52:52.267+0000] {logging_mixin.py:190} INFO - [2024-10-23T10:52:52.267+0000] {dag.py:3229} INFO - Sync 10 DAGs
[2024-10-23T10:52:52.600+0000] {logging_mixin.py:190} INFO - [2024-10-23T10:52:52.600+0000] {dag.py:4156} INFO - Setting next_dagrun for conditional_dataset_and_time_based_timetable to 2024-10-23 01:00:00+00:00, run_after=2024-10-23 01:00:00+00:00
[2024-10-23T10:52:52.650+0000] {logging_mixin.py:190} INFO - [2024-10-23T10:52:52.648+0000] {dag.py:4156} INFO - Setting next_dagrun for consume_1_and_2_with_dataset_expressions to None, run_after=None
[2024-10-23T10:52:52.696+0000] {logging_mixin.py:190} INFO - [2024-10-23T10:52:52.695+0000] {dag.py:4156} INFO - Setting next_dagrun for consume_1_or_2_with_dataset_expressions to None, run_after=None
[2024-10-23T10:52:52.768+0000] {logging_mixin.py:190} INFO - [2024-10-23T10:52:52.767+0000] {dag.py:4156} INFO - Setting next_dagrun for consume_1_or_both_2_and_3_with_dataset_expressions to None, run_after=None
[2024-10-23T10:52:52.772+0000] {logging_mixin.py:190} INFO - [2024-10-23T10:52:52.772+0000] {dag.py:4156} INFO - Setting next_dagrun for dataset_consumes_1 to None, run_after=None
[2024-10-23T10:52:52.785+0000] {logging_mixin.py:190} INFO - [2024-10-23T10:52:52.784+0000] {dag.py:4156} INFO - Setting next_dagrun for dataset_consumes_1_and_2 to None, run_after=None
[2024-10-23T10:52:52.820+0000] {logging_mixin.py:190} INFO - [2024-10-23T10:52:52.819+0000] {dag.py:4156} INFO - Setting next_dagrun for dataset_consumes_1_never_scheduled to None, run_after=None
[2024-10-23T10:52:52.859+0000] {logging_mixin.py:190} INFO - [2024-10-23T10:52:52.843+0000] {dag.py:4156} INFO - Setting next_dagrun for dataset_consumes_unknown_never_scheduled to None, run_after=None
[2024-10-23T10:52:52.886+0000] {logging_mixin.py:190} INFO - [2024-10-23T10:52:52.884+0000] {dag.py:4156} INFO - Setting next_dagrun for dataset_produces_1 to 2024-10-22 00:00:00+00:00, run_after=2024-10-23 00:00:00+00:00
[2024-10-23T10:52:52.928+0000] {logging_mixin.py:190} INFO - [2024-10-23T10:52:52.928+0000] {dag.py:4156} INFO - Setting next_dagrun for dataset_produces_2 to None, run_after=None
[2024-10-23T10:52:53.415+0000] {processor.py:208} INFO - Processing /home/airflow/.local/lib/python3.12/site-packages/airflow/example_dags/example_datasets.py took 3.485 seconds
[2024-10-23T10:59:18.409+0000] {processor.py:186} INFO - Started process (PID=142) to work on /home/airflow/.local/lib/python3.12/site-packages/airflow/example_dags/example_datasets.py
[2024-10-23T10:59:18.443+0000] {processor.py:914} INFO - Processing file /home/airflow/.local/lib/python3.12/site-packages/airflow/example_dags/example_datasets.py for tasks to queue
[2024-10-23T10:59:18.466+0000] {logging_mixin.py:190} INFO - [2024-10-23T10:59:18.464+0000] {dagbag.py:587} INFO - Filling up the DagBag from /home/airflow/.local/lib/python3.12/site-packages/airflow/example_dags/example_datasets.py
[2024-10-23T10:59:20.465+0000] {processor.py:925} INFO - DAG(s) 'dataset_produces_2', 'dataset_consumes_1_never_scheduled', 'dataset_consumes_1', 'consume_1_or_2_with_dataset_expressions', 'dataset_produces_1', 'consume_1_and_2_with_dataset_expressions', 'dataset_consumes_1_and_2', 'dataset_consumes_unknown_never_scheduled', 'consume_1_or_both_2_and_3_with_dataset_expressions', 'conditional_dataset_and_time_based_timetable' retrieved from /home/airflow/.local/lib/python3.12/site-packages/airflow/example_dags/example_datasets.py
[2024-10-23T10:59:21.056+0000] {logging_mixin.py:190} INFO - [2024-10-23T10:59:21.055+0000] {dag.py:3229} INFO - Sync 10 DAGs
[2024-10-23T10:59:21.358+0000] {logging_mixin.py:190} INFO - [2024-10-23T10:59:21.357+0000] {dag.py:4156} INFO - Setting next_dagrun for conditional_dataset_and_time_based_timetable to 2024-10-23 01:00:00+00:00, run_after=2024-10-23 01:00:00+00:00
[2024-10-23T10:59:21.409+0000] {logging_mixin.py:190} INFO - [2024-10-23T10:59:21.406+0000] {dag.py:4156} INFO - Setting next_dagrun for consume_1_and_2_with_dataset_expressions to None, run_after=None
[2024-10-23T10:59:21.418+0000] {logging_mixin.py:190} INFO - [2024-10-23T10:59:21.417+0000] {dag.py:4156} INFO - Setting next_dagrun for consume_1_or_2_with_dataset_expressions to None, run_after=None
[2024-10-23T10:59:21.427+0000] {logging_mixin.py:190} INFO - [2024-10-23T10:59:21.427+0000] {dag.py:4156} INFO - Setting next_dagrun for consume_1_or_both_2_and_3_with_dataset_expressions to None, run_after=None
[2024-10-23T10:59:21.444+0000] {logging_mixin.py:190} INFO - [2024-10-23T10:59:21.443+0000] {dag.py:4156} INFO - Setting next_dagrun for dataset_consumes_1 to None, run_after=None
[2024-10-23T10:59:21.462+0000] {logging_mixin.py:190} INFO - [2024-10-23T10:59:21.462+0000] {dag.py:4156} INFO - Setting next_dagrun for dataset_consumes_1_and_2 to None, run_after=None
[2024-10-23T10:59:21.497+0000] {logging_mixin.py:190} INFO - [2024-10-23T10:59:21.497+0000] {dag.py:4156} INFO - Setting next_dagrun for dataset_consumes_1_never_scheduled to None, run_after=None
[2024-10-23T10:59:21.522+0000] {logging_mixin.py:190} INFO - [2024-10-23T10:59:21.508+0000] {dag.py:4156} INFO - Setting next_dagrun for dataset_consumes_unknown_never_scheduled to None, run_after=None
[2024-10-23T10:59:21.625+0000] {logging_mixin.py:190} INFO - [2024-10-23T10:59:21.624+0000] {dag.py:4156} INFO - Setting next_dagrun for dataset_produces_1 to 2024-10-22 00:00:00+00:00, run_after=2024-10-23 00:00:00+00:00
[2024-10-23T10:59:21.660+0000] {logging_mixin.py:190} INFO - [2024-10-23T10:59:21.659+0000] {dag.py:4156} INFO - Setting next_dagrun for dataset_produces_2 to None, run_after=None
[2024-10-23T10:59:22.944+0000] {processor.py:208} INFO - Processing /home/airflow/.local/lib/python3.12/site-packages/airflow/example_dags/example_datasets.py took 4.625 seconds
[2024-10-23T11:00:02.447+0000] {processor.py:186} INFO - Started process (PID=206) to work on /home/airflow/.local/lib/python3.12/site-packages/airflow/example_dags/example_datasets.py
[2024-10-23T11:00:02.472+0000] {processor.py:914} INFO - Processing file /home/airflow/.local/lib/python3.12/site-packages/airflow/example_dags/example_datasets.py for tasks to queue
[2024-10-23T11:00:02.517+0000] {logging_mixin.py:190} INFO - [2024-10-23T11:00:02.515+0000] {dagbag.py:587} INFO - Filling up the DagBag from /home/airflow/.local/lib/python3.12/site-packages/airflow/example_dags/example_datasets.py
[2024-10-23T11:00:04.178+0000] {processor.py:925} INFO - DAG(s) 'consume_1_or_2_with_dataset_expressions', 'dataset_produces_2', 'consume_1_or_both_2_and_3_with_dataset_expressions', 'dataset_consumes_1', 'dataset_produces_1', 'dataset_consumes_unknown_never_scheduled', 'consume_1_and_2_with_dataset_expressions', 'dataset_consumes_1_and_2', 'conditional_dataset_and_time_based_timetable', 'dataset_consumes_1_never_scheduled' retrieved from /home/airflow/.local/lib/python3.12/site-packages/airflow/example_dags/example_datasets.py
[2024-10-23T11:00:05.134+0000] {logging_mixin.py:190} INFO - [2024-10-23T11:00:05.133+0000] {dag.py:3229} INFO - Sync 10 DAGs
[2024-10-23T11:00:05.581+0000] {logging_mixin.py:190} INFO - [2024-10-23T11:00:05.580+0000] {dag.py:4156} INFO - Setting next_dagrun for conditional_dataset_and_time_based_timetable to 2024-10-23 01:00:00+00:00, run_after=2024-10-23 01:00:00+00:00
[2024-10-23T11:00:05.640+0000] {logging_mixin.py:190} INFO - [2024-10-23T11:00:05.640+0000] {dag.py:4156} INFO - Setting next_dagrun for consume_1_and_2_with_dataset_expressions to None, run_after=None
[2024-10-23T11:00:05.712+0000] {logging_mixin.py:190} INFO - [2024-10-23T11:00:05.711+0000] {dag.py:4156} INFO - Setting next_dagrun for consume_1_or_2_with_dataset_expressions to None, run_after=None
[2024-10-23T11:00:05.739+0000] {logging_mixin.py:190} INFO - [2024-10-23T11:00:05.738+0000] {dag.py:4156} INFO - Setting next_dagrun for consume_1_or_both_2_and_3_with_dataset_expressions to None, run_after=None
[2024-10-23T11:00:05.774+0000] {logging_mixin.py:190} INFO - [2024-10-23T11:00:05.773+0000] {dag.py:4156} INFO - Setting next_dagrun for dataset_consumes_1 to None, run_after=None
[2024-10-23T11:00:05.802+0000] {logging_mixin.py:190} INFO - [2024-10-23T11:00:05.802+0000] {dag.py:4156} INFO - Setting next_dagrun for dataset_consumes_1_and_2 to None, run_after=None
[2024-10-23T11:00:05.829+0000] {logging_mixin.py:190} INFO - [2024-10-23T11:00:05.828+0000] {dag.py:4156} INFO - Setting next_dagrun for dataset_consumes_1_never_scheduled to None, run_after=None
[2024-10-23T11:00:05.838+0000] {logging_mixin.py:190} INFO - [2024-10-23T11:00:05.838+0000] {dag.py:4156} INFO - Setting next_dagrun for dataset_consumes_unknown_never_scheduled to None, run_after=None
[2024-10-23T11:00:05.850+0000] {logging_mixin.py:190} INFO - [2024-10-23T11:00:05.849+0000] {dag.py:4156} INFO - Setting next_dagrun for dataset_produces_1 to 2024-10-22 00:00:00+00:00, run_after=2024-10-23 00:00:00+00:00
[2024-10-23T11:00:05.869+0000] {logging_mixin.py:190} INFO - [2024-10-23T11:00:05.869+0000] {dag.py:4156} INFO - Setting next_dagrun for dataset_produces_2 to None, run_after=None
[2024-10-23T11:00:06.396+0000] {processor.py:208} INFO - Processing /home/airflow/.local/lib/python3.12/site-packages/airflow/example_dags/example_datasets.py took 4.057 seconds
[2024-10-23T11:16:48.734+0000] {processor.py:186} INFO - Started process (PID=130) to work on /home/airflow/.local/lib/python3.12/site-packages/airflow/example_dags/example_datasets.py
[2024-10-23T11:16:48.770+0000] {processor.py:914} INFO - Processing file /home/airflow/.local/lib/python3.12/site-packages/airflow/example_dags/example_datasets.py for tasks to queue
[2024-10-23T11:16:48.853+0000] {logging_mixin.py:190} INFO - [2024-10-23T11:16:48.852+0000] {dagbag.py:587} INFO - Filling up the DagBag from /home/airflow/.local/lib/python3.12/site-packages/airflow/example_dags/example_datasets.py
[2024-10-23T11:16:52.278+0000] {processor.py:925} INFO - DAG(s) 'dataset_produces_1', 'dataset_produces_2', 'dataset_consumes_1_never_scheduled', 'consume_1_or_2_with_dataset_expressions', 'consume_1_and_2_with_dataset_expressions', 'dataset_consumes_1_and_2', 'dataset_consumes_unknown_never_scheduled', 'consume_1_or_both_2_and_3_with_dataset_expressions', 'conditional_dataset_and_time_based_timetable', 'dataset_consumes_1' retrieved from /home/airflow/.local/lib/python3.12/site-packages/airflow/example_dags/example_datasets.py
[2024-10-23T11:16:52.548+0000] {logging_mixin.py:190} INFO - [2024-10-23T11:16:52.548+0000] {dag.py:3229} INFO - Sync 10 DAGs
[2024-10-23T11:16:53.089+0000] {logging_mixin.py:190} INFO - [2024-10-23T11:16:53.050+0000] {dag.py:4156} INFO - Setting next_dagrun for conditional_dataset_and_time_based_timetable to 2024-10-23 01:00:00+00:00, run_after=2024-10-23 01:00:00+00:00
[2024-10-23T11:16:53.149+0000] {logging_mixin.py:190} INFO - [2024-10-23T11:16:53.142+0000] {dag.py:4156} INFO - Setting next_dagrun for consume_1_and_2_with_dataset_expressions to None, run_after=None
[2024-10-23T11:16:53.166+0000] {logging_mixin.py:190} INFO - [2024-10-23T11:16:53.166+0000] {dag.py:4156} INFO - Setting next_dagrun for consume_1_or_2_with_dataset_expressions to None, run_after=None
[2024-10-23T11:16:53.200+0000] {logging_mixin.py:190} INFO - [2024-10-23T11:16:53.199+0000] {dag.py:4156} INFO - Setting next_dagrun for consume_1_or_both_2_and_3_with_dataset_expressions to None, run_after=None
[2024-10-23T11:16:53.284+0000] {logging_mixin.py:190} INFO - [2024-10-23T11:16:53.283+0000] {dag.py:4156} INFO - Setting next_dagrun for dataset_consumes_1 to None, run_after=None
[2024-10-23T11:16:53.313+0000] {logging_mixin.py:190} INFO - [2024-10-23T11:16:53.313+0000] {dag.py:4156} INFO - Setting next_dagrun for dataset_consumes_1_and_2 to None, run_after=None
[2024-10-23T11:16:53.330+0000] {logging_mixin.py:190} INFO - [2024-10-23T11:16:53.329+0000] {dag.py:4156} INFO - Setting next_dagrun for dataset_consumes_1_never_scheduled to None, run_after=None
[2024-10-23T11:16:53.346+0000] {logging_mixin.py:190} INFO - [2024-10-23T11:16:53.345+0000] {dag.py:4156} INFO - Setting next_dagrun for dataset_consumes_unknown_never_scheduled to None, run_after=None
[2024-10-23T11:16:53.439+0000] {logging_mixin.py:190} INFO - [2024-10-23T11:16:53.439+0000] {dag.py:4156} INFO - Setting next_dagrun for dataset_produces_1 to 2024-10-22 00:00:00+00:00, run_after=2024-10-23 00:00:00+00:00
[2024-10-23T11:16:53.470+0000] {logging_mixin.py:190} INFO - [2024-10-23T11:16:53.470+0000] {dag.py:4156} INFO - Setting next_dagrun for dataset_produces_2 to None, run_after=None
[2024-10-23T11:16:54.443+0000] {processor.py:208} INFO - Processing /home/airflow/.local/lib/python3.12/site-packages/airflow/example_dags/example_datasets.py took 5.815 seconds
