[2024-10-23T10:51:16.475+0000] {processor.py:186} INFO - Started process (PID=98) to work on /home/airflow/.local/lib/python3.12/site-packages/airflow/example_dags/example_nested_branch_dag.py
[2024-10-23T10:51:16.537+0000] {processor.py:914} INFO - Processing file /home/airflow/.local/lib/python3.12/site-packages/airflow/example_dags/example_nested_branch_dag.py for tasks to queue
[2024-10-23T10:51:16.584+0000] {logging_mixin.py:190} INFO - [2024-10-23T10:51:16.583+0000] {dagbag.py:587} INFO - Filling up the DagBag from /home/airflow/.local/lib/python3.12/site-packages/airflow/example_dags/example_nested_branch_dag.py
[2024-10-23T10:51:16.902+0000] {processor.py:925} INFO - DAG(s) 'example_nested_branch_dag' retrieved from /home/airflow/.local/lib/python3.12/site-packages/airflow/example_dags/example_nested_branch_dag.py
[2024-10-23T10:51:17.434+0000] {logging_mixin.py:190} INFO - [2024-10-23T10:51:17.422+0000] {dag.py:3229} INFO - Sync 1 DAGs
[2024-10-23T10:51:17.835+0000] {logging_mixin.py:190} INFO - [2024-10-23T10:51:17.834+0000] {dag.py:4156} INFO - Setting next_dagrun for example_nested_branch_dag to 2024-10-22 00:00:00+00:00, run_after=2024-10-23 00:00:00+00:00
[2024-10-23T10:51:18.161+0000] {processor.py:208} INFO - Processing /home/airflow/.local/lib/python3.12/site-packages/airflow/example_dags/example_nested_branch_dag.py took 1.810 seconds
[2024-10-23T10:52:23.531+0000] {processor.py:186} INFO - Started process (PID=166) to work on /home/airflow/.local/lib/python3.12/site-packages/airflow/example_dags/example_nested_branch_dag.py
[2024-10-23T10:52:23.553+0000] {processor.py:914} INFO - Processing file /home/airflow/.local/lib/python3.12/site-packages/airflow/example_dags/example_nested_branch_dag.py for tasks to queue
[2024-10-23T10:52:23.573+0000] {logging_mixin.py:190} INFO - [2024-10-23T10:52:23.572+0000] {dagbag.py:587} INFO - Filling up the DagBag from /home/airflow/.local/lib/python3.12/site-packages/airflow/example_dags/example_nested_branch_dag.py
[2024-10-23T10:52:23.705+0000] {processor.py:925} INFO - DAG(s) 'example_nested_branch_dag' retrieved from /home/airflow/.local/lib/python3.12/site-packages/airflow/example_dags/example_nested_branch_dag.py
[2024-10-23T10:52:23.963+0000] {logging_mixin.py:190} INFO - [2024-10-23T10:52:23.962+0000] {dag.py:3229} INFO - Sync 1 DAGs
[2024-10-23T10:52:24.239+0000] {logging_mixin.py:190} INFO - [2024-10-23T10:52:24.238+0000] {dag.py:4156} INFO - Setting next_dagrun for example_nested_branch_dag to 2024-10-22 00:00:00+00:00, run_after=2024-10-23 00:00:00+00:00
[2024-10-23T10:52:24.450+0000] {processor.py:208} INFO - Processing /home/airflow/.local/lib/python3.12/site-packages/airflow/example_dags/example_nested_branch_dag.py took 0.955 seconds
[2024-10-23T10:53:10.166+0000] {processor.py:186} INFO - Started process (PID=225) to work on /home/airflow/.local/lib/python3.12/site-packages/airflow/example_dags/example_nested_branch_dag.py
[2024-10-23T10:53:10.184+0000] {processor.py:914} INFO - Processing file /home/airflow/.local/lib/python3.12/site-packages/airflow/example_dags/example_nested_branch_dag.py for tasks to queue
[2024-10-23T10:53:10.210+0000] {logging_mixin.py:190} INFO - [2024-10-23T10:53:10.209+0000] {dagbag.py:587} INFO - Filling up the DagBag from /home/airflow/.local/lib/python3.12/site-packages/airflow/example_dags/example_nested_branch_dag.py
[2024-10-23T10:53:10.370+0000] {processor.py:925} INFO - DAG(s) 'example_nested_branch_dag' retrieved from /home/airflow/.local/lib/python3.12/site-packages/airflow/example_dags/example_nested_branch_dag.py
[2024-10-23T10:53:10.571+0000] {logging_mixin.py:190} INFO - [2024-10-23T10:53:10.571+0000] {dag.py:3229} INFO - Sync 1 DAGs
[2024-10-23T10:53:10.713+0000] {logging_mixin.py:190} INFO - [2024-10-23T10:53:10.712+0000] {dag.py:4156} INFO - Setting next_dagrun for example_nested_branch_dag to 2024-10-22 00:00:00+00:00, run_after=2024-10-23 00:00:00+00:00
[2024-10-23T10:53:10.917+0000] {processor.py:208} INFO - Processing /home/airflow/.local/lib/python3.12/site-packages/airflow/example_dags/example_nested_branch_dag.py took 1.115 seconds
[2024-10-23T10:58:49.674+0000] {processor.py:186} INFO - Started process (PID=107) to work on /home/airflow/.local/lib/python3.12/site-packages/airflow/example_dags/example_nested_branch_dag.py
[2024-10-23T10:58:49.696+0000] {processor.py:914} INFO - Processing file /home/airflow/.local/lib/python3.12/site-packages/airflow/example_dags/example_nested_branch_dag.py for tasks to queue
[2024-10-23T10:58:49.732+0000] {logging_mixin.py:190} INFO - [2024-10-23T10:58:49.731+0000] {dagbag.py:587} INFO - Filling up the DagBag from /home/airflow/.local/lib/python3.12/site-packages/airflow/example_dags/example_nested_branch_dag.py
[2024-10-23T10:58:49.801+0000] {processor.py:925} INFO - DAG(s) 'example_nested_branch_dag' retrieved from /home/airflow/.local/lib/python3.12/site-packages/airflow/example_dags/example_nested_branch_dag.py
[2024-10-23T10:58:50.240+0000] {logging_mixin.py:190} INFO - [2024-10-23T10:58:50.239+0000] {dag.py:3229} INFO - Sync 1 DAGs
[2024-10-23T10:58:50.573+0000] {logging_mixin.py:190} INFO - [2024-10-23T10:58:50.572+0000] {dag.py:4156} INFO - Setting next_dagrun for example_nested_branch_dag to 2024-10-22 00:00:00+00:00, run_after=2024-10-23 00:00:00+00:00
[2024-10-23T10:58:50.797+0000] {processor.py:208} INFO - Processing /home/airflow/.local/lib/python3.12/site-packages/airflow/example_dags/example_nested_branch_dag.py took 1.148 seconds
[2024-10-23T10:59:39.949+0000] {processor.py:186} INFO - Started process (PID=170) to work on /home/airflow/.local/lib/python3.12/site-packages/airflow/example_dags/example_nested_branch_dag.py
[2024-10-23T10:59:39.960+0000] {processor.py:914} INFO - Processing file /home/airflow/.local/lib/python3.12/site-packages/airflow/example_dags/example_nested_branch_dag.py for tasks to queue
[2024-10-23T10:59:39.980+0000] {logging_mixin.py:190} INFO - [2024-10-23T10:59:39.979+0000] {dagbag.py:587} INFO - Filling up the DagBag from /home/airflow/.local/lib/python3.12/site-packages/airflow/example_dags/example_nested_branch_dag.py
[2024-10-23T10:59:40.063+0000] {processor.py:925} INFO - DAG(s) 'example_nested_branch_dag' retrieved from /home/airflow/.local/lib/python3.12/site-packages/airflow/example_dags/example_nested_branch_dag.py
[2024-10-23T10:59:40.256+0000] {logging_mixin.py:190} INFO - [2024-10-23T10:59:40.255+0000] {dag.py:3229} INFO - Sync 1 DAGs
[2024-10-23T10:59:40.523+0000] {logging_mixin.py:190} INFO - [2024-10-23T10:59:40.521+0000] {dag.py:4156} INFO - Setting next_dagrun for example_nested_branch_dag to 2024-10-22 00:00:00+00:00, run_after=2024-10-23 00:00:00+00:00
[2024-10-23T10:59:40.668+0000] {processor.py:208} INFO - Processing /home/airflow/.local/lib/python3.12/site-packages/airflow/example_dags/example_nested_branch_dag.py took 0.738 seconds
[2024-10-23T11:15:58.104+0000] {processor.py:186} INFO - Started process (PID=96) to work on /home/airflow/.local/lib/python3.12/site-packages/airflow/example_dags/example_nested_branch_dag.py
[2024-10-23T11:15:58.119+0000] {processor.py:914} INFO - Processing file /home/airflow/.local/lib/python3.12/site-packages/airflow/example_dags/example_nested_branch_dag.py for tasks to queue
[2024-10-23T11:15:58.152+0000] {logging_mixin.py:190} INFO - [2024-10-23T11:15:58.151+0000] {dagbag.py:587} INFO - Filling up the DagBag from /home/airflow/.local/lib/python3.12/site-packages/airflow/example_dags/example_nested_branch_dag.py
[2024-10-23T11:15:58.274+0000] {processor.py:925} INFO - DAG(s) 'example_nested_branch_dag' retrieved from /home/airflow/.local/lib/python3.12/site-packages/airflow/example_dags/example_nested_branch_dag.py
[2024-10-23T11:15:58.516+0000] {logging_mixin.py:190} INFO - [2024-10-23T11:15:58.516+0000] {dag.py:3229} INFO - Sync 1 DAGs
[2024-10-23T11:15:58.865+0000] {logging_mixin.py:190} INFO - [2024-10-23T11:15:58.864+0000] {dag.py:4156} INFO - Setting next_dagrun for example_nested_branch_dag to 2024-10-22 00:00:00+00:00, run_after=2024-10-23 00:00:00+00:00
[2024-10-23T11:15:59.008+0000] {processor.py:208} INFO - Processing /home/airflow/.local/lib/python3.12/site-packages/airflow/example_dags/example_nested_branch_dag.py took 0.967 seconds
[2024-10-23T11:17:21.228+0000] {processor.py:186} INFO - Started process (PID=163) to work on /home/airflow/.local/lib/python3.12/site-packages/airflow/example_dags/example_nested_branch_dag.py
[2024-10-23T11:17:21.236+0000] {processor.py:914} INFO - Processing file /home/airflow/.local/lib/python3.12/site-packages/airflow/example_dags/example_nested_branch_dag.py for tasks to queue
[2024-10-23T11:17:21.242+0000] {logging_mixin.py:190} INFO - [2024-10-23T11:17:21.241+0000] {dagbag.py:587} INFO - Filling up the DagBag from /home/airflow/.local/lib/python3.12/site-packages/airflow/example_dags/example_nested_branch_dag.py
[2024-10-23T11:17:21.324+0000] {processor.py:925} INFO - DAG(s) 'example_nested_branch_dag' retrieved from /home/airflow/.local/lib/python3.12/site-packages/airflow/example_dags/example_nested_branch_dag.py
[2024-10-23T11:17:21.547+0000] {logging_mixin.py:190} INFO - [2024-10-23T11:17:21.547+0000] {dag.py:3229} INFO - Sync 1 DAGs
[2024-10-23T11:17:21.717+0000] {logging_mixin.py:190} INFO - [2024-10-23T11:17:21.716+0000] {dag.py:4156} INFO - Setting next_dagrun for example_nested_branch_dag to 2024-10-22 00:00:00+00:00, run_after=2024-10-23 00:00:00+00:00
[2024-10-23T11:17:21.809+0000] {processor.py:208} INFO - Processing /home/airflow/.local/lib/python3.12/site-packages/airflow/example_dags/example_nested_branch_dag.py took 0.613 seconds
