[2024-10-23T10:51:58.884+0000] {processor.py:186} INFO - Started process (PID=134) to work on /home/airflow/.local/lib/python3.12/site-packages/airflow/example_dags/example_trigger_target_dag.py
[2024-10-23T10:51:58.894+0000] {processor.py:914} INFO - Processing file /home/airflow/.local/lib/python3.12/site-packages/airflow/example_dags/example_trigger_target_dag.py for tasks to queue
[2024-10-23T10:51:58.925+0000] {logging_mixin.py:190} INFO - [2024-10-23T10:51:58.924+0000] {dagbag.py:587} INFO - Filling up the DagBag from /home/airflow/.local/lib/python3.12/site-packages/airflow/example_dags/example_trigger_target_dag.py
[2024-10-23T10:51:58.982+0000] {processor.py:925} INFO - DAG(s) 'example_trigger_target_dag' retrieved from /home/airflow/.local/lib/python3.12/site-packages/airflow/example_dags/example_trigger_target_dag.py
[2024-10-23T10:51:59.270+0000] {logging_mixin.py:190} INFO - [2024-10-23T10:51:59.269+0000] {dag.py:3229} INFO - Sync 1 DAGs
[2024-10-23T10:51:59.819+0000] {logging_mixin.py:190} INFO - [2024-10-23T10:51:59.819+0000] {dag.py:4156} INFO - Setting next_dagrun for example_trigger_target_dag to None, run_after=None
[2024-10-23T10:52:00.106+0000] {processor.py:208} INFO - Processing /home/airflow/.local/lib/python3.12/site-packages/airflow/example_dags/example_trigger_target_dag.py took 1.302 seconds
[2024-10-23T10:52:50.877+0000] {processor.py:186} INFO - Started process (PID=203) to work on /home/airflow/.local/lib/python3.12/site-packages/airflow/example_dags/example_trigger_target_dag.py
[2024-10-23T10:52:50.887+0000] {processor.py:914} INFO - Processing file /home/airflow/.local/lib/python3.12/site-packages/airflow/example_dags/example_trigger_target_dag.py for tasks to queue
[2024-10-23T10:52:50.903+0000] {logging_mixin.py:190} INFO - [2024-10-23T10:52:50.897+0000] {dagbag.py:587} INFO - Filling up the DagBag from /home/airflow/.local/lib/python3.12/site-packages/airflow/example_dags/example_trigger_target_dag.py
[2024-10-23T10:52:50.981+0000] {processor.py:925} INFO - DAG(s) 'example_trigger_target_dag' retrieved from /home/airflow/.local/lib/python3.12/site-packages/airflow/example_dags/example_trigger_target_dag.py
[2024-10-23T10:52:51.154+0000] {logging_mixin.py:190} INFO - [2024-10-23T10:52:51.153+0000] {dag.py:3229} INFO - Sync 1 DAGs
[2024-10-23T10:52:51.448+0000] {logging_mixin.py:190} INFO - [2024-10-23T10:52:51.448+0000] {dag.py:4156} INFO - Setting next_dagrun for example_trigger_target_dag to None, run_after=None
[2024-10-23T10:52:51.623+0000] {processor.py:208} INFO - Processing /home/airflow/.local/lib/python3.12/site-packages/airflow/example_dags/example_trigger_target_dag.py took 0.831 seconds
[2024-10-23T10:59:20.981+0000] {processor.py:186} INFO - Started process (PID=144) to work on /home/airflow/.local/lib/python3.12/site-packages/airflow/example_dags/example_trigger_target_dag.py
[2024-10-23T10:59:21.045+0000] {processor.py:914} INFO - Processing file /home/airflow/.local/lib/python3.12/site-packages/airflow/example_dags/example_trigger_target_dag.py for tasks to queue
[2024-10-23T10:59:21.066+0000] {logging_mixin.py:190} INFO - [2024-10-23T10:59:21.065+0000] {dagbag.py:587} INFO - Filling up the DagBag from /home/airflow/.local/lib/python3.12/site-packages/airflow/example_dags/example_trigger_target_dag.py
[2024-10-23T10:59:21.223+0000] {processor.py:925} INFO - DAG(s) 'example_trigger_target_dag' retrieved from /home/airflow/.local/lib/python3.12/site-packages/airflow/example_dags/example_trigger_target_dag.py
[2024-10-23T10:59:21.580+0000] {logging_mixin.py:190} INFO - [2024-10-23T10:59:21.579+0000] {dag.py:3229} INFO - Sync 1 DAGs
[2024-10-23T10:59:22.053+0000] {logging_mixin.py:190} INFO - [2024-10-23T10:59:22.052+0000] {dag.py:4156} INFO - Setting next_dagrun for example_trigger_target_dag to None, run_after=None
[2024-10-23T10:59:22.914+0000] {processor.py:208} INFO - Processing /home/airflow/.local/lib/python3.12/site-packages/airflow/example_dags/example_trigger_target_dag.py took 2.053 seconds
[2024-10-23T11:00:04.052+0000] {processor.py:186} INFO - Started process (PID=208) to work on /home/airflow/.local/lib/python3.12/site-packages/airflow/example_dags/example_trigger_target_dag.py
[2024-10-23T11:00:04.074+0000] {processor.py:914} INFO - Processing file /home/airflow/.local/lib/python3.12/site-packages/airflow/example_dags/example_trigger_target_dag.py for tasks to queue
[2024-10-23T11:00:04.109+0000] {logging_mixin.py:190} INFO - [2024-10-23T11:00:04.108+0000] {dagbag.py:587} INFO - Filling up the DagBag from /home/airflow/.local/lib/python3.12/site-packages/airflow/example_dags/example_trigger_target_dag.py
[2024-10-23T11:00:04.200+0000] {processor.py:925} INFO - DAG(s) 'example_trigger_target_dag' retrieved from /home/airflow/.local/lib/python3.12/site-packages/airflow/example_dags/example_trigger_target_dag.py
[2024-10-23T11:00:04.331+0000] {logging_mixin.py:190} INFO - [2024-10-23T11:00:04.330+0000] {dag.py:3229} INFO - Sync 1 DAGs
[2024-10-23T11:00:04.626+0000] {logging_mixin.py:190} INFO - [2024-10-23T11:00:04.625+0000] {dag.py:4156} INFO - Setting next_dagrun for example_trigger_target_dag to None, run_after=None
[2024-10-23T11:00:04.930+0000] {processor.py:208} INFO - Processing /home/airflow/.local/lib/python3.12/site-packages/airflow/example_dags/example_trigger_target_dag.py took 0.961 seconds
[2024-10-23T11:16:52.173+0000] {processor.py:186} INFO - Started process (PID=132) to work on /home/airflow/.local/lib/python3.12/site-packages/airflow/example_dags/example_trigger_target_dag.py
[2024-10-23T11:16:52.204+0000] {processor.py:914} INFO - Processing file /home/airflow/.local/lib/python3.12/site-packages/airflow/example_dags/example_trigger_target_dag.py for tasks to queue
[2024-10-23T11:16:52.233+0000] {logging_mixin.py:190} INFO - [2024-10-23T11:16:52.232+0000] {dagbag.py:587} INFO - Filling up the DagBag from /home/airflow/.local/lib/python3.12/site-packages/airflow/example_dags/example_trigger_target_dag.py
[2024-10-23T11:16:52.537+0000] {processor.py:925} INFO - DAG(s) 'example_trigger_target_dag' retrieved from /home/airflow/.local/lib/python3.12/site-packages/airflow/example_dags/example_trigger_target_dag.py
[2024-10-23T11:16:52.645+0000] {logging_mixin.py:190} INFO - [2024-10-23T11:16:52.645+0000] {dag.py:3229} INFO - Sync 1 DAGs
[2024-10-23T11:16:52.711+0000] {logging_mixin.py:190} INFO - [2024-10-23T11:16:52.710+0000] {dag.py:4156} INFO - Setting next_dagrun for example_trigger_target_dag to None, run_after=None
[2024-10-23T11:16:53.103+0000] {processor.py:208} INFO - Processing /home/airflow/.local/lib/python3.12/site-packages/airflow/example_dags/example_trigger_target_dag.py took 1.410 seconds
