[2024-10-23T10:51:07.183+0000] {processor.py:186} INFO - Started process (PID=93) to work on /home/airflow/.local/lib/python3.12/site-packages/airflow/example_dags/example_branch_python_dop_operator_3.py
[2024-10-23T10:51:07.188+0000] {processor.py:914} INFO - Processing file /home/airflow/.local/lib/python3.12/site-packages/airflow/example_dags/example_branch_python_dop_operator_3.py for tasks to queue
[2024-10-23T10:51:07.206+0000] {logging_mixin.py:190} INFO - [2024-10-23T10:51:07.204+0000] {dagbag.py:587} INFO - Filling up the DagBag from /home/airflow/.local/lib/python3.12/site-packages/airflow/example_dags/example_branch_python_dop_operator_3.py
[2024-10-23T10:51:07.335+0000] {processor.py:925} INFO - DAG(s) 'example_branch_dop_operator_v3' retrieved from /home/airflow/.local/lib/python3.12/site-packages/airflow/example_dags/example_branch_python_dop_operator_3.py
[2024-10-23T10:51:07.855+0000] {logging_mixin.py:190} INFO - [2024-10-23T10:51:07.851+0000] {dag.py:3229} INFO - Sync 1 DAGs
[2024-10-23T10:51:09.405+0000] {logging_mixin.py:190} INFO - [2024-10-23T10:51:09.404+0000] {dag.py:4156} INFO - Setting next_dagrun for example_branch_dop_operator_v3 to 2024-10-23 10:50:00+00:00, run_after=2024-10-23 10:51:00+00:00
[2024-10-23T10:51:10.002+0000] {processor.py:208} INFO - Processing /home/airflow/.local/lib/python3.12/site-packages/airflow/example_dags/example_branch_python_dop_operator_3.py took 2.852 seconds
[2024-10-23T10:52:19.709+0000] {processor.py:186} INFO - Started process (PID=161) to work on /home/airflow/.local/lib/python3.12/site-packages/airflow/example_dags/example_branch_python_dop_operator_3.py
[2024-10-23T10:52:19.735+0000] {processor.py:914} INFO - Processing file /home/airflow/.local/lib/python3.12/site-packages/airflow/example_dags/example_branch_python_dop_operator_3.py for tasks to queue
[2024-10-23T10:52:19.754+0000] {logging_mixin.py:190} INFO - [2024-10-23T10:52:19.753+0000] {dagbag.py:587} INFO - Filling up the DagBag from /home/airflow/.local/lib/python3.12/site-packages/airflow/example_dags/example_branch_python_dop_operator_3.py
[2024-10-23T10:52:19.995+0000] {processor.py:925} INFO - DAG(s) 'example_branch_dop_operator_v3' retrieved from /home/airflow/.local/lib/python3.12/site-packages/airflow/example_dags/example_branch_python_dop_operator_3.py
[2024-10-23T10:52:20.234+0000] {logging_mixin.py:190} INFO - [2024-10-23T10:52:20.234+0000] {dag.py:3229} INFO - Sync 1 DAGs
[2024-10-23T10:52:20.756+0000] {logging_mixin.py:190} INFO - [2024-10-23T10:52:20.755+0000] {dag.py:4156} INFO - Setting next_dagrun for example_branch_dop_operator_v3 to 2024-10-23 10:51:00+00:00, run_after=2024-10-23 10:52:00+00:00
[2024-10-23T10:52:21.108+0000] {processor.py:208} INFO - Processing /home/airflow/.local/lib/python3.12/site-packages/airflow/example_dags/example_branch_python_dop_operator_3.py took 1.494 seconds
[2024-10-23T10:53:03.166+0000] {processor.py:186} INFO - Started process (PID=220) to work on /home/airflow/.local/lib/python3.12/site-packages/airflow/example_dags/example_branch_python_dop_operator_3.py
[2024-10-23T10:53:03.192+0000] {processor.py:914} INFO - Processing file /home/airflow/.local/lib/python3.12/site-packages/airflow/example_dags/example_branch_python_dop_operator_3.py for tasks to queue
[2024-10-23T10:53:03.222+0000] {logging_mixin.py:190} INFO - [2024-10-23T10:53:03.221+0000] {dagbag.py:587} INFO - Filling up the DagBag from /home/airflow/.local/lib/python3.12/site-packages/airflow/example_dags/example_branch_python_dop_operator_3.py
[2024-10-23T10:53:03.328+0000] {processor.py:925} INFO - DAG(s) 'example_branch_dop_operator_v3' retrieved from /home/airflow/.local/lib/python3.12/site-packages/airflow/example_dags/example_branch_python_dop_operator_3.py
[2024-10-23T10:53:03.493+0000] {logging_mixin.py:190} INFO - [2024-10-23T10:53:03.492+0000] {dag.py:3229} INFO - Sync 1 DAGs
[2024-10-23T10:53:04.240+0000] {logging_mixin.py:190} INFO - [2024-10-23T10:53:04.237+0000] {dag.py:4156} INFO - Setting next_dagrun for example_branch_dop_operator_v3 to 2024-10-23 10:52:00+00:00, run_after=2024-10-23 10:53:00+00:00
[2024-10-23T10:53:04.756+0000] {processor.py:208} INFO - Processing /home/airflow/.local/lib/python3.12/site-packages/airflow/example_dags/example_branch_python_dop_operator_3.py took 1.649 seconds
[2024-10-23T10:58:46.120+0000] {processor.py:186} INFO - Started process (PID=96) to work on /home/airflow/.local/lib/python3.12/site-packages/airflow/example_dags/example_branch_python_dop_operator_3.py
[2024-10-23T10:58:46.156+0000] {processor.py:914} INFO - Processing file /home/airflow/.local/lib/python3.12/site-packages/airflow/example_dags/example_branch_python_dop_operator_3.py for tasks to queue
[2024-10-23T10:58:46.187+0000] {logging_mixin.py:190} INFO - [2024-10-23T10:58:46.185+0000] {dagbag.py:587} INFO - Filling up the DagBag from /home/airflow/.local/lib/python3.12/site-packages/airflow/example_dags/example_branch_python_dop_operator_3.py
[2024-10-23T10:58:46.445+0000] {processor.py:925} INFO - DAG(s) 'example_branch_dop_operator_v3' retrieved from /home/airflow/.local/lib/python3.12/site-packages/airflow/example_dags/example_branch_python_dop_operator_3.py
[2024-10-23T10:58:46.802+0000] {logging_mixin.py:190} INFO - [2024-10-23T10:58:46.801+0000] {dag.py:3229} INFO - Sync 1 DAGs
[2024-10-23T10:58:47.246+0000] {logging_mixin.py:190} INFO - [2024-10-23T10:58:47.246+0000] {dag.py:4156} INFO - Setting next_dagrun for example_branch_dop_operator_v3 to 2024-10-23 10:57:00+00:00, run_after=2024-10-23 10:58:00+00:00
[2024-10-23T10:58:47.786+0000] {processor.py:208} INFO - Processing /home/airflow/.local/lib/python3.12/site-packages/airflow/example_dags/example_branch_python_dop_operator_3.py took 1.803 seconds
[2024-10-23T10:59:37.040+0000] {processor.py:186} INFO - Started process (PID=165) to work on /home/airflow/.local/lib/python3.12/site-packages/airflow/example_dags/example_branch_python_dop_operator_3.py
[2024-10-23T10:59:37.057+0000] {processor.py:914} INFO - Processing file /home/airflow/.local/lib/python3.12/site-packages/airflow/example_dags/example_branch_python_dop_operator_3.py for tasks to queue
[2024-10-23T10:59:37.082+0000] {logging_mixin.py:190} INFO - [2024-10-23T10:59:37.080+0000] {dagbag.py:587} INFO - Filling up the DagBag from /home/airflow/.local/lib/python3.12/site-packages/airflow/example_dags/example_branch_python_dop_operator_3.py
[2024-10-23T10:59:37.199+0000] {processor.py:925} INFO - DAG(s) 'example_branch_dop_operator_v3' retrieved from /home/airflow/.local/lib/python3.12/site-packages/airflow/example_dags/example_branch_python_dop_operator_3.py
[2024-10-23T10:59:37.352+0000] {logging_mixin.py:190} INFO - [2024-10-23T10:59:37.350+0000] {dag.py:3229} INFO - Sync 1 DAGs
[2024-10-23T10:59:37.713+0000] {logging_mixin.py:190} INFO - [2024-10-23T10:59:37.708+0000] {dag.py:4156} INFO - Setting next_dagrun for example_branch_dop_operator_v3 to 2024-10-23 10:58:00+00:00, run_after=2024-10-23 10:59:00+00:00
[2024-10-23T10:59:37.926+0000] {processor.py:208} INFO - Processing /home/airflow/.local/lib/python3.12/site-packages/airflow/example_dags/example_branch_python_dop_operator_3.py took 0.975 seconds
[2024-10-23T11:15:52.301+0000] {processor.py:186} INFO - Started process (PID=84) to work on /home/airflow/.local/lib/python3.12/site-packages/airflow/example_dags/example_branch_python_dop_operator_3.py
[2024-10-23T11:15:52.319+0000] {processor.py:914} INFO - Processing file /home/airflow/.local/lib/python3.12/site-packages/airflow/example_dags/example_branch_python_dop_operator_3.py for tasks to queue
[2024-10-23T11:15:52.343+0000] {logging_mixin.py:190} INFO - [2024-10-23T11:15:52.341+0000] {dagbag.py:587} INFO - Filling up the DagBag from /home/airflow/.local/lib/python3.12/site-packages/airflow/example_dags/example_branch_python_dop_operator_3.py
[2024-10-23T11:15:52.514+0000] {processor.py:925} INFO - DAG(s) 'example_branch_dop_operator_v3' retrieved from /home/airflow/.local/lib/python3.12/site-packages/airflow/example_dags/example_branch_python_dop_operator_3.py
[2024-10-23T11:15:52.896+0000] {logging_mixin.py:190} INFO - [2024-10-23T11:15:52.894+0000] {dag.py:3229} INFO - Sync 1 DAGs
[2024-10-23T11:15:53.334+0000] {logging_mixin.py:190} INFO - [2024-10-23T11:15:53.333+0000] {dag.py:4156} INFO - Setting next_dagrun for example_branch_dop_operator_v3 to 2024-10-23 11:14:00+00:00, run_after=2024-10-23 11:15:00+00:00
[2024-10-23T11:15:53.620+0000] {processor.py:208} INFO - Processing /home/airflow/.local/lib/python3.12/site-packages/airflow/example_dags/example_branch_python_dop_operator_3.py took 1.369 seconds
[2024-10-23T11:17:18.332+0000] {processor.py:186} INFO - Started process (PID=158) to work on /home/airflow/.local/lib/python3.12/site-packages/airflow/example_dags/example_branch_python_dop_operator_3.py
[2024-10-23T11:17:18.345+0000] {processor.py:914} INFO - Processing file /home/airflow/.local/lib/python3.12/site-packages/airflow/example_dags/example_branch_python_dop_operator_3.py for tasks to queue
[2024-10-23T11:17:18.368+0000] {logging_mixin.py:190} INFO - [2024-10-23T11:17:18.364+0000] {dagbag.py:587} INFO - Filling up the DagBag from /home/airflow/.local/lib/python3.12/site-packages/airflow/example_dags/example_branch_python_dop_operator_3.py
[2024-10-23T11:17:18.581+0000] {processor.py:925} INFO - DAG(s) 'example_branch_dop_operator_v3' retrieved from /home/airflow/.local/lib/python3.12/site-packages/airflow/example_dags/example_branch_python_dop_operator_3.py
[2024-10-23T11:17:18.683+0000] {logging_mixin.py:190} INFO - [2024-10-23T11:17:18.683+0000] {dag.py:3229} INFO - Sync 1 DAGs
[2024-10-23T11:17:19.237+0000] {logging_mixin.py:190} INFO - [2024-10-23T11:17:19.235+0000] {dag.py:4156} INFO - Setting next_dagrun for example_branch_dop_operator_v3 to 2024-10-23 11:16:00+00:00, run_after=2024-10-23 11:17:00+00:00
[2024-10-23T11:17:19.398+0000] {processor.py:208} INFO - Processing /home/airflow/.local/lib/python3.12/site-packages/airflow/example_dags/example_branch_python_dop_operator_3.py took 1.170 seconds
