[2024-10-23T10:52:05.976+0000] {processor.py:186} INFO - Started process (PID=147) to work on /home/airflow/.local/lib/python3.12/site-packages/airflow/example_dags/example_branch_day_of_week_operator.py
[2024-10-23T10:52:05.985+0000] {processor.py:914} INFO - Processing file /home/airflow/.local/lib/python3.12/site-packages/airflow/example_dags/example_branch_day_of_week_operator.py for tasks to queue
[2024-10-23T10:52:06.010+0000] {logging_mixin.py:190} INFO - [2024-10-23T10:52:06.005+0000] {dagbag.py:587} INFO - Filling up the DagBag from /home/airflow/.local/lib/python3.12/site-packages/airflow/example_dags/example_branch_day_of_week_operator.py
[2024-10-23T10:52:06.203+0000] {processor.py:925} INFO - DAG(s) 'example_weekday_branch_operator' retrieved from /home/airflow/.local/lib/python3.12/site-packages/airflow/example_dags/example_branch_day_of_week_operator.py
[2024-10-23T10:52:06.422+0000] {logging_mixin.py:190} INFO - [2024-10-23T10:52:06.420+0000] {dag.py:3229} INFO - Sync 1 DAGs
[2024-10-23T10:52:06.667+0000] {logging_mixin.py:190} INFO - [2024-10-23T10:52:06.666+0000] {dag.py:4156} INFO - Setting next_dagrun for example_weekday_branch_operator to 2024-10-22 00:00:00+00:00, run_after=2024-10-23 00:00:00+00:00
[2024-10-23T10:52:07.210+0000] {processor.py:208} INFO - Processing /home/airflow/.local/lib/python3.12/site-packages/airflow/example_dags/example_branch_day_of_week_operator.py took 1.276 seconds
[2024-10-23T10:52:56.485+0000] {processor.py:186} INFO - Started process (PID=209) to work on /home/airflow/.local/lib/python3.12/site-packages/airflow/example_dags/example_branch_day_of_week_operator.py
[2024-10-23T10:52:56.536+0000] {processor.py:914} INFO - Processing file /home/airflow/.local/lib/python3.12/site-packages/airflow/example_dags/example_branch_day_of_week_operator.py for tasks to queue
[2024-10-23T10:52:56.550+0000] {logging_mixin.py:190} INFO - [2024-10-23T10:52:56.549+0000] {dagbag.py:587} INFO - Filling up the DagBag from /home/airflow/.local/lib/python3.12/site-packages/airflow/example_dags/example_branch_day_of_week_operator.py
[2024-10-23T10:52:56.744+0000] {processor.py:925} INFO - DAG(s) 'example_weekday_branch_operator' retrieved from /home/airflow/.local/lib/python3.12/site-packages/airflow/example_dags/example_branch_day_of_week_operator.py
[2024-10-23T10:52:57.095+0000] {logging_mixin.py:190} INFO - [2024-10-23T10:52:57.094+0000] {dag.py:3229} INFO - Sync 1 DAGs
[2024-10-23T10:52:57.538+0000] {logging_mixin.py:190} INFO - [2024-10-23T10:52:57.506+0000] {dag.py:4156} INFO - Setting next_dagrun for example_weekday_branch_operator to 2024-10-22 00:00:00+00:00, run_after=2024-10-23 00:00:00+00:00
[2024-10-23T10:52:57.811+0000] {processor.py:208} INFO - Processing /home/airflow/.local/lib/python3.12/site-packages/airflow/example_dags/example_branch_day_of_week_operator.py took 1.447 seconds
[2024-10-23T10:59:26.993+0000] {processor.py:186} INFO - Started process (PID=151) to work on /home/airflow/.local/lib/python3.12/site-packages/airflow/example_dags/example_branch_day_of_week_operator.py
[2024-10-23T10:59:27.006+0000] {processor.py:914} INFO - Processing file /home/airflow/.local/lib/python3.12/site-packages/airflow/example_dags/example_branch_day_of_week_operator.py for tasks to queue
[2024-10-23T10:59:27.049+0000] {logging_mixin.py:190} INFO - [2024-10-23T10:59:27.048+0000] {dagbag.py:587} INFO - Filling up the DagBag from /home/airflow/.local/lib/python3.12/site-packages/airflow/example_dags/example_branch_day_of_week_operator.py
[2024-10-23T10:59:27.187+0000] {processor.py:925} INFO - DAG(s) 'example_weekday_branch_operator' retrieved from /home/airflow/.local/lib/python3.12/site-packages/airflow/example_dags/example_branch_day_of_week_operator.py
[2024-10-23T10:59:27.502+0000] {logging_mixin.py:190} INFO - [2024-10-23T10:59:27.501+0000] {dag.py:3229} INFO - Sync 1 DAGs
[2024-10-23T10:59:27.691+0000] {logging_mixin.py:190} INFO - [2024-10-23T10:59:27.690+0000] {dag.py:4156} INFO - Setting next_dagrun for example_weekday_branch_operator to 2024-10-22 00:00:00+00:00, run_after=2024-10-23 00:00:00+00:00
[2024-10-23T10:59:27.949+0000] {processor.py:208} INFO - Processing /home/airflow/.local/lib/python3.12/site-packages/airflow/example_dags/example_branch_day_of_week_operator.py took 0.996 seconds
[2024-10-23T11:00:08.462+0000] {processor.py:186} INFO - Started process (PID=215) to work on /home/airflow/.local/lib/python3.12/site-packages/airflow/example_dags/example_branch_day_of_week_operator.py
[2024-10-23T11:00:08.474+0000] {processor.py:914} INFO - Processing file /home/airflow/.local/lib/python3.12/site-packages/airflow/example_dags/example_branch_day_of_week_operator.py for tasks to queue
[2024-10-23T11:00:08.498+0000] {logging_mixin.py:190} INFO - [2024-10-23T11:00:08.496+0000] {dagbag.py:587} INFO - Filling up the DagBag from /home/airflow/.local/lib/python3.12/site-packages/airflow/example_dags/example_branch_day_of_week_operator.py
[2024-10-23T11:00:08.617+0000] {processor.py:925} INFO - DAG(s) 'example_weekday_branch_operator' retrieved from /home/airflow/.local/lib/python3.12/site-packages/airflow/example_dags/example_branch_day_of_week_operator.py
[2024-10-23T11:00:08.740+0000] {logging_mixin.py:190} INFO - [2024-10-23T11:00:08.739+0000] {dag.py:3229} INFO - Sync 1 DAGs
[2024-10-23T11:00:09.155+0000] {logging_mixin.py:190} INFO - [2024-10-23T11:00:09.154+0000] {dag.py:4156} INFO - Setting next_dagrun for example_weekday_branch_operator to 2024-10-22 00:00:00+00:00, run_after=2024-10-23 00:00:00+00:00
[2024-10-23T11:00:09.544+0000] {processor.py:208} INFO - Processing /home/airflow/.local/lib/python3.12/site-packages/airflow/example_dags/example_branch_day_of_week_operator.py took 1.135 seconds
[2024-10-23T11:17:01.023+0000] {processor.py:186} INFO - Started process (PID=144) to work on /home/airflow/.local/lib/python3.12/site-packages/airflow/example_dags/example_branch_day_of_week_operator.py
[2024-10-23T11:17:01.035+0000] {processor.py:914} INFO - Processing file /home/airflow/.local/lib/python3.12/site-packages/airflow/example_dags/example_branch_day_of_week_operator.py for tasks to queue
[2024-10-23T11:17:01.054+0000] {logging_mixin.py:190} INFO - [2024-10-23T11:17:01.050+0000] {dagbag.py:587} INFO - Filling up the DagBag from /home/airflow/.local/lib/python3.12/site-packages/airflow/example_dags/example_branch_day_of_week_operator.py
[2024-10-23T11:17:01.244+0000] {processor.py:925} INFO - DAG(s) 'example_weekday_branch_operator' retrieved from /home/airflow/.local/lib/python3.12/site-packages/airflow/example_dags/example_branch_day_of_week_operator.py
[2024-10-23T11:17:01.682+0000] {logging_mixin.py:190} INFO - [2024-10-23T11:17:01.675+0000] {dag.py:3229} INFO - Sync 1 DAGs
[2024-10-23T11:17:02.225+0000] {logging_mixin.py:190} INFO - [2024-10-23T11:17:02.222+0000] {dag.py:4156} INFO - Setting next_dagrun for example_weekday_branch_operator to 2024-10-22 00:00:00+00:00, run_after=2024-10-23 00:00:00+00:00
[2024-10-23T11:17:03.275+0000] {processor.py:208} INFO - Processing /home/airflow/.local/lib/python3.12/site-packages/airflow/example_dags/example_branch_day_of_week_operator.py took 2.357 seconds
