[2024-10-23T10:51:35.611+0000] {processor.py:186} INFO - Started process (PID=115) to work on /home/airflow/.local/lib/python3.12/site-packages/airflow/example_dags/example_dynamic_task_mapping.py
[2024-10-23T10:51:35.626+0000] {processor.py:914} INFO - Processing file /home/airflow/.local/lib/python3.12/site-packages/airflow/example_dags/example_dynamic_task_mapping.py for tasks to queue
[2024-10-23T10:51:35.661+0000] {logging_mixin.py:190} INFO - [2024-10-23T10:51:35.660+0000] {dagbag.py:587} INFO - Filling up the DagBag from /home/airflow/.local/lib/python3.12/site-packages/airflow/example_dags/example_dynamic_task_mapping.py
[2024-10-23T10:51:35.763+0000] {processor.py:925} INFO - DAG(s) 'example_dynamic_task_mapping' retrieved from /home/airflow/.local/lib/python3.12/site-packages/airflow/example_dags/example_dynamic_task_mapping.py
[2024-10-23T10:51:35.998+0000] {logging_mixin.py:190} INFO - [2024-10-23T10:51:35.995+0000] {dag.py:3229} INFO - Sync 1 DAGs
[2024-10-23T10:51:36.239+0000] {logging_mixin.py:190} INFO - [2024-10-23T10:51:36.235+0000] {dag.py:4156} INFO - Setting next_dagrun for example_dynamic_task_mapping to None, run_after=None
[2024-10-23T10:51:36.411+0000] {processor.py:208} INFO - Processing /home/airflow/.local/lib/python3.12/site-packages/airflow/example_dags/example_dynamic_task_mapping.py took 0.867 seconds
[2024-10-23T10:52:34.095+0000] {processor.py:186} INFO - Started process (PID=184) to work on /home/airflow/.local/lib/python3.12/site-packages/airflow/example_dags/example_dynamic_task_mapping.py
[2024-10-23T10:52:34.099+0000] {processor.py:914} INFO - Processing file /home/airflow/.local/lib/python3.12/site-packages/airflow/example_dags/example_dynamic_task_mapping.py for tasks to queue
[2024-10-23T10:52:34.119+0000] {logging_mixin.py:190} INFO - [2024-10-23T10:52:34.118+0000] {dagbag.py:587} INFO - Filling up the DagBag from /home/airflow/.local/lib/python3.12/site-packages/airflow/example_dags/example_dynamic_task_mapping.py
[2024-10-23T10:52:34.220+0000] {processor.py:925} INFO - DAG(s) 'example_dynamic_task_mapping' retrieved from /home/airflow/.local/lib/python3.12/site-packages/airflow/example_dags/example_dynamic_task_mapping.py
[2024-10-23T10:52:34.360+0000] {logging_mixin.py:190} INFO - [2024-10-23T10:52:34.359+0000] {dag.py:3229} INFO - Sync 1 DAGs
[2024-10-23T10:52:34.463+0000] {logging_mixin.py:190} INFO - [2024-10-23T10:52:34.463+0000] {dag.py:4156} INFO - Setting next_dagrun for example_dynamic_task_mapping to None, run_after=None
[2024-10-23T10:52:34.649+0000] {processor.py:208} INFO - Processing /home/airflow/.local/lib/python3.12/site-packages/airflow/example_dags/example_dynamic_task_mapping.py took 0.645 seconds
[2024-10-23T10:59:00.661+0000] {processor.py:186} INFO - Started process (PID=119) to work on /home/airflow/.local/lib/python3.12/site-packages/airflow/example_dags/example_dynamic_task_mapping.py
[2024-10-23T10:59:00.689+0000] {processor.py:914} INFO - Processing file /home/airflow/.local/lib/python3.12/site-packages/airflow/example_dags/example_dynamic_task_mapping.py for tasks to queue
[2024-10-23T10:59:00.737+0000] {logging_mixin.py:190} INFO - [2024-10-23T10:59:00.736+0000] {dagbag.py:587} INFO - Filling up the DagBag from /home/airflow/.local/lib/python3.12/site-packages/airflow/example_dags/example_dynamic_task_mapping.py
[2024-10-23T10:59:00.866+0000] {processor.py:925} INFO - DAG(s) 'example_dynamic_task_mapping' retrieved from /home/airflow/.local/lib/python3.12/site-packages/airflow/example_dags/example_dynamic_task_mapping.py
[2024-10-23T10:59:01.003+0000] {logging_mixin.py:190} INFO - [2024-10-23T10:59:01.002+0000] {dag.py:3229} INFO - Sync 1 DAGs
[2024-10-23T10:59:01.235+0000] {logging_mixin.py:190} INFO - [2024-10-23T10:59:01.222+0000] {dag.py:4156} INFO - Setting next_dagrun for example_dynamic_task_mapping to None, run_after=None
[2024-10-23T10:59:01.491+0000] {processor.py:208} INFO - Processing /home/airflow/.local/lib/python3.12/site-packages/airflow/example_dags/example_dynamic_task_mapping.py took 0.895 seconds
[2024-10-23T10:59:48.973+0000] {processor.py:186} INFO - Started process (PID=182) to work on /home/airflow/.local/lib/python3.12/site-packages/airflow/example_dags/example_dynamic_task_mapping.py
[2024-10-23T10:59:49.004+0000] {processor.py:914} INFO - Processing file /home/airflow/.local/lib/python3.12/site-packages/airflow/example_dags/example_dynamic_task_mapping.py for tasks to queue
[2024-10-23T10:59:49.025+0000] {logging_mixin.py:190} INFO - [2024-10-23T10:59:49.025+0000] {dagbag.py:587} INFO - Filling up the DagBag from /home/airflow/.local/lib/python3.12/site-packages/airflow/example_dags/example_dynamic_task_mapping.py
[2024-10-23T10:59:49.146+0000] {processor.py:925} INFO - DAG(s) 'example_dynamic_task_mapping' retrieved from /home/airflow/.local/lib/python3.12/site-packages/airflow/example_dags/example_dynamic_task_mapping.py
[2024-10-23T10:59:49.394+0000] {logging_mixin.py:190} INFO - [2024-10-23T10:59:49.393+0000] {dag.py:3229} INFO - Sync 1 DAGs
[2024-10-23T10:59:49.585+0000] {logging_mixin.py:190} INFO - [2024-10-23T10:59:49.581+0000] {dag.py:4156} INFO - Setting next_dagrun for example_dynamic_task_mapping to None, run_after=None
[2024-10-23T10:59:49.810+0000] {processor.py:208} INFO - Processing /home/airflow/.local/lib/python3.12/site-packages/airflow/example_dags/example_dynamic_task_mapping.py took 1.102 seconds
[2024-10-23T11:16:12.433+0000] {processor.py:186} INFO - Started process (PID=108) to work on /home/airflow/.local/lib/python3.12/site-packages/airflow/example_dags/example_dynamic_task_mapping.py
[2024-10-23T11:16:12.460+0000] {processor.py:914} INFO - Processing file /home/airflow/.local/lib/python3.12/site-packages/airflow/example_dags/example_dynamic_task_mapping.py for tasks to queue
[2024-10-23T11:16:12.483+0000] {logging_mixin.py:190} INFO - [2024-10-23T11:16:12.482+0000] {dagbag.py:587} INFO - Filling up the DagBag from /home/airflow/.local/lib/python3.12/site-packages/airflow/example_dags/example_dynamic_task_mapping.py
[2024-10-23T11:16:12.574+0000] {processor.py:925} INFO - DAG(s) 'example_dynamic_task_mapping' retrieved from /home/airflow/.local/lib/python3.12/site-packages/airflow/example_dags/example_dynamic_task_mapping.py
[2024-10-23T11:16:12.895+0000] {logging_mixin.py:190} INFO - [2024-10-23T11:16:12.894+0000] {dag.py:3229} INFO - Sync 1 DAGs
[2024-10-23T11:16:13.026+0000] {logging_mixin.py:190} INFO - [2024-10-23T11:16:13.024+0000] {dag.py:4156} INFO - Setting next_dagrun for example_dynamic_task_mapping to None, run_after=None
[2024-10-23T11:16:13.166+0000] {processor.py:208} INFO - Processing /home/airflow/.local/lib/python3.12/site-packages/airflow/example_dags/example_dynamic_task_mapping.py took 0.816 seconds
