[2024-10-23T10:52:02.088+0000] {processor.py:186} INFO - Started process (PID=142) to work on /home/airflow/.local/lib/python3.12/site-packages/airflow/example_dags/example_xcomargs.py
[2024-10-23T10:52:02.101+0000] {processor.py:914} INFO - Processing file /home/airflow/.local/lib/python3.12/site-packages/airflow/example_dags/example_xcomargs.py for tasks to queue
[2024-10-23T10:52:02.130+0000] {logging_mixin.py:190} INFO - [2024-10-23T10:52:02.125+0000] {dagbag.py:587} INFO - Filling up the DagBag from /home/airflow/.local/lib/python3.12/site-packages/airflow/example_dags/example_xcomargs.py
[2024-10-23T10:52:02.195+0000] {processor.py:925} INFO - DAG(s) 'example_xcom_args', 'example_xcom_args_with_operators' retrieved from /home/airflow/.local/lib/python3.12/site-packages/airflow/example_dags/example_xcomargs.py
[2024-10-23T10:52:02.425+0000] {logging_mixin.py:190} INFO - [2024-10-23T10:52:02.422+0000] {dag.py:3229} INFO - Sync 2 DAGs
[2024-10-23T10:52:02.665+0000] {logging_mixin.py:190} INFO - [2024-10-23T10:52:02.665+0000] {dag.py:4156} INFO - Setting next_dagrun for example_xcom_args to None, run_after=None
[2024-10-23T10:52:02.729+0000] {logging_mixin.py:190} INFO - [2024-10-23T10:52:02.728+0000] {dag.py:4156} INFO - Setting next_dagrun for example_xcom_args_with_operators to None, run_after=None
[2024-10-23T10:52:03.025+0000] {processor.py:208} INFO - Processing /home/airflow/.local/lib/python3.12/site-packages/airflow/example_dags/example_xcomargs.py took 0.986 seconds
[2024-10-23T10:52:53.810+0000] {processor.py:186} INFO - Started process (PID=205) to work on /home/airflow/.local/lib/python3.12/site-packages/airflow/example_dags/example_xcomargs.py
[2024-10-23T10:52:53.824+0000] {processor.py:914} INFO - Processing file /home/airflow/.local/lib/python3.12/site-packages/airflow/example_dags/example_xcomargs.py for tasks to queue
[2024-10-23T10:52:53.841+0000] {logging_mixin.py:190} INFO - [2024-10-23T10:52:53.840+0000] {dagbag.py:587} INFO - Filling up the DagBag from /home/airflow/.local/lib/python3.12/site-packages/airflow/example_dags/example_xcomargs.py
[2024-10-23T10:52:53.916+0000] {processor.py:925} INFO - DAG(s) 'example_xcom_args', 'example_xcom_args_with_operators' retrieved from /home/airflow/.local/lib/python3.12/site-packages/airflow/example_dags/example_xcomargs.py
[2024-10-23T10:52:54.164+0000] {logging_mixin.py:190} INFO - [2024-10-23T10:52:54.163+0000] {dag.py:3229} INFO - Sync 2 DAGs
[2024-10-23T10:52:54.239+0000] {logging_mixin.py:190} INFO - [2024-10-23T10:52:54.236+0000] {dag.py:4156} INFO - Setting next_dagrun for example_xcom_args to None, run_after=None
[2024-10-23T10:52:54.277+0000] {logging_mixin.py:190} INFO - [2024-10-23T10:52:54.276+0000] {dag.py:4156} INFO - Setting next_dagrun for example_xcom_args_with_operators to None, run_after=None
[2024-10-23T10:52:54.355+0000] {processor.py:208} INFO - Processing /home/airflow/.local/lib/python3.12/site-packages/airflow/example_dags/example_xcomargs.py took 0.618 seconds
[2024-10-23T10:59:23.499+0000] {processor.py:186} INFO - Started process (PID=146) to work on /home/airflow/.local/lib/python3.12/site-packages/airflow/example_dags/example_xcomargs.py
[2024-10-23T10:59:23.533+0000] {processor.py:914} INFO - Processing file /home/airflow/.local/lib/python3.12/site-packages/airflow/example_dags/example_xcomargs.py for tasks to queue
[2024-10-23T10:59:23.572+0000] {logging_mixin.py:190} INFO - [2024-10-23T10:59:23.569+0000] {dagbag.py:587} INFO - Filling up the DagBag from /home/airflow/.local/lib/python3.12/site-packages/airflow/example_dags/example_xcomargs.py
[2024-10-23T10:59:23.662+0000] {processor.py:925} INFO - DAG(s) 'example_xcom_args_with_operators', 'example_xcom_args' retrieved from /home/airflow/.local/lib/python3.12/site-packages/airflow/example_dags/example_xcomargs.py
[2024-10-23T10:59:23.872+0000] {logging_mixin.py:190} INFO - [2024-10-23T10:59:23.871+0000] {dag.py:3229} INFO - Sync 2 DAGs
[2024-10-23T10:59:24.010+0000] {logging_mixin.py:190} INFO - [2024-10-23T10:59:24.009+0000] {dag.py:4156} INFO - Setting next_dagrun for example_xcom_args to None, run_after=None
[2024-10-23T10:59:24.037+0000] {logging_mixin.py:190} INFO - [2024-10-23T10:59:24.036+0000] {dag.py:4156} INFO - Setting next_dagrun for example_xcom_args_with_operators to None, run_after=None
[2024-10-23T10:59:24.175+0000] {processor.py:208} INFO - Processing /home/airflow/.local/lib/python3.12/site-packages/airflow/example_dags/example_xcomargs.py took 0.732 seconds
[2024-10-23T11:00:06.300+0000] {processor.py:186} INFO - Started process (PID=210) to work on /home/airflow/.local/lib/python3.12/site-packages/airflow/example_dags/example_xcomargs.py
[2024-10-23T11:00:06.321+0000] {processor.py:914} INFO - Processing file /home/airflow/.local/lib/python3.12/site-packages/airflow/example_dags/example_xcomargs.py for tasks to queue
[2024-10-23T11:00:06.359+0000] {logging_mixin.py:190} INFO - [2024-10-23T11:00:06.358+0000] {dagbag.py:587} INFO - Filling up the DagBag from /home/airflow/.local/lib/python3.12/site-packages/airflow/example_dags/example_xcomargs.py
[2024-10-23T11:00:06.475+0000] {processor.py:925} INFO - DAG(s) 'example_xcom_args', 'example_xcom_args_with_operators' retrieved from /home/airflow/.local/lib/python3.12/site-packages/airflow/example_dags/example_xcomargs.py
[2024-10-23T11:00:06.623+0000] {logging_mixin.py:190} INFO - [2024-10-23T11:00:06.623+0000] {dag.py:3229} INFO - Sync 2 DAGs
[2024-10-23T11:00:06.784+0000] {logging_mixin.py:190} INFO - [2024-10-23T11:00:06.784+0000] {dag.py:4156} INFO - Setting next_dagrun for example_xcom_args to None, run_after=None
[2024-10-23T11:00:06.803+0000] {logging_mixin.py:190} INFO - [2024-10-23T11:00:06.802+0000] {dag.py:4156} INFO - Setting next_dagrun for example_xcom_args_with_operators to None, run_after=None
[2024-10-23T11:00:06.966+0000] {processor.py:208} INFO - Processing /home/airflow/.local/lib/python3.12/site-packages/airflow/example_dags/example_xcomargs.py took 0.734 seconds
[2024-10-23T11:16:55.905+0000] {processor.py:186} INFO - Started process (PID=134) to work on /home/airflow/.local/lib/python3.12/site-packages/airflow/example_dags/example_xcomargs.py
[2024-10-23T11:16:55.933+0000] {processor.py:914} INFO - Processing file /home/airflow/.local/lib/python3.12/site-packages/airflow/example_dags/example_xcomargs.py for tasks to queue
[2024-10-23T11:16:55.970+0000] {logging_mixin.py:190} INFO - [2024-10-23T11:16:55.969+0000] {dagbag.py:587} INFO - Filling up the DagBag from /home/airflow/.local/lib/python3.12/site-packages/airflow/example_dags/example_xcomargs.py
[2024-10-23T11:16:56.231+0000] {processor.py:925} INFO - DAG(s) 'example_xcom_args', 'example_xcom_args_with_operators' retrieved from /home/airflow/.local/lib/python3.12/site-packages/airflow/example_dags/example_xcomargs.py
[2024-10-23T11:16:56.567+0000] {logging_mixin.py:190} INFO - [2024-10-23T11:16:56.566+0000] {dag.py:3229} INFO - Sync 2 DAGs
[2024-10-23T11:16:56.741+0000] {logging_mixin.py:190} INFO - [2024-10-23T11:16:56.741+0000] {dag.py:4156} INFO - Setting next_dagrun for example_xcom_args to None, run_after=None
[2024-10-23T11:16:56.793+0000] {logging_mixin.py:190} INFO - [2024-10-23T11:16:56.793+0000] {dag.py:4156} INFO - Setting next_dagrun for example_xcom_args_with_operators to None, run_after=None
[2024-10-23T11:16:57.010+0000] {processor.py:208} INFO - Processing /home/airflow/.local/lib/python3.12/site-packages/airflow/example_dags/example_xcomargs.py took 1.204 seconds
