[2024-10-23T10:51:42.413+0000] {processor.py:186} INFO - Started process (PID=122) to work on /home/airflow/.local/lib/python3.12/site-packages/airflow/example_dags/example_dataset_alias.py
[2024-10-23T10:51:42.420+0000] {processor.py:914} INFO - Processing file /home/airflow/.local/lib/python3.12/site-packages/airflow/example_dags/example_dataset_alias.py for tasks to queue
[2024-10-23T10:51:42.536+0000] {logging_mixin.py:190} INFO - [2024-10-23T10:51:42.487+0000] {dagbag.py:587} INFO - Filling up the DagBag from /home/airflow/.local/lib/python3.12/site-packages/airflow/example_dags/example_dataset_alias.py
[2024-10-23T10:51:45.522+0000] {processor.py:925} INFO - DAG(s) 'dataset_alias_example_alias_producer', 'dataset_s3_bucket_consumer', 'dataset_s3_bucket_producer', 'dataset_alias_example_alias_consumer' retrieved from /home/airflow/.local/lib/python3.12/site-packages/airflow/example_dags/example_dataset_alias.py
[2024-10-23T10:51:45.919+0000] {logging_mixin.py:190} INFO - [2024-10-23T10:51:45.918+0000] {dag.py:3229} INFO - Sync 4 DAGs
[2024-10-23T10:51:46.216+0000] {logging_mixin.py:190} INFO - [2024-10-23T10:51:46.215+0000] {dag.py:4156} INFO - Setting next_dagrun for dataset_alias_example_alias_consumer to None, run_after=None
[2024-10-23T10:51:46.234+0000] {logging_mixin.py:190} INFO - [2024-10-23T10:51:46.234+0000] {dag.py:4156} INFO - Setting next_dagrun for dataset_alias_example_alias_producer to None, run_after=None
[2024-10-23T10:51:46.287+0000] {logging_mixin.py:190} INFO - [2024-10-23T10:51:46.286+0000] {dag.py:4156} INFO - Setting next_dagrun for dataset_s3_bucket_consumer to None, run_after=None
[2024-10-23T10:51:46.323+0000] {logging_mixin.py:190} INFO - [2024-10-23T10:51:46.323+0000] {dag.py:4156} INFO - Setting next_dagrun for dataset_s3_bucket_producer to None, run_after=None
[2024-10-23T10:51:46.568+0000] {processor.py:208} INFO - Processing /home/airflow/.local/lib/python3.12/site-packages/airflow/example_dags/example_dataset_alias.py took 4.235 seconds
[2024-10-23T10:52:39.888+0000] {processor.py:186} INFO - Started process (PID=192) to work on /home/airflow/.local/lib/python3.12/site-packages/airflow/example_dags/example_dataset_alias.py
[2024-10-23T10:52:39.905+0000] {processor.py:914} INFO - Processing file /home/airflow/.local/lib/python3.12/site-packages/airflow/example_dags/example_dataset_alias.py for tasks to queue
[2024-10-23T10:52:39.921+0000] {logging_mixin.py:190} INFO - [2024-10-23T10:52:39.920+0000] {dagbag.py:587} INFO - Filling up the DagBag from /home/airflow/.local/lib/python3.12/site-packages/airflow/example_dags/example_dataset_alias.py
[2024-10-23T10:52:41.672+0000] {processor.py:925} INFO - DAG(s) 'dataset_s3_bucket_producer', 'dataset_s3_bucket_consumer', 'dataset_alias_example_alias_consumer', 'dataset_alias_example_alias_producer' retrieved from /home/airflow/.local/lib/python3.12/site-packages/airflow/example_dags/example_dataset_alias.py
[2024-10-23T10:52:41.832+0000] {logging_mixin.py:190} INFO - [2024-10-23T10:52:41.832+0000] {dag.py:3229} INFO - Sync 4 DAGs
[2024-10-23T10:52:42.141+0000] {logging_mixin.py:190} INFO - [2024-10-23T10:52:42.141+0000] {dag.py:4156} INFO - Setting next_dagrun for dataset_alias_example_alias_consumer to None, run_after=None
[2024-10-23T10:52:42.567+0000] {logging_mixin.py:190} INFO - [2024-10-23T10:52:42.567+0000] {dag.py:4156} INFO - Setting next_dagrun for dataset_alias_example_alias_producer to None, run_after=None
[2024-10-23T10:52:42.579+0000] {logging_mixin.py:190} INFO - [2024-10-23T10:52:42.579+0000] {dag.py:4156} INFO - Setting next_dagrun for dataset_s3_bucket_consumer to None, run_after=None
[2024-10-23T10:52:42.620+0000] {logging_mixin.py:190} INFO - [2024-10-23T10:52:42.620+0000] {dag.py:4156} INFO - Setting next_dagrun for dataset_s3_bucket_producer to None, run_after=None
[2024-10-23T10:52:43.418+0000] {processor.py:208} INFO - Processing /home/airflow/.local/lib/python3.12/site-packages/airflow/example_dags/example_dataset_alias.py took 3.643 seconds
[2024-10-23T10:59:07.720+0000] {processor.py:186} INFO - Started process (PID=126) to work on /home/airflow/.local/lib/python3.12/site-packages/airflow/example_dags/example_dataset_alias.py
[2024-10-23T10:59:07.740+0000] {processor.py:914} INFO - Processing file /home/airflow/.local/lib/python3.12/site-packages/airflow/example_dags/example_dataset_alias.py for tasks to queue
[2024-10-23T10:59:07.803+0000] {logging_mixin.py:190} INFO - [2024-10-23T10:59:07.782+0000] {dagbag.py:587} INFO - Filling up the DagBag from /home/airflow/.local/lib/python3.12/site-packages/airflow/example_dags/example_dataset_alias.py
[2024-10-23T10:59:10.021+0000] {processor.py:925} INFO - DAG(s) 'dataset_s3_bucket_consumer', 'dataset_s3_bucket_producer', 'dataset_alias_example_alias_consumer', 'dataset_alias_example_alias_producer' retrieved from /home/airflow/.local/lib/python3.12/site-packages/airflow/example_dags/example_dataset_alias.py
[2024-10-23T10:59:10.149+0000] {logging_mixin.py:190} INFO - [2024-10-23T10:59:10.149+0000] {dag.py:3229} INFO - Sync 4 DAGs
[2024-10-23T10:59:10.292+0000] {logging_mixin.py:190} INFO - [2024-10-23T10:59:10.292+0000] {dag.py:4156} INFO - Setting next_dagrun for dataset_alias_example_alias_consumer to None, run_after=None
[2024-10-23T10:59:10.319+0000] {logging_mixin.py:190} INFO - [2024-10-23T10:59:10.319+0000] {dag.py:4156} INFO - Setting next_dagrun for dataset_alias_example_alias_producer to None, run_after=None
[2024-10-23T10:59:10.327+0000] {logging_mixin.py:190} INFO - [2024-10-23T10:59:10.326+0000] {dag.py:4156} INFO - Setting next_dagrun for dataset_s3_bucket_consumer to None, run_after=None
[2024-10-23T10:59:10.345+0000] {logging_mixin.py:190} INFO - [2024-10-23T10:59:10.344+0000] {dag.py:4156} INFO - Setting next_dagrun for dataset_s3_bucket_producer to None, run_after=None
[2024-10-23T10:59:10.552+0000] {processor.py:208} INFO - Processing /home/airflow/.local/lib/python3.12/site-packages/airflow/example_dags/example_dataset_alias.py took 2.958 seconds
[2024-10-23T10:59:52.433+0000] {processor.py:186} INFO - Started process (PID=196) to work on /home/airflow/.local/lib/python3.12/site-packages/airflow/example_dags/example_dataset_alias.py
[2024-10-23T10:59:52.451+0000] {processor.py:914} INFO - Processing file /home/airflow/.local/lib/python3.12/site-packages/airflow/example_dags/example_dataset_alias.py for tasks to queue
[2024-10-23T10:59:52.482+0000] {logging_mixin.py:190} INFO - [2024-10-23T10:59:52.478+0000] {dagbag.py:587} INFO - Filling up the DagBag from /home/airflow/.local/lib/python3.12/site-packages/airflow/example_dags/example_dataset_alias.py
[2024-10-23T10:59:53.719+0000] {processor.py:925} INFO - DAG(s) 'dataset_alias_example_alias_producer', 'dataset_s3_bucket_producer', 'dataset_alias_example_alias_consumer', 'dataset_s3_bucket_consumer' retrieved from /home/airflow/.local/lib/python3.12/site-packages/airflow/example_dags/example_dataset_alias.py
[2024-10-23T10:59:54.126+0000] {logging_mixin.py:190} INFO - [2024-10-23T10:59:54.126+0000] {dag.py:3229} INFO - Sync 4 DAGs
[2024-10-23T10:59:54.378+0000] {logging_mixin.py:190} INFO - [2024-10-23T10:59:54.377+0000] {dag.py:4156} INFO - Setting next_dagrun for dataset_alias_example_alias_consumer to None, run_after=None
[2024-10-23T10:59:54.395+0000] {logging_mixin.py:190} INFO - [2024-10-23T10:59:54.393+0000] {dag.py:4156} INFO - Setting next_dagrun for dataset_alias_example_alias_producer to None, run_after=None
[2024-10-23T10:59:54.418+0000] {logging_mixin.py:190} INFO - [2024-10-23T10:59:54.417+0000] {dag.py:4156} INFO - Setting next_dagrun for dataset_s3_bucket_consumer to None, run_after=None
[2024-10-23T10:59:54.444+0000] {logging_mixin.py:190} INFO - [2024-10-23T10:59:54.443+0000] {dag.py:4156} INFO - Setting next_dagrun for dataset_s3_bucket_producer to None, run_after=None
[2024-10-23T10:59:54.643+0000] {processor.py:208} INFO - Processing /home/airflow/.local/lib/python3.12/site-packages/airflow/example_dags/example_dataset_alias.py took 2.244 seconds
[2024-10-23T11:16:24.301+0000] {processor.py:186} INFO - Started process (PID=115) to work on /home/airflow/.local/lib/python3.12/site-packages/airflow/example_dags/example_dataset_alias.py
[2024-10-23T11:16:24.407+0000] {processor.py:914} INFO - Processing file /home/airflow/.local/lib/python3.12/site-packages/airflow/example_dags/example_dataset_alias.py for tasks to queue
[2024-10-23T11:16:24.473+0000] {logging_mixin.py:190} INFO - [2024-10-23T11:16:24.472+0000] {dagbag.py:587} INFO - Filling up the DagBag from /home/airflow/.local/lib/python3.12/site-packages/airflow/example_dags/example_dataset_alias.py
[2024-10-23T11:16:33.775+0000] {processor.py:925} INFO - DAG(s) 'dataset_s3_bucket_consumer', 'dataset_alias_example_alias_producer', 'dataset_s3_bucket_producer', 'dataset_alias_example_alias_consumer' retrieved from /home/airflow/.local/lib/python3.12/site-packages/airflow/example_dags/example_dataset_alias.py
[2024-10-23T11:16:34.211+0000] {logging_mixin.py:190} INFO - [2024-10-23T11:16:34.210+0000] {dag.py:3229} INFO - Sync 4 DAGs
[2024-10-23T11:16:34.998+0000] {logging_mixin.py:190} INFO - [2024-10-23T11:16:34.970+0000] {dag.py:4156} INFO - Setting next_dagrun for dataset_alias_example_alias_consumer to None, run_after=None
[2024-10-23T11:16:35.066+0000] {logging_mixin.py:190} INFO - [2024-10-23T11:16:35.065+0000] {dag.py:4156} INFO - Setting next_dagrun for dataset_alias_example_alias_producer to None, run_after=None
[2024-10-23T11:16:35.138+0000] {logging_mixin.py:190} INFO - [2024-10-23T11:16:35.137+0000] {dag.py:4156} INFO - Setting next_dagrun for dataset_s3_bucket_consumer to None, run_after=None
[2024-10-23T11:16:35.156+0000] {logging_mixin.py:190} INFO - [2024-10-23T11:16:35.156+0000] {dag.py:4156} INFO - Setting next_dagrun for dataset_s3_bucket_producer to None, run_after=None
[2024-10-23T11:16:35.521+0000] {processor.py:208} INFO - Processing /home/airflow/.local/lib/python3.12/site-packages/airflow/example_dags/example_dataset_alias.py took 11.346 seconds
