[2024-10-23T10:51:30.500+0000] {processor.py:186} INFO - Started process (PID=111) to work on /home/airflow/.local/lib/python3.12/site-packages/airflow/example_dags/example_complex.py
[2024-10-23T10:51:30.538+0000] {processor.py:914} INFO - Processing file /home/airflow/.local/lib/python3.12/site-packages/airflow/example_dags/example_complex.py for tasks to queue
[2024-10-23T10:51:30.596+0000] {logging_mixin.py:190} INFO - [2024-10-23T10:51:30.595+0000] {dagbag.py:587} INFO - Filling up the DagBag from /home/airflow/.local/lib/python3.12/site-packages/airflow/example_dags/example_complex.py
[2024-10-23T10:51:30.975+0000] {processor.py:925} INFO - DAG(s) 'example_complex' retrieved from /home/airflow/.local/lib/python3.12/site-packages/airflow/example_dags/example_complex.py
[2024-10-23T10:51:31.620+0000] {logging_mixin.py:190} INFO - [2024-10-23T10:51:31.620+0000] {dag.py:3229} INFO - Sync 1 DAGs
[2024-10-23T10:51:32.000+0000] {logging_mixin.py:190} INFO - [2024-10-23T10:51:31.984+0000] {dag.py:4156} INFO - Setting next_dagrun for example_complex to None, run_after=None
[2024-10-23T10:51:32.359+0000] {processor.py:208} INFO - Processing /home/airflow/.local/lib/python3.12/site-packages/airflow/example_dags/example_complex.py took 2.098 seconds
[2024-10-23T10:52:31.586+0000] {processor.py:186} INFO - Started process (PID=180) to work on /home/airflow/.local/lib/python3.12/site-packages/airflow/example_dags/example_complex.py
[2024-10-23T10:52:31.603+0000] {processor.py:914} INFO - Processing file /home/airflow/.local/lib/python3.12/site-packages/airflow/example_dags/example_complex.py for tasks to queue
[2024-10-23T10:52:31.619+0000] {logging_mixin.py:190} INFO - [2024-10-23T10:52:31.617+0000] {dagbag.py:587} INFO - Filling up the DagBag from /home/airflow/.local/lib/python3.12/site-packages/airflow/example_dags/example_complex.py
[2024-10-23T10:52:31.840+0000] {processor.py:925} INFO - DAG(s) 'example_complex' retrieved from /home/airflow/.local/lib/python3.12/site-packages/airflow/example_dags/example_complex.py
[2024-10-23T10:52:32.309+0000] {logging_mixin.py:190} INFO - [2024-10-23T10:52:32.304+0000] {dag.py:3229} INFO - Sync 1 DAGs
[2024-10-23T10:52:32.463+0000] {logging_mixin.py:190} INFO - [2024-10-23T10:52:32.462+0000] {dag.py:4156} INFO - Setting next_dagrun for example_complex to None, run_after=None
[2024-10-23T10:52:32.767+0000] {processor.py:208} INFO - Processing /home/airflow/.local/lib/python3.12/site-packages/airflow/example_dags/example_complex.py took 1.226 seconds
[2024-10-23T10:58:57.561+0000] {processor.py:186} INFO - Started process (PID=115) to work on /home/airflow/.local/lib/python3.12/site-packages/airflow/example_dags/example_complex.py
[2024-10-23T10:58:57.565+0000] {processor.py:914} INFO - Processing file /home/airflow/.local/lib/python3.12/site-packages/airflow/example_dags/example_complex.py for tasks to queue
[2024-10-23T10:58:57.574+0000] {logging_mixin.py:190} INFO - [2024-10-23T10:58:57.574+0000] {dagbag.py:587} INFO - Filling up the DagBag from /home/airflow/.local/lib/python3.12/site-packages/airflow/example_dags/example_complex.py
[2024-10-23T10:58:57.628+0000] {processor.py:925} INFO - DAG(s) 'example_complex' retrieved from /home/airflow/.local/lib/python3.12/site-packages/airflow/example_dags/example_complex.py
[2024-10-23T10:58:57.871+0000] {logging_mixin.py:190} INFO - [2024-10-23T10:58:57.870+0000] {dag.py:3229} INFO - Sync 1 DAGs
[2024-10-23T10:58:57.930+0000] {logging_mixin.py:190} INFO - [2024-10-23T10:58:57.930+0000] {dag.py:4156} INFO - Setting next_dagrun for example_complex to None, run_after=None
[2024-10-23T10:58:58.156+0000] {processor.py:208} INFO - Processing /home/airflow/.local/lib/python3.12/site-packages/airflow/example_dags/example_complex.py took 0.653 seconds
[2024-10-23T10:59:45.875+0000] {processor.py:186} INFO - Started process (PID=178) to work on /home/airflow/.local/lib/python3.12/site-packages/airflow/example_dags/example_complex.py
[2024-10-23T10:59:45.882+0000] {processor.py:914} INFO - Processing file /home/airflow/.local/lib/python3.12/site-packages/airflow/example_dags/example_complex.py for tasks to queue
[2024-10-23T10:59:45.895+0000] {logging_mixin.py:190} INFO - [2024-10-23T10:59:45.895+0000] {dagbag.py:587} INFO - Filling up the DagBag from /home/airflow/.local/lib/python3.12/site-packages/airflow/example_dags/example_complex.py
[2024-10-23T10:59:45.997+0000] {processor.py:925} INFO - DAG(s) 'example_complex' retrieved from /home/airflow/.local/lib/python3.12/site-packages/airflow/example_dags/example_complex.py
[2024-10-23T10:59:46.313+0000] {logging_mixin.py:190} INFO - [2024-10-23T10:59:46.312+0000] {dag.py:3229} INFO - Sync 1 DAGs
[2024-10-23T10:59:46.450+0000] {logging_mixin.py:190} INFO - [2024-10-23T10:59:46.449+0000] {dag.py:4156} INFO - Setting next_dagrun for example_complex to None, run_after=None
[2024-10-23T10:59:46.661+0000] {processor.py:208} INFO - Processing /home/airflow/.local/lib/python3.12/site-packages/airflow/example_dags/example_complex.py took 0.811 seconds
[2024-10-23T11:16:08.835+0000] {processor.py:186} INFO - Started process (PID=104) to work on /home/airflow/.local/lib/python3.12/site-packages/airflow/example_dags/example_complex.py
[2024-10-23T11:16:08.879+0000] {processor.py:914} INFO - Processing file /home/airflow/.local/lib/python3.12/site-packages/airflow/example_dags/example_complex.py for tasks to queue
[2024-10-23T11:16:08.895+0000] {logging_mixin.py:190} INFO - [2024-10-23T11:16:08.894+0000] {dagbag.py:587} INFO - Filling up the DagBag from /home/airflow/.local/lib/python3.12/site-packages/airflow/example_dags/example_complex.py
[2024-10-23T11:16:09.151+0000] {processor.py:925} INFO - DAG(s) 'example_complex' retrieved from /home/airflow/.local/lib/python3.12/site-packages/airflow/example_dags/example_complex.py
[2024-10-23T11:16:09.882+0000] {logging_mixin.py:190} INFO - [2024-10-23T11:16:09.881+0000] {dag.py:3229} INFO - Sync 1 DAGs
[2024-10-23T11:16:10.017+0000] {logging_mixin.py:190} INFO - [2024-10-23T11:16:10.016+0000] {dag.py:4156} INFO - Setting next_dagrun for example_complex to None, run_after=None
[2024-10-23T11:16:10.424+0000] {processor.py:208} INFO - Processing /home/airflow/.local/lib/python3.12/site-packages/airflow/example_dags/example_complex.py took 1.642 seconds
