[2024-10-23T10:51:38.474+0000] {processor.py:186} INFO - Started process (PID=119) to work on /home/airflow/.local/lib/python3.12/site-packages/airflow/example_dags/example_skip_dag.py
[2024-10-23T10:51:38.498+0000] {processor.py:914} INFO - Processing file /home/airflow/.local/lib/python3.12/site-packages/airflow/example_dags/example_skip_dag.py for tasks to queue
[2024-10-23T10:51:38.520+0000] {logging_mixin.py:190} INFO - [2024-10-23T10:51:38.519+0000] {dagbag.py:587} INFO - Filling up the DagBag from /home/airflow/.local/lib/python3.12/site-packages/airflow/example_dags/example_skip_dag.py
[2024-10-23T10:51:38.687+0000] {processor.py:925} INFO - DAG(s) 'example_skip_dag' retrieved from /home/airflow/.local/lib/python3.12/site-packages/airflow/example_dags/example_skip_dag.py
[2024-10-23T10:51:39.147+0000] {logging_mixin.py:190} INFO - [2024-10-23T10:51:39.147+0000] {dag.py:3229} INFO - Sync 1 DAGs
[2024-10-23T10:51:39.632+0000] {logging_mixin.py:190} INFO - [2024-10-23T10:51:39.632+0000] {dag.py:4156} INFO - Setting next_dagrun for example_skip_dag to 2024-10-22 00:00:00+00:00, run_after=2024-10-23 00:00:00+00:00
[2024-10-23T10:51:39.969+0000] {processor.py:208} INFO - Processing /home/airflow/.local/lib/python3.12/site-packages/airflow/example_dags/example_skip_dag.py took 1.565 seconds
[2024-10-23T10:52:36.175+0000] {processor.py:186} INFO - Started process (PID=188) to work on /home/airflow/.local/lib/python3.12/site-packages/airflow/example_dags/example_skip_dag.py
[2024-10-23T10:52:36.262+0000] {processor.py:914} INFO - Processing file /home/airflow/.local/lib/python3.12/site-packages/airflow/example_dags/example_skip_dag.py for tasks to queue
[2024-10-23T10:52:36.345+0000] {logging_mixin.py:190} INFO - [2024-10-23T10:52:36.330+0000] {dagbag.py:587} INFO - Filling up the DagBag from /home/airflow/.local/lib/python3.12/site-packages/airflow/example_dags/example_skip_dag.py
[2024-10-23T10:52:36.466+0000] {processor.py:925} INFO - DAG(s) 'example_skip_dag' retrieved from /home/airflow/.local/lib/python3.12/site-packages/airflow/example_dags/example_skip_dag.py
[2024-10-23T10:52:36.703+0000] {logging_mixin.py:190} INFO - [2024-10-23T10:52:36.702+0000] {dag.py:3229} INFO - Sync 1 DAGs
[2024-10-23T10:52:37.094+0000] {logging_mixin.py:190} INFO - [2024-10-23T10:52:37.093+0000] {dag.py:4156} INFO - Setting next_dagrun for example_skip_dag to 2024-10-22 00:00:00+00:00, run_after=2024-10-23 00:00:00+00:00
[2024-10-23T10:52:37.483+0000] {processor.py:208} INFO - Processing /home/airflow/.local/lib/python3.12/site-packages/airflow/example_dags/example_skip_dag.py took 1.353 seconds
[2024-10-23T10:59:04.139+0000] {processor.py:186} INFO - Started process (PID=123) to work on /home/airflow/.local/lib/python3.12/site-packages/airflow/example_dags/example_skip_dag.py
[2024-10-23T10:59:04.155+0000] {processor.py:914} INFO - Processing file /home/airflow/.local/lib/python3.12/site-packages/airflow/example_dags/example_skip_dag.py for tasks to queue
[2024-10-23T10:59:04.187+0000] {logging_mixin.py:190} INFO - [2024-10-23T10:59:04.173+0000] {dagbag.py:587} INFO - Filling up the DagBag from /home/airflow/.local/lib/python3.12/site-packages/airflow/example_dags/example_skip_dag.py
[2024-10-23T10:59:04.344+0000] {processor.py:925} INFO - DAG(s) 'example_skip_dag' retrieved from /home/airflow/.local/lib/python3.12/site-packages/airflow/example_dags/example_skip_dag.py
[2024-10-23T10:59:04.717+0000] {logging_mixin.py:190} INFO - [2024-10-23T10:59:04.717+0000] {dag.py:3229} INFO - Sync 1 DAGs
[2024-10-23T10:59:05.028+0000] {logging_mixin.py:190} INFO - [2024-10-23T10:59:05.027+0000] {dag.py:4156} INFO - Setting next_dagrun for example_skip_dag to 2024-10-22 00:00:00+00:00, run_after=2024-10-23 00:00:00+00:00
[2024-10-23T10:59:05.372+0000] {processor.py:208} INFO - Processing /home/airflow/.local/lib/python3.12/site-packages/airflow/example_dags/example_skip_dag.py took 1.287 seconds
[2024-10-23T10:59:51.105+0000] {processor.py:186} INFO - Started process (PID=193) to work on /home/airflow/.local/lib/python3.12/site-packages/airflow/example_dags/example_skip_dag.py
[2024-10-23T10:59:51.123+0000] {processor.py:914} INFO - Processing file /home/airflow/.local/lib/python3.12/site-packages/airflow/example_dags/example_skip_dag.py for tasks to queue
[2024-10-23T10:59:51.137+0000] {logging_mixin.py:190} INFO - [2024-10-23T10:59:51.136+0000] {dagbag.py:587} INFO - Filling up the DagBag from /home/airflow/.local/lib/python3.12/site-packages/airflow/example_dags/example_skip_dag.py
[2024-10-23T10:59:51.219+0000] {processor.py:925} INFO - DAG(s) 'example_skip_dag' retrieved from /home/airflow/.local/lib/python3.12/site-packages/airflow/example_dags/example_skip_dag.py
[2024-10-23T10:59:51.448+0000] {logging_mixin.py:190} INFO - [2024-10-23T10:59:51.447+0000] {dag.py:3229} INFO - Sync 1 DAGs
[2024-10-23T10:59:51.632+0000] {logging_mixin.py:190} INFO - [2024-10-23T10:59:51.632+0000] {dag.py:4156} INFO - Setting next_dagrun for example_skip_dag to 2024-10-22 00:00:00+00:00, run_after=2024-10-23 00:00:00+00:00
[2024-10-23T10:59:51.744+0000] {processor.py:208} INFO - Processing /home/airflow/.local/lib/python3.12/site-packages/airflow/example_dags/example_skip_dag.py took 0.742 seconds
[2024-10-23T11:16:17.388+0000] {processor.py:186} INFO - Started process (PID=112) to work on /home/airflow/.local/lib/python3.12/site-packages/airflow/example_dags/example_skip_dag.py
[2024-10-23T11:16:17.428+0000] {processor.py:914} INFO - Processing file /home/airflow/.local/lib/python3.12/site-packages/airflow/example_dags/example_skip_dag.py for tasks to queue
[2024-10-23T11:16:17.478+0000] {logging_mixin.py:190} INFO - [2024-10-23T11:16:17.477+0000] {dagbag.py:587} INFO - Filling up the DagBag from /home/airflow/.local/lib/python3.12/site-packages/airflow/example_dags/example_skip_dag.py
[2024-10-23T11:16:17.639+0000] {processor.py:925} INFO - DAG(s) 'example_skip_dag' retrieved from /home/airflow/.local/lib/python3.12/site-packages/airflow/example_dags/example_skip_dag.py
[2024-10-23T11:16:18.591+0000] {logging_mixin.py:190} INFO - [2024-10-23T11:16:18.591+0000] {dag.py:3229} INFO - Sync 1 DAGs
[2024-10-23T11:16:19.841+0000] {logging_mixin.py:190} INFO - [2024-10-23T11:16:19.840+0000] {dag.py:4156} INFO - Setting next_dagrun for example_skip_dag to 2024-10-22 00:00:00+00:00, run_after=2024-10-23 00:00:00+00:00
[2024-10-23T11:16:20.525+0000] {processor.py:208} INFO - Processing /home/airflow/.local/lib/python3.12/site-packages/airflow/example_dags/example_skip_dag.py took 3.174 seconds
