[2024-10-23T10:51:54.683+0000] {processor.py:186} INFO - Started process (PID=131) to work on /home/airflow/.local/lib/python3.12/site-packages/airflow/example_dags/example_python_decorator.py
[2024-10-23T10:51:54.699+0000] {processor.py:914} INFO - Processing file /home/airflow/.local/lib/python3.12/site-packages/airflow/example_dags/example_python_decorator.py for tasks to queue
[2024-10-23T10:51:54.730+0000] {logging_mixin.py:190} INFO - [2024-10-23T10:51:54.730+0000] {dagbag.py:587} INFO - Filling up the DagBag from /home/airflow/.local/lib/python3.12/site-packages/airflow/example_dags/example_python_decorator.py
[2024-10-23T10:51:54.958+0000] {processor.py:925} INFO - DAG(s) 'example_python_decorator' retrieved from /home/airflow/.local/lib/python3.12/site-packages/airflow/example_dags/example_python_decorator.py
[2024-10-23T10:51:55.689+0000] {logging_mixin.py:190} INFO - [2024-10-23T10:51:55.688+0000] {dag.py:3229} INFO - Sync 1 DAGs
[2024-10-23T10:51:55.810+0000] {logging_mixin.py:190} INFO - [2024-10-23T10:51:55.804+0000] {dag.py:4156} INFO - Setting next_dagrun for example_python_decorator to None, run_after=None
[2024-10-23T10:51:56.328+0000] {processor.py:208} INFO - Processing /home/airflow/.local/lib/python3.12/site-packages/airflow/example_dags/example_python_decorator.py took 1.720 seconds
[2024-10-23T10:52:48.646+0000] {processor.py:186} INFO - Started process (PID=200) to work on /home/airflow/.local/lib/python3.12/site-packages/airflow/example_dags/example_python_decorator.py
[2024-10-23T10:52:48.662+0000] {processor.py:914} INFO - Processing file /home/airflow/.local/lib/python3.12/site-packages/airflow/example_dags/example_python_decorator.py for tasks to queue
[2024-10-23T10:52:48.704+0000] {logging_mixin.py:190} INFO - [2024-10-23T10:52:48.691+0000] {dagbag.py:587} INFO - Filling up the DagBag from /home/airflow/.local/lib/python3.12/site-packages/airflow/example_dags/example_python_decorator.py
[2024-10-23T10:52:48.973+0000] {processor.py:925} INFO - DAG(s) 'example_python_decorator' retrieved from /home/airflow/.local/lib/python3.12/site-packages/airflow/example_dags/example_python_decorator.py
[2024-10-23T10:52:49.199+0000] {logging_mixin.py:190} INFO - [2024-10-23T10:52:49.183+0000] {dag.py:3229} INFO - Sync 1 DAGs
[2024-10-23T10:52:49.444+0000] {logging_mixin.py:190} INFO - [2024-10-23T10:52:49.443+0000] {dag.py:4156} INFO - Setting next_dagrun for example_python_decorator to None, run_after=None
[2024-10-23T10:52:49.804+0000] {processor.py:208} INFO - Processing /home/airflow/.local/lib/python3.12/site-packages/airflow/example_dags/example_python_decorator.py took 1.262 seconds
[2024-10-23T10:59:16.119+0000] {processor.py:186} INFO - Started process (PID=135) to work on /home/airflow/.local/lib/python3.12/site-packages/airflow/example_dags/example_python_decorator.py
[2024-10-23T10:59:16.122+0000] {processor.py:914} INFO - Processing file /home/airflow/.local/lib/python3.12/site-packages/airflow/example_dags/example_python_decorator.py for tasks to queue
[2024-10-23T10:59:16.148+0000] {logging_mixin.py:190} INFO - [2024-10-23T10:59:16.140+0000] {dagbag.py:587} INFO - Filling up the DagBag from /home/airflow/.local/lib/python3.12/site-packages/airflow/example_dags/example_python_decorator.py
[2024-10-23T10:59:16.231+0000] {processor.py:925} INFO - DAG(s) 'example_python_decorator' retrieved from /home/airflow/.local/lib/python3.12/site-packages/airflow/example_dags/example_python_decorator.py
[2024-10-23T10:59:17.369+0000] {logging_mixin.py:190} INFO - [2024-10-23T10:59:17.368+0000] {dag.py:3229} INFO - Sync 1 DAGs
[2024-10-23T10:59:17.593+0000] {logging_mixin.py:190} INFO - [2024-10-23T10:59:17.591+0000] {dag.py:4156} INFO - Setting next_dagrun for example_python_decorator to None, run_after=None
[2024-10-23T10:59:17.817+0000] {processor.py:208} INFO - Processing /home/airflow/.local/lib/python3.12/site-packages/airflow/example_dags/example_python_decorator.py took 1.728 seconds
[2024-10-23T11:00:00.423+0000] {processor.py:186} INFO - Started process (PID=205) to work on /home/airflow/.local/lib/python3.12/site-packages/airflow/example_dags/example_python_decorator.py
[2024-10-23T11:00:00.438+0000] {processor.py:914} INFO - Processing file /home/airflow/.local/lib/python3.12/site-packages/airflow/example_dags/example_python_decorator.py for tasks to queue
[2024-10-23T11:00:00.444+0000] {logging_mixin.py:190} INFO - [2024-10-23T11:00:00.443+0000] {dagbag.py:587} INFO - Filling up the DagBag from /home/airflow/.local/lib/python3.12/site-packages/airflow/example_dags/example_python_decorator.py
[2024-10-23T11:00:00.574+0000] {processor.py:925} INFO - DAG(s) 'example_python_decorator' retrieved from /home/airflow/.local/lib/python3.12/site-packages/airflow/example_dags/example_python_decorator.py
[2024-10-23T11:00:00.876+0000] {logging_mixin.py:190} INFO - [2024-10-23T11:00:00.875+0000] {dag.py:3229} INFO - Sync 1 DAGs
[2024-10-23T11:00:01.107+0000] {logging_mixin.py:190} INFO - [2024-10-23T11:00:01.107+0000] {dag.py:4156} INFO - Setting next_dagrun for example_python_decorator to None, run_after=None
[2024-10-23T11:00:01.598+0000] {processor.py:208} INFO - Processing /home/airflow/.local/lib/python3.12/site-packages/airflow/example_dags/example_python_decorator.py took 1.228 seconds
[2024-10-23T11:16:44.800+0000] {processor.py:186} INFO - Started process (PID=129) to work on /home/airflow/.local/lib/python3.12/site-packages/airflow/example_dags/example_python_decorator.py
[2024-10-23T11:16:44.814+0000] {processor.py:914} INFO - Processing file /home/airflow/.local/lib/python3.12/site-packages/airflow/example_dags/example_python_decorator.py for tasks to queue
[2024-10-23T11:16:44.897+0000] {logging_mixin.py:190} INFO - [2024-10-23T11:16:44.896+0000] {dagbag.py:587} INFO - Filling up the DagBag from /home/airflow/.local/lib/python3.12/site-packages/airflow/example_dags/example_python_decorator.py
[2024-10-23T11:16:45.140+0000] {processor.py:925} INFO - DAG(s) 'example_python_decorator' retrieved from /home/airflow/.local/lib/python3.12/site-packages/airflow/example_dags/example_python_decorator.py
[2024-10-23T11:16:47.834+0000] {logging_mixin.py:190} INFO - [2024-10-23T11:16:47.833+0000] {dag.py:3229} INFO - Sync 1 DAGs
[2024-10-23T11:16:48.023+0000] {logging_mixin.py:190} INFO - [2024-10-23T11:16:48.023+0000] {dag.py:4156} INFO - Setting next_dagrun for example_python_decorator to None, run_after=None
[2024-10-23T11:16:48.420+0000] {processor.py:208} INFO - Processing /home/airflow/.local/lib/python3.12/site-packages/airflow/example_dags/example_python_decorator.py took 3.729 seconds
