[2024-10-23T10:51:00.074+0000] {processor.py:186} INFO - Started process (PID=90) to work on /home/airflow/.local/lib/python3.12/site-packages/airflow/example_dags/example_dag_decorator.py
[2024-10-23T10:51:00.130+0000] {processor.py:914} INFO - Processing file /home/airflow/.local/lib/python3.12/site-packages/airflow/example_dags/example_dag_decorator.py for tasks to queue
[2024-10-23T10:51:00.294+0000] {logging_mixin.py:190} INFO - [2024-10-23T10:51:00.280+0000] {dagbag.py:587} INFO - Filling up the DagBag from /home/airflow/.local/lib/python3.12/site-packages/airflow/example_dags/example_dag_decorator.py
[2024-10-23T10:51:00.761+0000] {processor.py:925} INFO - DAG(s) 'example_dag_decorator' retrieved from /home/airflow/.local/lib/python3.12/site-packages/airflow/example_dags/example_dag_decorator.py
[2024-10-23T10:51:04.511+0000] {logging_mixin.py:190} INFO - [2024-10-23T10:51:04.510+0000] {dag.py:3229} INFO - Sync 1 DAGs
[2024-10-23T10:51:04.816+0000] {logging_mixin.py:190} INFO - [2024-10-23T10:51:04.816+0000] {dag.py:4156} INFO - Setting next_dagrun for example_dag_decorator to None, run_after=None
[2024-10-23T10:51:05.554+0000] {processor.py:208} INFO - Processing /home/airflow/.local/lib/python3.12/site-packages/airflow/example_dags/example_dag_decorator.py took 5.543 seconds
[2024-10-23T10:52:16.455+0000] {processor.py:186} INFO - Started process (PID=158) to work on /home/airflow/.local/lib/python3.12/site-packages/airflow/example_dags/example_dag_decorator.py
[2024-10-23T10:52:16.473+0000] {processor.py:914} INFO - Processing file /home/airflow/.local/lib/python3.12/site-packages/airflow/example_dags/example_dag_decorator.py for tasks to queue
[2024-10-23T10:52:16.497+0000] {logging_mixin.py:190} INFO - [2024-10-23T10:52:16.496+0000] {dagbag.py:587} INFO - Filling up the DagBag from /home/airflow/.local/lib/python3.12/site-packages/airflow/example_dags/example_dag_decorator.py
[2024-10-23T10:52:16.585+0000] {processor.py:925} INFO - DAG(s) 'example_dag_decorator' retrieved from /home/airflow/.local/lib/python3.12/site-packages/airflow/example_dags/example_dag_decorator.py
[2024-10-23T10:52:17.858+0000] {logging_mixin.py:190} INFO - [2024-10-23T10:52:17.857+0000] {dag.py:3229} INFO - Sync 1 DAGs
[2024-10-23T10:52:18.011+0000] {logging_mixin.py:190} INFO - [2024-10-23T10:52:18.010+0000] {dag.py:4156} INFO - Setting next_dagrun for example_dag_decorator to None, run_after=None
[2024-10-23T10:52:18.234+0000] {processor.py:208} INFO - Processing /home/airflow/.local/lib/python3.12/site-packages/airflow/example_dags/example_dag_decorator.py took 1.868 seconds
[2024-10-23T10:52:58.166+0000] {processor.py:186} INFO - Started process (PID=211) to work on /home/airflow/.local/lib/python3.12/site-packages/airflow/example_dags/example_dag_decorator.py
[2024-10-23T10:52:58.175+0000] {processor.py:914} INFO - Processing file /home/airflow/.local/lib/python3.12/site-packages/airflow/example_dags/example_dag_decorator.py for tasks to queue
[2024-10-23T10:52:58.189+0000] {logging_mixin.py:190} INFO - [2024-10-23T10:52:58.188+0000] {dagbag.py:587} INFO - Filling up the DagBag from /home/airflow/.local/lib/python3.12/site-packages/airflow/example_dags/example_dag_decorator.py
[2024-10-23T10:52:58.446+0000] {processor.py:925} INFO - DAG(s) 'example_dag_decorator' retrieved from /home/airflow/.local/lib/python3.12/site-packages/airflow/example_dags/example_dag_decorator.py
[2024-10-23T10:53:00.894+0000] {logging_mixin.py:190} INFO - [2024-10-23T10:53:00.894+0000] {dag.py:3229} INFO - Sync 1 DAGs
[2024-10-23T10:53:01.094+0000] {logging_mixin.py:190} INFO - [2024-10-23T10:53:01.093+0000] {dag.py:4156} INFO - Setting next_dagrun for example_dag_decorator to None, run_after=None
[2024-10-23T10:53:01.533+0000] {processor.py:208} INFO - Processing /home/airflow/.local/lib/python3.12/site-packages/airflow/example_dags/example_dag_decorator.py took 3.345 seconds
[2024-10-23T10:53:42.112+0000] {processor.py:186} INFO - Started process (PID=246) to work on /home/airflow/.local/lib/python3.12/site-packages/airflow/example_dags/example_dag_decorator.py
[2024-10-23T10:53:42.175+0000] {processor.py:914} INFO - Processing file /home/airflow/.local/lib/python3.12/site-packages/airflow/example_dags/example_dag_decorator.py for tasks to queue
[2024-10-23T10:53:42.402+0000] {logging_mixin.py:190} INFO - [2024-10-23T10:53:42.401+0000] {dagbag.py:587} INFO - Filling up the DagBag from /home/airflow/.local/lib/python3.12/site-packages/airflow/example_dags/example_dag_decorator.py
[2024-10-23T10:53:44.283+0000] {processor.py:925} INFO - DAG(s) 'example_dag_decorator' retrieved from /home/airflow/.local/lib/python3.12/site-packages/airflow/example_dags/example_dag_decorator.py
[2024-10-23T10:58:42.816+0000] {processor.py:186} INFO - Started process (PID=93) to work on /home/airflow/.local/lib/python3.12/site-packages/airflow/example_dags/example_dag_decorator.py
[2024-10-23T10:58:42.876+0000] {processor.py:914} INFO - Processing file /home/airflow/.local/lib/python3.12/site-packages/airflow/example_dags/example_dag_decorator.py for tasks to queue
[2024-10-23T10:58:42.928+0000] {logging_mixin.py:190} INFO - [2024-10-23T10:58:42.915+0000] {dagbag.py:587} INFO - Filling up the DagBag from /home/airflow/.local/lib/python3.12/site-packages/airflow/example_dags/example_dag_decorator.py
[2024-10-23T10:58:43.170+0000] {processor.py:925} INFO - DAG(s) 'example_dag_decorator' retrieved from /home/airflow/.local/lib/python3.12/site-packages/airflow/example_dags/example_dag_decorator.py
[2024-10-23T10:58:45.338+0000] {logging_mixin.py:190} INFO - [2024-10-23T10:58:45.337+0000] {dag.py:3229} INFO - Sync 1 DAGs
[2024-10-23T10:58:45.497+0000] {logging_mixin.py:190} INFO - [2024-10-23T10:58:45.497+0000] {dag.py:4156} INFO - Setting next_dagrun for example_dag_decorator to None, run_after=None
[2024-10-23T10:58:45.747+0000] {processor.py:208} INFO - Processing /home/airflow/.local/lib/python3.12/site-packages/airflow/example_dags/example_dag_decorator.py took 2.995 seconds
[2024-10-23T10:59:34.083+0000] {processor.py:186} INFO - Started process (PID=162) to work on /home/airflow/.local/lib/python3.12/site-packages/airflow/example_dags/example_dag_decorator.py
[2024-10-23T10:59:34.114+0000] {processor.py:914} INFO - Processing file /home/airflow/.local/lib/python3.12/site-packages/airflow/example_dags/example_dag_decorator.py for tasks to queue
[2024-10-23T10:59:34.130+0000] {logging_mixin.py:190} INFO - [2024-10-23T10:59:34.129+0000] {dagbag.py:587} INFO - Filling up the DagBag from /home/airflow/.local/lib/python3.12/site-packages/airflow/example_dags/example_dag_decorator.py
[2024-10-23T10:59:34.356+0000] {processor.py:925} INFO - DAG(s) 'example_dag_decorator' retrieved from /home/airflow/.local/lib/python3.12/site-packages/airflow/example_dags/example_dag_decorator.py
[2024-10-23T10:59:36.378+0000] {logging_mixin.py:190} INFO - [2024-10-23T10:59:36.377+0000] {dag.py:3229} INFO - Sync 1 DAGs
[2024-10-23T10:59:36.507+0000] {logging_mixin.py:190} INFO - [2024-10-23T10:59:36.506+0000] {dag.py:4156} INFO - Setting next_dagrun for example_dag_decorator to None, run_after=None
[2024-10-23T10:59:36.637+0000] {processor.py:208} INFO - Processing /home/airflow/.local/lib/python3.12/site-packages/airflow/example_dags/example_dag_decorator.py took 2.589 seconds
[2024-10-23T11:00:11.871+0000] {processor.py:186} INFO - Started process (PID=218) to work on /home/airflow/.local/lib/python3.12/site-packages/airflow/example_dags/example_dag_decorator.py
[2024-10-23T11:00:11.904+0000] {processor.py:914} INFO - Processing file /home/airflow/.local/lib/python3.12/site-packages/airflow/example_dags/example_dag_decorator.py for tasks to queue
[2024-10-23T11:00:11.966+0000] {logging_mixin.py:190} INFO - [2024-10-23T11:00:11.965+0000] {dagbag.py:587} INFO - Filling up the DagBag from /home/airflow/.local/lib/python3.12/site-packages/airflow/example_dags/example_dag_decorator.py
[2024-10-23T11:00:12.196+0000] {processor.py:925} INFO - DAG(s) 'example_dag_decorator' retrieved from /home/airflow/.local/lib/python3.12/site-packages/airflow/example_dags/example_dag_decorator.py
[2024-10-23T11:00:12.620+0000] {logging_mixin.py:190} INFO - [2024-10-23T11:00:12.619+0000] {dag.py:3229} INFO - Sync 1 DAGs
[2024-10-23T11:00:13.173+0000] {logging_mixin.py:190} INFO - [2024-10-23T11:00:13.168+0000] {dag.py:4156} INFO - Setting next_dagrun for example_dag_decorator to None, run_after=None
[2024-10-23T11:00:13.492+0000] {processor.py:208} INFO - Processing /home/airflow/.local/lib/python3.12/site-packages/airflow/example_dags/example_dag_decorator.py took 1.679 seconds
[2024-10-23T11:15:48.409+0000] {processor.py:186} INFO - Started process (PID=81) to work on /home/airflow/.local/lib/python3.12/site-packages/airflow/example_dags/example_dag_decorator.py
[2024-10-23T11:15:48.413+0000] {processor.py:914} INFO - Processing file /home/airflow/.local/lib/python3.12/site-packages/airflow/example_dags/example_dag_decorator.py for tasks to queue
[2024-10-23T11:15:48.443+0000] {logging_mixin.py:190} INFO - [2024-10-23T11:15:48.441+0000] {dagbag.py:587} INFO - Filling up the DagBag from /home/airflow/.local/lib/python3.12/site-packages/airflow/example_dags/example_dag_decorator.py
[2024-10-23T11:15:48.779+0000] {processor.py:925} INFO - DAG(s) 'example_dag_decorator' retrieved from /home/airflow/.local/lib/python3.12/site-packages/airflow/example_dags/example_dag_decorator.py
[2024-10-23T11:15:51.050+0000] {logging_mixin.py:190} INFO - [2024-10-23T11:15:51.050+0000] {dag.py:3229} INFO - Sync 1 DAGs
[2024-10-23T11:15:51.289+0000] {logging_mixin.py:190} INFO - [2024-10-23T11:15:51.288+0000] {dag.py:4156} INFO - Setting next_dagrun for example_dag_decorator to None, run_after=None
[2024-10-23T11:15:51.652+0000] {processor.py:208} INFO - Processing /home/airflow/.local/lib/python3.12/site-packages/airflow/example_dags/example_dag_decorator.py took 3.388 seconds
[2024-10-23T11:17:14.414+0000] {processor.py:186} INFO - Started process (PID=155) to work on /home/airflow/.local/lib/python3.12/site-packages/airflow/example_dags/example_dag_decorator.py
[2024-10-23T11:17:14.447+0000] {processor.py:914} INFO - Processing file /home/airflow/.local/lib/python3.12/site-packages/airflow/example_dags/example_dag_decorator.py for tasks to queue
[2024-10-23T11:17:14.541+0000] {logging_mixin.py:190} INFO - [2024-10-23T11:17:14.540+0000] {dagbag.py:587} INFO - Filling up the DagBag from /home/airflow/.local/lib/python3.12/site-packages/airflow/example_dags/example_dag_decorator.py
[2024-10-23T11:17:14.708+0000] {processor.py:925} INFO - DAG(s) 'example_dag_decorator' retrieved from /home/airflow/.local/lib/python3.12/site-packages/airflow/example_dags/example_dag_decorator.py
[2024-10-23T11:17:16.807+0000] {logging_mixin.py:190} INFO - [2024-10-23T11:17:16.804+0000] {dag.py:3229} INFO - Sync 1 DAGs
[2024-10-23T11:17:17.191+0000] {logging_mixin.py:190} INFO - [2024-10-23T11:17:17.190+0000] {dag.py:4156} INFO - Setting next_dagrun for example_dag_decorator to None, run_after=None
[2024-10-23T11:17:17.840+0000] {processor.py:208} INFO - Processing /home/airflow/.local/lib/python3.12/site-packages/airflow/example_dags/example_dag_decorator.py took 3.515 seconds
