[2024-10-23T10:51:48.152+0000] {processor.py:186} INFO - Started process (PID=127) to work on /home/airflow/.local/lib/python3.12/site-packages/airflow/example_dags/example_inlet_event_extra.py
[2024-10-23T10:51:48.161+0000] {processor.py:914} INFO - Processing file /home/airflow/.local/lib/python3.12/site-packages/airflow/example_dags/example_inlet_event_extra.py for tasks to queue
[2024-10-23T10:51:48.201+0000] {logging_mixin.py:190} INFO - [2024-10-23T10:51:48.200+0000] {dagbag.py:587} INFO - Filling up the DagBag from /home/airflow/.local/lib/python3.12/site-packages/airflow/example_dags/example_inlet_event_extra.py
[2024-10-23T10:51:50.395+0000] {processor.py:925} INFO - DAG(s) 'read_dataset_event_from_classic', 'read_dataset_event' retrieved from /home/airflow/.local/lib/python3.12/site-packages/airflow/example_dags/example_inlet_event_extra.py
[2024-10-23T10:51:50.731+0000] {logging_mixin.py:190} INFO - [2024-10-23T10:51:50.730+0000] {dag.py:3229} INFO - Sync 2 DAGs
[2024-10-23T10:51:51.281+0000] {logging_mixin.py:190} INFO - [2024-10-23T10:51:51.281+0000] {dag.py:4156} INFO - Setting next_dagrun for read_dataset_event to 2024-10-22 00:00:00+00:00, run_after=2024-10-23 00:00:00+00:00
[2024-10-23T10:51:51.355+0000] {logging_mixin.py:190} INFO - [2024-10-23T10:51:51.354+0000] {dag.py:4156} INFO - Setting next_dagrun for read_dataset_event_from_classic to 2024-10-22 00:00:00+00:00, run_after=2024-10-23 00:00:00+00:00
[2024-10-23T10:51:51.543+0000] {processor.py:208} INFO - Processing /home/airflow/.local/lib/python3.12/site-packages/airflow/example_dags/example_inlet_event_extra.py took 3.458 seconds
[2024-10-23T10:52:44.363+0000] {processor.py:186} INFO - Started process (PID=196) to work on /home/airflow/.local/lib/python3.12/site-packages/airflow/example_dags/example_inlet_event_extra.py
[2024-10-23T10:52:44.387+0000] {processor.py:914} INFO - Processing file /home/airflow/.local/lib/python3.12/site-packages/airflow/example_dags/example_inlet_event_extra.py for tasks to queue
[2024-10-23T10:52:44.411+0000] {logging_mixin.py:190} INFO - [2024-10-23T10:52:44.408+0000] {dagbag.py:587} INFO - Filling up the DagBag from /home/airflow/.local/lib/python3.12/site-packages/airflow/example_dags/example_inlet_event_extra.py
[2024-10-23T10:52:46.491+0000] {processor.py:925} INFO - DAG(s) 'read_dataset_event_from_classic', 'read_dataset_event' retrieved from /home/airflow/.local/lib/python3.12/site-packages/airflow/example_dags/example_inlet_event_extra.py
[2024-10-23T10:52:46.696+0000] {logging_mixin.py:190} INFO - [2024-10-23T10:52:46.691+0000] {dag.py:3229} INFO - Sync 2 DAGs
[2024-10-23T10:52:47.199+0000] {logging_mixin.py:190} INFO - [2024-10-23T10:52:47.197+0000] {dag.py:4156} INFO - Setting next_dagrun for read_dataset_event to 2024-10-22 00:00:00+00:00, run_after=2024-10-23 00:00:00+00:00
[2024-10-23T10:52:47.357+0000] {logging_mixin.py:190} INFO - [2024-10-23T10:52:47.345+0000] {dag.py:4156} INFO - Setting next_dagrun for read_dataset_event_from_classic to 2024-10-22 00:00:00+00:00, run_after=2024-10-23 00:00:00+00:00
[2024-10-23T10:52:47.608+0000] {processor.py:208} INFO - Processing /home/airflow/.local/lib/python3.12/site-packages/airflow/example_dags/example_inlet_event_extra.py took 3.286 seconds
[2024-10-23T10:59:12.396+0000] {processor.py:186} INFO - Started process (PID=131) to work on /home/airflow/.local/lib/python3.12/site-packages/airflow/example_dags/example_inlet_event_extra.py
[2024-10-23T10:59:12.423+0000] {processor.py:914} INFO - Processing file /home/airflow/.local/lib/python3.12/site-packages/airflow/example_dags/example_inlet_event_extra.py for tasks to queue
[2024-10-23T10:59:12.453+0000] {logging_mixin.py:190} INFO - [2024-10-23T10:59:12.452+0000] {dagbag.py:587} INFO - Filling up the DagBag from /home/airflow/.local/lib/python3.12/site-packages/airflow/example_dags/example_inlet_event_extra.py
[2024-10-23T10:59:14.137+0000] {processor.py:925} INFO - DAG(s) 'read_dataset_event', 'read_dataset_event_from_classic' retrieved from /home/airflow/.local/lib/python3.12/site-packages/airflow/example_dags/example_inlet_event_extra.py
[2024-10-23T10:59:14.381+0000] {logging_mixin.py:190} INFO - [2024-10-23T10:59:14.380+0000] {dag.py:3229} INFO - Sync 2 DAGs
[2024-10-23T10:59:14.639+0000] {logging_mixin.py:190} INFO - [2024-10-23T10:59:14.639+0000] {dag.py:4156} INFO - Setting next_dagrun for read_dataset_event to 2024-10-22 00:00:00+00:00, run_after=2024-10-23 00:00:00+00:00
[2024-10-23T10:59:14.682+0000] {logging_mixin.py:190} INFO - [2024-10-23T10:59:14.681+0000] {dag.py:4156} INFO - Setting next_dagrun for read_dataset_event_from_classic to 2024-10-22 00:00:00+00:00, run_after=2024-10-23 00:00:00+00:00
[2024-10-23T10:59:14.831+0000] {processor.py:208} INFO - Processing /home/airflow/.local/lib/python3.12/site-packages/airflow/example_dags/example_inlet_event_extra.py took 2.499 seconds
[2024-10-23T10:59:56.382+0000] {processor.py:186} INFO - Started process (PID=201) to work on /home/airflow/.local/lib/python3.12/site-packages/airflow/example_dags/example_inlet_event_extra.py
[2024-10-23T10:59:56.418+0000] {processor.py:914} INFO - Processing file /home/airflow/.local/lib/python3.12/site-packages/airflow/example_dags/example_inlet_event_extra.py for tasks to queue
[2024-10-23T10:59:56.431+0000] {logging_mixin.py:190} INFO - [2024-10-23T10:59:56.431+0000] {dagbag.py:587} INFO - Filling up the DagBag from /home/airflow/.local/lib/python3.12/site-packages/airflow/example_dags/example_inlet_event_extra.py
[2024-10-23T10:59:58.022+0000] {processor.py:925} INFO - DAG(s) 'read_dataset_event_from_classic', 'read_dataset_event' retrieved from /home/airflow/.local/lib/python3.12/site-packages/airflow/example_dags/example_inlet_event_extra.py
[2024-10-23T10:59:58.201+0000] {logging_mixin.py:190} INFO - [2024-10-23T10:59:58.201+0000] {dag.py:3229} INFO - Sync 2 DAGs
[2024-10-23T10:59:58.520+0000] {logging_mixin.py:190} INFO - [2024-10-23T10:59:58.520+0000] {dag.py:4156} INFO - Setting next_dagrun for read_dataset_event to 2024-10-22 00:00:00+00:00, run_after=2024-10-23 00:00:00+00:00
[2024-10-23T10:59:58.582+0000] {logging_mixin.py:190} INFO - [2024-10-23T10:59:58.580+0000] {dag.py:4156} INFO - Setting next_dagrun for read_dataset_event_from_classic to 2024-10-22 00:00:00+00:00, run_after=2024-10-23 00:00:00+00:00
[2024-10-23T10:59:58.864+0000] {processor.py:208} INFO - Processing /home/airflow/.local/lib/python3.12/site-packages/airflow/example_dags/example_inlet_event_extra.py took 2.518 seconds
[2024-10-23T11:16:38.736+0000] {processor.py:186} INFO - Started process (PID=125) to work on /home/airflow/.local/lib/python3.12/site-packages/airflow/example_dags/example_inlet_event_extra.py
[2024-10-23T11:16:38.758+0000] {processor.py:914} INFO - Processing file /home/airflow/.local/lib/python3.12/site-packages/airflow/example_dags/example_inlet_event_extra.py for tasks to queue
[2024-10-23T11:16:38.770+0000] {logging_mixin.py:190} INFO - [2024-10-23T11:16:38.769+0000] {dagbag.py:587} INFO - Filling up the DagBag from /home/airflow/.local/lib/python3.12/site-packages/airflow/example_dags/example_inlet_event_extra.py
[2024-10-23T11:16:42.039+0000] {processor.py:925} INFO - DAG(s) 'read_dataset_event_from_classic', 'read_dataset_event' retrieved from /home/airflow/.local/lib/python3.12/site-packages/airflow/example_dags/example_inlet_event_extra.py
[2024-10-23T11:16:42.430+0000] {logging_mixin.py:190} INFO - [2024-10-23T11:16:42.429+0000] {dag.py:3229} INFO - Sync 2 DAGs
[2024-10-23T11:16:43.034+0000] {logging_mixin.py:190} INFO - [2024-10-23T11:16:43.032+0000] {dag.py:4156} INFO - Setting next_dagrun for read_dataset_event to 2024-10-22 00:00:00+00:00, run_after=2024-10-23 00:00:00+00:00
[2024-10-23T11:16:43.104+0000] {logging_mixin.py:190} INFO - [2024-10-23T11:16:43.102+0000] {dag.py:4156} INFO - Setting next_dagrun for read_dataset_event_from_classic to 2024-10-22 00:00:00+00:00, run_after=2024-10-23 00:00:00+00:00
[2024-10-23T11:16:43.394+0000] {processor.py:208} INFO - Processing /home/airflow/.local/lib/python3.12/site-packages/airflow/example_dags/example_inlet_event_extra.py took 4.746 seconds
