[2024-10-23T10:51:36.643+0000] {processor.py:186} INFO - Started process (PID=117) to work on /home/airflow/.local/lib/python3.12/site-packages/airflow/example_dags/tutorial_objectstorage.py
[2024-10-23T10:51:36.664+0000] {processor.py:914} INFO - Processing file /home/airflow/.local/lib/python3.12/site-packages/airflow/example_dags/tutorial_objectstorage.py for tasks to queue
[2024-10-23T10:51:36.670+0000] {logging_mixin.py:190} INFO - [2024-10-23T10:51:36.669+0000] {dagbag.py:587} INFO - Filling up the DagBag from /home/airflow/.local/lib/python3.12/site-packages/airflow/example_dags/tutorial_objectstorage.py
[2024-10-23T10:51:36.825+0000] {processor.py:925} INFO - DAG(s) 'tutorial_objectstorage' retrieved from /home/airflow/.local/lib/python3.12/site-packages/airflow/example_dags/tutorial_objectstorage.py
[2024-10-23T10:51:37.719+0000] {logging_mixin.py:190} INFO - [2024-10-23T10:51:37.719+0000] {dag.py:3229} INFO - Sync 1 DAGs
[2024-10-23T10:51:37.895+0000] {logging_mixin.py:190} INFO - [2024-10-23T10:51:37.894+0000] {dag.py:4156} INFO - Setting next_dagrun for tutorial_objectstorage to None, run_after=None
[2024-10-23T10:51:38.136+0000] {processor.py:208} INFO - Processing /home/airflow/.local/lib/python3.12/site-packages/airflow/example_dags/tutorial_objectstorage.py took 1.575 seconds
[2024-10-23T10:52:35.073+0000] {processor.py:186} INFO - Started process (PID=186) to work on /home/airflow/.local/lib/python3.12/site-packages/airflow/example_dags/tutorial_objectstorage.py
[2024-10-23T10:52:35.100+0000] {processor.py:914} INFO - Processing file /home/airflow/.local/lib/python3.12/site-packages/airflow/example_dags/tutorial_objectstorage.py for tasks to queue
[2024-10-23T10:52:35.125+0000] {logging_mixin.py:190} INFO - [2024-10-23T10:52:35.122+0000] {dagbag.py:587} INFO - Filling up the DagBag from /home/airflow/.local/lib/python3.12/site-packages/airflow/example_dags/tutorial_objectstorage.py
[2024-10-23T10:52:35.236+0000] {processor.py:925} INFO - DAG(s) 'tutorial_objectstorage' retrieved from /home/airflow/.local/lib/python3.12/site-packages/airflow/example_dags/tutorial_objectstorage.py
[2024-10-23T10:52:35.478+0000] {logging_mixin.py:190} INFO - [2024-10-23T10:52:35.477+0000] {dag.py:3229} INFO - Sync 1 DAGs
[2024-10-23T10:52:35.658+0000] {logging_mixin.py:190} INFO - [2024-10-23T10:52:35.657+0000] {dag.py:4156} INFO - Setting next_dagrun for tutorial_objectstorage to None, run_after=None
[2024-10-23T10:52:35.843+0000] {processor.py:208} INFO - Processing /home/airflow/.local/lib/python3.12/site-packages/airflow/example_dags/tutorial_objectstorage.py took 0.886 seconds
[2024-10-23T10:59:02.560+0000] {processor.py:186} INFO - Started process (PID=121) to work on /home/airflow/.local/lib/python3.12/site-packages/airflow/example_dags/tutorial_objectstorage.py
[2024-10-23T10:59:02.585+0000] {processor.py:914} INFO - Processing file /home/airflow/.local/lib/python3.12/site-packages/airflow/example_dags/tutorial_objectstorage.py for tasks to queue
[2024-10-23T10:59:02.671+0000] {logging_mixin.py:190} INFO - [2024-10-23T10:59:02.670+0000] {dagbag.py:587} INFO - Filling up the DagBag from /home/airflow/.local/lib/python3.12/site-packages/airflow/example_dags/tutorial_objectstorage.py
[2024-10-23T10:59:02.884+0000] {processor.py:925} INFO - DAG(s) 'tutorial_objectstorage' retrieved from /home/airflow/.local/lib/python3.12/site-packages/airflow/example_dags/tutorial_objectstorage.py
[2024-10-23T10:59:03.107+0000] {logging_mixin.py:190} INFO - [2024-10-23T10:59:03.107+0000] {dag.py:3229} INFO - Sync 1 DAGs
[2024-10-23T10:59:03.220+0000] {logging_mixin.py:190} INFO - [2024-10-23T10:59:03.219+0000] {dag.py:4156} INFO - Setting next_dagrun for tutorial_objectstorage to None, run_after=None
[2024-10-23T10:59:03.453+0000] {processor.py:208} INFO - Processing /home/airflow/.local/lib/python3.12/site-packages/airflow/example_dags/tutorial_objectstorage.py took 0.911 seconds
[2024-10-23T10:59:50.128+0000] {processor.py:186} INFO - Started process (PID=191) to work on /home/airflow/.local/lib/python3.12/site-packages/airflow/example_dags/tutorial_objectstorage.py
[2024-10-23T10:59:50.140+0000] {processor.py:914} INFO - Processing file /home/airflow/.local/lib/python3.12/site-packages/airflow/example_dags/tutorial_objectstorage.py for tasks to queue
[2024-10-23T10:59:50.158+0000] {logging_mixin.py:190} INFO - [2024-10-23T10:59:50.146+0000] {dagbag.py:587} INFO - Filling up the DagBag from /home/airflow/.local/lib/python3.12/site-packages/airflow/example_dags/tutorial_objectstorage.py
[2024-10-23T10:59:50.212+0000] {processor.py:925} INFO - DAG(s) 'tutorial_objectstorage' retrieved from /home/airflow/.local/lib/python3.12/site-packages/airflow/example_dags/tutorial_objectstorage.py
[2024-10-23T10:59:50.399+0000] {logging_mixin.py:190} INFO - [2024-10-23T10:59:50.398+0000] {dag.py:3229} INFO - Sync 1 DAGs
[2024-10-23T10:59:50.618+0000] {logging_mixin.py:190} INFO - [2024-10-23T10:59:50.618+0000] {dag.py:4156} INFO - Setting next_dagrun for tutorial_objectstorage to None, run_after=None
[2024-10-23T10:59:50.746+0000] {processor.py:208} INFO - Processing /home/airflow/.local/lib/python3.12/site-packages/airflow/example_dags/tutorial_objectstorage.py took 0.671 seconds
[2024-10-23T11:16:13.797+0000] {processor.py:186} INFO - Started process (PID=110) to work on /home/airflow/.local/lib/python3.12/site-packages/airflow/example_dags/tutorial_objectstorage.py
[2024-10-23T11:16:13.825+0000] {processor.py:914} INFO - Processing file /home/airflow/.local/lib/python3.12/site-packages/airflow/example_dags/tutorial_objectstorage.py for tasks to queue
[2024-10-23T11:16:13.899+0000] {logging_mixin.py:190} INFO - [2024-10-23T11:16:13.883+0000] {dagbag.py:587} INFO - Filling up the DagBag from /home/airflow/.local/lib/python3.12/site-packages/airflow/example_dags/tutorial_objectstorage.py
[2024-10-23T11:16:14.072+0000] {processor.py:925} INFO - DAG(s) 'tutorial_objectstorage' retrieved from /home/airflow/.local/lib/python3.12/site-packages/airflow/example_dags/tutorial_objectstorage.py
[2024-10-23T11:16:14.560+0000] {logging_mixin.py:190} INFO - [2024-10-23T11:16:14.551+0000] {dag.py:3229} INFO - Sync 1 DAGs
[2024-10-23T11:16:15.949+0000] {logging_mixin.py:190} INFO - [2024-10-23T11:16:15.949+0000] {dag.py:4156} INFO - Setting next_dagrun for tutorial_objectstorage to None, run_after=None
[2024-10-23T11:16:16.289+0000] {processor.py:208} INFO - Processing /home/airflow/.local/lib/python3.12/site-packages/airflow/example_dags/tutorial_objectstorage.py took 2.667 seconds
