[2024-10-23T10:51:18.583+0000] {processor.py:186} INFO - Started process (PID=100) to work on /home/airflow/.local/lib/python3.12/site-packages/airflow/example_dags/tutorial_dag.py
[2024-10-23T10:51:18.593+0000] {processor.py:914} INFO - Processing file /home/airflow/.local/lib/python3.12/site-packages/airflow/example_dags/tutorial_dag.py for tasks to queue
[2024-10-23T10:51:18.651+0000] {logging_mixin.py:190} INFO - [2024-10-23T10:51:18.615+0000] {dagbag.py:587} INFO - Filling up the DagBag from /home/airflow/.local/lib/python3.12/site-packages/airflow/example_dags/tutorial_dag.py
[2024-10-23T10:51:18.751+0000] {processor.py:925} INFO - DAG(s) 'tutorial_dag' retrieved from /home/airflow/.local/lib/python3.12/site-packages/airflow/example_dags/tutorial_dag.py
[2024-10-23T10:51:19.198+0000] {logging_mixin.py:190} INFO - [2024-10-23T10:51:19.188+0000] {dag.py:3229} INFO - Sync 1 DAGs
[2024-10-23T10:51:19.539+0000] {logging_mixin.py:190} INFO - [2024-10-23T10:51:19.517+0000] {dag.py:4156} INFO - Setting next_dagrun for tutorial_dag to None, run_after=None
[2024-10-23T10:51:19.861+0000] {processor.py:208} INFO - Processing /home/airflow/.local/lib/python3.12/site-packages/airflow/example_dags/tutorial_dag.py took 1.321 seconds
[2024-10-23T10:52:24.811+0000] {processor.py:186} INFO - Started process (PID=168) to work on /home/airflow/.local/lib/python3.12/site-packages/airflow/example_dags/tutorial_dag.py
[2024-10-23T10:52:24.825+0000] {processor.py:914} INFO - Processing file /home/airflow/.local/lib/python3.12/site-packages/airflow/example_dags/tutorial_dag.py for tasks to queue
[2024-10-23T10:52:24.873+0000] {logging_mixin.py:190} INFO - [2024-10-23T10:52:24.867+0000] {dagbag.py:587} INFO - Filling up the DagBag from /home/airflow/.local/lib/python3.12/site-packages/airflow/example_dags/tutorial_dag.py
[2024-10-23T10:52:24.986+0000] {processor.py:925} INFO - DAG(s) 'tutorial_dag' retrieved from /home/airflow/.local/lib/python3.12/site-packages/airflow/example_dags/tutorial_dag.py
[2024-10-23T10:52:25.270+0000] {logging_mixin.py:190} INFO - [2024-10-23T10:52:25.270+0000] {dag.py:3229} INFO - Sync 1 DAGs
[2024-10-23T10:52:25.604+0000] {logging_mixin.py:190} INFO - [2024-10-23T10:52:25.602+0000] {dag.py:4156} INFO - Setting next_dagrun for tutorial_dag to None, run_after=None
[2024-10-23T10:52:25.815+0000] {processor.py:208} INFO - Processing /home/airflow/.local/lib/python3.12/site-packages/airflow/example_dags/tutorial_dag.py took 1.098 seconds
[2024-10-23T10:53:11.621+0000] {processor.py:186} INFO - Started process (PID=227) to work on /home/airflow/.local/lib/python3.12/site-packages/airflow/example_dags/tutorial_dag.py
[2024-10-23T10:53:11.624+0000] {processor.py:914} INFO - Processing file /home/airflow/.local/lib/python3.12/site-packages/airflow/example_dags/tutorial_dag.py for tasks to queue
[2024-10-23T10:53:11.653+0000] {logging_mixin.py:190} INFO - [2024-10-23T10:53:11.652+0000] {dagbag.py:587} INFO - Filling up the DagBag from /home/airflow/.local/lib/python3.12/site-packages/airflow/example_dags/tutorial_dag.py
[2024-10-23T10:53:11.728+0000] {processor.py:925} INFO - DAG(s) 'tutorial_dag' retrieved from /home/airflow/.local/lib/python3.12/site-packages/airflow/example_dags/tutorial_dag.py
[2024-10-23T10:53:11.859+0000] {logging_mixin.py:190} INFO - [2024-10-23T10:53:11.858+0000] {dag.py:3229} INFO - Sync 1 DAGs
[2024-10-23T10:53:12.119+0000] {logging_mixin.py:190} INFO - [2024-10-23T10:53:12.118+0000] {dag.py:4156} INFO - Setting next_dagrun for tutorial_dag to None, run_after=None
[2024-10-23T10:53:12.439+0000] {processor.py:208} INFO - Processing /home/airflow/.local/lib/python3.12/site-packages/airflow/example_dags/tutorial_dag.py took 0.869 seconds
[2024-10-23T10:58:51.194+0000] {processor.py:186} INFO - Started process (PID=109) to work on /home/airflow/.local/lib/python3.12/site-packages/airflow/example_dags/tutorial_dag.py
[2024-10-23T10:58:51.199+0000] {processor.py:914} INFO - Processing file /home/airflow/.local/lib/python3.12/site-packages/airflow/example_dags/tutorial_dag.py for tasks to queue
[2024-10-23T10:58:51.205+0000] {logging_mixin.py:190} INFO - [2024-10-23T10:58:51.204+0000] {dagbag.py:587} INFO - Filling up the DagBag from /home/airflow/.local/lib/python3.12/site-packages/airflow/example_dags/tutorial_dag.py
[2024-10-23T10:58:51.298+0000] {processor.py:925} INFO - DAG(s) 'tutorial_dag' retrieved from /home/airflow/.local/lib/python3.12/site-packages/airflow/example_dags/tutorial_dag.py
[2024-10-23T10:58:51.462+0000] {logging_mixin.py:190} INFO - [2024-10-23T10:58:51.461+0000] {dag.py:3229} INFO - Sync 1 DAGs
[2024-10-23T10:58:51.567+0000] {logging_mixin.py:190} INFO - [2024-10-23T10:58:51.566+0000] {dag.py:4156} INFO - Setting next_dagrun for tutorial_dag to None, run_after=None
[2024-10-23T10:58:51.863+0000] {processor.py:208} INFO - Processing /home/airflow/.local/lib/python3.12/site-packages/airflow/example_dags/tutorial_dag.py took 0.716 seconds
[2024-10-23T10:59:40.886+0000] {processor.py:186} INFO - Started process (PID=172) to work on /home/airflow/.local/lib/python3.12/site-packages/airflow/example_dags/tutorial_dag.py
[2024-10-23T10:59:40.913+0000] {processor.py:914} INFO - Processing file /home/airflow/.local/lib/python3.12/site-packages/airflow/example_dags/tutorial_dag.py for tasks to queue
[2024-10-23T10:59:40.933+0000] {logging_mixin.py:190} INFO - [2024-10-23T10:59:40.932+0000] {dagbag.py:587} INFO - Filling up the DagBag from /home/airflow/.local/lib/python3.12/site-packages/airflow/example_dags/tutorial_dag.py
[2024-10-23T10:59:40.981+0000] {processor.py:925} INFO - DAG(s) 'tutorial_dag' retrieved from /home/airflow/.local/lib/python3.12/site-packages/airflow/example_dags/tutorial_dag.py
[2024-10-23T10:59:41.110+0000] {logging_mixin.py:190} INFO - [2024-10-23T10:59:41.105+0000] {dag.py:3229} INFO - Sync 1 DAGs
[2024-10-23T10:59:41.261+0000] {logging_mixin.py:190} INFO - [2024-10-23T10:59:41.261+0000] {dag.py:4156} INFO - Setting next_dagrun for tutorial_dag to None, run_after=None
[2024-10-23T10:59:41.373+0000] {processor.py:208} INFO - Processing /home/airflow/.local/lib/python3.12/site-packages/airflow/example_dags/tutorial_dag.py took 0.551 seconds
[2024-10-23T11:15:59.348+0000] {processor.py:186} INFO - Started process (PID=98) to work on /home/airflow/.local/lib/python3.12/site-packages/airflow/example_dags/tutorial_dag.py
[2024-10-23T11:15:59.351+0000] {processor.py:914} INFO - Processing file /home/airflow/.local/lib/python3.12/site-packages/airflow/example_dags/tutorial_dag.py for tasks to queue
[2024-10-23T11:15:59.370+0000] {logging_mixin.py:190} INFO - [2024-10-23T11:15:59.369+0000] {dagbag.py:587} INFO - Filling up the DagBag from /home/airflow/.local/lib/python3.12/site-packages/airflow/example_dags/tutorial_dag.py
[2024-10-23T11:15:59.486+0000] {processor.py:925} INFO - DAG(s) 'tutorial_dag' retrieved from /home/airflow/.local/lib/python3.12/site-packages/airflow/example_dags/tutorial_dag.py
[2024-10-23T11:15:59.860+0000] {logging_mixin.py:190} INFO - [2024-10-23T11:15:59.859+0000] {dag.py:3229} INFO - Sync 1 DAGs
[2024-10-23T11:16:00.108+0000] {logging_mixin.py:190} INFO - [2024-10-23T11:16:00.107+0000] {dag.py:4156} INFO - Setting next_dagrun for tutorial_dag to None, run_after=None
[2024-10-23T11:16:00.430+0000] {processor.py:208} INFO - Processing /home/airflow/.local/lib/python3.12/site-packages/airflow/example_dags/tutorial_dag.py took 1.104 seconds
[2024-10-23T11:17:23.134+0000] {processor.py:186} INFO - Started process (PID=165) to work on /home/airflow/.local/lib/python3.12/site-packages/airflow/example_dags/tutorial_dag.py
[2024-10-23T11:17:23.162+0000] {processor.py:914} INFO - Processing file /home/airflow/.local/lib/python3.12/site-packages/airflow/example_dags/tutorial_dag.py for tasks to queue
[2024-10-23T11:17:23.226+0000] {logging_mixin.py:190} INFO - [2024-10-23T11:17:23.220+0000] {dagbag.py:587} INFO - Filling up the DagBag from /home/airflow/.local/lib/python3.12/site-packages/airflow/example_dags/tutorial_dag.py
[2024-10-23T11:17:23.271+0000] {processor.py:925} INFO - DAG(s) 'tutorial_dag' retrieved from /home/airflow/.local/lib/python3.12/site-packages/airflow/example_dags/tutorial_dag.py
[2024-10-23T11:17:23.469+0000] {logging_mixin.py:190} INFO - [2024-10-23T11:17:23.468+0000] {dag.py:3229} INFO - Sync 1 DAGs
[2024-10-23T11:17:23.612+0000] {logging_mixin.py:190} INFO - [2024-10-23T11:17:23.611+0000] {dag.py:4156} INFO - Setting next_dagrun for tutorial_dag to None, run_after=None
[2024-10-23T11:17:23.886+0000] {processor.py:208} INFO - Processing /home/airflow/.local/lib/python3.12/site-packages/airflow/example_dags/tutorial_dag.py took 0.806 seconds
