[2024-10-23T10:51:11.095+0000] {processor.py:186} INFO - Started process (PID=95) to work on /home/airflow/.local/lib/python3.12/site-packages/airflow/example_dags/tutorial.py
[2024-10-23T10:51:11.131+0000] {processor.py:914} INFO - Processing file /home/airflow/.local/lib/python3.12/site-packages/airflow/example_dags/tutorial.py for tasks to queue
[2024-10-23T10:51:11.552+0000] {logging_mixin.py:190} INFO - [2024-10-23T10:51:11.543+0000] {dagbag.py:587} INFO - Filling up the DagBag from /home/airflow/.local/lib/python3.12/site-packages/airflow/example_dags/tutorial.py
[2024-10-23T10:51:12.117+0000] {processor.py:925} INFO - DAG(s) 'tutorial' retrieved from /home/airflow/.local/lib/python3.12/site-packages/airflow/example_dags/tutorial.py
[2024-10-23T10:51:12.467+0000] {logging_mixin.py:190} INFO - [2024-10-23T10:51:12.466+0000] {dag.py:3229} INFO - Sync 1 DAGs
[2024-10-23T10:51:13.370+0000] {logging_mixin.py:190} INFO - [2024-10-23T10:51:13.370+0000] {dag.py:4156} INFO - Setting next_dagrun for tutorial to 2024-10-22 00:00:00+00:00, run_after=2024-10-23 00:00:00+00:00
[2024-10-23T10:51:14.309+0000] {processor.py:208} INFO - Processing /home/airflow/.local/lib/python3.12/site-packages/airflow/example_dags/tutorial.py took 3.763 seconds
[2024-10-23T10:52:21.588+0000] {processor.py:186} INFO - Started process (PID=163) to work on /home/airflow/.local/lib/python3.12/site-packages/airflow/example_dags/tutorial.py
[2024-10-23T10:52:21.624+0000] {processor.py:914} INFO - Processing file /home/airflow/.local/lib/python3.12/site-packages/airflow/example_dags/tutorial.py for tasks to queue
[2024-10-23T10:52:21.647+0000] {logging_mixin.py:190} INFO - [2024-10-23T10:52:21.646+0000] {dagbag.py:587} INFO - Filling up the DagBag from /home/airflow/.local/lib/python3.12/site-packages/airflow/example_dags/tutorial.py
[2024-10-23T10:52:21.795+0000] {processor.py:925} INFO - DAG(s) 'tutorial' retrieved from /home/airflow/.local/lib/python3.12/site-packages/airflow/example_dags/tutorial.py
[2024-10-23T10:52:22.020+0000] {logging_mixin.py:190} INFO - [2024-10-23T10:52:22.019+0000] {dag.py:3229} INFO - Sync 1 DAGs
[2024-10-23T10:52:22.412+0000] {logging_mixin.py:190} INFO - [2024-10-23T10:52:22.410+0000] {dag.py:4156} INFO - Setting next_dagrun for tutorial to 2024-10-22 00:00:00+00:00, run_after=2024-10-23 00:00:00+00:00
[2024-10-23T10:52:22.695+0000] {processor.py:208} INFO - Processing /home/airflow/.local/lib/python3.12/site-packages/airflow/example_dags/tutorial.py took 1.154 seconds
[2024-10-23T10:53:05.415+0000] {processor.py:186} INFO - Started process (PID=222) to work on /home/airflow/.local/lib/python3.12/site-packages/airflow/example_dags/tutorial.py
[2024-10-23T10:53:05.450+0000] {processor.py:914} INFO - Processing file /home/airflow/.local/lib/python3.12/site-packages/airflow/example_dags/tutorial.py for tasks to queue
[2024-10-23T10:53:05.473+0000] {logging_mixin.py:190} INFO - [2024-10-23T10:53:05.472+0000] {dagbag.py:587} INFO - Filling up the DagBag from /home/airflow/.local/lib/python3.12/site-packages/airflow/example_dags/tutorial.py
[2024-10-23T10:53:06.232+0000] {processor.py:925} INFO - DAG(s) 'tutorial' retrieved from /home/airflow/.local/lib/python3.12/site-packages/airflow/example_dags/tutorial.py
[2024-10-23T10:53:07.440+0000] {logging_mixin.py:190} INFO - [2024-10-23T10:53:07.439+0000] {dag.py:3229} INFO - Sync 1 DAGs
[2024-10-23T10:53:08.218+0000] {logging_mixin.py:190} INFO - [2024-10-23T10:53:08.218+0000] {dag.py:4156} INFO - Setting next_dagrun for tutorial to 2024-10-22 00:00:00+00:00, run_after=2024-10-23 00:00:00+00:00
[2024-10-23T10:53:08.631+0000] {processor.py:208} INFO - Processing /home/airflow/.local/lib/python3.12/site-packages/airflow/example_dags/tutorial.py took 3.395 seconds
[2024-10-23T10:58:48.088+0000] {processor.py:186} INFO - Started process (PID=104) to work on /home/airflow/.local/lib/python3.12/site-packages/airflow/example_dags/tutorial.py
[2024-10-23T10:58:48.107+0000] {processor.py:914} INFO - Processing file /home/airflow/.local/lib/python3.12/site-packages/airflow/example_dags/tutorial.py for tasks to queue
[2024-10-23T10:58:48.144+0000] {logging_mixin.py:190} INFO - [2024-10-23T10:58:48.131+0000] {dagbag.py:587} INFO - Filling up the DagBag from /home/airflow/.local/lib/python3.12/site-packages/airflow/example_dags/tutorial.py
[2024-10-23T10:58:48.252+0000] {processor.py:925} INFO - DAG(s) 'tutorial' retrieved from /home/airflow/.local/lib/python3.12/site-packages/airflow/example_dags/tutorial.py
[2024-10-23T10:58:48.555+0000] {logging_mixin.py:190} INFO - [2024-10-23T10:58:48.540+0000] {dag.py:3229} INFO - Sync 1 DAGs
[2024-10-23T10:58:48.895+0000] {logging_mixin.py:190} INFO - [2024-10-23T10:58:48.891+0000] {dag.py:4156} INFO - Setting next_dagrun for tutorial to 2024-10-22 00:00:00+00:00, run_after=2024-10-23 00:00:00+00:00
[2024-10-23T10:58:49.093+0000] {processor.py:208} INFO - Processing /home/airflow/.local/lib/python3.12/site-packages/airflow/example_dags/tutorial.py took 1.111 seconds
[2024-10-23T10:59:38.133+0000] {processor.py:186} INFO - Started process (PID=167) to work on /home/airflow/.local/lib/python3.12/site-packages/airflow/example_dags/tutorial.py
[2024-10-23T10:59:38.147+0000] {processor.py:914} INFO - Processing file /home/airflow/.local/lib/python3.12/site-packages/airflow/example_dags/tutorial.py for tasks to queue
[2024-10-23T10:59:38.166+0000] {logging_mixin.py:190} INFO - [2024-10-23T10:59:38.165+0000] {dagbag.py:587} INFO - Filling up the DagBag from /home/airflow/.local/lib/python3.12/site-packages/airflow/example_dags/tutorial.py
[2024-10-23T10:59:38.287+0000] {processor.py:925} INFO - DAG(s) 'tutorial' retrieved from /home/airflow/.local/lib/python3.12/site-packages/airflow/example_dags/tutorial.py
[2024-10-23T10:59:38.405+0000] {logging_mixin.py:190} INFO - [2024-10-23T10:59:38.404+0000] {dag.py:3229} INFO - Sync 1 DAGs
[2024-10-23T10:59:38.608+0000] {logging_mixin.py:190} INFO - [2024-10-23T10:59:38.607+0000] {dag.py:4156} INFO - Setting next_dagrun for tutorial to 2024-10-22 00:00:00+00:00, run_after=2024-10-23 00:00:00+00:00
[2024-10-23T10:59:38.821+0000] {processor.py:208} INFO - Processing /home/airflow/.local/lib/python3.12/site-packages/airflow/example_dags/tutorial.py took 0.727 seconds
[2024-10-23T11:15:54.190+0000] {processor.py:186} INFO - Started process (PID=86) to work on /home/airflow/.local/lib/python3.12/site-packages/airflow/example_dags/tutorial.py
[2024-10-23T11:15:54.229+0000] {processor.py:914} INFO - Processing file /home/airflow/.local/lib/python3.12/site-packages/airflow/example_dags/tutorial.py for tasks to queue
[2024-10-23T11:15:54.299+0000] {logging_mixin.py:190} INFO - [2024-10-23T11:15:54.241+0000] {dagbag.py:587} INFO - Filling up the DagBag from /home/airflow/.local/lib/python3.12/site-packages/airflow/example_dags/tutorial.py
[2024-10-23T11:15:54.567+0000] {processor.py:925} INFO - DAG(s) 'tutorial' retrieved from /home/airflow/.local/lib/python3.12/site-packages/airflow/example_dags/tutorial.py
[2024-10-23T11:15:55.127+0000] {logging_mixin.py:190} INFO - [2024-10-23T11:15:55.126+0000] {dag.py:3229} INFO - Sync 1 DAGs
[2024-10-23T11:15:55.515+0000] {logging_mixin.py:190} INFO - [2024-10-23T11:15:55.514+0000] {dag.py:4156} INFO - Setting next_dagrun for tutorial to 2024-10-22 00:00:00+00:00, run_after=2024-10-23 00:00:00+00:00
[2024-10-23T11:15:56.200+0000] {processor.py:208} INFO - Processing /home/airflow/.local/lib/python3.12/site-packages/airflow/example_dags/tutorial.py took 2.138 seconds
[2024-10-23T11:17:19.581+0000] {processor.py:186} INFO - Started process (PID=160) to work on /home/airflow/.local/lib/python3.12/site-packages/airflow/example_dags/tutorial.py
[2024-10-23T11:17:19.601+0000] {processor.py:914} INFO - Processing file /home/airflow/.local/lib/python3.12/site-packages/airflow/example_dags/tutorial.py for tasks to queue
[2024-10-23T11:17:19.618+0000] {logging_mixin.py:190} INFO - [2024-10-23T11:17:19.618+0000] {dagbag.py:587} INFO - Filling up the DagBag from /home/airflow/.local/lib/python3.12/site-packages/airflow/example_dags/tutorial.py
[2024-10-23T11:17:19.754+0000] {processor.py:925} INFO - DAG(s) 'tutorial' retrieved from /home/airflow/.local/lib/python3.12/site-packages/airflow/example_dags/tutorial.py
[2024-10-23T11:17:19.887+0000] {logging_mixin.py:190} INFO - [2024-10-23T11:17:19.886+0000] {dag.py:3229} INFO - Sync 1 DAGs
[2024-10-23T11:17:20.148+0000] {logging_mixin.py:190} INFO - [2024-10-23T11:17:20.147+0000] {dag.py:4156} INFO - Setting next_dagrun for tutorial to 2024-10-22 00:00:00+00:00, run_after=2024-10-23 00:00:00+00:00
[2024-10-23T11:17:20.404+0000] {processor.py:208} INFO - Processing /home/airflow/.local/lib/python3.12/site-packages/airflow/example_dags/tutorial.py took 0.851 seconds
