[2024-10-22T13:48:24.830+0000] {processor.py:186} INFO - Started process (PID=88) to work on /home/airflow/.local/lib/python3.12/site-packages/airflow/example_dags/example_branch_python_dop_operator_3.py
[2024-10-22T13:48:24.833+0000] {processor.py:914} INFO - Processing file /home/airflow/.local/lib/python3.12/site-packages/airflow/example_dags/example_branch_python_dop_operator_3.py for tasks to queue
[2024-10-22T13:48:24.848+0000] {logging_mixin.py:190} INFO - [2024-10-22T13:48:24.846+0000] {dagbag.py:587} INFO - Filling up the DagBag from /home/airflow/.local/lib/python3.12/site-packages/airflow/example_dags/example_branch_python_dop_operator_3.py
[2024-10-22T13:48:24.930+0000] {processor.py:925} INFO - DAG(s) 'example_branch_dop_operator_v3' retrieved from /home/airflow/.local/lib/python3.12/site-packages/airflow/example_dags/example_branch_python_dop_operator_3.py
[2024-10-22T13:48:25.241+0000] {logging_mixin.py:190} INFO - [2024-10-22T13:48:25.239+0000] {dag.py:3229} INFO - Sync 1 DAGs
[2024-10-22T13:48:25.584+0000] {logging_mixin.py:190} INFO - [2024-10-22T13:48:25.584+0000] {dag.py:4156} INFO - Setting next_dagrun for example_branch_dop_operator_v3 to 2024-10-22 13:47:00+00:00, run_after=2024-10-22 13:48:00+00:00
[2024-10-22T13:48:25.837+0000] {processor.py:208} INFO - Processing /home/airflow/.local/lib/python3.12/site-packages/airflow/example_dags/example_branch_python_dop_operator_3.py took 1.076 seconds
[2024-10-22T13:49:12.139+0000] {processor.py:186} INFO - Started process (PID=157) to work on /home/airflow/.local/lib/python3.12/site-packages/airflow/example_dags/example_branch_python_dop_operator_3.py
[2024-10-22T13:49:12.153+0000] {processor.py:914} INFO - Processing file /home/airflow/.local/lib/python3.12/site-packages/airflow/example_dags/example_branch_python_dop_operator_3.py for tasks to queue
[2024-10-22T13:49:12.174+0000] {logging_mixin.py:190} INFO - [2024-10-22T13:49:12.172+0000] {dagbag.py:587} INFO - Filling up the DagBag from /home/airflow/.local/lib/python3.12/site-packages/airflow/example_dags/example_branch_python_dop_operator_3.py
[2024-10-22T13:49:12.228+0000] {processor.py:925} INFO - DAG(s) 'example_branch_dop_operator_v3' retrieved from /home/airflow/.local/lib/python3.12/site-packages/airflow/example_dags/example_branch_python_dop_operator_3.py
[2024-10-22T13:49:12.355+0000] {logging_mixin.py:190} INFO - [2024-10-22T13:49:12.353+0000] {dag.py:3229} INFO - Sync 1 DAGs
[2024-10-22T13:49:12.627+0000] {logging_mixin.py:190} INFO - [2024-10-22T13:49:12.626+0000] {dag.py:4156} INFO - Setting next_dagrun for example_branch_dop_operator_v3 to 2024-10-22 13:48:00+00:00, run_after=2024-10-22 13:49:00+00:00
[2024-10-22T13:49:12.727+0000] {processor.py:208} INFO - Processing /home/airflow/.local/lib/python3.12/site-packages/airflow/example_dags/example_branch_python_dop_operator_3.py took 0.620 seconds
[2024-10-22T18:41:57.692+0000] {processor.py:186} INFO - Started process (PID=84) to work on /home/airflow/.local/lib/python3.12/site-packages/airflow/example_dags/example_branch_python_dop_operator_3.py
[2024-10-22T18:41:57.699+0000] {processor.py:914} INFO - Processing file /home/airflow/.local/lib/python3.12/site-packages/airflow/example_dags/example_branch_python_dop_operator_3.py for tasks to queue
[2024-10-22T18:41:57.768+0000] {logging_mixin.py:190} INFO - [2024-10-22T18:41:57.768+0000] {dagbag.py:587} INFO - Filling up the DagBag from /home/airflow/.local/lib/python3.12/site-packages/airflow/example_dags/example_branch_python_dop_operator_3.py
[2024-10-22T18:41:57.893+0000] {processor.py:925} INFO - DAG(s) 'example_branch_dop_operator_v3' retrieved from /home/airflow/.local/lib/python3.12/site-packages/airflow/example_dags/example_branch_python_dop_operator_3.py
[2024-10-22T18:41:58.225+0000] {logging_mixin.py:190} INFO - [2024-10-22T18:41:58.225+0000] {dag.py:3229} INFO - Sync 1 DAGs
[2024-10-22T18:41:58.641+0000] {logging_mixin.py:190} INFO - [2024-10-22T18:41:58.640+0000] {dag.py:4156} INFO - Setting next_dagrun for example_branch_dop_operator_v3 to 2024-10-22 18:40:00+00:00, run_after=2024-10-22 18:41:00+00:00
[2024-10-22T18:41:58.860+0000] {processor.py:208} INFO - Processing /home/airflow/.local/lib/python3.12/site-packages/airflow/example_dags/example_branch_python_dop_operator_3.py took 1.240 seconds
[2024-10-22T18:43:08.720+0000] {processor.py:186} INFO - Started process (PID=152) to work on /home/airflow/.local/lib/python3.12/site-packages/airflow/example_dags/example_branch_python_dop_operator_3.py
[2024-10-22T18:43:08.738+0000] {processor.py:914} INFO - Processing file /home/airflow/.local/lib/python3.12/site-packages/airflow/example_dags/example_branch_python_dop_operator_3.py for tasks to queue
[2024-10-22T18:43:08.757+0000] {logging_mixin.py:190} INFO - [2024-10-22T18:43:08.756+0000] {dagbag.py:587} INFO - Filling up the DagBag from /home/airflow/.local/lib/python3.12/site-packages/airflow/example_dags/example_branch_python_dop_operator_3.py
[2024-10-22T18:43:09.007+0000] {processor.py:925} INFO - DAG(s) 'example_branch_dop_operator_v3' retrieved from /home/airflow/.local/lib/python3.12/site-packages/airflow/example_dags/example_branch_python_dop_operator_3.py
[2024-10-22T18:43:09.303+0000] {logging_mixin.py:190} INFO - [2024-10-22T18:43:09.303+0000] {dag.py:3229} INFO - Sync 1 DAGs
[2024-10-22T18:43:09.655+0000] {logging_mixin.py:190} INFO - [2024-10-22T18:43:09.654+0000] {dag.py:4156} INFO - Setting next_dagrun for example_branch_dop_operator_v3 to 2024-10-22 18:42:00+00:00, run_after=2024-10-22 18:43:00+00:00
[2024-10-22T18:43:09.920+0000] {processor.py:208} INFO - Processing /home/airflow/.local/lib/python3.12/site-packages/airflow/example_dags/example_branch_python_dop_operator_3.py took 1.306 seconds
[2024-10-22T18:47:32.159+0000] {processor.py:186} INFO - Started process (PID=77) to work on /home/airflow/.local/lib/python3.12/site-packages/airflow/example_dags/example_branch_python_dop_operator_3.py
[2024-10-22T18:47:32.167+0000] {processor.py:914} INFO - Processing file /home/airflow/.local/lib/python3.12/site-packages/airflow/example_dags/example_branch_python_dop_operator_3.py for tasks to queue
[2024-10-22T18:47:32.193+0000] {logging_mixin.py:190} INFO - [2024-10-22T18:47:32.192+0000] {dagbag.py:587} INFO - Filling up the DagBag from /home/airflow/.local/lib/python3.12/site-packages/airflow/example_dags/example_branch_python_dop_operator_3.py
[2024-10-22T18:47:32.346+0000] {processor.py:925} INFO - DAG(s) 'example_branch_dop_operator_v3' retrieved from /home/airflow/.local/lib/python3.12/site-packages/airflow/example_dags/example_branch_python_dop_operator_3.py
[2024-10-22T18:47:39.845+0000] {logging_mixin.py:190} INFO - [2024-10-22T18:47:39.811+0000] {dag.py:3229} INFO - Sync 1 DAGs
[2024-10-22T18:47:41.974+0000] {logging_mixin.py:190} INFO - [2024-10-22T18:47:41.974+0000] {dag.py:4156} INFO - Setting next_dagrun for example_branch_dop_operator_v3 to 2024-10-22 18:46:00+00:00, run_after=2024-10-22 18:47:00+00:00
[2024-10-22T18:47:43.863+0000] {processor.py:208} INFO - Processing /home/airflow/.local/lib/python3.12/site-packages/airflow/example_dags/example_branch_python_dop_operator_3.py took 11.739 seconds
