[2024-10-22T13:48:25.683+0000] {processor.py:186} INFO - Started process (PID=89) to work on /home/airflow/.local/lib/python3.12/site-packages/airflow/example_dags/example_sensors.py
[2024-10-22T13:48:25.686+0000] {processor.py:914} INFO - Processing file /home/airflow/.local/lib/python3.12/site-packages/airflow/example_dags/example_sensors.py for tasks to queue
[2024-10-22T13:48:25.705+0000] {logging_mixin.py:190} INFO - [2024-10-22T13:48:25.704+0000] {dagbag.py:587} INFO - Filling up the DagBag from /home/airflow/.local/lib/python3.12/site-packages/airflow/example_dags/example_sensors.py
[2024-10-22T13:48:25.916+0000] {processor.py:925} INFO - DAG(s) 'example_sensors' retrieved from /home/airflow/.local/lib/python3.12/site-packages/airflow/example_dags/example_sensors.py
[2024-10-22T13:48:26.415+0000] {logging_mixin.py:190} INFO - [2024-10-22T13:48:26.415+0000] {dag.py:3229} INFO - Sync 1 DAGs
[2024-10-22T13:48:26.609+0000] {logging_mixin.py:190} INFO - [2024-10-22T13:48:26.609+0000] {dag.py:4156} INFO - Setting next_dagrun for example_sensors to None, run_after=None
[2024-10-22T13:48:26.721+0000] {processor.py:208} INFO - Processing /home/airflow/.local/lib/python3.12/site-packages/airflow/example_dags/example_sensors.py took 1.137 seconds
[2024-10-22T13:49:12.633+0000] {processor.py:186} INFO - Started process (PID=158) to work on /home/airflow/.local/lib/python3.12/site-packages/airflow/example_dags/example_sensors.py
[2024-10-22T13:49:12.650+0000] {processor.py:914} INFO - Processing file /home/airflow/.local/lib/python3.12/site-packages/airflow/example_dags/example_sensors.py for tasks to queue
[2024-10-22T13:49:12.661+0000] {logging_mixin.py:190} INFO - [2024-10-22T13:49:12.660+0000] {dagbag.py:587} INFO - Filling up the DagBag from /home/airflow/.local/lib/python3.12/site-packages/airflow/example_dags/example_sensors.py
[2024-10-22T13:49:12.733+0000] {processor.py:925} INFO - DAG(s) 'example_sensors' retrieved from /home/airflow/.local/lib/python3.12/site-packages/airflow/example_dags/example_sensors.py
[2024-10-22T13:49:12.834+0000] {logging_mixin.py:190} INFO - [2024-10-22T13:49:12.833+0000] {dag.py:3229} INFO - Sync 1 DAGs
[2024-10-22T13:49:12.976+0000] {logging_mixin.py:190} INFO - [2024-10-22T13:49:12.973+0000] {dag.py:4156} INFO - Setting next_dagrun for example_sensors to None, run_after=None
[2024-10-22T13:49:13.055+0000] {processor.py:208} INFO - Processing /home/airflow/.local/lib/python3.12/site-packages/airflow/example_dags/example_sensors.py took 0.458 seconds
[2024-10-22T18:41:58.310+0000] {processor.py:186} INFO - Started process (PID=85) to work on /home/airflow/.local/lib/python3.12/site-packages/airflow/example_dags/example_sensors.py
[2024-10-22T18:41:58.329+0000] {processor.py:914} INFO - Processing file /home/airflow/.local/lib/python3.12/site-packages/airflow/example_dags/example_sensors.py for tasks to queue
[2024-10-22T18:41:58.370+0000] {logging_mixin.py:190} INFO - [2024-10-22T18:41:58.346+0000] {dagbag.py:587} INFO - Filling up the DagBag from /home/airflow/.local/lib/python3.12/site-packages/airflow/example_dags/example_sensors.py
[2024-10-22T18:41:58.699+0000] {processor.py:925} INFO - DAG(s) 'example_sensors' retrieved from /home/airflow/.local/lib/python3.12/site-packages/airflow/example_dags/example_sensors.py
[2024-10-22T18:41:58.929+0000] {logging_mixin.py:190} INFO - [2024-10-22T18:41:58.928+0000] {dag.py:3229} INFO - Sync 1 DAGs
[2024-10-22T18:41:59.256+0000] {logging_mixin.py:190} INFO - [2024-10-22T18:41:59.255+0000] {dag.py:4156} INFO - Setting next_dagrun for example_sensors to None, run_after=None
[2024-10-22T18:41:59.456+0000] {processor.py:208} INFO - Processing /home/airflow/.local/lib/python3.12/site-packages/airflow/example_dags/example_sensors.py took 1.212 seconds
[2024-10-22T18:43:09.704+0000] {processor.py:186} INFO - Started process (PID=153) to work on /home/airflow/.local/lib/python3.12/site-packages/airflow/example_dags/example_sensors.py
[2024-10-22T18:43:09.718+0000] {processor.py:914} INFO - Processing file /home/airflow/.local/lib/python3.12/site-packages/airflow/example_dags/example_sensors.py for tasks to queue
[2024-10-22T18:43:09.751+0000] {logging_mixin.py:190} INFO - [2024-10-22T18:43:09.743+0000] {dagbag.py:587} INFO - Filling up the DagBag from /home/airflow/.local/lib/python3.12/site-packages/airflow/example_dags/example_sensors.py
[2024-10-22T18:43:09.938+0000] {processor.py:925} INFO - DAG(s) 'example_sensors' retrieved from /home/airflow/.local/lib/python3.12/site-packages/airflow/example_dags/example_sensors.py
[2024-10-22T18:43:10.526+0000] {logging_mixin.py:190} INFO - [2024-10-22T18:43:10.526+0000] {dag.py:3229} INFO - Sync 1 DAGs
[2024-10-22T18:43:10.691+0000] {logging_mixin.py:190} INFO - [2024-10-22T18:43:10.684+0000] {dag.py:4156} INFO - Setting next_dagrun for example_sensors to None, run_after=None
[2024-10-22T18:43:11.159+0000] {processor.py:208} INFO - Processing /home/airflow/.local/lib/python3.12/site-packages/airflow/example_dags/example_sensors.py took 1.527 seconds
[2024-10-22T18:47:39.375+0000] {processor.py:186} INFO - Started process (PID=78) to work on /home/airflow/.local/lib/python3.12/site-packages/airflow/example_dags/example_sensors.py
[2024-10-22T18:47:39.444+0000] {processor.py:914} INFO - Processing file /home/airflow/.local/lib/python3.12/site-packages/airflow/example_dags/example_sensors.py for tasks to queue
[2024-10-22T18:47:39.507+0000] {logging_mixin.py:190} INFO - [2024-10-22T18:47:39.505+0000] {dagbag.py:587} INFO - Filling up the DagBag from /home/airflow/.local/lib/python3.12/site-packages/airflow/example_dags/example_sensors.py
[2024-10-22T18:47:39.695+0000] {processor.py:925} INFO - DAG(s) 'example_sensors' retrieved from /home/airflow/.local/lib/python3.12/site-packages/airflow/example_dags/example_sensors.py
[2024-10-22T18:47:40.309+0000] {logging_mixin.py:190} INFO - [2024-10-22T18:47:40.307+0000] {dag.py:3229} INFO - Sync 1 DAGs
[2024-10-22T18:47:41.491+0000] {logging_mixin.py:190} INFO - [2024-10-22T18:47:41.490+0000] {dag.py:4156} INFO - Setting next_dagrun for example_sensors to None, run_after=None
[2024-10-22T18:47:42.419+0000] {processor.py:208} INFO - Processing /home/airflow/.local/lib/python3.12/site-packages/airflow/example_dags/example_sensors.py took 3.177 seconds
