[2024-10-22T13:48:22.359+0000] {processor.py:186} INFO - Started process (PID=87) to work on /home/airflow/.local/lib/python3.12/site-packages/airflow/example_dags/example_time_delta_sensor_async.py
[2024-10-22T13:48:22.368+0000] {processor.py:914} INFO - Processing file /home/airflow/.local/lib/python3.12/site-packages/airflow/example_dags/example_time_delta_sensor_async.py for tasks to queue
[2024-10-22T13:48:22.400+0000] {logging_mixin.py:190} INFO - [2024-10-22T13:48:22.399+0000] {dagbag.py:587} INFO - Filling up the DagBag from /home/airflow/.local/lib/python3.12/site-packages/airflow/example_dags/example_time_delta_sensor_async.py
[2024-10-22T13:48:23.743+0000] {processor.py:925} INFO - DAG(s) 'example_time_delta_sensor_async' retrieved from /home/airflow/.local/lib/python3.12/site-packages/airflow/example_dags/example_time_delta_sensor_async.py
[2024-10-22T13:48:24.169+0000] {logging_mixin.py:190} INFO - [2024-10-22T13:48:24.169+0000] {dag.py:3229} INFO - Sync 1 DAGs
[2024-10-22T13:48:24.347+0000] {logging_mixin.py:190} INFO - [2024-10-22T13:48:24.346+0000] {dag.py:4156} INFO - Setting next_dagrun for example_time_delta_sensor_async to None, run_after=None
[2024-10-22T13:48:24.542+0000] {processor.py:208} INFO - Processing /home/airflow/.local/lib/python3.12/site-packages/airflow/example_dags/example_time_delta_sensor_async.py took 1.076 seconds
[2024-10-22T13:49:11.537+0000] {processor.py:186} INFO - Started process (PID=156) to work on /home/airflow/.local/lib/python3.12/site-packages/airflow/example_dags/example_time_delta_sensor_async.py
[2024-10-22T13:49:11.549+0000] {processor.py:914} INFO - Processing file /home/airflow/.local/lib/python3.12/site-packages/airflow/example_dags/example_time_delta_sensor_async.py for tasks to queue
[2024-10-22T13:49:11.561+0000] {logging_mixin.py:190} INFO - [2024-10-22T13:49:11.561+0000] {dagbag.py:587} INFO - Filling up the DagBag from /home/airflow/.local/lib/python3.12/site-packages/airflow/example_dags/example_time_delta_sensor_async.py
[2024-10-22T13:49:11.577+0000] {processor.py:925} INFO - DAG(s) 'example_time_delta_sensor_async' retrieved from /home/airflow/.local/lib/python3.12/site-packages/airflow/example_dags/example_time_delta_sensor_async.py
[2024-10-22T13:49:11.710+0000] {logging_mixin.py:190} INFO - [2024-10-22T13:49:11.709+0000] {dag.py:3229} INFO - Sync 1 DAGs
[2024-10-22T13:49:11.818+0000] {logging_mixin.py:190} INFO - [2024-10-22T13:49:11.818+0000] {dag.py:4156} INFO - Setting next_dagrun for example_time_delta_sensor_async to None, run_after=None
[2024-10-22T13:49:12.006+0000] {processor.py:208} INFO - Processing /home/airflow/.local/lib/python3.12/site-packages/airflow/example_dags/example_time_delta_sensor_async.py took 0.497 seconds
[2024-10-22T18:41:56.752+0000] {processor.py:186} INFO - Started process (PID=83) to work on /home/airflow/.local/lib/python3.12/site-packages/airflow/example_dags/example_time_delta_sensor_async.py
[2024-10-22T18:41:56.777+0000] {processor.py:914} INFO - Processing file /home/airflow/.local/lib/python3.12/site-packages/airflow/example_dags/example_time_delta_sensor_async.py for tasks to queue
[2024-10-22T18:41:56.783+0000] {logging_mixin.py:190} INFO - [2024-10-22T18:41:56.782+0000] {dagbag.py:587} INFO - Filling up the DagBag from /home/airflow/.local/lib/python3.12/site-packages/airflow/example_dags/example_time_delta_sensor_async.py
[2024-10-22T18:41:56.825+0000] {processor.py:925} INFO - DAG(s) 'example_time_delta_sensor_async' retrieved from /home/airflow/.local/lib/python3.12/site-packages/airflow/example_dags/example_time_delta_sensor_async.py
[2024-10-22T18:41:57.017+0000] {logging_mixin.py:190} INFO - [2024-10-22T18:41:57.017+0000] {dag.py:3229} INFO - Sync 1 DAGs
[2024-10-22T18:41:57.169+0000] {logging_mixin.py:190} INFO - [2024-10-22T18:41:57.169+0000] {dag.py:4156} INFO - Setting next_dagrun for example_time_delta_sensor_async to None, run_after=None
[2024-10-22T18:41:57.421+0000] {processor.py:208} INFO - Processing /home/airflow/.local/lib/python3.12/site-packages/airflow/example_dags/example_time_delta_sensor_async.py took 0.682 seconds
[2024-10-22T18:43:07.760+0000] {processor.py:186} INFO - Started process (PID=151) to work on /home/airflow/.local/lib/python3.12/site-packages/airflow/example_dags/example_time_delta_sensor_async.py
[2024-10-22T18:43:07.777+0000] {processor.py:914} INFO - Processing file /home/airflow/.local/lib/python3.12/site-packages/airflow/example_dags/example_time_delta_sensor_async.py for tasks to queue
[2024-10-22T18:43:07.810+0000] {logging_mixin.py:190} INFO - [2024-10-22T18:43:07.809+0000] {dagbag.py:587} INFO - Filling up the DagBag from /home/airflow/.local/lib/python3.12/site-packages/airflow/example_dags/example_time_delta_sensor_async.py
[2024-10-22T18:43:07.827+0000] {processor.py:925} INFO - DAG(s) 'example_time_delta_sensor_async' retrieved from /home/airflow/.local/lib/python3.12/site-packages/airflow/example_dags/example_time_delta_sensor_async.py
[2024-10-22T18:43:08.720+0000] {logging_mixin.py:190} INFO - [2024-10-22T18:43:08.720+0000] {dag.py:3229} INFO - Sync 1 DAGs
[2024-10-22T18:43:09.180+0000] {logging_mixin.py:190} INFO - [2024-10-22T18:43:09.179+0000] {dag.py:4156} INFO - Setting next_dagrun for example_time_delta_sensor_async to None, run_after=None
[2024-10-22T18:43:09.380+0000] {processor.py:208} INFO - Processing /home/airflow/.local/lib/python3.12/site-packages/airflow/example_dags/example_time_delta_sensor_async.py took 1.283 seconds
[2024-10-22T18:47:31.310+0000] {processor.py:186} INFO - Started process (PID=76) to work on /home/airflow/.local/lib/python3.12/site-packages/airflow/example_dags/example_time_delta_sensor_async.py
[2024-10-22T18:47:31.321+0000] {processor.py:914} INFO - Processing file /home/airflow/.local/lib/python3.12/site-packages/airflow/example_dags/example_time_delta_sensor_async.py for tasks to queue
[2024-10-22T18:47:31.367+0000] {logging_mixin.py:190} INFO - [2024-10-22T18:47:31.366+0000] {dagbag.py:587} INFO - Filling up the DagBag from /home/airflow/.local/lib/python3.12/site-packages/airflow/example_dags/example_time_delta_sensor_async.py
[2024-10-22T18:47:31.452+0000] {processor.py:925} INFO - DAG(s) 'example_time_delta_sensor_async' retrieved from /home/airflow/.local/lib/python3.12/site-packages/airflow/example_dags/example_time_delta_sensor_async.py
[2024-10-22T18:47:31.948+0000] {logging_mixin.py:190} INFO - [2024-10-22T18:47:31.947+0000] {dag.py:3229} INFO - Sync 1 DAGs
[2024-10-22T18:47:32.231+0000] {logging_mixin.py:190} INFO - [2024-10-22T18:47:32.216+0000] {dag.py:4156} INFO - Setting next_dagrun for example_time_delta_sensor_async to None, run_after=None
[2024-10-22T18:47:33.045+0000] {processor.py:208} INFO - Processing /home/airflow/.local/lib/python3.12/site-packages/airflow/example_dags/example_time_delta_sensor_async.py took 1.812 seconds
