[2024-10-22T13:48:38.917+0000] {processor.py:186} INFO - Started process (PID=108) to work on /home/airflow/.local/lib/python3.12/site-packages/airflow/example_dags/example_task_group.py
[2024-10-22T13:48:38.920+0000] {processor.py:914} INFO - Processing file /home/airflow/.local/lib/python3.12/site-packages/airflow/example_dags/example_task_group.py for tasks to queue
[2024-10-22T13:48:38.935+0000] {logging_mixin.py:190} INFO - [2024-10-22T13:48:38.934+0000] {dagbag.py:587} INFO - Filling up the DagBag from /home/airflow/.local/lib/python3.12/site-packages/airflow/example_dags/example_task_group.py
[2024-10-22T13:48:39.019+0000] {processor.py:925} INFO - DAG(s) 'example_task_group' retrieved from /home/airflow/.local/lib/python3.12/site-packages/airflow/example_dags/example_task_group.py
[2024-10-22T13:48:39.486+0000] {logging_mixin.py:190} INFO - [2024-10-22T13:48:39.485+0000] {dag.py:3229} INFO - Sync 1 DAGs
[2024-10-22T13:48:39.693+0000] {logging_mixin.py:190} INFO - [2024-10-22T13:48:39.693+0000] {dag.py:4156} INFO - Setting next_dagrun for example_task_group to None, run_after=None
[2024-10-22T13:48:39.919+0000] {processor.py:208} INFO - Processing /home/airflow/.local/lib/python3.12/site-packages/airflow/example_dags/example_task_group.py took 1.039 seconds
[2024-10-22T13:49:16.969+0000] {processor.py:186} INFO - Started process (PID=171) to work on /home/airflow/.local/lib/python3.12/site-packages/airflow/example_dags/example_task_group.py
[2024-10-22T13:49:16.971+0000] {processor.py:914} INFO - Processing file /home/airflow/.local/lib/python3.12/site-packages/airflow/example_dags/example_task_group.py for tasks to queue
[2024-10-22T13:49:16.977+0000] {logging_mixin.py:190} INFO - [2024-10-22T13:49:16.976+0000] {dagbag.py:587} INFO - Filling up the DagBag from /home/airflow/.local/lib/python3.12/site-packages/airflow/example_dags/example_task_group.py
[2024-10-22T13:49:17.000+0000] {processor.py:925} INFO - DAG(s) 'example_task_group' retrieved from /home/airflow/.local/lib/python3.12/site-packages/airflow/example_dags/example_task_group.py
[2024-10-22T13:49:17.108+0000] {logging_mixin.py:190} INFO - [2024-10-22T13:49:17.107+0000] {dag.py:3229} INFO - Sync 1 DAGs
[2024-10-22T13:49:17.209+0000] {logging_mixin.py:190} INFO - [2024-10-22T13:49:17.208+0000] {dag.py:4156} INFO - Setting next_dagrun for example_task_group to None, run_after=None
[2024-10-22T13:49:17.312+0000] {processor.py:208} INFO - Processing /home/airflow/.local/lib/python3.12/site-packages/airflow/example_dags/example_task_group.py took 0.365 seconds
[2024-10-22T18:42:17.561+0000] {processor.py:186} INFO - Started process (PID=103) to work on /home/airflow/.local/lib/python3.12/site-packages/airflow/example_dags/example_task_group.py
[2024-10-22T18:42:17.598+0000] {processor.py:914} INFO - Processing file /home/airflow/.local/lib/python3.12/site-packages/airflow/example_dags/example_task_group.py for tasks to queue
[2024-10-22T18:42:17.607+0000] {logging_mixin.py:190} INFO - [2024-10-22T18:42:17.606+0000] {dagbag.py:587} INFO - Filling up the DagBag from /home/airflow/.local/lib/python3.12/site-packages/airflow/example_dags/example_task_group.py
[2024-10-22T18:42:17.750+0000] {processor.py:925} INFO - DAG(s) 'example_task_group' retrieved from /home/airflow/.local/lib/python3.12/site-packages/airflow/example_dags/example_task_group.py
[2024-10-22T18:42:18.182+0000] {logging_mixin.py:190} INFO - [2024-10-22T18:42:18.182+0000] {dag.py:3229} INFO - Sync 1 DAGs
[2024-10-22T18:42:18.418+0000] {logging_mixin.py:190} INFO - [2024-10-22T18:42:18.417+0000] {dag.py:4156} INFO - Setting next_dagrun for example_task_group to None, run_after=None
[2024-10-22T18:42:18.902+0000] {processor.py:208} INFO - Processing /home/airflow/.local/lib/python3.12/site-packages/airflow/example_dags/example_task_group.py took 1.361 seconds
[2024-10-22T18:43:19.211+0000] {processor.py:186} INFO - Started process (PID=172) to work on /home/airflow/.local/lib/python3.12/site-packages/airflow/example_dags/example_task_group.py
[2024-10-22T18:43:19.240+0000] {processor.py:914} INFO - Processing file /home/airflow/.local/lib/python3.12/site-packages/airflow/example_dags/example_task_group.py for tasks to queue
[2024-10-22T18:43:19.247+0000] {logging_mixin.py:190} INFO - [2024-10-22T18:43:19.246+0000] {dagbag.py:587} INFO - Filling up the DagBag from /home/airflow/.local/lib/python3.12/site-packages/airflow/example_dags/example_task_group.py
[2024-10-22T18:43:19.334+0000] {processor.py:925} INFO - DAG(s) 'example_task_group' retrieved from /home/airflow/.local/lib/python3.12/site-packages/airflow/example_dags/example_task_group.py
[2024-10-22T18:43:19.511+0000] {logging_mixin.py:190} INFO - [2024-10-22T18:43:19.511+0000] {dag.py:3229} INFO - Sync 1 DAGs
[2024-10-22T18:43:19.805+0000] {logging_mixin.py:190} INFO - [2024-10-22T18:43:19.805+0000] {dag.py:4156} INFO - Setting next_dagrun for example_task_group to None, run_after=None
[2024-10-22T18:43:20.024+0000] {processor.py:208} INFO - Processing /home/airflow/.local/lib/python3.12/site-packages/airflow/example_dags/example_task_group.py took 0.857 seconds
