[2024-10-22T13:48:35.708+0000] {processor.py:186} INFO - Started process (PID=106) to work on /home/airflow/.local/lib/python3.12/site-packages/airflow/example_dags/example_params_ui_tutorial.py
[2024-10-22T13:48:35.727+0000] {processor.py:914} INFO - Processing file /home/airflow/.local/lib/python3.12/site-packages/airflow/example_dags/example_params_ui_tutorial.py for tasks to queue
[2024-10-22T13:48:35.733+0000] {logging_mixin.py:190} INFO - [2024-10-22T13:48:35.732+0000] {dagbag.py:587} INFO - Filling up the DagBag from /home/airflow/.local/lib/python3.12/site-packages/airflow/example_dags/example_params_ui_tutorial.py
[2024-10-22T13:48:35.842+0000] {processor.py:925} INFO - DAG(s) 'example_params_ui_tutorial' retrieved from /home/airflow/.local/lib/python3.12/site-packages/airflow/example_dags/example_params_ui_tutorial.py
[2024-10-22T13:48:38.498+0000] {logging_mixin.py:190} INFO - [2024-10-22T13:48:38.496+0000] {dag.py:3229} INFO - Sync 1 DAGs
[2024-10-22T13:48:38.621+0000] {logging_mixin.py:190} INFO - [2024-10-22T13:48:38.620+0000] {dag.py:4156} INFO - Setting next_dagrun for example_params_ui_tutorial to None, run_after=None
[2024-10-22T13:48:38.738+0000] {processor.py:208} INFO - Processing /home/airflow/.local/lib/python3.12/site-packages/airflow/example_dags/example_params_ui_tutorial.py took 3.057 seconds
[2024-10-22T13:49:16.069+0000] {processor.py:186} INFO - Started process (PID=169) to work on /home/airflow/.local/lib/python3.12/site-packages/airflow/example_dags/example_params_ui_tutorial.py
[2024-10-22T13:49:16.078+0000] {processor.py:914} INFO - Processing file /home/airflow/.local/lib/python3.12/site-packages/airflow/example_dags/example_params_ui_tutorial.py for tasks to queue
[2024-10-22T13:49:16.101+0000] {logging_mixin.py:190} INFO - [2024-10-22T13:49:16.094+0000] {dagbag.py:587} INFO - Filling up the DagBag from /home/airflow/.local/lib/python3.12/site-packages/airflow/example_dags/example_params_ui_tutorial.py
[2024-10-22T13:49:16.153+0000] {processor.py:925} INFO - DAG(s) 'example_params_ui_tutorial' retrieved from /home/airflow/.local/lib/python3.12/site-packages/airflow/example_dags/example_params_ui_tutorial.py
[2024-10-22T13:49:16.365+0000] {logging_mixin.py:190} INFO - [2024-10-22T13:49:16.365+0000] {dag.py:3229} INFO - Sync 1 DAGs
[2024-10-22T13:49:16.474+0000] {logging_mixin.py:190} INFO - [2024-10-22T13:49:16.473+0000] {dag.py:4156} INFO - Setting next_dagrun for example_params_ui_tutorial to None, run_after=None
[2024-10-22T13:49:16.609+0000] {processor.py:208} INFO - Processing /home/airflow/.local/lib/python3.12/site-packages/airflow/example_dags/example_params_ui_tutorial.py took 0.584 seconds
[2024-10-22T18:42:14.321+0000] {processor.py:186} INFO - Started process (PID=101) to work on /home/airflow/.local/lib/python3.12/site-packages/airflow/example_dags/example_params_ui_tutorial.py
[2024-10-22T18:42:14.335+0000] {processor.py:914} INFO - Processing file /home/airflow/.local/lib/python3.12/site-packages/airflow/example_dags/example_params_ui_tutorial.py for tasks to queue
[2024-10-22T18:42:14.396+0000] {logging_mixin.py:190} INFO - [2024-10-22T18:42:14.376+0000] {dagbag.py:587} INFO - Filling up the DagBag from /home/airflow/.local/lib/python3.12/site-packages/airflow/example_dags/example_params_ui_tutorial.py
[2024-10-22T18:42:14.479+0000] {processor.py:925} INFO - DAG(s) 'example_params_ui_tutorial' retrieved from /home/airflow/.local/lib/python3.12/site-packages/airflow/example_dags/example_params_ui_tutorial.py
[2024-10-22T18:42:15.012+0000] {logging_mixin.py:190} INFO - [2024-10-22T18:42:15.011+0000] {dag.py:3229} INFO - Sync 1 DAGs
[2024-10-22T18:42:15.269+0000] {logging_mixin.py:190} INFO - [2024-10-22T18:42:15.265+0000] {dag.py:4156} INFO - Setting next_dagrun for example_params_ui_tutorial to None, run_after=None
[2024-10-22T18:42:16.660+0000] {processor.py:208} INFO - Processing /home/airflow/.local/lib/python3.12/site-packages/airflow/example_dags/example_params_ui_tutorial.py took 2.377 seconds
[2024-10-22T18:43:17.385+0000] {processor.py:186} INFO - Started process (PID=164) to work on /home/airflow/.local/lib/python3.12/site-packages/airflow/example_dags/example_params_ui_tutorial.py
[2024-10-22T18:43:17.416+0000] {processor.py:914} INFO - Processing file /home/airflow/.local/lib/python3.12/site-packages/airflow/example_dags/example_params_ui_tutorial.py for tasks to queue
[2024-10-22T18:43:17.512+0000] {logging_mixin.py:190} INFO - [2024-10-22T18:43:17.512+0000] {dagbag.py:587} INFO - Filling up the DagBag from /home/airflow/.local/lib/python3.12/site-packages/airflow/example_dags/example_params_ui_tutorial.py
[2024-10-22T18:43:17.715+0000] {processor.py:925} INFO - DAG(s) 'example_params_ui_tutorial' retrieved from /home/airflow/.local/lib/python3.12/site-packages/airflow/example_dags/example_params_ui_tutorial.py
[2024-10-22T18:43:18.523+0000] {logging_mixin.py:190} INFO - [2024-10-22T18:43:18.523+0000] {dag.py:3229} INFO - Sync 1 DAGs
[2024-10-22T18:43:18.670+0000] {logging_mixin.py:190} INFO - [2024-10-22T18:43:18.670+0000] {dag.py:4156} INFO - Setting next_dagrun for example_params_ui_tutorial to None, run_after=None
[2024-10-22T18:43:18.818+0000] {processor.py:208} INFO - Processing /home/airflow/.local/lib/python3.12/site-packages/airflow/example_dags/example_params_ui_tutorial.py took 1.523 seconds
