[2024-10-22T13:48:47.104+0000] {processor.py:186} INFO - Started process (PID=122) to work on /home/airflow/.local/lib/python3.12/site-packages/airflow/example_dags/example_bash_operator.py
[2024-10-22T13:48:47.113+0000] {processor.py:914} INFO - Processing file /home/airflow/.local/lib/python3.12/site-packages/airflow/example_dags/example_bash_operator.py for tasks to queue
[2024-10-22T13:48:47.133+0000] {logging_mixin.py:190} INFO - [2024-10-22T13:48:47.121+0000] {dagbag.py:587} INFO - Filling up the DagBag from /home/airflow/.local/lib/python3.12/site-packages/airflow/example_dags/example_bash_operator.py
[2024-10-22T13:48:47.239+0000] {processor.py:925} INFO - DAG(s) 'example_bash_operator' retrieved from /home/airflow/.local/lib/python3.12/site-packages/airflow/example_dags/example_bash_operator.py
[2024-10-22T13:48:47.388+0000] {logging_mixin.py:190} INFO - [2024-10-22T13:48:47.387+0000] {dag.py:3229} INFO - Sync 1 DAGs
[2024-10-22T13:48:47.623+0000] {logging_mixin.py:190} INFO - [2024-10-22T13:48:47.622+0000] {dag.py:4156} INFO - Setting next_dagrun for example_bash_operator to 2024-10-21 00:00:00+00:00, run_after=2024-10-22 00:00:00+00:00
[2024-10-22T13:48:47.830+0000] {processor.py:208} INFO - Processing /home/airflow/.local/lib/python3.12/site-packages/airflow/example_dags/example_bash_operator.py took 0.782 seconds
[2024-10-22T13:49:21.985+0000] {processor.py:186} INFO - Started process (PID=185) to work on /home/airflow/.local/lib/python3.12/site-packages/airflow/example_dags/example_bash_operator.py
[2024-10-22T13:49:21.989+0000] {processor.py:914} INFO - Processing file /home/airflow/.local/lib/python3.12/site-packages/airflow/example_dags/example_bash_operator.py for tasks to queue
[2024-10-22T13:49:22.030+0000] {logging_mixin.py:190} INFO - [2024-10-22T13:49:22.029+0000] {dagbag.py:587} INFO - Filling up the DagBag from /home/airflow/.local/lib/python3.12/site-packages/airflow/example_dags/example_bash_operator.py
[2024-10-22T13:49:22.189+0000] {processor.py:925} INFO - DAG(s) 'example_bash_operator' retrieved from /home/airflow/.local/lib/python3.12/site-packages/airflow/example_dags/example_bash_operator.py
[2024-10-22T13:49:22.585+0000] {logging_mixin.py:190} INFO - [2024-10-22T13:49:22.584+0000] {dag.py:3229} INFO - Sync 1 DAGs
[2024-10-22T13:49:22.868+0000] {logging_mixin.py:190} INFO - [2024-10-22T13:49:22.868+0000] {dag.py:4156} INFO - Setting next_dagrun for example_bash_operator to 2024-10-21 00:00:00+00:00, run_after=2024-10-22 00:00:00+00:00
[2024-10-22T13:49:23.073+0000] {processor.py:208} INFO - Processing /home/airflow/.local/lib/python3.12/site-packages/airflow/example_dags/example_bash_operator.py took 1.116 seconds
[2024-10-22T18:42:30.155+0000] {processor.py:186} INFO - Started process (PID=117) to work on /home/airflow/.local/lib/python3.12/site-packages/airflow/example_dags/example_bash_operator.py
[2024-10-22T18:42:30.174+0000] {processor.py:914} INFO - Processing file /home/airflow/.local/lib/python3.12/site-packages/airflow/example_dags/example_bash_operator.py for tasks to queue
[2024-10-22T18:42:30.197+0000] {logging_mixin.py:190} INFO - [2024-10-22T18:42:30.197+0000] {dagbag.py:587} INFO - Filling up the DagBag from /home/airflow/.local/lib/python3.12/site-packages/airflow/example_dags/example_bash_operator.py
[2024-10-22T18:42:30.323+0000] {processor.py:925} INFO - DAG(s) 'example_bash_operator' retrieved from /home/airflow/.local/lib/python3.12/site-packages/airflow/example_dags/example_bash_operator.py
[2024-10-22T18:42:30.749+0000] {logging_mixin.py:190} INFO - [2024-10-22T18:42:30.748+0000] {dag.py:3229} INFO - Sync 1 DAGs
[2024-10-22T18:42:30.956+0000] {logging_mixin.py:190} INFO - [2024-10-22T18:42:30.955+0000] {dag.py:4156} INFO - Setting next_dagrun for example_bash_operator to 2024-10-21 00:00:00+00:00, run_after=2024-10-22 00:00:00+00:00
[2024-10-22T18:42:31.075+0000] {processor.py:208} INFO - Processing /home/airflow/.local/lib/python3.12/site-packages/airflow/example_dags/example_bash_operator.py took 0.955 seconds
[2024-10-22T18:43:36.352+0000] {processor.py:186} INFO - Started process (PID=186) to work on /home/airflow/.local/lib/python3.12/site-packages/airflow/example_dags/example_bash_operator.py
[2024-10-22T18:43:36.359+0000] {processor.py:914} INFO - Processing file /home/airflow/.local/lib/python3.12/site-packages/airflow/example_dags/example_bash_operator.py for tasks to queue
[2024-10-22T18:43:36.366+0000] {logging_mixin.py:190} INFO - [2024-10-22T18:43:36.365+0000] {dagbag.py:587} INFO - Filling up the DagBag from /home/airflow/.local/lib/python3.12/site-packages/airflow/example_dags/example_bash_operator.py
[2024-10-22T18:43:36.830+0000] {processor.py:925} INFO - DAG(s) 'example_bash_operator' retrieved from /home/airflow/.local/lib/python3.12/site-packages/airflow/example_dags/example_bash_operator.py
[2024-10-22T18:43:40.853+0000] {logging_mixin.py:190} INFO - [2024-10-22T18:43:40.853+0000] {dag.py:3229} INFO - Sync 1 DAGs
[2024-10-22T18:43:41.127+0000] {logging_mixin.py:190} INFO - [2024-10-22T18:43:41.126+0000] {dag.py:4156} INFO - Setting next_dagrun for example_bash_operator to 2024-10-21 00:00:00+00:00, run_after=2024-10-22 00:00:00+00:00
[2024-10-22T18:43:46.412+0000] {processor.py:208} INFO - Processing /home/airflow/.local/lib/python3.12/site-packages/airflow/example_dags/example_bash_operator.py took 9.473 seconds
