[2024-10-22T13:48:51.718+0000] {processor.py:186} INFO - Started process (PID=126) to work on /home/airflow/.local/lib/python3.12/site-packages/airflow/example_dags/example_outlet_event_extra.py
[2024-10-22T13:48:51.742+0000] {processor.py:914} INFO - Processing file /home/airflow/.local/lib/python3.12/site-packages/airflow/example_dags/example_outlet_event_extra.py for tasks to queue
[2024-10-22T13:48:51.767+0000] {logging_mixin.py:190} INFO - [2024-10-22T13:48:51.766+0000] {dagbag.py:587} INFO - Filling up the DagBag from /home/airflow/.local/lib/python3.12/site-packages/airflow/example_dags/example_outlet_event_extra.py
[2024-10-22T13:48:55.403+0000] {processor.py:925} INFO - DAG(s) 'dataset_with_extra_by_context', 'dataset_with_extra_by_yield', 'dataset_with_extra_from_classic_operator' retrieved from /home/airflow/.local/lib/python3.12/site-packages/airflow/example_dags/example_outlet_event_extra.py
[2024-10-22T13:48:56.119+0000] {logging_mixin.py:190} INFO - [2024-10-22T13:48:56.119+0000] {dag.py:3229} INFO - Sync 3 DAGs
[2024-10-22T13:48:57.810+0000] {logging_mixin.py:190} INFO - [2024-10-22T13:48:57.809+0000] {dag.py:4156} INFO - Setting next_dagrun for dataset_with_extra_by_context to 2024-10-21 00:00:00+00:00, run_after=2024-10-22 00:00:00+00:00
[2024-10-22T13:48:57.879+0000] {logging_mixin.py:190} INFO - [2024-10-22T13:48:57.848+0000] {dag.py:4156} INFO - Setting next_dagrun for dataset_with_extra_by_yield to 2024-10-21 00:00:00+00:00, run_after=2024-10-22 00:00:00+00:00
[2024-10-22T13:48:57.925+0000] {logging_mixin.py:190} INFO - [2024-10-22T13:48:57.924+0000] {dag.py:4156} INFO - Setting next_dagrun for dataset_with_extra_from_classic_operator to 2024-10-21 00:00:00+00:00, run_after=2024-10-22 00:00:00+00:00
[2024-10-22T13:48:59.004+0000] {processor.py:208} INFO - Processing /home/airflow/.local/lib/python3.12/site-packages/airflow/example_dags/example_outlet_event_extra.py took 5.827 seconds
[2024-10-22T13:49:29.480+0000] {processor.py:186} INFO - Started process (PID=189) to work on /home/airflow/.local/lib/python3.12/site-packages/airflow/example_dags/example_outlet_event_extra.py
[2024-10-22T13:49:29.485+0000] {processor.py:914} INFO - Processing file /home/airflow/.local/lib/python3.12/site-packages/airflow/example_dags/example_outlet_event_extra.py for tasks to queue
[2024-10-22T13:49:29.515+0000] {logging_mixin.py:190} INFO - [2024-10-22T13:49:29.513+0000] {dagbag.py:587} INFO - Filling up the DagBag from /home/airflow/.local/lib/python3.12/site-packages/airflow/example_dags/example_outlet_event_extra.py
[2024-10-22T13:49:30.395+0000] {processor.py:925} INFO - DAG(s) 'dataset_with_extra_from_classic_operator', 'dataset_with_extra_by_context', 'dataset_with_extra_by_yield' retrieved from /home/airflow/.local/lib/python3.12/site-packages/airflow/example_dags/example_outlet_event_extra.py
[2024-10-22T13:49:30.577+0000] {logging_mixin.py:190} INFO - [2024-10-22T13:49:30.577+0000] {dag.py:3229} INFO - Sync 3 DAGs
[2024-10-22T13:49:31.032+0000] {logging_mixin.py:190} INFO - [2024-10-22T13:49:31.031+0000] {dag.py:4156} INFO - Setting next_dagrun for dataset_with_extra_by_context to 2024-10-21 00:00:00+00:00, run_after=2024-10-22 00:00:00+00:00
[2024-10-22T13:49:31.169+0000] {logging_mixin.py:190} INFO - [2024-10-22T13:49:31.166+0000] {dag.py:4156} INFO - Setting next_dagrun for dataset_with_extra_by_yield to 2024-10-21 00:00:00+00:00, run_after=2024-10-22 00:00:00+00:00
[2024-10-22T13:49:31.195+0000] {logging_mixin.py:190} INFO - [2024-10-22T13:49:31.195+0000] {dag.py:4156} INFO - Setting next_dagrun for dataset_with_extra_from_classic_operator to 2024-10-21 00:00:00+00:00, run_after=2024-10-22 00:00:00+00:00
[2024-10-22T13:49:32.185+0000] {processor.py:208} INFO - Processing /home/airflow/.local/lib/python3.12/site-packages/airflow/example_dags/example_outlet_event_extra.py took 2.734 seconds
[2024-10-22T18:42:35.778+0000] {processor.py:186} INFO - Started process (PID=121) to work on /home/airflow/.local/lib/python3.12/site-packages/airflow/example_dags/example_outlet_event_extra.py
[2024-10-22T18:42:35.787+0000] {processor.py:914} INFO - Processing file /home/airflow/.local/lib/python3.12/site-packages/airflow/example_dags/example_outlet_event_extra.py for tasks to queue
[2024-10-22T18:42:35.826+0000] {logging_mixin.py:190} INFO - [2024-10-22T18:42:35.796+0000] {dagbag.py:587} INFO - Filling up the DagBag from /home/airflow/.local/lib/python3.12/site-packages/airflow/example_dags/example_outlet_event_extra.py
[2024-10-22T18:42:38.614+0000] {processor.py:925} INFO - DAG(s) 'dataset_with_extra_by_context', 'dataset_with_extra_by_yield', 'dataset_with_extra_from_classic_operator' retrieved from /home/airflow/.local/lib/python3.12/site-packages/airflow/example_dags/example_outlet_event_extra.py
[2024-10-22T18:42:39.281+0000] {logging_mixin.py:190} INFO - [2024-10-22T18:42:39.280+0000] {dag.py:3229} INFO - Sync 3 DAGs
[2024-10-22T18:42:39.406+0000] {logging_mixin.py:190} INFO - [2024-10-22T18:42:39.406+0000] {dag.py:4156} INFO - Setting next_dagrun for dataset_with_extra_by_context to 2024-10-21 00:00:00+00:00, run_after=2024-10-22 00:00:00+00:00
[2024-10-22T18:42:39.433+0000] {logging_mixin.py:190} INFO - [2024-10-22T18:42:39.431+0000] {dag.py:4156} INFO - Setting next_dagrun for dataset_with_extra_by_yield to 2024-10-21 00:00:00+00:00, run_after=2024-10-22 00:00:00+00:00
[2024-10-22T18:42:39.451+0000] {logging_mixin.py:190} INFO - [2024-10-22T18:42:39.447+0000] {dag.py:4156} INFO - Setting next_dagrun for dataset_with_extra_from_classic_operator to 2024-10-21 00:00:00+00:00, run_after=2024-10-22 00:00:00+00:00
[2024-10-22T18:42:39.592+0000] {processor.py:208} INFO - Processing /home/airflow/.local/lib/python3.12/site-packages/airflow/example_dags/example_outlet_event_extra.py took 3.277 seconds
