[2024-10-22T13:48:42.642+0000] {processor.py:186} INFO - Started process (PID=115) to work on /home/airflow/.local/lib/python3.12/site-packages/airflow/example_dags/example_skip_dag.py
[2024-10-22T13:48:42.699+0000] {processor.py:914} INFO - Processing file /home/airflow/.local/lib/python3.12/site-packages/airflow/example_dags/example_skip_dag.py for tasks to queue
[2024-10-22T13:48:42.724+0000] {logging_mixin.py:190} INFO - [2024-10-22T13:48:42.723+0000] {dagbag.py:587} INFO - Filling up the DagBag from /home/airflow/.local/lib/python3.12/site-packages/airflow/example_dags/example_skip_dag.py
[2024-10-22T13:48:42.757+0000] {processor.py:925} INFO - DAG(s) 'example_skip_dag' retrieved from /home/airflow/.local/lib/python3.12/site-packages/airflow/example_dags/example_skip_dag.py
[2024-10-22T13:48:42.844+0000] {logging_mixin.py:190} INFO - [2024-10-22T13:48:42.844+0000] {dag.py:3229} INFO - Sync 1 DAGs
[2024-10-22T13:48:42.937+0000] {logging_mixin.py:190} INFO - [2024-10-22T13:48:42.937+0000] {dag.py:4156} INFO - Setting next_dagrun for example_skip_dag to 2024-10-21 00:00:00+00:00, run_after=2024-10-22 00:00:00+00:00
[2024-10-22T13:48:43.034+0000] {processor.py:208} INFO - Processing /home/airflow/.local/lib/python3.12/site-packages/airflow/example_dags/example_skip_dag.py took 0.405 seconds
[2024-10-22T13:49:18.692+0000] {processor.py:186} INFO - Started process (PID=178) to work on /home/airflow/.local/lib/python3.12/site-packages/airflow/example_dags/example_skip_dag.py
[2024-10-22T13:49:18.709+0000] {processor.py:914} INFO - Processing file /home/airflow/.local/lib/python3.12/site-packages/airflow/example_dags/example_skip_dag.py for tasks to queue
[2024-10-22T13:49:18.722+0000] {logging_mixin.py:190} INFO - [2024-10-22T13:49:18.721+0000] {dagbag.py:587} INFO - Filling up the DagBag from /home/airflow/.local/lib/python3.12/site-packages/airflow/example_dags/example_skip_dag.py
[2024-10-22T13:49:18.750+0000] {processor.py:925} INFO - DAG(s) 'example_skip_dag' retrieved from /home/airflow/.local/lib/python3.12/site-packages/airflow/example_dags/example_skip_dag.py
[2024-10-22T13:49:18.861+0000] {logging_mixin.py:190} INFO - [2024-10-22T13:49:18.861+0000] {dag.py:3229} INFO - Sync 1 DAGs
[2024-10-22T13:49:19.053+0000] {logging_mixin.py:190} INFO - [2024-10-22T13:49:19.052+0000] {dag.py:4156} INFO - Setting next_dagrun for example_skip_dag to 2024-10-21 00:00:00+00:00, run_after=2024-10-22 00:00:00+00:00
[2024-10-22T13:49:19.118+0000] {processor.py:208} INFO - Processing /home/airflow/.local/lib/python3.12/site-packages/airflow/example_dags/example_skip_dag.py took 0.445 seconds
[2024-10-22T18:42:23.461+0000] {processor.py:186} INFO - Started process (PID=110) to work on /home/airflow/.local/lib/python3.12/site-packages/airflow/example_dags/example_skip_dag.py
[2024-10-22T18:42:23.533+0000] {processor.py:914} INFO - Processing file /home/airflow/.local/lib/python3.12/site-packages/airflow/example_dags/example_skip_dag.py for tasks to queue
[2024-10-22T18:42:23.601+0000] {logging_mixin.py:190} INFO - [2024-10-22T18:42:23.601+0000] {dagbag.py:587} INFO - Filling up the DagBag from /home/airflow/.local/lib/python3.12/site-packages/airflow/example_dags/example_skip_dag.py
[2024-10-22T18:42:23.801+0000] {processor.py:925} INFO - DAG(s) 'example_skip_dag' retrieved from /home/airflow/.local/lib/python3.12/site-packages/airflow/example_dags/example_skip_dag.py
[2024-10-22T18:42:24.207+0000] {logging_mixin.py:190} INFO - [2024-10-22T18:42:24.206+0000] {dag.py:3229} INFO - Sync 1 DAGs
[2024-10-22T18:42:24.435+0000] {logging_mixin.py:190} INFO - [2024-10-22T18:42:24.435+0000] {dag.py:4156} INFO - Setting next_dagrun for example_skip_dag to 2024-10-21 00:00:00+00:00, run_after=2024-10-22 00:00:00+00:00
[2024-10-22T18:42:24.663+0000] {processor.py:208} INFO - Processing /home/airflow/.local/lib/python3.12/site-packages/airflow/example_dags/example_skip_dag.py took 1.245 seconds
[2024-10-22T18:43:27.501+0000] {processor.py:186} INFO - Started process (PID=179) to work on /home/airflow/.local/lib/python3.12/site-packages/airflow/example_dags/example_skip_dag.py
[2024-10-22T18:43:27.509+0000] {processor.py:914} INFO - Processing file /home/airflow/.local/lib/python3.12/site-packages/airflow/example_dags/example_skip_dag.py for tasks to queue
[2024-10-22T18:43:27.544+0000] {logging_mixin.py:190} INFO - [2024-10-22T18:43:27.540+0000] {dagbag.py:587} INFO - Filling up the DagBag from /home/airflow/.local/lib/python3.12/site-packages/airflow/example_dags/example_skip_dag.py
[2024-10-22T18:43:27.625+0000] {processor.py:925} INFO - DAG(s) 'example_skip_dag' retrieved from /home/airflow/.local/lib/python3.12/site-packages/airflow/example_dags/example_skip_dag.py
[2024-10-22T18:43:27.721+0000] {logging_mixin.py:190} INFO - [2024-10-22T18:43:27.720+0000] {dag.py:3229} INFO - Sync 1 DAGs
[2024-10-22T18:43:29.587+0000] {logging_mixin.py:190} INFO - [2024-10-22T18:43:29.571+0000] {dag.py:4156} INFO - Setting next_dagrun for example_skip_dag to 2024-10-21 00:00:00+00:00, run_after=2024-10-22 00:00:00+00:00
[2024-10-22T18:43:30.164+0000] {processor.py:208} INFO - Processing /home/airflow/.local/lib/python3.12/site-packages/airflow/example_dags/example_skip_dag.py took 2.735 seconds
