[2024-10-22T13:48:27.954+0000] {processor.py:186} INFO - Started process (PID=93) to work on /home/airflow/.local/lib/python3.12/site-packages/airflow/example_dags/example_nested_branch_dag.py
[2024-10-22T13:48:27.956+0000] {processor.py:914} INFO - Processing file /home/airflow/.local/lib/python3.12/site-packages/airflow/example_dags/example_nested_branch_dag.py for tasks to queue
[2024-10-22T13:48:27.971+0000] {logging_mixin.py:190} INFO - [2024-10-22T13:48:27.969+0000] {dagbag.py:587} INFO - Filling up the DagBag from /home/airflow/.local/lib/python3.12/site-packages/airflow/example_dags/example_nested_branch_dag.py
[2024-10-22T13:48:28.071+0000] {processor.py:925} INFO - DAG(s) 'example_nested_branch_dag' retrieved from /home/airflow/.local/lib/python3.12/site-packages/airflow/example_dags/example_nested_branch_dag.py
[2024-10-22T13:48:28.508+0000] {logging_mixin.py:190} INFO - [2024-10-22T13:48:28.500+0000] {dag.py:3229} INFO - Sync 1 DAGs
[2024-10-22T13:48:28.994+0000] {logging_mixin.py:190} INFO - [2024-10-22T13:48:28.976+0000] {dag.py:4156} INFO - Setting next_dagrun for example_nested_branch_dag to 2024-10-21 00:00:00+00:00, run_after=2024-10-22 00:00:00+00:00
[2024-10-22T13:48:29.196+0000] {processor.py:208} INFO - Processing /home/airflow/.local/lib/python3.12/site-packages/airflow/example_dags/example_nested_branch_dag.py took 1.266 seconds
[2024-10-22T13:49:13.844+0000] {processor.py:186} INFO - Started process (PID=162) to work on /home/airflow/.local/lib/python3.12/site-packages/airflow/example_dags/example_nested_branch_dag.py
[2024-10-22T13:49:13.870+0000] {processor.py:914} INFO - Processing file /home/airflow/.local/lib/python3.12/site-packages/airflow/example_dags/example_nested_branch_dag.py for tasks to queue
[2024-10-22T13:49:13.881+0000] {logging_mixin.py:190} INFO - [2024-10-22T13:49:13.880+0000] {dagbag.py:587} INFO - Filling up the DagBag from /home/airflow/.local/lib/python3.12/site-packages/airflow/example_dags/example_nested_branch_dag.py
[2024-10-22T13:49:13.944+0000] {processor.py:925} INFO - DAG(s) 'example_nested_branch_dag' retrieved from /home/airflow/.local/lib/python3.12/site-packages/airflow/example_dags/example_nested_branch_dag.py
[2024-10-22T13:49:14.124+0000] {logging_mixin.py:190} INFO - [2024-10-22T13:49:14.123+0000] {dag.py:3229} INFO - Sync 1 DAGs
[2024-10-22T13:49:14.216+0000] {logging_mixin.py:190} INFO - [2024-10-22T13:49:14.215+0000] {dag.py:4156} INFO - Setting next_dagrun for example_nested_branch_dag to 2024-10-21 00:00:00+00:00, run_after=2024-10-22 00:00:00+00:00
[2024-10-22T13:49:14.273+0000] {processor.py:208} INFO - Processing /home/airflow/.local/lib/python3.12/site-packages/airflow/example_dags/example_nested_branch_dag.py took 0.464 seconds
[2024-10-22T18:42:01.884+0000] {processor.py:186} INFO - Started process (PID=89) to work on /home/airflow/.local/lib/python3.12/site-packages/airflow/example_dags/example_nested_branch_dag.py
[2024-10-22T18:42:01.897+0000] {processor.py:914} INFO - Processing file /home/airflow/.local/lib/python3.12/site-packages/airflow/example_dags/example_nested_branch_dag.py for tasks to queue
[2024-10-22T18:42:01.981+0000] {logging_mixin.py:190} INFO - [2024-10-22T18:42:01.980+0000] {dagbag.py:587} INFO - Filling up the DagBag from /home/airflow/.local/lib/python3.12/site-packages/airflow/example_dags/example_nested_branch_dag.py
[2024-10-22T18:42:02.286+0000] {processor.py:925} INFO - DAG(s) 'example_nested_branch_dag' retrieved from /home/airflow/.local/lib/python3.12/site-packages/airflow/example_dags/example_nested_branch_dag.py
[2024-10-22T18:42:02.728+0000] {logging_mixin.py:190} INFO - [2024-10-22T18:42:02.727+0000] {dag.py:3229} INFO - Sync 1 DAGs
[2024-10-22T18:42:03.029+0000] {logging_mixin.py:190} INFO - [2024-10-22T18:42:03.029+0000] {dag.py:4156} INFO - Setting next_dagrun for example_nested_branch_dag to 2024-10-21 00:00:00+00:00, run_after=2024-10-22 00:00:00+00:00
[2024-10-22T18:42:03.184+0000] {processor.py:208} INFO - Processing /home/airflow/.local/lib/python3.12/site-packages/airflow/example_dags/example_nested_branch_dag.py took 1.390 seconds
[2024-10-22T18:43:12.601+0000] {processor.py:186} INFO - Started process (PID=157) to work on /home/airflow/.local/lib/python3.12/site-packages/airflow/example_dags/example_nested_branch_dag.py
[2024-10-22T18:43:12.621+0000] {processor.py:914} INFO - Processing file /home/airflow/.local/lib/python3.12/site-packages/airflow/example_dags/example_nested_branch_dag.py for tasks to queue
[2024-10-22T18:43:12.647+0000] {logging_mixin.py:190} INFO - [2024-10-22T18:43:12.647+0000] {dagbag.py:587} INFO - Filling up the DagBag from /home/airflow/.local/lib/python3.12/site-packages/airflow/example_dags/example_nested_branch_dag.py
[2024-10-22T18:43:12.717+0000] {processor.py:925} INFO - DAG(s) 'example_nested_branch_dag' retrieved from /home/airflow/.local/lib/python3.12/site-packages/airflow/example_dags/example_nested_branch_dag.py
[2024-10-22T18:43:12.936+0000] {logging_mixin.py:190} INFO - [2024-10-22T18:43:12.934+0000] {dag.py:3229} INFO - Sync 1 DAGs
[2024-10-22T18:43:13.230+0000] {logging_mixin.py:190} INFO - [2024-10-22T18:43:13.230+0000] {dag.py:4156} INFO - Setting next_dagrun for example_nested_branch_dag to 2024-10-21 00:00:00+00:00, run_after=2024-10-22 00:00:00+00:00
[2024-10-22T18:43:13.451+0000] {processor.py:208} INFO - Processing /home/airflow/.local/lib/python3.12/site-packages/airflow/example_dags/example_nested_branch_dag.py took 0.922 seconds
[2024-10-22T18:47:47.664+0000] {processor.py:186} INFO - Started process (PID=82) to work on /home/airflow/.local/lib/python3.12/site-packages/airflow/example_dags/example_nested_branch_dag.py
[2024-10-22T18:47:47.677+0000] {processor.py:914} INFO - Processing file /home/airflow/.local/lib/python3.12/site-packages/airflow/example_dags/example_nested_branch_dag.py for tasks to queue
[2024-10-22T18:47:47.694+0000] {logging_mixin.py:190} INFO - [2024-10-22T18:47:47.694+0000] {dagbag.py:587} INFO - Filling up the DagBag from /home/airflow/.local/lib/python3.12/site-packages/airflow/example_dags/example_nested_branch_dag.py
[2024-10-22T18:47:47.985+0000] {processor.py:925} INFO - DAG(s) 'example_nested_branch_dag' retrieved from /home/airflow/.local/lib/python3.12/site-packages/airflow/example_dags/example_nested_branch_dag.py
[2024-10-22T18:47:48.669+0000] {logging_mixin.py:190} INFO - [2024-10-22T18:47:48.669+0000] {dag.py:3229} INFO - Sync 1 DAGs
[2024-10-22T18:47:49.428+0000] {logging_mixin.py:190} INFO - [2024-10-22T18:47:49.427+0000] {dag.py:4156} INFO - Setting next_dagrun for example_nested_branch_dag to 2024-10-21 00:00:00+00:00, run_after=2024-10-22 00:00:00+00:00
[2024-10-22T18:47:49.884+0000] {processor.py:208} INFO - Processing /home/airflow/.local/lib/python3.12/site-packages/airflow/example_dags/example_nested_branch_dag.py took 2.345 seconds
