[2024-10-22T13:49:03.085+0000] {processor.py:186} INFO - Started process (PID=137) to work on /home/airflow/.local/lib/python3.12/site-packages/airflow/example_dags/example_params_trigger_ui.py
[2024-10-22T13:49:03.088+0000] {processor.py:914} INFO - Processing file /home/airflow/.local/lib/python3.12/site-packages/airflow/example_dags/example_params_trigger_ui.py for tasks to queue
[2024-10-22T13:49:03.103+0000] {logging_mixin.py:190} INFO - [2024-10-22T13:49:03.102+0000] {dagbag.py:587} INFO - Filling up the DagBag from /home/airflow/.local/lib/python3.12/site-packages/airflow/example_dags/example_params_trigger_ui.py
[2024-10-22T13:49:03.177+0000] {processor.py:925} INFO - DAG(s) 'example_params_trigger_ui' retrieved from /home/airflow/.local/lib/python3.12/site-packages/airflow/example_dags/example_params_trigger_ui.py
[2024-10-22T13:49:03.610+0000] {logging_mixin.py:190} INFO - [2024-10-22T13:49:03.610+0000] {dag.py:3229} INFO - Sync 1 DAGs
[2024-10-22T13:49:03.700+0000] {logging_mixin.py:190} INFO - [2024-10-22T13:49:03.699+0000] {dag.py:4156} INFO - Setting next_dagrun for example_params_trigger_ui to None, run_after=None
[2024-10-22T13:49:03.859+0000] {processor.py:208} INFO - Processing /home/airflow/.local/lib/python3.12/site-packages/airflow/example_dags/example_params_trigger_ui.py took 0.792 seconds
[2024-10-22T13:49:39.515+0000] {processor.py:186} INFO - Started process (PID=200) to work on /home/airflow/.local/lib/python3.12/site-packages/airflow/example_dags/example_params_trigger_ui.py
[2024-10-22T13:49:39.518+0000] {processor.py:914} INFO - Processing file /home/airflow/.local/lib/python3.12/site-packages/airflow/example_dags/example_params_trigger_ui.py for tasks to queue
[2024-10-22T13:49:39.663+0000] {logging_mixin.py:190} INFO - [2024-10-22T13:49:39.632+0000] {dagbag.py:587} INFO - Filling up the DagBag from /home/airflow/.local/lib/python3.12/site-packages/airflow/example_dags/example_params_trigger_ui.py
[2024-10-22T13:49:40.025+0000] {processor.py:925} INFO - DAG(s) 'example_params_trigger_ui' retrieved from /home/airflow/.local/lib/python3.12/site-packages/airflow/example_dags/example_params_trigger_ui.py
[2024-10-22T13:49:45.280+0000] {logging_mixin.py:190} INFO - [2024-10-22T13:49:45.279+0000] {dag.py:3229} INFO - Sync 1 DAGs
[2024-10-22T13:49:45.490+0000] {logging_mixin.py:190} INFO - [2024-10-22T13:49:45.490+0000] {dag.py:4156} INFO - Setting next_dagrun for example_params_trigger_ui to None, run_after=None
[2024-10-22T13:49:46.425+0000] {processor.py:208} INFO - Processing /home/airflow/.local/lib/python3.12/site-packages/airflow/example_dags/example_params_trigger_ui.py took 6.995 seconds
[2024-10-22T18:42:41.522+0000] {processor.py:186} INFO - Started process (PID=126) to work on /home/airflow/.local/lib/python3.12/site-packages/airflow/example_dags/example_params_trigger_ui.py
[2024-10-22T18:42:41.528+0000] {processor.py:914} INFO - Processing file /home/airflow/.local/lib/python3.12/site-packages/airflow/example_dags/example_params_trigger_ui.py for tasks to queue
[2024-10-22T18:42:41.542+0000] {logging_mixin.py:190} INFO - [2024-10-22T18:42:41.542+0000] {dagbag.py:587} INFO - Filling up the DagBag from /home/airflow/.local/lib/python3.12/site-packages/airflow/example_dags/example_params_trigger_ui.py
[2024-10-22T18:42:41.656+0000] {processor.py:925} INFO - DAG(s) 'example_params_trigger_ui' retrieved from /home/airflow/.local/lib/python3.12/site-packages/airflow/example_dags/example_params_trigger_ui.py
[2024-10-22T18:42:42.327+0000] {logging_mixin.py:190} INFO - [2024-10-22T18:42:42.326+0000] {dag.py:3229} INFO - Sync 1 DAGs
[2024-10-22T18:42:42.631+0000] {logging_mixin.py:190} INFO - [2024-10-22T18:42:42.630+0000] {dag.py:4156} INFO - Setting next_dagrun for example_params_trigger_ui to None, run_after=None
[2024-10-22T18:42:42.882+0000] {processor.py:208} INFO - Processing /home/airflow/.local/lib/python3.12/site-packages/airflow/example_dags/example_params_trigger_ui.py took 1.431 seconds
