[2024-10-22T13:48:50.929+0000] {processor.py:186} INFO - Started process (PID=125) to work on /home/airflow/.local/lib/python3.12/site-packages/airflow/example_dags/example_short_circuit_operator.py
[2024-10-22T13:48:50.936+0000] {processor.py:914} INFO - Processing file /home/airflow/.local/lib/python3.12/site-packages/airflow/example_dags/example_short_circuit_operator.py for tasks to queue
[2024-10-22T13:48:50.965+0000] {logging_mixin.py:190} INFO - [2024-10-22T13:48:50.964+0000] {dagbag.py:587} INFO - Filling up the DagBag from /home/airflow/.local/lib/python3.12/site-packages/airflow/example_dags/example_short_circuit_operator.py
[2024-10-22T13:48:51.010+0000] {processor.py:925} INFO - DAG(s) 'example_short_circuit_operator' retrieved from /home/airflow/.local/lib/python3.12/site-packages/airflow/example_dags/example_short_circuit_operator.py
[2024-10-22T13:48:51.337+0000] {logging_mixin.py:190} INFO - [2024-10-22T13:48:51.336+0000] {dag.py:3229} INFO - Sync 1 DAGs
[2024-10-22T13:48:51.616+0000] {logging_mixin.py:190} INFO - [2024-10-22T13:48:51.615+0000] {dag.py:4156} INFO - Setting next_dagrun for example_short_circuit_operator to None, run_after=None
[2024-10-22T13:48:51.807+0000] {processor.py:208} INFO - Processing /home/airflow/.local/lib/python3.12/site-packages/airflow/example_dags/example_short_circuit_operator.py took 0.919 seconds
[2024-10-22T13:49:24.117+0000] {processor.py:186} INFO - Started process (PID=188) to work on /home/airflow/.local/lib/python3.12/site-packages/airflow/example_dags/example_short_circuit_operator.py
[2024-10-22T13:49:24.160+0000] {processor.py:914} INFO - Processing file /home/airflow/.local/lib/python3.12/site-packages/airflow/example_dags/example_short_circuit_operator.py for tasks to queue
[2024-10-22T13:49:24.195+0000] {logging_mixin.py:190} INFO - [2024-10-22T13:49:24.194+0000] {dagbag.py:587} INFO - Filling up the DagBag from /home/airflow/.local/lib/python3.12/site-packages/airflow/example_dags/example_short_circuit_operator.py
[2024-10-22T13:49:24.344+0000] {processor.py:925} INFO - DAG(s) 'example_short_circuit_operator' retrieved from /home/airflow/.local/lib/python3.12/site-packages/airflow/example_dags/example_short_circuit_operator.py
[2024-10-22T13:49:24.515+0000] {logging_mixin.py:190} INFO - [2024-10-22T13:49:24.514+0000] {dag.py:3229} INFO - Sync 1 DAGs
[2024-10-22T13:49:24.584+0000] {logging_mixin.py:190} INFO - [2024-10-22T13:49:24.583+0000] {dag.py:4156} INFO - Setting next_dagrun for example_short_circuit_operator to None, run_after=None
[2024-10-22T13:49:24.730+0000] {processor.py:208} INFO - Processing /home/airflow/.local/lib/python3.12/site-packages/airflow/example_dags/example_short_circuit_operator.py took 0.654 seconds
[2024-10-22T18:42:34.010+0000] {processor.py:186} INFO - Started process (PID=120) to work on /home/airflow/.local/lib/python3.12/site-packages/airflow/example_dags/example_short_circuit_operator.py
[2024-10-22T18:42:34.035+0000] {processor.py:914} INFO - Processing file /home/airflow/.local/lib/python3.12/site-packages/airflow/example_dags/example_short_circuit_operator.py for tasks to queue
[2024-10-22T18:42:34.046+0000] {logging_mixin.py:190} INFO - [2024-10-22T18:42:34.046+0000] {dagbag.py:587} INFO - Filling up the DagBag from /home/airflow/.local/lib/python3.12/site-packages/airflow/example_dags/example_short_circuit_operator.py
[2024-10-22T18:42:34.375+0000] {processor.py:925} INFO - DAG(s) 'example_short_circuit_operator' retrieved from /home/airflow/.local/lib/python3.12/site-packages/airflow/example_dags/example_short_circuit_operator.py
[2024-10-22T18:42:34.837+0000] {logging_mixin.py:190} INFO - [2024-10-22T18:42:34.836+0000] {dag.py:3229} INFO - Sync 1 DAGs
[2024-10-22T18:42:35.108+0000] {logging_mixin.py:190} INFO - [2024-10-22T18:42:35.108+0000] {dag.py:4156} INFO - Setting next_dagrun for example_short_circuit_operator to None, run_after=None
[2024-10-22T18:42:35.361+0000] {processor.py:208} INFO - Processing /home/airflow/.local/lib/python3.12/site-packages/airflow/example_dags/example_short_circuit_operator.py took 1.415 seconds
