[2024-10-22T13:48:26.931+0000] {processor.py:186} INFO - Started process (PID=91) to work on /home/airflow/.local/lib/python3.12/site-packages/airflow/example_dags/example_setup_teardown.py
[2024-10-22T13:48:26.936+0000] {processor.py:914} INFO - Processing file /home/airflow/.local/lib/python3.12/site-packages/airflow/example_dags/example_setup_teardown.py for tasks to queue
[2024-10-22T13:48:26.946+0000] {logging_mixin.py:190} INFO - [2024-10-22T13:48:26.946+0000] {dagbag.py:587} INFO - Filling up the DagBag from /home/airflow/.local/lib/python3.12/site-packages/airflow/example_dags/example_setup_teardown.py
[2024-10-22T13:48:27.088+0000] {processor.py:925} INFO - DAG(s) 'example_setup_teardown' retrieved from /home/airflow/.local/lib/python3.12/site-packages/airflow/example_dags/example_setup_teardown.py
[2024-10-22T13:48:27.436+0000] {logging_mixin.py:190} INFO - [2024-10-22T13:48:27.436+0000] {dag.py:3229} INFO - Sync 1 DAGs
[2024-10-22T13:48:27.621+0000] {logging_mixin.py:190} INFO - [2024-10-22T13:48:27.621+0000] {dag.py:4156} INFO - Setting next_dagrun for example_setup_teardown to None, run_after=None
[2024-10-22T13:48:27.732+0000] {processor.py:208} INFO - Processing /home/airflow/.local/lib/python3.12/site-packages/airflow/example_dags/example_setup_teardown.py took 0.862 seconds
[2024-10-22T13:49:13.252+0000] {processor.py:186} INFO - Started process (PID=160) to work on /home/airflow/.local/lib/python3.12/site-packages/airflow/example_dags/example_setup_teardown.py
[2024-10-22T13:49:13.265+0000] {processor.py:914} INFO - Processing file /home/airflow/.local/lib/python3.12/site-packages/airflow/example_dags/example_setup_teardown.py for tasks to queue
[2024-10-22T13:49:13.294+0000] {logging_mixin.py:190} INFO - [2024-10-22T13:49:13.292+0000] {dagbag.py:587} INFO - Filling up the DagBag from /home/airflow/.local/lib/python3.12/site-packages/airflow/example_dags/example_setup_teardown.py
[2024-10-22T13:49:13.350+0000] {processor.py:925} INFO - DAG(s) 'example_setup_teardown' retrieved from /home/airflow/.local/lib/python3.12/site-packages/airflow/example_dags/example_setup_teardown.py
[2024-10-22T13:49:13.492+0000] {logging_mixin.py:190} INFO - [2024-10-22T13:49:13.491+0000] {dag.py:3229} INFO - Sync 1 DAGs
[2024-10-22T13:49:13.546+0000] {logging_mixin.py:190} INFO - [2024-10-22T13:49:13.546+0000] {dag.py:4156} INFO - Setting next_dagrun for example_setup_teardown to None, run_after=None
[2024-10-22T13:49:13.680+0000] {processor.py:208} INFO - Processing /home/airflow/.local/lib/python3.12/site-packages/airflow/example_dags/example_setup_teardown.py took 0.509 seconds
[2024-10-22T18:42:00.019+0000] {processor.py:186} INFO - Started process (PID=87) to work on /home/airflow/.local/lib/python3.12/site-packages/airflow/example_dags/example_setup_teardown.py
[2024-10-22T18:42:00.034+0000] {processor.py:914} INFO - Processing file /home/airflow/.local/lib/python3.12/site-packages/airflow/example_dags/example_setup_teardown.py for tasks to queue
[2024-10-22T18:42:00.058+0000] {logging_mixin.py:190} INFO - [2024-10-22T18:42:00.057+0000] {dagbag.py:587} INFO - Filling up the DagBag from /home/airflow/.local/lib/python3.12/site-packages/airflow/example_dags/example_setup_teardown.py
[2024-10-22T18:42:00.190+0000] {processor.py:925} INFO - DAG(s) 'example_setup_teardown' retrieved from /home/airflow/.local/lib/python3.12/site-packages/airflow/example_dags/example_setup_teardown.py
[2024-10-22T18:42:00.968+0000] {logging_mixin.py:190} INFO - [2024-10-22T18:42:00.967+0000] {dag.py:3229} INFO - Sync 1 DAGs
[2024-10-22T18:42:01.279+0000] {logging_mixin.py:190} INFO - [2024-10-22T18:42:01.279+0000] {dag.py:4156} INFO - Setting next_dagrun for example_setup_teardown to None, run_after=None
[2024-10-22T18:42:01.552+0000] {processor.py:208} INFO - Processing /home/airflow/.local/lib/python3.12/site-packages/airflow/example_dags/example_setup_teardown.py took 1.735 seconds
[2024-10-22T18:43:11.537+0000] {processor.py:186} INFO - Started process (PID=155) to work on /home/airflow/.local/lib/python3.12/site-packages/airflow/example_dags/example_setup_teardown.py
[2024-10-22T18:43:11.544+0000] {processor.py:914} INFO - Processing file /home/airflow/.local/lib/python3.12/site-packages/airflow/example_dags/example_setup_teardown.py for tasks to queue
[2024-10-22T18:43:11.563+0000] {logging_mixin.py:190} INFO - [2024-10-22T18:43:11.563+0000] {dagbag.py:587} INFO - Filling up the DagBag from /home/airflow/.local/lib/python3.12/site-packages/airflow/example_dags/example_setup_teardown.py
[2024-10-22T18:43:11.670+0000] {processor.py:925} INFO - DAG(s) 'example_setup_teardown' retrieved from /home/airflow/.local/lib/python3.12/site-packages/airflow/example_dags/example_setup_teardown.py
[2024-10-22T18:43:11.776+0000] {logging_mixin.py:190} INFO - [2024-10-22T18:43:11.775+0000] {dag.py:3229} INFO - Sync 1 DAGs
[2024-10-22T18:43:11.987+0000] {logging_mixin.py:190} INFO - [2024-10-22T18:43:11.986+0000] {dag.py:4156} INFO - Setting next_dagrun for example_setup_teardown to None, run_after=None
[2024-10-22T18:43:12.168+0000] {processor.py:208} INFO - Processing /home/airflow/.local/lib/python3.12/site-packages/airflow/example_dags/example_setup_teardown.py took 0.766 seconds
[2024-10-22T18:47:44.373+0000] {processor.py:186} INFO - Started process (PID=80) to work on /home/airflow/.local/lib/python3.12/site-packages/airflow/example_dags/example_setup_teardown.py
[2024-10-22T18:47:44.424+0000] {processor.py:914} INFO - Processing file /home/airflow/.local/lib/python3.12/site-packages/airflow/example_dags/example_setup_teardown.py for tasks to queue
[2024-10-22T18:47:44.434+0000] {logging_mixin.py:190} INFO - [2024-10-22T18:47:44.434+0000] {dagbag.py:587} INFO - Filling up the DagBag from /home/airflow/.local/lib/python3.12/site-packages/airflow/example_dags/example_setup_teardown.py
[2024-10-22T18:47:44.456+0000] {processor.py:925} INFO - DAG(s) 'example_setup_teardown' retrieved from /home/airflow/.local/lib/python3.12/site-packages/airflow/example_dags/example_setup_teardown.py
[2024-10-22T18:47:44.627+0000] {logging_mixin.py:190} INFO - [2024-10-22T18:47:44.627+0000] {dag.py:3229} INFO - Sync 1 DAGs
[2024-10-22T18:47:45.874+0000] {logging_mixin.py:190} INFO - [2024-10-22T18:47:45.873+0000] {dag.py:4156} INFO - Setting next_dagrun for example_setup_teardown to None, run_after=None
[2024-10-22T18:47:46.913+0000] {processor.py:208} INFO - Processing /home/airflow/.local/lib/python3.12/site-packages/airflow/example_dags/example_setup_teardown.py took 1.816 seconds
