[2024-10-22T13:48:59.384+0000] {processor.py:186} INFO - Started process (PID=128) to work on /home/airflow/.local/lib/python3.12/site-packages/airflow/example_dags/example_datasets.py
[2024-10-22T13:48:59.430+0000] {processor.py:914} INFO - Processing file /home/airflow/.local/lib/python3.12/site-packages/airflow/example_dags/example_datasets.py for tasks to queue
[2024-10-22T13:48:59.523+0000] {logging_mixin.py:190} INFO - [2024-10-22T13:48:59.523+0000] {dagbag.py:587} INFO - Filling up the DagBag from /home/airflow/.local/lib/python3.12/site-packages/airflow/example_dags/example_datasets.py
[2024-10-22T13:49:01.482+0000] {processor.py:925} INFO - DAG(s) 'consume_1_and_2_with_dataset_expressions', 'consume_1_or_both_2_and_3_with_dataset_expressions', 'dataset_produces_1', 'dataset_consumes_1', 'consume_1_or_2_with_dataset_expressions', 'dataset_consumes_1_never_scheduled', 'conditional_dataset_and_time_based_timetable', 'dataset_consumes_unknown_never_scheduled', 'dataset_consumes_1_and_2', 'dataset_produces_2' retrieved from /home/airflow/.local/lib/python3.12/site-packages/airflow/example_dags/example_datasets.py
[2024-10-22T13:49:02.074+0000] {logging_mixin.py:190} INFO - [2024-10-22T13:49:02.073+0000] {dag.py:3229} INFO - Sync 10 DAGs
[2024-10-22T13:49:02.489+0000] {logging_mixin.py:190} INFO - [2024-10-22T13:49:02.488+0000] {dag.py:4156} INFO - Setting next_dagrun for conditional_dataset_and_time_based_timetable to 2024-10-16 01:00:00+00:00, run_after=2024-10-16 01:00:00+00:00
[2024-10-22T13:49:02.510+0000] {logging_mixin.py:190} INFO - [2024-10-22T13:49:02.509+0000] {dag.py:4156} INFO - Setting next_dagrun for consume_1_and_2_with_dataset_expressions to None, run_after=None
[2024-10-22T13:49:02.523+0000] {logging_mixin.py:190} INFO - [2024-10-22T13:49:02.522+0000] {dag.py:4156} INFO - Setting next_dagrun for consume_1_or_2_with_dataset_expressions to None, run_after=None
[2024-10-22T13:49:02.532+0000] {logging_mixin.py:190} INFO - [2024-10-22T13:49:02.531+0000] {dag.py:4156} INFO - Setting next_dagrun for consume_1_or_both_2_and_3_with_dataset_expressions to None, run_after=None
[2024-10-22T13:49:02.534+0000] {logging_mixin.py:190} INFO - [2024-10-22T13:49:02.534+0000] {dag.py:4156} INFO - Setting next_dagrun for dataset_consumes_1 to None, run_after=None
[2024-10-22T13:49:02.542+0000] {logging_mixin.py:190} INFO - [2024-10-22T13:49:02.541+0000] {dag.py:4156} INFO - Setting next_dagrun for dataset_consumes_1_and_2 to None, run_after=None
[2024-10-22T13:49:02.551+0000] {logging_mixin.py:190} INFO - [2024-10-22T13:49:02.551+0000] {dag.py:4156} INFO - Setting next_dagrun for dataset_consumes_1_never_scheduled to None, run_after=None
[2024-10-22T13:49:02.554+0000] {logging_mixin.py:190} INFO - [2024-10-22T13:49:02.554+0000] {dag.py:4156} INFO - Setting next_dagrun for dataset_consumes_unknown_never_scheduled to None, run_after=None
[2024-10-22T13:49:02.567+0000] {logging_mixin.py:190} INFO - [2024-10-22T13:49:02.566+0000] {dag.py:4156} INFO - Setting next_dagrun for dataset_produces_1 to 2024-10-21 00:00:00+00:00, run_after=2024-10-22 00:00:00+00:00
[2024-10-22T13:49:02.581+0000] {logging_mixin.py:190} INFO - [2024-10-22T13:49:02.581+0000] {dag.py:4156} INFO - Setting next_dagrun for dataset_produces_2 to None, run_after=None
[2024-10-22T13:49:02.800+0000] {processor.py:208} INFO - Processing /home/airflow/.local/lib/python3.12/site-packages/airflow/example_dags/example_datasets.py took 3.471 seconds
[2024-10-22T13:49:34.385+0000] {processor.py:186} INFO - Started process (PID=198) to work on /home/airflow/.local/lib/python3.12/site-packages/airflow/example_dags/example_datasets.py
[2024-10-22T13:49:34.394+0000] {processor.py:914} INFO - Processing file /home/airflow/.local/lib/python3.12/site-packages/airflow/example_dags/example_datasets.py for tasks to queue
[2024-10-22T13:49:34.444+0000] {logging_mixin.py:190} INFO - [2024-10-22T13:49:34.407+0000] {dagbag.py:587} INFO - Filling up the DagBag from /home/airflow/.local/lib/python3.12/site-packages/airflow/example_dags/example_datasets.py
[2024-10-22T13:49:37.904+0000] {processor.py:925} INFO - DAG(s) 'dataset_consumes_unknown_never_scheduled', 'conditional_dataset_and_time_based_timetable', 'dataset_produces_1', 'dataset_consumes_1_never_scheduled', 'dataset_consumes_1', 'consume_1_or_2_with_dataset_expressions', 'consume_1_or_both_2_and_3_with_dataset_expressions', 'dataset_consumes_1_and_2', 'consume_1_and_2_with_dataset_expressions', 'dataset_produces_2' retrieved from /home/airflow/.local/lib/python3.12/site-packages/airflow/example_dags/example_datasets.py
[2024-10-22T13:49:39.958+0000] {logging_mixin.py:190} INFO - [2024-10-22T13:49:39.956+0000] {dag.py:3229} INFO - Sync 10 DAGs
[2024-10-22T13:49:42.926+0000] {logging_mixin.py:190} INFO - [2024-10-22T13:49:42.925+0000] {dag.py:4156} INFO - Setting next_dagrun for conditional_dataset_and_time_based_timetable to 2024-10-16 01:00:00+00:00, run_after=2024-10-16 01:00:00+00:00
[2024-10-22T13:49:43.406+0000] {logging_mixin.py:190} INFO - [2024-10-22T13:49:43.406+0000] {dag.py:4156} INFO - Setting next_dagrun for consume_1_and_2_with_dataset_expressions to None, run_after=None
[2024-10-22T13:49:43.410+0000] {logging_mixin.py:190} INFO - [2024-10-22T13:49:43.410+0000] {dag.py:4156} INFO - Setting next_dagrun for consume_1_or_2_with_dataset_expressions to None, run_after=None
[2024-10-22T13:49:43.748+0000] {logging_mixin.py:190} INFO - [2024-10-22T13:49:43.747+0000] {dag.py:4156} INFO - Setting next_dagrun for consume_1_or_both_2_and_3_with_dataset_expressions to None, run_after=None
[2024-10-22T13:49:43.932+0000] {logging_mixin.py:190} INFO - [2024-10-22T13:49:43.931+0000] {dag.py:4156} INFO - Setting next_dagrun for dataset_consumes_1 to None, run_after=None
[2024-10-22T13:49:44.041+0000] {logging_mixin.py:190} INFO - [2024-10-22T13:49:44.041+0000] {dag.py:4156} INFO - Setting next_dagrun for dataset_consumes_1_and_2 to None, run_after=None
[2024-10-22T13:49:44.046+0000] {logging_mixin.py:190} INFO - [2024-10-22T13:49:44.046+0000] {dag.py:4156} INFO - Setting next_dagrun for dataset_consumes_1_never_scheduled to None, run_after=None
[2024-10-22T13:49:44.082+0000] {logging_mixin.py:190} INFO - [2024-10-22T13:49:44.081+0000] {dag.py:4156} INFO - Setting next_dagrun for dataset_consumes_unknown_never_scheduled to None, run_after=None
[2024-10-22T13:49:44.107+0000] {logging_mixin.py:190} INFO - [2024-10-22T13:49:44.107+0000] {dag.py:4156} INFO - Setting next_dagrun for dataset_produces_1 to 2024-10-21 00:00:00+00:00, run_after=2024-10-22 00:00:00+00:00
[2024-10-22T13:49:44.141+0000] {logging_mixin.py:190} INFO - [2024-10-22T13:49:44.141+0000] {dag.py:4156} INFO - Setting next_dagrun for dataset_produces_2 to None, run_after=None
[2024-10-22T13:49:45.453+0000] {processor.py:208} INFO - Processing /home/airflow/.local/lib/python3.12/site-packages/airflow/example_dags/example_datasets.py took 11.253 seconds
[2024-10-22T18:42:39.299+0000] {processor.py:186} INFO - Started process (PID=123) to work on /home/airflow/.local/lib/python3.12/site-packages/airflow/example_dags/example_datasets.py
[2024-10-22T18:42:39.312+0000] {processor.py:914} INFO - Processing file /home/airflow/.local/lib/python3.12/site-packages/airflow/example_dags/example_datasets.py for tasks to queue
[2024-10-22T18:42:39.346+0000] {logging_mixin.py:190} INFO - [2024-10-22T18:42:39.344+0000] {dagbag.py:587} INFO - Filling up the DagBag from /home/airflow/.local/lib/python3.12/site-packages/airflow/example_dags/example_datasets.py
[2024-10-22T18:42:40.934+0000] {processor.py:925} INFO - DAG(s) 'consume_1_or_both_2_and_3_with_dataset_expressions', 'dataset_produces_1', 'dataset_produces_2', 'conditional_dataset_and_time_based_timetable', 'consume_1_and_2_with_dataset_expressions', 'dataset_consumes_1_and_2', 'consume_1_or_2_with_dataset_expressions', 'dataset_consumes_unknown_never_scheduled', 'dataset_consumes_1_never_scheduled', 'dataset_consumes_1' retrieved from /home/airflow/.local/lib/python3.12/site-packages/airflow/example_dags/example_datasets.py
[2024-10-22T18:42:41.220+0000] {logging_mixin.py:190} INFO - [2024-10-22T18:42:41.220+0000] {dag.py:3229} INFO - Sync 10 DAGs
[2024-10-22T18:42:41.396+0000] {logging_mixin.py:190} INFO - [2024-10-22T18:42:41.396+0000] {dag.py:4156} INFO - Setting next_dagrun for conditional_dataset_and_time_based_timetable to 2024-10-16 01:00:00+00:00, run_after=2024-10-16 01:00:00+00:00
[2024-10-22T18:42:41.412+0000] {logging_mixin.py:190} INFO - [2024-10-22T18:42:41.411+0000] {dag.py:4156} INFO - Setting next_dagrun for consume_1_and_2_with_dataset_expressions to None, run_after=None
[2024-10-22T18:42:41.416+0000] {logging_mixin.py:190} INFO - [2024-10-22T18:42:41.416+0000] {dag.py:4156} INFO - Setting next_dagrun for consume_1_or_2_with_dataset_expressions to None, run_after=None
[2024-10-22T18:42:41.436+0000] {logging_mixin.py:190} INFO - [2024-10-22T18:42:41.435+0000] {dag.py:4156} INFO - Setting next_dagrun for consume_1_or_both_2_and_3_with_dataset_expressions to None, run_after=None
[2024-10-22T18:42:41.441+0000] {logging_mixin.py:190} INFO - [2024-10-22T18:42:41.440+0000] {dag.py:4156} INFO - Setting next_dagrun for dataset_consumes_1 to None, run_after=None
[2024-10-22T18:42:41.447+0000] {logging_mixin.py:190} INFO - [2024-10-22T18:42:41.446+0000] {dag.py:4156} INFO - Setting next_dagrun for dataset_consumes_1_and_2 to None, run_after=None
[2024-10-22T18:42:41.455+0000] {logging_mixin.py:190} INFO - [2024-10-22T18:42:41.454+0000] {dag.py:4156} INFO - Setting next_dagrun for dataset_consumes_1_never_scheduled to None, run_after=None
[2024-10-22T18:42:41.483+0000] {logging_mixin.py:190} INFO - [2024-10-22T18:42:41.473+0000] {dag.py:4156} INFO - Setting next_dagrun for dataset_consumes_unknown_never_scheduled to None, run_after=None
[2024-10-22T18:42:41.497+0000] {logging_mixin.py:190} INFO - [2024-10-22T18:42:41.497+0000] {dag.py:4156} INFO - Setting next_dagrun for dataset_produces_1 to 2024-10-21 00:00:00+00:00, run_after=2024-10-22 00:00:00+00:00
[2024-10-22T18:42:41.513+0000] {logging_mixin.py:190} INFO - [2024-10-22T18:42:41.512+0000] {dag.py:4156} INFO - Setting next_dagrun for dataset_produces_2 to None, run_after=None
[2024-10-22T18:42:41.902+0000] {processor.py:208} INFO - Processing /home/airflow/.local/lib/python3.12/site-packages/airflow/example_dags/example_datasets.py took 2.626 seconds
