[2024-10-22T13:48:45.981+0000] {processor.py:186} INFO - Started process (PID=120) to work on /home/airflow/.local/lib/python3.12/site-packages/airflow/example_dags/example_local_kubernetes_executor.py
[2024-10-22T13:48:45.997+0000] {processor.py:914} INFO - Processing file /home/airflow/.local/lib/python3.12/site-packages/airflow/example_dags/example_local_kubernetes_executor.py for tasks to queue
[2024-10-22T13:48:46.025+0000] {logging_mixin.py:190} INFO - [2024-10-22T13:48:46.024+0000] {dagbag.py:587} INFO - Filling up the DagBag from /home/airflow/.local/lib/python3.12/site-packages/airflow/example_dags/example_local_kubernetes_executor.py
[2024-10-22T13:48:46.118+0000] {processor.py:925} INFO - DAG(s) 'example_local_kubernetes_executor' retrieved from /home/airflow/.local/lib/python3.12/site-packages/airflow/example_dags/example_local_kubernetes_executor.py
[2024-10-22T13:48:46.410+0000] {logging_mixin.py:190} INFO - [2024-10-22T13:48:46.402+0000] {dag.py:3229} INFO - Sync 1 DAGs
[2024-10-22T13:48:46.557+0000] {logging_mixin.py:190} INFO - [2024-10-22T13:48:46.557+0000] {dag.py:4156} INFO - Setting next_dagrun for example_local_kubernetes_executor to None, run_after=None
[2024-10-22T13:48:46.808+0000] {processor.py:208} INFO - Processing /home/airflow/.local/lib/python3.12/site-packages/airflow/example_dags/example_local_kubernetes_executor.py took 0.917 seconds
[2024-10-22T13:49:20.961+0000] {processor.py:186} INFO - Started process (PID=183) to work on /home/airflow/.local/lib/python3.12/site-packages/airflow/example_dags/example_local_kubernetes_executor.py
[2024-10-22T13:49:20.966+0000] {processor.py:914} INFO - Processing file /home/airflow/.local/lib/python3.12/site-packages/airflow/example_dags/example_local_kubernetes_executor.py for tasks to queue
[2024-10-22T13:49:20.991+0000] {logging_mixin.py:190} INFO - [2024-10-22T13:49:20.991+0000] {dagbag.py:587} INFO - Filling up the DagBag from /home/airflow/.local/lib/python3.12/site-packages/airflow/example_dags/example_local_kubernetes_executor.py
[2024-10-22T13:49:21.053+0000] {processor.py:925} INFO - DAG(s) 'example_local_kubernetes_executor' retrieved from /home/airflow/.local/lib/python3.12/site-packages/airflow/example_dags/example_local_kubernetes_executor.py
[2024-10-22T13:49:21.191+0000] {logging_mixin.py:190} INFO - [2024-10-22T13:49:21.190+0000] {dag.py:3229} INFO - Sync 1 DAGs
[2024-10-22T13:49:21.246+0000] {logging_mixin.py:190} INFO - [2024-10-22T13:49:21.245+0000] {dag.py:4156} INFO - Setting next_dagrun for example_local_kubernetes_executor to None, run_after=None
[2024-10-22T13:49:21.367+0000] {processor.py:208} INFO - Processing /home/airflow/.local/lib/python3.12/site-packages/airflow/example_dags/example_local_kubernetes_executor.py took 0.454 seconds
[2024-10-22T18:42:28.591+0000] {processor.py:186} INFO - Started process (PID=115) to work on /home/airflow/.local/lib/python3.12/site-packages/airflow/example_dags/example_local_kubernetes_executor.py
[2024-10-22T18:42:28.615+0000] {processor.py:914} INFO - Processing file /home/airflow/.local/lib/python3.12/site-packages/airflow/example_dags/example_local_kubernetes_executor.py for tasks to queue
[2024-10-22T18:42:28.637+0000] {logging_mixin.py:190} INFO - [2024-10-22T18:42:28.636+0000] {dagbag.py:587} INFO - Filling up the DagBag from /home/airflow/.local/lib/python3.12/site-packages/airflow/example_dags/example_local_kubernetes_executor.py
[2024-10-22T18:42:28.732+0000] {processor.py:925} INFO - DAG(s) 'example_local_kubernetes_executor' retrieved from /home/airflow/.local/lib/python3.12/site-packages/airflow/example_dags/example_local_kubernetes_executor.py
[2024-10-22T18:42:29.258+0000] {logging_mixin.py:190} INFO - [2024-10-22T18:42:29.257+0000] {dag.py:3229} INFO - Sync 1 DAGs
[2024-10-22T18:42:29.517+0000] {logging_mixin.py:190} INFO - [2024-10-22T18:42:29.517+0000] {dag.py:4156} INFO - Setting next_dagrun for example_local_kubernetes_executor to None, run_after=None
[2024-10-22T18:42:29.795+0000] {processor.py:208} INFO - Processing /home/airflow/.local/lib/python3.12/site-packages/airflow/example_dags/example_local_kubernetes_executor.py took 1.243 seconds
[2024-10-22T18:43:32.809+0000] {processor.py:186} INFO - Started process (PID=184) to work on /home/airflow/.local/lib/python3.12/site-packages/airflow/example_dags/example_local_kubernetes_executor.py
[2024-10-22T18:43:32.814+0000] {processor.py:914} INFO - Processing file /home/airflow/.local/lib/python3.12/site-packages/airflow/example_dags/example_local_kubernetes_executor.py for tasks to queue
[2024-10-22T18:43:32.844+0000] {logging_mixin.py:190} INFO - [2024-10-22T18:43:32.840+0000] {dagbag.py:587} INFO - Filling up the DagBag from /home/airflow/.local/lib/python3.12/site-packages/airflow/example_dags/example_local_kubernetes_executor.py
[2024-10-22T18:43:32.925+0000] {processor.py:925} INFO - DAG(s) 'example_local_kubernetes_executor' retrieved from /home/airflow/.local/lib/python3.12/site-packages/airflow/example_dags/example_local_kubernetes_executor.py
[2024-10-22T18:43:33.534+0000] {logging_mixin.py:190} INFO - [2024-10-22T18:43:33.534+0000] {dag.py:3229} INFO - Sync 1 DAGs
[2024-10-22T18:43:33.783+0000] {logging_mixin.py:190} INFO - [2024-10-22T18:43:33.782+0000] {dag.py:4156} INFO - Setting next_dagrun for example_local_kubernetes_executor to None, run_after=None
[2024-10-22T18:43:36.242+0000] {processor.py:208} INFO - Processing /home/airflow/.local/lib/python3.12/site-packages/airflow/example_dags/example_local_kubernetes_executor.py took 3.479 seconds
