[2024-10-22T13:48:31.745+0000] {processor.py:186} INFO - Started process (PID=103) to work on /home/airflow/.local/lib/python3.12/site-packages/airflow/example_dags/example_python_operator.py
[2024-10-22T13:48:31.759+0000] {processor.py:914} INFO - Processing file /home/airflow/.local/lib/python3.12/site-packages/airflow/example_dags/example_python_operator.py for tasks to queue
[2024-10-22T13:48:31.769+0000] {logging_mixin.py:190} INFO - [2024-10-22T13:48:31.768+0000] {dagbag.py:587} INFO - Filling up the DagBag from /home/airflow/.local/lib/python3.12/site-packages/airflow/example_dags/example_python_operator.py
[2024-10-22T13:48:31.886+0000] {processor.py:925} INFO - DAG(s) 'example_python_operator' retrieved from /home/airflow/.local/lib/python3.12/site-packages/airflow/example_dags/example_python_operator.py
[2024-10-22T13:48:32.749+0000] {logging_mixin.py:190} INFO - [2024-10-22T13:48:32.748+0000] {dag.py:3229} INFO - Sync 1 DAGs
[2024-10-22T13:48:32.818+0000] {logging_mixin.py:190} INFO - [2024-10-22T13:48:32.818+0000] {dag.py:4156} INFO - Setting next_dagrun for example_python_operator to None, run_after=None
[2024-10-22T13:48:32.944+0000] {processor.py:208} INFO - Processing /home/airflow/.local/lib/python3.12/site-packages/airflow/example_dags/example_python_operator.py took 1.283 seconds
[2024-10-22T13:49:15.202+0000] {processor.py:186} INFO - Started process (PID=166) to work on /home/airflow/.local/lib/python3.12/site-packages/airflow/example_dags/example_python_operator.py
[2024-10-22T13:49:15.204+0000] {processor.py:914} INFO - Processing file /home/airflow/.local/lib/python3.12/site-packages/airflow/example_dags/example_python_operator.py for tasks to queue
[2024-10-22T13:49:15.215+0000] {logging_mixin.py:190} INFO - [2024-10-22T13:49:15.213+0000] {dagbag.py:587} INFO - Filling up the DagBag from /home/airflow/.local/lib/python3.12/site-packages/airflow/example_dags/example_python_operator.py
[2024-10-22T13:49:15.251+0000] {processor.py:925} INFO - DAG(s) 'example_python_operator' retrieved from /home/airflow/.local/lib/python3.12/site-packages/airflow/example_dags/example_python_operator.py
[2024-10-22T13:49:15.321+0000] {logging_mixin.py:190} INFO - [2024-10-22T13:49:15.321+0000] {dag.py:3229} INFO - Sync 1 DAGs
[2024-10-22T13:49:15.368+0000] {logging_mixin.py:190} INFO - [2024-10-22T13:49:15.368+0000] {dag.py:4156} INFO - Setting next_dagrun for example_python_operator to None, run_after=None
[2024-10-22T13:49:15.493+0000] {processor.py:208} INFO - Processing /home/airflow/.local/lib/python3.12/site-packages/airflow/example_dags/example_python_operator.py took 0.309 seconds
[2024-10-22T18:42:04.763+0000] {processor.py:186} INFO - Started process (PID=93) to work on /home/airflow/.local/lib/python3.12/site-packages/airflow/example_dags/example_python_operator.py
[2024-10-22T18:42:04.826+0000] {processor.py:914} INFO - Processing file /home/airflow/.local/lib/python3.12/site-packages/airflow/example_dags/example_python_operator.py for tasks to queue
[2024-10-22T18:42:04.870+0000] {logging_mixin.py:190} INFO - [2024-10-22T18:42:04.870+0000] {dagbag.py:587} INFO - Filling up the DagBag from /home/airflow/.local/lib/python3.12/site-packages/airflow/example_dags/example_python_operator.py
[2024-10-22T18:42:05.142+0000] {processor.py:925} INFO - DAG(s) 'example_python_operator' retrieved from /home/airflow/.local/lib/python3.12/site-packages/airflow/example_dags/example_python_operator.py
[2024-10-22T18:42:07.085+0000] {logging_mixin.py:190} INFO - [2024-10-22T18:42:07.084+0000] {dag.py:3229} INFO - Sync 1 DAGs
[2024-10-22T18:42:07.373+0000] {logging_mixin.py:190} INFO - [2024-10-22T18:42:07.373+0000] {dag.py:4156} INFO - Setting next_dagrun for example_python_operator to None, run_after=None
[2024-10-22T18:42:09.236+0000] {processor.py:208} INFO - Processing /home/airflow/.local/lib/python3.12/site-packages/airflow/example_dags/example_python_operator.py took 4.345 seconds
[2024-10-22T18:43:15.256+0000] {processor.py:186} INFO - Started process (PID=161) to work on /home/airflow/.local/lib/python3.12/site-packages/airflow/example_dags/example_python_operator.py
[2024-10-22T18:43:15.308+0000] {processor.py:914} INFO - Processing file /home/airflow/.local/lib/python3.12/site-packages/airflow/example_dags/example_python_operator.py for tasks to queue
[2024-10-22T18:43:15.345+0000] {logging_mixin.py:190} INFO - [2024-10-22T18:43:15.344+0000] {dagbag.py:587} INFO - Filling up the DagBag from /home/airflow/.local/lib/python3.12/site-packages/airflow/example_dags/example_python_operator.py
[2024-10-22T18:43:15.565+0000] {processor.py:925} INFO - DAG(s) 'example_python_operator' retrieved from /home/airflow/.local/lib/python3.12/site-packages/airflow/example_dags/example_python_operator.py
[2024-10-22T18:43:15.774+0000] {logging_mixin.py:190} INFO - [2024-10-22T18:43:15.772+0000] {dag.py:3229} INFO - Sync 1 DAGs
[2024-10-22T18:43:15.845+0000] {logging_mixin.py:190} INFO - [2024-10-22T18:43:15.844+0000] {dag.py:4156} INFO - Setting next_dagrun for example_python_operator to None, run_after=None
[2024-10-22T18:43:16.001+0000] {processor.py:208} INFO - Processing /home/airflow/.local/lib/python3.12/site-packages/airflow/example_dags/example_python_operator.py took 0.814 seconds
[2024-10-22T18:47:54.116+0000] {processor.py:186} INFO - Started process (PID=86) to work on /home/airflow/.local/lib/python3.12/site-packages/airflow/example_dags/example_python_operator.py
[2024-10-22T18:47:54.121+0000] {processor.py:914} INFO - Processing file /home/airflow/.local/lib/python3.12/site-packages/airflow/example_dags/example_python_operator.py for tasks to queue
[2024-10-22T18:47:54.139+0000] {logging_mixin.py:190} INFO - [2024-10-22T18:47:54.138+0000] {dagbag.py:587} INFO - Filling up the DagBag from /home/airflow/.local/lib/python3.12/site-packages/airflow/example_dags/example_python_operator.py
[2024-10-22T18:47:55.156+0000] {processor.py:925} INFO - DAG(s) 'example_python_operator' retrieved from /home/airflow/.local/lib/python3.12/site-packages/airflow/example_dags/example_python_operator.py
