[2024-10-22T13:48:42.591+0000] {processor.py:186} INFO - Started process (PID=114) to work on /home/airflow/.local/lib/python3.12/site-packages/airflow/example_dags/example_sla_dag.py
[2024-10-22T13:48:42.603+0000] {processor.py:914} INFO - Processing file /home/airflow/.local/lib/python3.12/site-packages/airflow/example_dags/example_sla_dag.py for tasks to queue
[2024-10-22T13:48:42.625+0000] {logging_mixin.py:190} INFO - [2024-10-22T13:48:42.625+0000] {dagbag.py:587} INFO - Filling up the DagBag from /home/airflow/.local/lib/python3.12/site-packages/airflow/example_dags/example_sla_dag.py
[2024-10-22T13:48:42.682+0000] {processor.py:925} INFO - DAG(s) 'example_sla_dag' retrieved from /home/airflow/.local/lib/python3.12/site-packages/airflow/example_dags/example_sla_dag.py
[2024-10-22T13:48:42.794+0000] {logging_mixin.py:190} INFO - [2024-10-22T13:48:42.794+0000] {dag.py:3229} INFO - Sync 1 DAGs
[2024-10-22T13:48:42.941+0000] {logging_mixin.py:190} INFO - [2024-10-22T13:48:42.941+0000] {dag.py:4156} INFO - Setting next_dagrun for example_sla_dag to 2024-10-22 13:46:00+00:00, run_after=2024-10-22 13:48:00+00:00
[2024-10-22T13:48:43.053+0000] {processor.py:208} INFO - Processing /home/airflow/.local/lib/python3.12/site-packages/airflow/example_dags/example_sla_dag.py took 0.493 seconds
[2024-10-22T13:49:18.565+0000] {processor.py:186} INFO - Started process (PID=177) to work on /home/airflow/.local/lib/python3.12/site-packages/airflow/example_dags/example_sla_dag.py
[2024-10-22T13:49:18.591+0000] {processor.py:914} INFO - Processing file /home/airflow/.local/lib/python3.12/site-packages/airflow/example_dags/example_sla_dag.py for tasks to queue
[2024-10-22T13:49:18.616+0000] {logging_mixin.py:190} INFO - [2024-10-22T13:49:18.615+0000] {dagbag.py:587} INFO - Filling up the DagBag from /home/airflow/.local/lib/python3.12/site-packages/airflow/example_dags/example_sla_dag.py
[2024-10-22T13:49:18.654+0000] {processor.py:925} INFO - DAG(s) 'example_sla_dag' retrieved from /home/airflow/.local/lib/python3.12/site-packages/airflow/example_dags/example_sla_dag.py
[2024-10-22T13:49:18.742+0000] {logging_mixin.py:190} INFO - [2024-10-22T13:49:18.740+0000] {dag.py:3229} INFO - Sync 1 DAGs
[2024-10-22T13:49:18.923+0000] {logging_mixin.py:190} INFO - [2024-10-22T13:49:18.922+0000] {dag.py:4156} INFO - Setting next_dagrun for example_sla_dag to 2024-10-22 13:46:00+00:00, run_after=2024-10-22 13:48:00+00:00
[2024-10-22T13:49:19.015+0000] {processor.py:208} INFO - Processing /home/airflow/.local/lib/python3.12/site-packages/airflow/example_dags/example_sla_dag.py took 0.483 seconds
[2024-10-22T18:42:23.086+0000] {processor.py:186} INFO - Started process (PID=109) to work on /home/airflow/.local/lib/python3.12/site-packages/airflow/example_dags/example_sla_dag.py
[2024-10-22T18:42:23.103+0000] {processor.py:914} INFO - Processing file /home/airflow/.local/lib/python3.12/site-packages/airflow/example_dags/example_sla_dag.py for tasks to queue
[2024-10-22T18:42:23.157+0000] {logging_mixin.py:190} INFO - [2024-10-22T18:42:23.148+0000] {dagbag.py:587} INFO - Filling up the DagBag from /home/airflow/.local/lib/python3.12/site-packages/airflow/example_dags/example_sla_dag.py
[2024-10-22T18:42:23.252+0000] {processor.py:925} INFO - DAG(s) 'example_sla_dag' retrieved from /home/airflow/.local/lib/python3.12/site-packages/airflow/example_dags/example_sla_dag.py
[2024-10-22T18:42:23.424+0000] {logging_mixin.py:190} INFO - [2024-10-22T18:42:23.423+0000] {dag.py:3229} INFO - Sync 1 DAGs
[2024-10-22T18:42:23.870+0000] {logging_mixin.py:190} INFO - [2024-10-22T18:42:23.865+0000] {dag.py:4156} INFO - Setting next_dagrun for example_sla_dag to 2024-10-22 18:40:00+00:00, run_after=2024-10-22 18:42:00+00:00
[2024-10-22T18:42:24.030+0000] {processor.py:208} INFO - Processing /home/airflow/.local/lib/python3.12/site-packages/airflow/example_dags/example_sla_dag.py took 1.137 seconds
[2024-10-22T18:43:26.374+0000] {processor.py:186} INFO - Started process (PID=178) to work on /home/airflow/.local/lib/python3.12/site-packages/airflow/example_dags/example_sla_dag.py
[2024-10-22T18:43:26.407+0000] {processor.py:914} INFO - Processing file /home/airflow/.local/lib/python3.12/site-packages/airflow/example_dags/example_sla_dag.py for tasks to queue
[2024-10-22T18:43:26.427+0000] {logging_mixin.py:190} INFO - [2024-10-22T18:43:26.426+0000] {dagbag.py:587} INFO - Filling up the DagBag from /home/airflow/.local/lib/python3.12/site-packages/airflow/example_dags/example_sla_dag.py
[2024-10-22T18:43:26.542+0000] {processor.py:925} INFO - DAG(s) 'example_sla_dag' retrieved from /home/airflow/.local/lib/python3.12/site-packages/airflow/example_dags/example_sla_dag.py
[2024-10-22T18:43:26.732+0000] {logging_mixin.py:190} INFO - [2024-10-22T18:43:26.731+0000] {dag.py:3229} INFO - Sync 1 DAGs
[2024-10-22T18:43:27.025+0000] {logging_mixin.py:190} INFO - [2024-10-22T18:43:27.025+0000] {dag.py:4156} INFO - Setting next_dagrun for example_sla_dag to 2024-10-22 18:40:00+00:00, run_after=2024-10-22 18:42:00+00:00
[2024-10-22T18:43:27.218+0000] {processor.py:208} INFO - Processing /home/airflow/.local/lib/python3.12/site-packages/airflow/example_dags/example_sla_dag.py took 0.899 seconds
