[2024-10-22T13:49:00.084+0000] {processor.py:186} INFO - Started process (PID=129) to work on /home/airflow/.local/lib/python3.12/site-packages/airflow/example_dags/example_display_name.py
[2024-10-22T13:49:00.113+0000] {processor.py:914} INFO - Processing file /home/airflow/.local/lib/python3.12/site-packages/airflow/example_dags/example_display_name.py for tasks to queue
[2024-10-22T13:49:00.143+0000] {logging_mixin.py:190} INFO - [2024-10-22T13:49:00.138+0000] {dagbag.py:587} INFO - Filling up the DagBag from /home/airflow/.local/lib/python3.12/site-packages/airflow/example_dags/example_display_name.py
[2024-10-22T13:49:00.253+0000] {processor.py:925} INFO - DAG(s) 'example_display_name' retrieved from /home/airflow/.local/lib/python3.12/site-packages/airflow/example_dags/example_display_name.py
[2024-10-22T13:49:00.700+0000] {logging_mixin.py:190} INFO - [2024-10-22T13:49:00.699+0000] {dag.py:3229} INFO - Sync 1 DAGs
[2024-10-22T13:49:00.954+0000] {logging_mixin.py:190} INFO - [2024-10-22T13:49:00.952+0000] {dag.py:4156} INFO - Setting next_dagrun for example_display_name to None, run_after=None
[2024-10-22T13:49:01.250+0000] {processor.py:208} INFO - Processing /home/airflow/.local/lib/python3.12/site-packages/airflow/example_dags/example_display_name.py took 1.218 seconds
[2024-10-22T13:49:32.370+0000] {processor.py:186} INFO - Started process (PID=191) to work on /home/airflow/.local/lib/python3.12/site-packages/airflow/example_dags/example_display_name.py
[2024-10-22T13:49:32.379+0000] {processor.py:914} INFO - Processing file /home/airflow/.local/lib/python3.12/site-packages/airflow/example_dags/example_display_name.py for tasks to queue
[2024-10-22T13:49:32.394+0000] {logging_mixin.py:190} INFO - [2024-10-22T13:49:32.393+0000] {dagbag.py:587} INFO - Filling up the DagBag from /home/airflow/.local/lib/python3.12/site-packages/airflow/example_dags/example_display_name.py
[2024-10-22T13:49:32.486+0000] {processor.py:925} INFO - DAG(s) 'example_display_name' retrieved from /home/airflow/.local/lib/python3.12/site-packages/airflow/example_dags/example_display_name.py
[2024-10-22T13:49:32.602+0000] {logging_mixin.py:190} INFO - [2024-10-22T13:49:32.601+0000] {dag.py:3229} INFO - Sync 1 DAGs
[2024-10-22T13:49:32.691+0000] {logging_mixin.py:190} INFO - [2024-10-22T13:49:32.691+0000] {dag.py:4156} INFO - Setting next_dagrun for example_display_name to None, run_after=None
[2024-10-22T13:49:32.767+0000] {processor.py:208} INFO - Processing /home/airflow/.local/lib/python3.12/site-packages/airflow/example_dags/example_display_name.py took 0.439 seconds
[2024-10-22T18:42:39.844+0000] {processor.py:186} INFO - Started process (PID=124) to work on /home/airflow/.local/lib/python3.12/site-packages/airflow/example_dags/example_display_name.py
[2024-10-22T18:42:39.853+0000] {processor.py:914} INFO - Processing file /home/airflow/.local/lib/python3.12/site-packages/airflow/example_dags/example_display_name.py for tasks to queue
[2024-10-22T18:42:39.863+0000] {logging_mixin.py:190} INFO - [2024-10-22T18:42:39.863+0000] {dagbag.py:587} INFO - Filling up the DagBag from /home/airflow/.local/lib/python3.12/site-packages/airflow/example_dags/example_display_name.py
[2024-10-22T18:42:39.929+0000] {processor.py:925} INFO - DAG(s) 'example_display_name' retrieved from /home/airflow/.local/lib/python3.12/site-packages/airflow/example_dags/example_display_name.py
[2024-10-22T18:42:40.098+0000] {logging_mixin.py:190} INFO - [2024-10-22T18:42:40.097+0000] {dag.py:3229} INFO - Sync 1 DAGs
[2024-10-22T18:42:40.256+0000] {logging_mixin.py:190} INFO - [2024-10-22T18:42:40.256+0000] {dag.py:4156} INFO - Setting next_dagrun for example_display_name to None, run_after=None
[2024-10-22T18:42:40.523+0000] {processor.py:208} INFO - Processing /home/airflow/.local/lib/python3.12/site-packages/airflow/example_dags/example_display_name.py took 0.729 seconds
