[2024-10-22T13:48:31.557+0000] {processor.py:186} INFO - Started process (PID=102) to work on /home/airflow/.local/lib/python3.12/site-packages/airflow/example_dags/example_latest_only.py
[2024-10-22T13:48:31.569+0000] {processor.py:914} INFO - Processing file /home/airflow/.local/lib/python3.12/site-packages/airflow/example_dags/example_latest_only.py for tasks to queue
[2024-10-22T13:48:31.626+0000] {logging_mixin.py:190} INFO - [2024-10-22T13:48:31.625+0000] {dagbag.py:587} INFO - Filling up the DagBag from /home/airflow/.local/lib/python3.12/site-packages/airflow/example_dags/example_latest_only.py
[2024-10-22T13:48:31.694+0000] {processor.py:925} INFO - DAG(s) 'latest_only' retrieved from /home/airflow/.local/lib/python3.12/site-packages/airflow/example_dags/example_latest_only.py
[2024-10-22T13:48:32.064+0000] {logging_mixin.py:190} INFO - [2024-10-22T13:48:32.063+0000] {dag.py:3229} INFO - Sync 1 DAGs
[2024-10-22T13:48:32.462+0000] {logging_mixin.py:190} INFO - [2024-10-22T13:48:32.460+0000] {dag.py:4156} INFO - Setting next_dagrun for latest_only to 2024-10-22 08:00:00+00:00, run_after=2024-10-22 12:00:00+00:00
[2024-10-22T13:48:32.827+0000] {processor.py:208} INFO - Processing /home/airflow/.local/lib/python3.12/site-packages/airflow/example_dags/example_latest_only.py took 1.367 seconds
[2024-10-22T13:49:15.087+0000] {processor.py:186} INFO - Started process (PID=165) to work on /home/airflow/.local/lib/python3.12/site-packages/airflow/example_dags/example_latest_only.py
[2024-10-22T13:49:15.096+0000] {processor.py:914} INFO - Processing file /home/airflow/.local/lib/python3.12/site-packages/airflow/example_dags/example_latest_only.py for tasks to queue
[2024-10-22T13:49:15.135+0000] {logging_mixin.py:190} INFO - [2024-10-22T13:49:15.133+0000] {dagbag.py:587} INFO - Filling up the DagBag from /home/airflow/.local/lib/python3.12/site-packages/airflow/example_dags/example_latest_only.py
[2024-10-22T13:49:15.173+0000] {processor.py:925} INFO - DAG(s) 'latest_only' retrieved from /home/airflow/.local/lib/python3.12/site-packages/airflow/example_dags/example_latest_only.py
[2024-10-22T13:49:15.233+0000] {logging_mixin.py:190} INFO - [2024-10-22T13:49:15.232+0000] {dag.py:3229} INFO - Sync 1 DAGs
[2024-10-22T13:49:15.354+0000] {logging_mixin.py:190} INFO - [2024-10-22T13:49:15.353+0000] {dag.py:4156} INFO - Setting next_dagrun for latest_only to 2024-10-22 08:00:00+00:00, run_after=2024-10-22 12:00:00+00:00
[2024-10-22T13:49:15.434+0000] {processor.py:208} INFO - Processing /home/airflow/.local/lib/python3.12/site-packages/airflow/example_dags/example_latest_only.py took 0.373 seconds
[2024-10-22T18:42:04.540+0000] {processor.py:186} INFO - Started process (PID=92) to work on /home/airflow/.local/lib/python3.12/site-packages/airflow/example_dags/example_latest_only.py
[2024-10-22T18:42:04.557+0000] {processor.py:914} INFO - Processing file /home/airflow/.local/lib/python3.12/site-packages/airflow/example_dags/example_latest_only.py for tasks to queue
[2024-10-22T18:42:04.577+0000] {logging_mixin.py:190} INFO - [2024-10-22T18:42:04.576+0000] {dagbag.py:587} INFO - Filling up the DagBag from /home/airflow/.local/lib/python3.12/site-packages/airflow/example_dags/example_latest_only.py
[2024-10-22T18:42:04.626+0000] {processor.py:925} INFO - DAG(s) 'latest_only' retrieved from /home/airflow/.local/lib/python3.12/site-packages/airflow/example_dags/example_latest_only.py
[2024-10-22T18:42:05.188+0000] {logging_mixin.py:190} INFO - [2024-10-22T18:42:05.187+0000] {dag.py:3229} INFO - Sync 1 DAGs
[2024-10-22T18:42:06.097+0000] {logging_mixin.py:190} INFO - [2024-10-22T18:42:06.096+0000] {dag.py:4156} INFO - Setting next_dagrun for latest_only to 2024-10-22 12:00:00+00:00, run_after=2024-10-22 16:00:00+00:00
[2024-10-22T18:42:06.477+0000] {processor.py:208} INFO - Processing /home/airflow/.local/lib/python3.12/site-packages/airflow/example_dags/example_latest_only.py took 1.974 seconds
[2024-10-22T18:43:14.346+0000] {processor.py:186} INFO - Started process (PID=160) to work on /home/airflow/.local/lib/python3.12/site-packages/airflow/example_dags/example_latest_only.py
[2024-10-22T18:43:14.380+0000] {processor.py:914} INFO - Processing file /home/airflow/.local/lib/python3.12/site-packages/airflow/example_dags/example_latest_only.py for tasks to queue
[2024-10-22T18:43:14.425+0000] {logging_mixin.py:190} INFO - [2024-10-22T18:43:14.424+0000] {dagbag.py:587} INFO - Filling up the DagBag from /home/airflow/.local/lib/python3.12/site-packages/airflow/example_dags/example_latest_only.py
[2024-10-22T18:43:14.535+0000] {processor.py:925} INFO - DAG(s) 'latest_only' retrieved from /home/airflow/.local/lib/python3.12/site-packages/airflow/example_dags/example_latest_only.py
[2024-10-22T18:43:14.877+0000] {logging_mixin.py:190} INFO - [2024-10-22T18:43:14.876+0000] {dag.py:3229} INFO - Sync 1 DAGs
[2024-10-22T18:43:15.225+0000] {logging_mixin.py:190} INFO - [2024-10-22T18:43:15.224+0000] {dag.py:4156} INFO - Setting next_dagrun for latest_only to 2024-10-22 12:00:00+00:00, run_after=2024-10-22 16:00:00+00:00
[2024-10-22T18:43:15.506+0000] {processor.py:208} INFO - Processing /home/airflow/.local/lib/python3.12/site-packages/airflow/example_dags/example_latest_only.py took 1.194 seconds
[2024-10-22T18:47:53.355+0000] {processor.py:186} INFO - Started process (PID=85) to work on /home/airflow/.local/lib/python3.12/site-packages/airflow/example_dags/example_latest_only.py
[2024-10-22T18:47:53.362+0000] {processor.py:914} INFO - Processing file /home/airflow/.local/lib/python3.12/site-packages/airflow/example_dags/example_latest_only.py for tasks to queue
[2024-10-22T18:47:53.368+0000] {logging_mixin.py:190} INFO - [2024-10-22T18:47:53.368+0000] {dagbag.py:587} INFO - Filling up the DagBag from /home/airflow/.local/lib/python3.12/site-packages/airflow/example_dags/example_latest_only.py
[2024-10-22T18:47:53.446+0000] {processor.py:925} INFO - DAG(s) 'latest_only' retrieved from /home/airflow/.local/lib/python3.12/site-packages/airflow/example_dags/example_latest_only.py
[2024-10-22T18:47:53.708+0000] {logging_mixin.py:190} INFO - [2024-10-22T18:47:53.708+0000] {dag.py:3229} INFO - Sync 1 DAGs
[2024-10-22T18:47:56.100+0000] {logging_mixin.py:190} INFO - [2024-10-22T18:47:56.099+0000] {dag.py:4156} INFO - Setting next_dagrun for latest_only to 2024-10-22 12:00:00+00:00, run_after=2024-10-22 16:00:00+00:00
[2024-10-22T18:47:56.302+0000] {processor.py:208} INFO - Processing /home/airflow/.local/lib/python3.12/site-packages/airflow/example_dags/example_latest_only.py took 2.993 seconds
