[2024-10-22T13:48:48.453+0000] {processor.py:186} INFO - Started process (PID=124) to work on /home/airflow/.local/lib/python3.12/site-packages/airflow/example_dags/example_branch_operator.py
[2024-10-22T13:48:48.456+0000] {processor.py:914} INFO - Processing file /home/airflow/.local/lib/python3.12/site-packages/airflow/example_dags/example_branch_operator.py for tasks to queue
[2024-10-22T13:48:48.468+0000] {logging_mixin.py:190} INFO - [2024-10-22T13:48:48.465+0000] {dagbag.py:587} INFO - Filling up the DagBag from /home/airflow/.local/lib/python3.12/site-packages/airflow/example_dags/example_branch_operator.py
[2024-10-22T13:48:48.579+0000] {processor.py:925} INFO - DAG(s) 'example_branch_operator' retrieved from /home/airflow/.local/lib/python3.12/site-packages/airflow/example_dags/example_branch_operator.py
[2024-10-22T13:48:49.873+0000] {logging_mixin.py:190} INFO - [2024-10-22T13:48:49.871+0000] {dag.py:3229} INFO - Sync 1 DAGs
[2024-10-22T13:48:50.137+0000] {logging_mixin.py:190} INFO - [2024-10-22T13:48:50.137+0000] {dag.py:4156} INFO - Setting next_dagrun for example_branch_operator to 2024-10-21 00:00:00+00:00, run_after=2024-10-22 00:00:00+00:00
[2024-10-22T13:48:50.654+0000] {processor.py:208} INFO - Processing /home/airflow/.local/lib/python3.12/site-packages/airflow/example_dags/example_branch_operator.py took 2.301 seconds
[2024-10-22T13:49:22.355+0000] {processor.py:186} INFO - Started process (PID=186) to work on /home/airflow/.local/lib/python3.12/site-packages/airflow/example_dags/example_branch_operator.py
[2024-10-22T13:49:22.369+0000] {processor.py:914} INFO - Processing file /home/airflow/.local/lib/python3.12/site-packages/airflow/example_dags/example_branch_operator.py for tasks to queue
[2024-10-22T13:49:22.381+0000] {logging_mixin.py:190} INFO - [2024-10-22T13:49:22.380+0000] {dagbag.py:587} INFO - Filling up the DagBag from /home/airflow/.local/lib/python3.12/site-packages/airflow/example_dags/example_branch_operator.py
[2024-10-22T13:49:22.506+0000] {processor.py:925} INFO - DAG(s) 'example_branch_operator' retrieved from /home/airflow/.local/lib/python3.12/site-packages/airflow/example_dags/example_branch_operator.py
[2024-10-22T13:49:22.756+0000] {logging_mixin.py:190} INFO - [2024-10-22T13:49:22.751+0000] {dag.py:3229} INFO - Sync 1 DAGs
[2024-10-22T13:49:22.940+0000] {logging_mixin.py:190} INFO - [2024-10-22T13:49:22.939+0000] {dag.py:4156} INFO - Setting next_dagrun for example_branch_operator to 2024-10-21 00:00:00+00:00, run_after=2024-10-22 00:00:00+00:00
[2024-10-22T13:49:23.041+0000] {processor.py:208} INFO - Processing /home/airflow/.local/lib/python3.12/site-packages/airflow/example_dags/example_branch_operator.py took 0.743 seconds
[2024-10-22T18:42:32.374+0000] {processor.py:186} INFO - Started process (PID=119) to work on /home/airflow/.local/lib/python3.12/site-packages/airflow/example_dags/example_branch_operator.py
[2024-10-22T18:42:32.387+0000] {processor.py:914} INFO - Processing file /home/airflow/.local/lib/python3.12/site-packages/airflow/example_dags/example_branch_operator.py for tasks to queue
[2024-10-22T18:42:32.407+0000] {logging_mixin.py:190} INFO - [2024-10-22T18:42:32.406+0000] {dagbag.py:587} INFO - Filling up the DagBag from /home/airflow/.local/lib/python3.12/site-packages/airflow/example_dags/example_branch_operator.py
[2024-10-22T18:42:32.757+0000] {processor.py:925} INFO - DAG(s) 'example_branch_operator' retrieved from /home/airflow/.local/lib/python3.12/site-packages/airflow/example_dags/example_branch_operator.py
[2024-10-22T18:42:34.661+0000] {logging_mixin.py:190} INFO - [2024-10-22T18:42:34.660+0000] {dag.py:3229} INFO - Sync 1 DAGs
[2024-10-22T18:42:34.939+0000] {logging_mixin.py:190} INFO - [2024-10-22T18:42:34.937+0000] {dag.py:4156} INFO - Setting next_dagrun for example_branch_operator to 2024-10-21 00:00:00+00:00, run_after=2024-10-22 00:00:00+00:00
[2024-10-22T18:42:35.339+0000] {processor.py:208} INFO - Processing /home/airflow/.local/lib/python3.12/site-packages/airflow/example_dags/example_branch_operator.py took 2.981 seconds
