[2024-10-20T13:21:49.458+0000] {processor.py:186} INFO - Started process (PID=119) to work on /opt/airflow/dags/wikipedia_pageviews_dag.py
[2024-10-20T13:21:49.464+0000] {processor.py:914} INFO - Processing file /opt/airflow/dags/wikipedia_pageviews_dag.py for tasks to queue
[2024-10-20T13:21:49.493+0000] {logging_mixin.py:190} INFO - [2024-10-20T13:21:49.487+0000] {dagbag.py:587} INFO - Filling up the DagBag from /opt/airflow/dags/wikipedia_pageviews_dag.py
[2024-10-20T13:21:50.840+0000] {processor.py:925} INFO - DAG(s) 'wikipedia_pageviews_dag' retrieved from /opt/airflow/dags/wikipedia_pageviews_dag.py
[2024-10-20T13:21:56.115+0000] {logging_mixin.py:190} INFO - [2024-10-20T13:21:56.091+0000] {override.py:1900} INFO - Created Permission View: can read on DAG:wikipedia_pageviews_dag
[2024-10-20T13:21:56.309+0000] {logging_mixin.py:190} INFO - [2024-10-20T13:21:56.308+0000] {override.py:1900} INFO - Created Permission View: can edit on DAG:wikipedia_pageviews_dag
[2024-10-20T13:21:56.531+0000] {logging_mixin.py:190} INFO - [2024-10-20T13:21:56.530+0000] {override.py:1900} INFO - Created Permission View: can delete on DAG:wikipedia_pageviews_dag
[2024-10-20T13:21:56.726+0000] {logging_mixin.py:190} INFO - [2024-10-20T13:21:56.726+0000] {override.py:1900} INFO - Created Permission View: can create on DAG Run:wikipedia_pageviews_dag
[2024-10-20T13:21:56.865+0000] {logging_mixin.py:190} INFO - [2024-10-20T13:21:56.864+0000] {override.py:1900} INFO - Created Permission View: can read on DAG Run:wikipedia_pageviews_dag
[2024-10-20T13:21:56.968+0000] {logging_mixin.py:190} INFO - [2024-10-20T13:21:56.967+0000] {override.py:1900} INFO - Created Permission View: menu access on DAG Run:wikipedia_pageviews_dag
[2024-10-20T13:21:57.069+0000] {logging_mixin.py:190} INFO - [2024-10-20T13:21:57.068+0000] {override.py:1900} INFO - Created Permission View: can delete on DAG Run:wikipedia_pageviews_dag
[2024-10-20T13:21:57.079+0000] {logging_mixin.py:190} INFO - [2024-10-20T13:21:57.076+0000] {dag.py:3229} INFO - Sync 1 DAGs
[2024-10-20T13:21:57.427+0000] {logging_mixin.py:190} INFO - [2024-10-20T13:21:57.427+0000] {dag.py:3252} INFO - Creating ORM DAG for wikipedia_pageviews_dag
[2024-10-20T13:21:57.662+0000] {logging_mixin.py:190} INFO - [2024-10-20T13:21:57.660+0000] {dag.py:4156} INFO - Setting next_dagrun for wikipedia_pageviews_dag to 2024-10-20 12:00:00+00:00, run_after=2024-10-20 13:00:00+00:00
[2024-10-20T13:21:58.009+0000] {processor.py:208} INFO - Processing /opt/airflow/dags/wikipedia_pageviews_dag.py took 8.611 seconds
[2024-10-20T13:53:34.749+0000] {processor.py:186} INFO - Started process (PID=85) to work on /opt/airflow/dags/wikipedia_pageviews_dag.py
[2024-10-20T13:53:34.776+0000] {processor.py:914} INFO - Processing file /opt/airflow/dags/wikipedia_pageviews_dag.py for tasks to queue
[2024-10-20T13:53:34.806+0000] {logging_mixin.py:190} INFO - [2024-10-20T13:53:34.805+0000] {dagbag.py:587} INFO - Filling up the DagBag from /opt/airflow/dags/wikipedia_pageviews_dag.py
[2024-10-20T13:53:35.664+0000] {processor.py:925} INFO - DAG(s) 'wikipedia_pageviews_dag' retrieved from /opt/airflow/dags/wikipedia_pageviews_dag.py
[2024-10-20T13:53:36.572+0000] {logging_mixin.py:190} INFO - [2024-10-20T13:53:36.563+0000] {dag.py:3229} INFO - Sync 1 DAGs
[2024-10-20T13:53:37.104+0000] {logging_mixin.py:190} INFO - [2024-10-20T13:53:37.104+0000] {dag.py:4156} INFO - Setting next_dagrun for wikipedia_pageviews_dag to 2024-10-20 12:00:00+00:00, run_after=2024-10-20 13:00:00+00:00
[2024-10-20T13:53:37.373+0000] {processor.py:208} INFO - Processing /opt/airflow/dags/wikipedia_pageviews_dag.py took 3.457 seconds
[2024-10-20T13:55:54.359+0000] {processor.py:186} INFO - Started process (PID=171) to work on /opt/airflow/dags/wikipedia_pageviews_dag.py
[2024-10-20T13:55:54.397+0000] {processor.py:914} INFO - Processing file /opt/airflow/dags/wikipedia_pageviews_dag.py for tasks to queue
[2024-10-20T13:55:54.431+0000] {logging_mixin.py:190} INFO - [2024-10-20T13:55:54.430+0000] {dagbag.py:587} INFO - Filling up the DagBag from /opt/airflow/dags/wikipedia_pageviews_dag.py
[2024-10-20T13:55:56.311+0000] {processor.py:925} INFO - DAG(s) 'wikipedia_pageviews_dag' retrieved from /opt/airflow/dags/wikipedia_pageviews_dag.py
[2024-10-20T13:56:01.189+0000] {logging_mixin.py:190} INFO - [2024-10-20T13:56:01.162+0000] {dag.py:3229} INFO - Sync 1 DAGs
[2024-10-20T13:56:02.450+0000] {logging_mixin.py:190} INFO - [2024-10-20T13:56:02.450+0000] {dag.py:4156} INFO - Setting next_dagrun for wikipedia_pageviews_dag to 2024-10-20 12:00:00+00:00, run_after=2024-10-20 13:00:00+00:00
[2024-10-20T13:56:06.543+0000] {processor.py:208} INFO - Processing /opt/airflow/dags/wikipedia_pageviews_dag.py took 14.282 seconds
[2024-10-20T20:30:59.255+0000] {processor.py:186} INFO - Started process (PID=27) to work on /opt/airflow/dags/wikipedia_pageviews_dag.py
[2024-10-20T20:30:59.280+0000] {processor.py:914} INFO - Processing file /opt/airflow/dags/wikipedia_pageviews_dag.py for tasks to queue
[2024-10-20T20:30:59.288+0000] {logging_mixin.py:190} INFO - [2024-10-20T20:30:59.287+0000] {dagbag.py:587} INFO - Filling up the DagBag from /opt/airflow/dags/wikipedia_pageviews_dag.py
[2024-10-20T20:31:01.552+0000] {processor.py:925} INFO - DAG(s) 'wikipedia_pageviews_dag' retrieved from /opt/airflow/dags/wikipedia_pageviews_dag.py
[2024-10-20T20:31:02.628+0000] {logging_mixin.py:190} INFO - [2024-10-20T20:31:02.628+0000] {dag.py:3229} INFO - Sync 1 DAGs
[2024-10-20T20:31:02.902+0000] {logging_mixin.py:190} INFO - [2024-10-20T20:31:02.902+0000] {dag.py:4156} INFO - Setting next_dagrun for wikipedia_pageviews_dag to 2024-10-20 19:00:00+00:00, run_after=2024-10-20 20:00:00+00:00
[2024-10-20T20:31:03.158+0000] {processor.py:208} INFO - Processing /opt/airflow/dags/wikipedia_pageviews_dag.py took 4.071 seconds
[2024-10-20T20:32:48.686+0000] {processor.py:186} INFO - Started process (PID=84) to work on /opt/airflow/dags/wikipedia_pageviews_dag.py
[2024-10-20T20:32:48.692+0000] {processor.py:914} INFO - Processing file /opt/airflow/dags/wikipedia_pageviews_dag.py for tasks to queue
[2024-10-20T20:32:48.713+0000] {logging_mixin.py:190} INFO - [2024-10-20T20:32:48.712+0000] {dagbag.py:587} INFO - Filling up the DagBag from /opt/airflow/dags/wikipedia_pageviews_dag.py
[2024-10-20T20:32:49.692+0000] {processor.py:925} INFO - DAG(s) 'wikipedia_pageviews_dag' retrieved from /opt/airflow/dags/wikipedia_pageviews_dag.py
[2024-10-20T20:32:51.464+0000] {logging_mixin.py:190} INFO - [2024-10-20T20:32:51.450+0000] {dag.py:3229} INFO - Sync 1 DAGs
[2024-10-20T20:32:53.465+0000] {logging_mixin.py:190} INFO - [2024-10-20T20:32:53.464+0000] {dag.py:4156} INFO - Setting next_dagrun for wikipedia_pageviews_dag to 2024-10-20 19:00:00+00:00, run_after=2024-10-20 20:00:00+00:00
[2024-10-20T20:32:53.632+0000] {processor.py:208} INFO - Processing /opt/airflow/dags/wikipedia_pageviews_dag.py took 4.986 seconds
[2024-10-20T20:34:03.265+0000] {processor.py:186} INFO - Started process (PID=120) to work on /opt/airflow/dags/wikipedia_pageviews_dag.py
[2024-10-20T20:34:03.269+0000] {processor.py:914} INFO - Processing file /opt/airflow/dags/wikipedia_pageviews_dag.py for tasks to queue
[2024-10-20T20:34:03.291+0000] {logging_mixin.py:190} INFO - [2024-10-20T20:34:03.290+0000] {dagbag.py:587} INFO - Filling up the DagBag from /opt/airflow/dags/wikipedia_pageviews_dag.py
[2024-10-20T20:34:03.480+0000] {processor.py:925} INFO - DAG(s) 'wikipedia_pageviews_dag' retrieved from /opt/airflow/dags/wikipedia_pageviews_dag.py
[2024-10-20T20:34:03.674+0000] {logging_mixin.py:190} INFO - [2024-10-20T20:34:03.673+0000] {dag.py:3229} INFO - Sync 1 DAGs
[2024-10-20T20:34:03.979+0000] {logging_mixin.py:190} INFO - [2024-10-20T20:34:03.978+0000] {dag.py:4156} INFO - Setting next_dagrun for wikipedia_pageviews_dag to 2024-10-20 19:00:00+00:00, run_after=2024-10-20 20:00:00+00:00
[2024-10-20T20:34:04.319+0000] {processor.py:208} INFO - Processing /opt/airflow/dags/wikipedia_pageviews_dag.py took 1.089 seconds
[2024-10-20T20:34:55.000+0000] {processor.py:186} INFO - Started process (PID=158) to work on /opt/airflow/dags/wikipedia_pageviews_dag.py
[2024-10-20T20:34:55.016+0000] {processor.py:914} INFO - Processing file /opt/airflow/dags/wikipedia_pageviews_dag.py for tasks to queue
[2024-10-20T20:34:55.039+0000] {logging_mixin.py:190} INFO - [2024-10-20T20:34:55.026+0000] {dagbag.py:587} INFO - Filling up the DagBag from /opt/airflow/dags/wikipedia_pageviews_dag.py
[2024-10-20T20:34:55.396+0000] {processor.py:925} INFO - DAG(s) 'wikipedia_pageviews_dag' retrieved from /opt/airflow/dags/wikipedia_pageviews_dag.py
[2024-10-20T20:34:55.615+0000] {logging_mixin.py:190} INFO - [2024-10-20T20:34:55.615+0000] {dag.py:3229} INFO - Sync 1 DAGs
[2024-10-20T20:34:55.948+0000] {logging_mixin.py:190} INFO - [2024-10-20T20:34:55.936+0000] {dag.py:4156} INFO - Setting next_dagrun for wikipedia_pageviews_dag to 2024-10-20 19:00:00+00:00, run_after=2024-10-20 20:00:00+00:00
[2024-10-20T20:34:56.140+0000] {processor.py:208} INFO - Processing /opt/airflow/dags/wikipedia_pageviews_dag.py took 1.206 seconds
[2024-10-20T20:35:32.033+0000] {processor.py:186} INFO - Started process (PID=207) to work on /opt/airflow/dags/wikipedia_pageviews_dag.py
[2024-10-20T20:35:32.057+0000] {processor.py:914} INFO - Processing file /opt/airflow/dags/wikipedia_pageviews_dag.py for tasks to queue
[2024-10-20T20:35:32.078+0000] {logging_mixin.py:190} INFO - [2024-10-20T20:35:32.075+0000] {dagbag.py:587} INFO - Filling up the DagBag from /opt/airflow/dags/wikipedia_pageviews_dag.py
[2024-10-20T20:35:32.284+0000] {processor.py:925} INFO - DAG(s) 'wikipedia_pageviews_dag' retrieved from /opt/airflow/dags/wikipedia_pageviews_dag.py
[2024-10-20T20:35:32.617+0000] {logging_mixin.py:190} INFO - [2024-10-20T20:35:32.617+0000] {dag.py:3229} INFO - Sync 1 DAGs
[2024-10-20T20:35:32.816+0000] {logging_mixin.py:190} INFO - [2024-10-20T20:35:32.815+0000] {dag.py:4156} INFO - Setting next_dagrun for wikipedia_pageviews_dag to 2024-10-20 19:00:00+00:00, run_after=2024-10-20 20:00:00+00:00
[2024-10-20T20:35:32.999+0000] {processor.py:208} INFO - Processing /opt/airflow/dags/wikipedia_pageviews_dag.py took 2.948 seconds
