[2024-10-23T10:50:58.168+0000] {processor.py:186} INFO - Started process (PID=83) to work on /opt/airflow/dags/wikipedia_pageviews_dag.py
[2024-10-23T10:50:58.208+0000] {processor.py:914} INFO - Processing file /opt/airflow/dags/wikipedia_pageviews_dag.py for tasks to queue
[2024-10-23T10:50:58.367+0000] {logging_mixin.py:190} INFO - [2024-10-23T10:50:58.366+0000] {dagbag.py:587} INFO - Filling up the DagBag from /opt/airflow/dags/wikipedia_pageviews_dag.py
[2024-10-23T10:51:00.539+0000] {processor.py:925} INFO - DAG(s) 'wikipedia_pageviews_dag' retrieved from /opt/airflow/dags/wikipedia_pageviews_dag.py
[2024-10-23T10:51:01.133+0000] {logging_mixin.py:190} INFO - [2024-10-23T10:51:01.133+0000] {dag.py:3229} INFO - Sync 1 DAGs
[2024-10-23T10:51:01.508+0000] {logging_mixin.py:190} INFO - [2024-10-23T10:51:01.506+0000] {dag.py:4156} INFO - Setting next_dagrun for wikipedia_pageviews_dag to 2024-10-23 09:00:00+00:00, run_after=2024-10-23 10:00:00+00:00
[2024-10-23T10:51:01.944+0000] {processor.py:208} INFO - Processing /opt/airflow/dags/wikipedia_pageviews_dag.py took 3.911 seconds
[2024-10-23T10:52:15.922+0000] {processor.py:186} INFO - Started process (PID=157) to work on /opt/airflow/dags/wikipedia_pageviews_dag.py
[2024-10-23T10:52:15.949+0000] {processor.py:914} INFO - Processing file /opt/airflow/dags/wikipedia_pageviews_dag.py for tasks to queue
[2024-10-23T10:52:15.988+0000] {logging_mixin.py:190} INFO - [2024-10-23T10:52:15.978+0000] {dagbag.py:587} INFO - Filling up the DagBag from /opt/airflow/dags/wikipedia_pageviews_dag.py
[2024-10-23T10:52:16.334+0000] {processor.py:925} INFO - DAG(s) 'wikipedia_pageviews_dag' retrieved from /opt/airflow/dags/wikipedia_pageviews_dag.py
[2024-10-23T10:52:16.635+0000] {logging_mixin.py:190} INFO - [2024-10-23T10:52:16.634+0000] {dag.py:3229} INFO - Sync 1 DAGs
[2024-10-23T10:52:17.156+0000] {logging_mixin.py:190} INFO - [2024-10-23T10:52:17.155+0000] {dag.py:4156} INFO - Setting next_dagrun for wikipedia_pageviews_dag to 2024-10-23 09:00:00+00:00, run_after=2024-10-23 10:00:00+00:00
[2024-10-23T10:52:17.449+0000] {processor.py:208} INFO - Processing /opt/airflow/dags/wikipedia_pageviews_dag.py took 1.586 seconds
[2024-10-23T10:52:57.953+0000] {processor.py:186} INFO - Started process (PID=210) to work on /opt/airflow/dags/wikipedia_pageviews_dag.py
[2024-10-23T10:52:57.975+0000] {processor.py:914} INFO - Processing file /opt/airflow/dags/wikipedia_pageviews_dag.py for tasks to queue
[2024-10-23T10:52:58.009+0000] {logging_mixin.py:190} INFO - [2024-10-23T10:52:58.008+0000] {dagbag.py:587} INFO - Filling up the DagBag from /opt/airflow/dags/wikipedia_pageviews_dag.py
[2024-10-23T10:52:58.463+0000] {processor.py:925} INFO - DAG(s) 'wikipedia_pageviews_dag' retrieved from /opt/airflow/dags/wikipedia_pageviews_dag.py
[2024-10-23T10:52:59.148+0000] {logging_mixin.py:190} INFO - [2024-10-23T10:52:59.147+0000] {dag.py:3229} INFO - Sync 1 DAGs
[2024-10-23T10:53:00.440+0000] {logging_mixin.py:190} INFO - [2024-10-23T10:53:00.409+0000] {dag.py:4156} INFO - Setting next_dagrun for wikipedia_pageviews_dag to 2024-10-23 09:00:00+00:00, run_after=2024-10-23 10:00:00+00:00
[2024-10-23T10:53:00.716+0000] {processor.py:208} INFO - Processing /opt/airflow/dags/wikipedia_pageviews_dag.py took 2.780 seconds
[2024-10-23T10:53:41.955+0000] {processor.py:186} INFO - Started process (PID=245) to work on /opt/airflow/dags/wikipedia_pageviews_dag.py
[2024-10-23T10:53:41.987+0000] {processor.py:914} INFO - Processing file /opt/airflow/dags/wikipedia_pageviews_dag.py for tasks to queue
[2024-10-23T10:53:42.207+0000] {logging_mixin.py:190} INFO - [2024-10-23T10:53:42.189+0000] {dagbag.py:587} INFO - Filling up the DagBag from /opt/airflow/dags/wikipedia_pageviews_dag.py
[2024-10-23T10:53:44.347+0000] {processor.py:925} INFO - DAG(s) 'wikipedia_pageviews_dag' retrieved from /opt/airflow/dags/wikipedia_pageviews_dag.py
[2024-10-23T10:58:42.605+0000] {processor.py:186} INFO - Started process (PID=92) to work on /opt/airflow/dags/wikipedia_pageviews_dag.py
[2024-10-23T10:58:42.612+0000] {processor.py:914} INFO - Processing file /opt/airflow/dags/wikipedia_pageviews_dag.py for tasks to queue
[2024-10-23T10:58:42.629+0000] {logging_mixin.py:190} INFO - [2024-10-23T10:58:42.628+0000] {dagbag.py:587} INFO - Filling up the DagBag from /opt/airflow/dags/wikipedia_pageviews_dag.py
[2024-10-23T10:58:43.205+0000] {processor.py:925} INFO - DAG(s) 'wikipedia_pageviews_dag' retrieved from /opt/airflow/dags/wikipedia_pageviews_dag.py
[2024-10-23T10:58:43.516+0000] {logging_mixin.py:190} INFO - [2024-10-23T10:58:43.516+0000] {dag.py:3229} INFO - Sync 1 DAGs
[2024-10-23T10:58:43.763+0000] {logging_mixin.py:190} INFO - [2024-10-23T10:58:43.762+0000] {dag.py:4156} INFO - Setting next_dagrun for wikipedia_pageviews_dag to 2024-10-23 09:00:00+00:00, run_after=2024-10-23 10:00:00+00:00
[2024-10-23T10:58:44.030+0000] {processor.py:208} INFO - Processing /opt/airflow/dags/wikipedia_pageviews_dag.py took 1.471 seconds
[2024-10-23T10:59:34.036+0000] {processor.py:186} INFO - Started process (PID=161) to work on /opt/airflow/dags/wikipedia_pageviews_dag.py
[2024-10-23T10:59:34.043+0000] {processor.py:914} INFO - Processing file /opt/airflow/dags/wikipedia_pageviews_dag.py for tasks to queue
[2024-10-23T10:59:34.064+0000] {logging_mixin.py:190} INFO - [2024-10-23T10:59:34.063+0000] {dagbag.py:587} INFO - Filling up the DagBag from /opt/airflow/dags/wikipedia_pageviews_dag.py
[2024-10-23T10:59:34.406+0000] {processor.py:925} INFO - DAG(s) 'wikipedia_pageviews_dag' retrieved from /opt/airflow/dags/wikipedia_pageviews_dag.py
[2024-10-23T10:59:34.685+0000] {logging_mixin.py:190} INFO - [2024-10-23T10:59:34.684+0000] {dag.py:3229} INFO - Sync 1 DAGs
[2024-10-23T10:59:34.906+0000] {logging_mixin.py:190} INFO - [2024-10-23T10:59:34.906+0000] {dag.py:4156} INFO - Setting next_dagrun for wikipedia_pageviews_dag to 2024-10-23 09:00:00+00:00, run_after=2024-10-23 10:00:00+00:00
[2024-10-23T10:59:35.143+0000] {processor.py:208} INFO - Processing /opt/airflow/dags/wikipedia_pageviews_dag.py took 1.146 seconds
[2024-10-23T11:00:10.733+0000] {processor.py:186} INFO - Started process (PID=217) to work on /opt/airflow/dags/wikipedia_pageviews_dag.py
[2024-10-23T11:00:10.741+0000] {processor.py:914} INFO - Processing file /opt/airflow/dags/wikipedia_pageviews_dag.py for tasks to queue
[2024-10-23T11:00:10.756+0000] {logging_mixin.py:190} INFO - [2024-10-23T11:00:10.755+0000] {dagbag.py:587} INFO - Filling up the DagBag from /opt/airflow/dags/wikipedia_pageviews_dag.py
[2024-10-23T11:00:11.223+0000] {processor.py:925} INFO - DAG(s) 'wikipedia_pageviews_dag' retrieved from /opt/airflow/dags/wikipedia_pageviews_dag.py
[2024-10-23T11:00:11.532+0000] {logging_mixin.py:190} INFO - [2024-10-23T11:00:11.521+0000] {dag.py:3229} INFO - Sync 1 DAGs
[2024-10-23T11:00:11.791+0000] {logging_mixin.py:190} INFO - [2024-10-23T11:00:11.790+0000] {dag.py:4156} INFO - Setting next_dagrun for wikipedia_pageviews_dag to 2024-10-23 10:00:00+00:00, run_after=2024-10-23 11:00:00+00:00
[2024-10-23T11:00:12.081+0000] {processor.py:208} INFO - Processing /opt/airflow/dags/wikipedia_pageviews_dag.py took 1.396 seconds
[2024-10-23T11:15:47.831+0000] {processor.py:186} INFO - Started process (PID=80) to work on /opt/airflow/dags/wikipedia_pageviews_dag.py
[2024-10-23T11:15:47.980+0000] {processor.py:914} INFO - Processing file /opt/airflow/dags/wikipedia_pageviews_dag.py for tasks to queue
[2024-10-23T11:15:48.003+0000] {logging_mixin.py:190} INFO - [2024-10-23T11:15:48.002+0000] {dagbag.py:587} INFO - Filling up the DagBag from /opt/airflow/dags/wikipedia_pageviews_dag.py
[2024-10-23T11:15:48.633+0000] {processor.py:925} INFO - DAG(s) 'wikipedia_pageviews_dag' retrieved from /opt/airflow/dags/wikipedia_pageviews_dag.py
[2024-10-23T11:15:49.090+0000] {logging_mixin.py:190} INFO - [2024-10-23T11:15:49.057+0000] {dag.py:3229} INFO - Sync 1 DAGs
[2024-10-23T11:15:49.491+0000] {logging_mixin.py:190} INFO - [2024-10-23T11:15:49.490+0000] {dag.py:4156} INFO - Setting next_dagrun for wikipedia_pageviews_dag to 2024-10-23 10:00:00+00:00, run_after=2024-10-23 11:00:00+00:00
[2024-10-23T11:15:49.694+0000] {processor.py:208} INFO - Processing /opt/airflow/dags/wikipedia_pageviews_dag.py took 1.925 seconds
[2024-10-23T11:17:13.655+0000] {processor.py:186} INFO - Started process (PID=154) to work on /opt/airflow/dags/wikipedia_pageviews_dag.py
[2024-10-23T11:17:13.666+0000] {processor.py:914} INFO - Processing file /opt/airflow/dags/wikipedia_pageviews_dag.py for tasks to queue
[2024-10-23T11:17:13.680+0000] {logging_mixin.py:190} INFO - [2024-10-23T11:17:13.679+0000] {dagbag.py:587} INFO - Filling up the DagBag from /opt/airflow/dags/wikipedia_pageviews_dag.py
[2024-10-23T11:17:14.040+0000] {processor.py:925} INFO - DAG(s) 'wikipedia_pageviews_dag' retrieved from /opt/airflow/dags/wikipedia_pageviews_dag.py
[2024-10-23T11:17:14.324+0000] {logging_mixin.py:190} INFO - [2024-10-23T11:17:14.324+0000] {dag.py:3229} INFO - Sync 1 DAGs
[2024-10-23T11:17:14.736+0000] {logging_mixin.py:190} INFO - [2024-10-23T11:17:14.736+0000] {dag.py:4156} INFO - Setting next_dagrun for wikipedia_pageviews_dag to 2024-10-23 10:00:00+00:00, run_after=2024-10-23 11:00:00+00:00
[2024-10-23T11:17:14.911+0000] {processor.py:208} INFO - Processing /opt/airflow/dags/wikipedia_pageviews_dag.py took 1.406 seconds
