[2024-10-20T13:23:50.744+0000] {processor.py:186} INFO - Started process (PID=169) to work on /home/airflow/.local/lib/python3.12/site-packages/airflow/example_dags/example_branch_operator.py
[2024-10-20T13:23:50.764+0000] {processor.py:914} INFO - Processing file /home/airflow/.local/lib/python3.12/site-packages/airflow/example_dags/example_branch_operator.py for tasks to queue
[2024-10-20T13:23:50.794+0000] {logging_mixin.py:190} INFO - [2024-10-20T13:23:50.793+0000] {dagbag.py:587} INFO - Filling up the DagBag from /home/airflow/.local/lib/python3.12/site-packages/airflow/example_dags/example_branch_operator.py
[2024-10-20T13:23:51.498+0000] {processor.py:925} INFO - DAG(s) 'example_branch_operator' retrieved from /home/airflow/.local/lib/python3.12/site-packages/airflow/example_dags/example_branch_operator.py
[2024-10-20T13:23:56.225+0000] {logging_mixin.py:190} INFO - [2024-10-20T13:23:56.088+0000] {override.py:1900} INFO - Created Permission View: can read on DAG:example_branch_operator
[2024-10-20T13:23:56.411+0000] {logging_mixin.py:190} INFO - [2024-10-20T13:23:56.409+0000] {override.py:1900} INFO - Created Permission View: can edit on DAG:example_branch_operator
[2024-10-20T13:23:56.469+0000] {logging_mixin.py:190} INFO - [2024-10-20T13:23:56.468+0000] {override.py:1900} INFO - Created Permission View: can delete on DAG:example_branch_operator
[2024-10-20T13:23:56.522+0000] {logging_mixin.py:190} INFO - [2024-10-20T13:23:56.521+0000] {override.py:1900} INFO - Created Permission View: can create on DAG Run:example_branch_operator
[2024-10-20T13:23:56.571+0000] {logging_mixin.py:190} INFO - [2024-10-20T13:23:56.567+0000] {override.py:1900} INFO - Created Permission View: can read on DAG Run:example_branch_operator
[2024-10-20T13:23:56.663+0000] {logging_mixin.py:190} INFO - [2024-10-20T13:23:56.661+0000] {override.py:1900} INFO - Created Permission View: menu access on DAG Run:example_branch_operator
[2024-10-20T13:23:56.719+0000] {logging_mixin.py:190} INFO - [2024-10-20T13:23:56.718+0000] {override.py:1900} INFO - Created Permission View: can delete on DAG Run:example_branch_operator
[2024-10-20T13:23:56.726+0000] {logging_mixin.py:190} INFO - [2024-10-20T13:23:56.726+0000] {dag.py:3229} INFO - Sync 1 DAGs
[2024-10-20T13:23:57.055+0000] {logging_mixin.py:190} INFO - [2024-10-20T13:23:57.022+0000] {dag.py:3252} INFO - Creating ORM DAG for example_branch_operator
[2024-10-20T13:23:57.252+0000] {logging_mixin.py:190} INFO - [2024-10-20T13:23:57.235+0000] {dag.py:4156} INFO - Setting next_dagrun for example_branch_operator to 2024-10-19 00:00:00+00:00, run_after=2024-10-20 00:00:00+00:00
[2024-10-20T13:23:58.242+0000] {processor.py:208} INFO - Processing /home/airflow/.local/lib/python3.12/site-packages/airflow/example_dags/example_branch_operator.py took 7.581 seconds
[2024-10-20T13:54:38.073+0000] {processor.py:186} INFO - Started process (PID=131) to work on /home/airflow/.local/lib/python3.12/site-packages/airflow/example_dags/example_branch_operator.py
[2024-10-20T13:54:38.081+0000] {processor.py:914} INFO - Processing file /home/airflow/.local/lib/python3.12/site-packages/airflow/example_dags/example_branch_operator.py for tasks to queue
[2024-10-20T13:54:38.166+0000] {logging_mixin.py:190} INFO - [2024-10-20T13:54:38.164+0000] {dagbag.py:587} INFO - Filling up the DagBag from /home/airflow/.local/lib/python3.12/site-packages/airflow/example_dags/example_branch_operator.py
[2024-10-20T13:54:38.673+0000] {processor.py:925} INFO - DAG(s) 'example_branch_operator' retrieved from /home/airflow/.local/lib/python3.12/site-packages/airflow/example_dags/example_branch_operator.py
[2024-10-20T13:54:46.640+0000] {logging_mixin.py:190} INFO - [2024-10-20T13:54:46.536+0000] {dag.py:3229} INFO - Sync 1 DAGs
[2024-10-20T13:54:47.634+0000] {logging_mixin.py:190} INFO - [2024-10-20T13:54:47.626+0000] {dag.py:4156} INFO - Setting next_dagrun for example_branch_operator to 2024-10-19 00:00:00+00:00, run_after=2024-10-20 00:00:00+00:00
[2024-10-20T13:54:48.776+0000] {processor.py:208} INFO - Processing /home/airflow/.local/lib/python3.12/site-packages/airflow/example_dags/example_branch_operator.py took 10.852 seconds
[2024-10-20T20:32:15.273+0000] {processor.py:186} INFO - Started process (PID=61) to work on /home/airflow/.local/lib/python3.12/site-packages/airflow/example_dags/example_branch_operator.py
[2024-10-20T20:32:15.318+0000] {processor.py:914} INFO - Processing file /home/airflow/.local/lib/python3.12/site-packages/airflow/example_dags/example_branch_operator.py for tasks to queue
[2024-10-20T20:32:15.539+0000] {logging_mixin.py:190} INFO - [2024-10-20T20:32:15.538+0000] {dagbag.py:587} INFO - Filling up the DagBag from /home/airflow/.local/lib/python3.12/site-packages/airflow/example_dags/example_branch_operator.py
[2024-10-20T20:32:15.748+0000] {processor.py:925} INFO - DAG(s) 'example_branch_operator' retrieved from /home/airflow/.local/lib/python3.12/site-packages/airflow/example_dags/example_branch_operator.py
[2024-10-20T20:32:17.082+0000] {logging_mixin.py:190} INFO - [2024-10-20T20:32:17.082+0000] {dag.py:3229} INFO - Sync 1 DAGs
[2024-10-20T20:32:17.325+0000] {logging_mixin.py:190} INFO - [2024-10-20T20:32:17.325+0000] {dag.py:4156} INFO - Setting next_dagrun for example_branch_operator to 2024-10-19 00:00:00+00:00, run_after=2024-10-20 00:00:00+00:00
[2024-10-20T20:32:17.827+0000] {processor.py:208} INFO - Processing /home/airflow/.local/lib/python3.12/site-packages/airflow/example_dags/example_branch_operator.py took 2.697 seconds
[2024-10-20T20:34:00.535+0000] {processor.py:186} INFO - Started process (PID=118) to work on /home/airflow/.local/lib/python3.12/site-packages/airflow/example_dags/example_branch_operator.py
[2024-10-20T20:34:00.548+0000] {processor.py:914} INFO - Processing file /home/airflow/.local/lib/python3.12/site-packages/airflow/example_dags/example_branch_operator.py for tasks to queue
[2024-10-20T20:34:00.566+0000] {logging_mixin.py:190} INFO - [2024-10-20T20:34:00.565+0000] {dagbag.py:587} INFO - Filling up the DagBag from /home/airflow/.local/lib/python3.12/site-packages/airflow/example_dags/example_branch_operator.py
[2024-10-20T20:34:00.757+0000] {processor.py:925} INFO - DAG(s) 'example_branch_operator' retrieved from /home/airflow/.local/lib/python3.12/site-packages/airflow/example_dags/example_branch_operator.py
[2024-10-20T20:34:01.011+0000] {logging_mixin.py:190} INFO - [2024-10-20T20:34:01.011+0000] {dag.py:3229} INFO - Sync 1 DAGs
[2024-10-20T20:34:01.215+0000] {logging_mixin.py:190} INFO - [2024-10-20T20:34:01.214+0000] {dag.py:4156} INFO - Setting next_dagrun for example_branch_operator to 2024-10-19 00:00:00+00:00, run_after=2024-10-20 00:00:00+00:00
[2024-10-20T20:34:01.457+0000] {processor.py:208} INFO - Processing /home/airflow/.local/lib/python3.12/site-packages/airflow/example_dags/example_branch_operator.py took 0.949 seconds
[2024-10-20T20:35:09.519+0000] {processor.py:186} INFO - Started process (PID=192) to work on /home/airflow/.local/lib/python3.12/site-packages/airflow/example_dags/example_branch_operator.py
[2024-10-20T20:35:09.525+0000] {processor.py:914} INFO - Processing file /home/airflow/.local/lib/python3.12/site-packages/airflow/example_dags/example_branch_operator.py for tasks to queue
[2024-10-20T20:35:09.532+0000] {logging_mixin.py:190} INFO - [2024-10-20T20:35:09.531+0000] {dagbag.py:587} INFO - Filling up the DagBag from /home/airflow/.local/lib/python3.12/site-packages/airflow/example_dags/example_branch_operator.py
[2024-10-20T20:35:09.586+0000] {processor.py:925} INFO - DAG(s) 'example_branch_operator' retrieved from /home/airflow/.local/lib/python3.12/site-packages/airflow/example_dags/example_branch_operator.py
[2024-10-20T20:35:09.824+0000] {logging_mixin.py:190} INFO - [2024-10-20T20:35:09.823+0000] {dag.py:3229} INFO - Sync 1 DAGs
[2024-10-20T20:35:09.927+0000] {logging_mixin.py:190} INFO - [2024-10-20T20:35:09.926+0000] {dag.py:4156} INFO - Setting next_dagrun for example_branch_operator to 2024-10-19 00:00:00+00:00, run_after=2024-10-20 00:00:00+00:00
[2024-10-20T20:35:10.045+0000] {processor.py:208} INFO - Processing /home/airflow/.local/lib/python3.12/site-packages/airflow/example_dags/example_branch_operator.py took 0.549 seconds
