[2024-10-20T13:22:44.664+0000] {processor.py:186} INFO - Started process (PID=142) to work on /home/airflow/.local/lib/python3.12/site-packages/airflow/example_dags/example_task_group.py
[2024-10-20T13:22:44.714+0000] {processor.py:914} INFO - Processing file /home/airflow/.local/lib/python3.12/site-packages/airflow/example_dags/example_task_group.py for tasks to queue
[2024-10-20T13:22:44.750+0000] {logging_mixin.py:190} INFO - [2024-10-20T13:22:44.749+0000] {dagbag.py:587} INFO - Filling up the DagBag from /home/airflow/.local/lib/python3.12/site-packages/airflow/example_dags/example_task_group.py
[2024-10-20T13:22:44.974+0000] {processor.py:925} INFO - DAG(s) 'example_task_group' retrieved from /home/airflow/.local/lib/python3.12/site-packages/airflow/example_dags/example_task_group.py
[2024-10-20T13:22:47.025+0000] {logging_mixin.py:190} INFO - [2024-10-20T13:22:47.023+0000] {override.py:1900} INFO - Created Permission View: can read on DAG:example_task_group
[2024-10-20T13:22:47.200+0000] {logging_mixin.py:190} INFO - [2024-10-20T13:22:47.199+0000] {override.py:1900} INFO - Created Permission View: can edit on DAG:example_task_group
[2024-10-20T13:22:47.342+0000] {logging_mixin.py:190} INFO - [2024-10-20T13:22:47.342+0000] {override.py:1900} INFO - Created Permission View: can delete on DAG:example_task_group
[2024-10-20T13:22:47.466+0000] {logging_mixin.py:190} INFO - [2024-10-20T13:22:47.465+0000] {override.py:1900} INFO - Created Permission View: can create on DAG Run:example_task_group
[2024-10-20T13:22:47.576+0000] {logging_mixin.py:190} INFO - [2024-10-20T13:22:47.571+0000] {override.py:1900} INFO - Created Permission View: can read on DAG Run:example_task_group
[2024-10-20T13:22:47.640+0000] {logging_mixin.py:190} INFO - [2024-10-20T13:22:47.639+0000] {override.py:1900} INFO - Created Permission View: menu access on DAG Run:example_task_group
[2024-10-20T13:22:47.711+0000] {logging_mixin.py:190} INFO - [2024-10-20T13:22:47.707+0000] {override.py:1900} INFO - Created Permission View: can delete on DAG Run:example_task_group
[2024-10-20T13:22:47.727+0000] {logging_mixin.py:190} INFO - [2024-10-20T13:22:47.726+0000] {dag.py:3229} INFO - Sync 1 DAGs
[2024-10-20T13:22:47.987+0000] {logging_mixin.py:190} INFO - [2024-10-20T13:22:47.986+0000] {dag.py:3252} INFO - Creating ORM DAG for example_task_group
[2024-10-20T13:22:48.062+0000] {logging_mixin.py:190} INFO - [2024-10-20T13:22:48.062+0000] {dag.py:4156} INFO - Setting next_dagrun for example_task_group to None, run_after=None
[2024-10-20T13:22:48.326+0000] {processor.py:208} INFO - Processing /home/airflow/.local/lib/python3.12/site-packages/airflow/example_dags/example_task_group.py took 3.745 seconds
[2024-10-20T13:54:09.084+0000] {processor.py:186} INFO - Started process (PID=115) to work on /home/airflow/.local/lib/python3.12/site-packages/airflow/example_dags/example_task_group.py
[2024-10-20T13:54:09.146+0000] {processor.py:914} INFO - Processing file /home/airflow/.local/lib/python3.12/site-packages/airflow/example_dags/example_task_group.py for tasks to queue
[2024-10-20T13:54:09.169+0000] {logging_mixin.py:190} INFO - [2024-10-20T13:54:09.168+0000] {dagbag.py:587} INFO - Filling up the DagBag from /home/airflow/.local/lib/python3.12/site-packages/airflow/example_dags/example_task_group.py
[2024-10-20T13:54:09.501+0000] {processor.py:925} INFO - DAG(s) 'example_task_group' retrieved from /home/airflow/.local/lib/python3.12/site-packages/airflow/example_dags/example_task_group.py
[2024-10-20T13:54:10.084+0000] {logging_mixin.py:190} INFO - [2024-10-20T13:54:10.083+0000] {dag.py:3229} INFO - Sync 1 DAGs
[2024-10-20T13:54:10.434+0000] {logging_mixin.py:190} INFO - [2024-10-20T13:54:10.433+0000] {dag.py:4156} INFO - Setting next_dagrun for example_task_group to None, run_after=None
[2024-10-20T13:54:11.023+0000] {processor.py:208} INFO - Processing /home/airflow/.local/lib/python3.12/site-packages/airflow/example_dags/example_task_group.py took 2.129 seconds
[2024-10-20T20:31:40.634+0000] {processor.py:186} INFO - Started process (PID=45) to work on /home/airflow/.local/lib/python3.12/site-packages/airflow/example_dags/example_task_group.py
[2024-10-20T20:31:40.641+0000] {processor.py:914} INFO - Processing file /home/airflow/.local/lib/python3.12/site-packages/airflow/example_dags/example_task_group.py for tasks to queue
[2024-10-20T20:31:40.679+0000] {logging_mixin.py:190} INFO - [2024-10-20T20:31:40.677+0000] {dagbag.py:587} INFO - Filling up the DagBag from /home/airflow/.local/lib/python3.12/site-packages/airflow/example_dags/example_task_group.py
[2024-10-20T20:31:40.747+0000] {processor.py:925} INFO - DAG(s) 'example_task_group' retrieved from /home/airflow/.local/lib/python3.12/site-packages/airflow/example_dags/example_task_group.py
[2024-10-20T20:31:40.983+0000] {logging_mixin.py:190} INFO - [2024-10-20T20:31:40.982+0000] {dag.py:3229} INFO - Sync 1 DAGs
[2024-10-20T20:31:41.495+0000] {logging_mixin.py:190} INFO - [2024-10-20T20:31:41.495+0000] {dag.py:4156} INFO - Setting next_dagrun for example_task_group to None, run_after=None
[2024-10-20T20:31:41.957+0000] {processor.py:208} INFO - Processing /home/airflow/.local/lib/python3.12/site-packages/airflow/example_dags/example_task_group.py took 1.330 seconds
[2024-10-20T20:33:32.574+0000] {processor.py:186} INFO - Started process (PID=102) to work on /home/airflow/.local/lib/python3.12/site-packages/airflow/example_dags/example_task_group.py
[2024-10-20T20:33:32.598+0000] {processor.py:914} INFO - Processing file /home/airflow/.local/lib/python3.12/site-packages/airflow/example_dags/example_task_group.py for tasks to queue
[2024-10-20T20:33:32.612+0000] {logging_mixin.py:190} INFO - [2024-10-20T20:33:32.610+0000] {dagbag.py:587} INFO - Filling up the DagBag from /home/airflow/.local/lib/python3.12/site-packages/airflow/example_dags/example_task_group.py
[2024-10-20T20:33:32.674+0000] {processor.py:925} INFO - DAG(s) 'example_task_group' retrieved from /home/airflow/.local/lib/python3.12/site-packages/airflow/example_dags/example_task_group.py
[2024-10-20T20:33:32.832+0000] {logging_mixin.py:190} INFO - [2024-10-20T20:33:32.832+0000] {dag.py:3229} INFO - Sync 1 DAGs
[2024-10-20T20:33:32.994+0000] {logging_mixin.py:190} INFO - [2024-10-20T20:33:32.994+0000] {dag.py:4156} INFO - Setting next_dagrun for example_task_group to None, run_after=None
[2024-10-20T20:33:33.114+0000] {processor.py:208} INFO - Processing /home/airflow/.local/lib/python3.12/site-packages/airflow/example_dags/example_task_group.py took 0.553 seconds
[2024-10-20T20:35:03.176+0000] {processor.py:186} INFO - Started process (PID=176) to work on /home/airflow/.local/lib/python3.12/site-packages/airflow/example_dags/example_task_group.py
[2024-10-20T20:35:03.199+0000] {processor.py:914} INFO - Processing file /home/airflow/.local/lib/python3.12/site-packages/airflow/example_dags/example_task_group.py for tasks to queue
[2024-10-20T20:35:03.206+0000] {logging_mixin.py:190} INFO - [2024-10-20T20:35:03.204+0000] {dagbag.py:587} INFO - Filling up the DagBag from /home/airflow/.local/lib/python3.12/site-packages/airflow/example_dags/example_task_group.py
[2024-10-20T20:35:03.322+0000] {processor.py:925} INFO - DAG(s) 'example_task_group' retrieved from /home/airflow/.local/lib/python3.12/site-packages/airflow/example_dags/example_task_group.py
[2024-10-20T20:35:03.441+0000] {logging_mixin.py:190} INFO - [2024-10-20T20:35:03.441+0000] {dag.py:3229} INFO - Sync 1 DAGs
[2024-10-20T20:35:03.539+0000] {logging_mixin.py:190} INFO - [2024-10-20T20:35:03.538+0000] {dag.py:4156} INFO - Setting next_dagrun for example_task_group to None, run_after=None
[2024-10-20T20:35:03.683+0000] {processor.py:208} INFO - Processing /home/airflow/.local/lib/python3.12/site-packages/airflow/example_dags/example_task_group.py took 0.532 seconds
