[2024-10-20T13:22:48.598+0000] {processor.py:186} INFO - Started process (PID=150) to work on /home/airflow/.local/lib/python3.12/site-packages/airflow/example_dags/example_task_group_decorator.py
[2024-10-20T13:22:48.605+0000] {processor.py:914} INFO - Processing file /home/airflow/.local/lib/python3.12/site-packages/airflow/example_dags/example_task_group_decorator.py for tasks to queue
[2024-10-20T13:22:48.626+0000] {logging_mixin.py:190} INFO - [2024-10-20T13:22:48.625+0000] {dagbag.py:587} INFO - Filling up the DagBag from /home/airflow/.local/lib/python3.12/site-packages/airflow/example_dags/example_task_group_decorator.py
[2024-10-20T13:22:48.911+0000] {processor.py:925} INFO - DAG(s) 'example_task_group_decorator' retrieved from /home/airflow/.local/lib/python3.12/site-packages/airflow/example_dags/example_task_group_decorator.py
[2024-10-20T13:22:51.003+0000] {logging_mixin.py:190} INFO - [2024-10-20T13:22:51.001+0000] {override.py:1900} INFO - Created Permission View: can read on DAG:example_task_group_decorator
[2024-10-20T13:22:51.278+0000] {logging_mixin.py:190} INFO - [2024-10-20T13:22:51.277+0000] {override.py:1900} INFO - Created Permission View: can edit on DAG:example_task_group_decorator
[2024-10-20T13:22:51.441+0000] {logging_mixin.py:190} INFO - [2024-10-20T13:22:51.440+0000] {override.py:1900} INFO - Created Permission View: can delete on DAG:example_task_group_decorator
[2024-10-20T13:22:51.640+0000] {logging_mixin.py:190} INFO - [2024-10-20T13:22:51.638+0000] {override.py:1900} INFO - Created Permission View: can create on DAG Run:example_task_group_decorator
[2024-10-20T13:22:51.719+0000] {logging_mixin.py:190} INFO - [2024-10-20T13:22:51.718+0000] {override.py:1900} INFO - Created Permission View: can read on DAG Run:example_task_group_decorator
[2024-10-20T13:22:51.898+0000] {logging_mixin.py:190} INFO - [2024-10-20T13:22:51.897+0000] {override.py:1900} INFO - Created Permission View: menu access on DAG Run:example_task_group_decorator
[2024-10-20T13:22:51.975+0000] {logging_mixin.py:190} INFO - [2024-10-20T13:22:51.971+0000] {override.py:1900} INFO - Created Permission View: can delete on DAG Run:example_task_group_decorator
[2024-10-20T13:22:52.005+0000] {logging_mixin.py:190} INFO - [2024-10-20T13:22:52.005+0000] {dag.py:3229} INFO - Sync 1 DAGs
[2024-10-20T13:22:52.455+0000] {logging_mixin.py:190} INFO - [2024-10-20T13:22:52.454+0000] {dag.py:3252} INFO - Creating ORM DAG for example_task_group_decorator
[2024-10-20T13:22:52.460+0000] {logging_mixin.py:190} INFO - [2024-10-20T13:22:52.459+0000] {dag.py:4156} INFO - Setting next_dagrun for example_task_group_decorator to None, run_after=None
[2024-10-20T13:22:52.582+0000] {processor.py:208} INFO - Processing /home/airflow/.local/lib/python3.12/site-packages/airflow/example_dags/example_task_group_decorator.py took 4.042 seconds
[2024-10-20T13:54:11.912+0000] {processor.py:186} INFO - Started process (PID=117) to work on /home/airflow/.local/lib/python3.12/site-packages/airflow/example_dags/example_task_group_decorator.py
[2024-10-20T13:54:11.963+0000] {processor.py:914} INFO - Processing file /home/airflow/.local/lib/python3.12/site-packages/airflow/example_dags/example_task_group_decorator.py for tasks to queue
[2024-10-20T13:54:12.023+0000] {logging_mixin.py:190} INFO - [2024-10-20T13:54:12.022+0000] {dagbag.py:587} INFO - Filling up the DagBag from /home/airflow/.local/lib/python3.12/site-packages/airflow/example_dags/example_task_group_decorator.py
[2024-10-20T13:54:12.662+0000] {processor.py:925} INFO - DAG(s) 'example_task_group_decorator' retrieved from /home/airflow/.local/lib/python3.12/site-packages/airflow/example_dags/example_task_group_decorator.py
[2024-10-20T13:54:13.120+0000] {logging_mixin.py:190} INFO - [2024-10-20T13:54:13.119+0000] {dag.py:3229} INFO - Sync 1 DAGs
[2024-10-20T13:54:13.668+0000] {logging_mixin.py:190} INFO - [2024-10-20T13:54:13.666+0000] {dag.py:4156} INFO - Setting next_dagrun for example_task_group_decorator to None, run_after=None
[2024-10-20T13:54:14.038+0000] {processor.py:208} INFO - Processing /home/airflow/.local/lib/python3.12/site-packages/airflow/example_dags/example_task_group_decorator.py took 2.349 seconds
[2024-10-20T20:31:43.311+0000] {processor.py:186} INFO - Started process (PID=47) to work on /home/airflow/.local/lib/python3.12/site-packages/airflow/example_dags/example_task_group_decorator.py
[2024-10-20T20:31:43.319+0000] {processor.py:914} INFO - Processing file /home/airflow/.local/lib/python3.12/site-packages/airflow/example_dags/example_task_group_decorator.py for tasks to queue
[2024-10-20T20:31:43.355+0000] {logging_mixin.py:190} INFO - [2024-10-20T20:31:43.354+0000] {dagbag.py:587} INFO - Filling up the DagBag from /home/airflow/.local/lib/python3.12/site-packages/airflow/example_dags/example_task_group_decorator.py
[2024-10-20T20:31:44.054+0000] {processor.py:925} INFO - DAG(s) 'example_task_group_decorator' retrieved from /home/airflow/.local/lib/python3.12/site-packages/airflow/example_dags/example_task_group_decorator.py
[2024-10-20T20:31:44.850+0000] {logging_mixin.py:190} INFO - [2024-10-20T20:31:44.849+0000] {dag.py:3229} INFO - Sync 1 DAGs
[2024-10-20T20:31:45.372+0000] {logging_mixin.py:190} INFO - [2024-10-20T20:31:45.372+0000] {dag.py:4156} INFO - Setting next_dagrun for example_task_group_decorator to None, run_after=None
[2024-10-20T20:31:45.667+0000] {processor.py:208} INFO - Processing /home/airflow/.local/lib/python3.12/site-packages/airflow/example_dags/example_task_group_decorator.py took 2.449 seconds
[2024-10-20T20:33:34.053+0000] {processor.py:186} INFO - Started process (PID=104) to work on /home/airflow/.local/lib/python3.12/site-packages/airflow/example_dags/example_task_group_decorator.py
[2024-10-20T20:33:34.058+0000] {processor.py:914} INFO - Processing file /home/airflow/.local/lib/python3.12/site-packages/airflow/example_dags/example_task_group_decorator.py for tasks to queue
[2024-10-20T20:33:34.080+0000] {logging_mixin.py:190} INFO - [2024-10-20T20:33:34.079+0000] {dagbag.py:587} INFO - Filling up the DagBag from /home/airflow/.local/lib/python3.12/site-packages/airflow/example_dags/example_task_group_decorator.py
[2024-10-20T20:33:34.399+0000] {processor.py:925} INFO - DAG(s) 'example_task_group_decorator' retrieved from /home/airflow/.local/lib/python3.12/site-packages/airflow/example_dags/example_task_group_decorator.py
[2024-10-20T20:33:35.821+0000] {logging_mixin.py:190} INFO - [2024-10-20T20:33:35.817+0000] {dag.py:3229} INFO - Sync 1 DAGs
[2024-10-20T20:33:36.093+0000] {logging_mixin.py:190} INFO - [2024-10-20T20:33:36.092+0000] {dag.py:4156} INFO - Setting next_dagrun for example_task_group_decorator to None, run_after=None
[2024-10-20T20:33:36.408+0000] {processor.py:208} INFO - Processing /home/airflow/.local/lib/python3.12/site-packages/airflow/example_dags/example_task_group_decorator.py took 2.387 seconds
[2024-10-20T20:35:04.290+0000] {processor.py:186} INFO - Started process (PID=178) to work on /home/airflow/.local/lib/python3.12/site-packages/airflow/example_dags/example_task_group_decorator.py
[2024-10-20T20:35:04.293+0000] {processor.py:914} INFO - Processing file /home/airflow/.local/lib/python3.12/site-packages/airflow/example_dags/example_task_group_decorator.py for tasks to queue
[2024-10-20T20:35:04.299+0000] {logging_mixin.py:190} INFO - [2024-10-20T20:35:04.298+0000] {dagbag.py:587} INFO - Filling up the DagBag from /home/airflow/.local/lib/python3.12/site-packages/airflow/example_dags/example_task_group_decorator.py
[2024-10-20T20:35:04.380+0000] {processor.py:925} INFO - DAG(s) 'example_task_group_decorator' retrieved from /home/airflow/.local/lib/python3.12/site-packages/airflow/example_dags/example_task_group_decorator.py
[2024-10-20T20:35:04.529+0000] {logging_mixin.py:190} INFO - [2024-10-20T20:35:04.528+0000] {dag.py:3229} INFO - Sync 1 DAGs
[2024-10-20T20:35:04.642+0000] {logging_mixin.py:190} INFO - [2024-10-20T20:35:04.641+0000] {dag.py:4156} INFO - Setting next_dagrun for example_task_group_decorator to None, run_after=None
[2024-10-20T20:35:04.763+0000] {processor.py:208} INFO - Processing /home/airflow/.local/lib/python3.12/site-packages/airflow/example_dags/example_task_group_decorator.py took 0.495 seconds
