[2024-10-20T13:23:35.918+0000] {processor.py:186} INFO - Started process (PID=160) to work on /home/airflow/.local/lib/python3.12/site-packages/airflow/example_dags/example_local_kubernetes_executor.py
[2024-10-20T13:23:35.970+0000] {processor.py:914} INFO - Processing file /home/airflow/.local/lib/python3.12/site-packages/airflow/example_dags/example_local_kubernetes_executor.py for tasks to queue
[2024-10-20T13:23:36.185+0000] {logging_mixin.py:190} INFO - [2024-10-20T13:23:36.102+0000] {dagbag.py:587} INFO - Filling up the DagBag from /home/airflow/.local/lib/python3.12/site-packages/airflow/example_dags/example_local_kubernetes_executor.py
[2024-10-20T13:23:36.613+0000] {processor.py:925} INFO - DAG(s) 'example_local_kubernetes_executor' retrieved from /home/airflow/.local/lib/python3.12/site-packages/airflow/example_dags/example_local_kubernetes_executor.py
[2024-10-20T13:23:39.458+0000] {logging_mixin.py:190} INFO - [2024-10-20T13:23:39.452+0000] {override.py:1900} INFO - Created Permission View: can read on DAG:example_local_kubernetes_executor
[2024-10-20T13:23:39.603+0000] {logging_mixin.py:190} INFO - [2024-10-20T13:23:39.602+0000] {override.py:1900} INFO - Created Permission View: can edit on DAG:example_local_kubernetes_executor
[2024-10-20T13:23:39.700+0000] {logging_mixin.py:190} INFO - [2024-10-20T13:23:39.700+0000] {override.py:1900} INFO - Created Permission View: can delete on DAG:example_local_kubernetes_executor
[2024-10-20T13:23:39.850+0000] {logging_mixin.py:190} INFO - [2024-10-20T13:23:39.849+0000] {override.py:1900} INFO - Created Permission View: can create on DAG Run:example_local_kubernetes_executor
[2024-10-20T13:23:40.009+0000] {logging_mixin.py:190} INFO - [2024-10-20T13:23:39.984+0000] {override.py:1900} INFO - Created Permission View: can read on DAG Run:example_local_kubernetes_executor
[2024-10-20T13:23:40.131+0000] {logging_mixin.py:190} INFO - [2024-10-20T13:23:40.131+0000] {override.py:1900} INFO - Created Permission View: menu access on DAG Run:example_local_kubernetes_executor
[2024-10-20T13:23:40.248+0000] {logging_mixin.py:190} INFO - [2024-10-20T13:23:40.246+0000] {override.py:1900} INFO - Created Permission View: can delete on DAG Run:example_local_kubernetes_executor
[2024-10-20T13:23:40.251+0000] {logging_mixin.py:190} INFO - [2024-10-20T13:23:40.250+0000] {dag.py:3229} INFO - Sync 1 DAGs
[2024-10-20T13:23:40.524+0000] {logging_mixin.py:190} INFO - [2024-10-20T13:23:40.523+0000] {dag.py:3252} INFO - Creating ORM DAG for example_local_kubernetes_executor
[2024-10-20T13:23:40.541+0000] {logging_mixin.py:190} INFO - [2024-10-20T13:23:40.540+0000] {dag.py:4156} INFO - Setting next_dagrun for example_local_kubernetes_executor to None, run_after=None
[2024-10-20T13:23:40.872+0000] {processor.py:208} INFO - Processing /home/airflow/.local/lib/python3.12/site-packages/airflow/example_dags/example_local_kubernetes_executor.py took 7.129 seconds
[2024-10-20T13:54:27.888+0000] {processor.py:186} INFO - Started process (PID=127) to work on /home/airflow/.local/lib/python3.12/site-packages/airflow/example_dags/example_local_kubernetes_executor.py
[2024-10-20T13:54:27.911+0000] {processor.py:914} INFO - Processing file /home/airflow/.local/lib/python3.12/site-packages/airflow/example_dags/example_local_kubernetes_executor.py for tasks to queue
[2024-10-20T13:54:27.959+0000] {logging_mixin.py:190} INFO - [2024-10-20T13:54:27.956+0000] {dagbag.py:587} INFO - Filling up the DagBag from /home/airflow/.local/lib/python3.12/site-packages/airflow/example_dags/example_local_kubernetes_executor.py
[2024-10-20T13:54:28.433+0000] {processor.py:925} INFO - DAG(s) 'example_local_kubernetes_executor' retrieved from /home/airflow/.local/lib/python3.12/site-packages/airflow/example_dags/example_local_kubernetes_executor.py
[2024-10-20T13:54:29.190+0000] {logging_mixin.py:190} INFO - [2024-10-20T13:54:29.188+0000] {dag.py:3229} INFO - Sync 1 DAGs
[2024-10-20T13:54:29.460+0000] {logging_mixin.py:190} INFO - [2024-10-20T13:54:29.457+0000] {dag.py:4156} INFO - Setting next_dagrun for example_local_kubernetes_executor to None, run_after=None
[2024-10-20T13:54:30.030+0000] {processor.py:208} INFO - Processing /home/airflow/.local/lib/python3.12/site-packages/airflow/example_dags/example_local_kubernetes_executor.py took 2.436 seconds
[2024-10-20T20:32:06.043+0000] {processor.py:186} INFO - Started process (PID=57) to work on /home/airflow/.local/lib/python3.12/site-packages/airflow/example_dags/example_local_kubernetes_executor.py
[2024-10-20T20:32:06.088+0000] {processor.py:914} INFO - Processing file /home/airflow/.local/lib/python3.12/site-packages/airflow/example_dags/example_local_kubernetes_executor.py for tasks to queue
[2024-10-20T20:32:06.335+0000] {logging_mixin.py:190} INFO - [2024-10-20T20:32:06.225+0000] {dagbag.py:587} INFO - Filling up the DagBag from /home/airflow/.local/lib/python3.12/site-packages/airflow/example_dags/example_local_kubernetes_executor.py
[2024-10-20T20:32:07.062+0000] {processor.py:925} INFO - DAG(s) 'example_local_kubernetes_executor' retrieved from /home/airflow/.local/lib/python3.12/site-packages/airflow/example_dags/example_local_kubernetes_executor.py
[2024-10-20T20:32:08.785+0000] {logging_mixin.py:190} INFO - [2024-10-20T20:32:08.784+0000] {dag.py:3229} INFO - Sync 1 DAGs
[2024-10-20T20:32:09.470+0000] {logging_mixin.py:190} INFO - [2024-10-20T20:32:09.458+0000] {dag.py:4156} INFO - Setting next_dagrun for example_local_kubernetes_executor to None, run_after=None
[2024-10-20T20:32:09.863+0000] {processor.py:208} INFO - Processing /home/airflow/.local/lib/python3.12/site-packages/airflow/example_dags/example_local_kubernetes_executor.py took 4.018 seconds
[2024-10-20T20:33:52.202+0000] {processor.py:186} INFO - Started process (PID=114) to work on /home/airflow/.local/lib/python3.12/site-packages/airflow/example_dags/example_local_kubernetes_executor.py
[2024-10-20T20:33:52.226+0000] {processor.py:914} INFO - Processing file /home/airflow/.local/lib/python3.12/site-packages/airflow/example_dags/example_local_kubernetes_executor.py for tasks to queue
[2024-10-20T20:33:52.242+0000] {logging_mixin.py:190} INFO - [2024-10-20T20:33:52.241+0000] {dagbag.py:587} INFO - Filling up the DagBag from /home/airflow/.local/lib/python3.12/site-packages/airflow/example_dags/example_local_kubernetes_executor.py
[2024-10-20T20:33:52.643+0000] {processor.py:925} INFO - DAG(s) 'example_local_kubernetes_executor' retrieved from /home/airflow/.local/lib/python3.12/site-packages/airflow/example_dags/example_local_kubernetes_executor.py
[2024-10-20T20:33:54.339+0000] {logging_mixin.py:190} INFO - [2024-10-20T20:33:54.273+0000] {dag.py:3229} INFO - Sync 1 DAGs
[2024-10-20T20:33:54.685+0000] {logging_mixin.py:190} INFO - [2024-10-20T20:33:54.683+0000] {dag.py:4156} INFO - Setting next_dagrun for example_local_kubernetes_executor to None, run_after=None
[2024-10-20T20:33:55.012+0000] {processor.py:208} INFO - Processing /home/airflow/.local/lib/python3.12/site-packages/airflow/example_dags/example_local_kubernetes_executor.py took 2.958 seconds
[2024-10-20T20:35:07.763+0000] {processor.py:186} INFO - Started process (PID=188) to work on /home/airflow/.local/lib/python3.12/site-packages/airflow/example_dags/example_local_kubernetes_executor.py
[2024-10-20T20:35:07.778+0000] {processor.py:914} INFO - Processing file /home/airflow/.local/lib/python3.12/site-packages/airflow/example_dags/example_local_kubernetes_executor.py for tasks to queue
[2024-10-20T20:35:07.784+0000] {logging_mixin.py:190} INFO - [2024-10-20T20:35:07.784+0000] {dagbag.py:587} INFO - Filling up the DagBag from /home/airflow/.local/lib/python3.12/site-packages/airflow/example_dags/example_local_kubernetes_executor.py
[2024-10-20T20:35:07.835+0000] {processor.py:925} INFO - DAG(s) 'example_local_kubernetes_executor' retrieved from /home/airflow/.local/lib/python3.12/site-packages/airflow/example_dags/example_local_kubernetes_executor.py
[2024-10-20T20:35:07.968+0000] {logging_mixin.py:190} INFO - [2024-10-20T20:35:07.968+0000] {dag.py:3229} INFO - Sync 1 DAGs
[2024-10-20T20:35:08.007+0000] {logging_mixin.py:190} INFO - [2024-10-20T20:35:08.006+0000] {dag.py:4156} INFO - Setting next_dagrun for example_local_kubernetes_executor to None, run_after=None
[2024-10-20T20:35:08.164+0000] {processor.py:208} INFO - Processing /home/airflow/.local/lib/python3.12/site-packages/airflow/example_dags/example_local_kubernetes_executor.py took 0.427 seconds
