[2024-10-20T13:25:31.794+0000] {processor.py:186} INFO - Started process (PID=174) to work on /home/airflow/.local/lib/python3.12/site-packages/airflow/example_dags/example_display_name.py
[2024-10-20T13:25:31.878+0000] {processor.py:914} INFO - Processing file /home/airflow/.local/lib/python3.12/site-packages/airflow/example_dags/example_display_name.py for tasks to queue
[2024-10-20T13:25:32.066+0000] {logging_mixin.py:190} INFO - [2024-10-20T13:25:32.016+0000] {dagbag.py:587} INFO - Filling up the DagBag from /home/airflow/.local/lib/python3.12/site-packages/airflow/example_dags/example_display_name.py
[2024-10-20T13:25:32.819+0000] {processor.py:925} INFO - DAG(s) 'example_display_name' retrieved from /home/airflow/.local/lib/python3.12/site-packages/airflow/example_dags/example_display_name.py
[2024-10-20T13:55:10.550+0000] {processor.py:186} INFO - Started process (PID=147) to work on /home/airflow/.local/lib/python3.12/site-packages/airflow/example_dags/example_display_name.py
[2024-10-20T13:55:10.647+0000] {processor.py:914} INFO - Processing file /home/airflow/.local/lib/python3.12/site-packages/airflow/example_dags/example_display_name.py for tasks to queue
[2024-10-20T13:55:10.776+0000] {logging_mixin.py:190} INFO - [2024-10-20T13:55:10.761+0000] {dagbag.py:587} INFO - Filling up the DagBag from /home/airflow/.local/lib/python3.12/site-packages/airflow/example_dags/example_display_name.py
[2024-10-20T13:55:10.903+0000] {processor.py:925} INFO - DAG(s) 'example_display_name' retrieved from /home/airflow/.local/lib/python3.12/site-packages/airflow/example_dags/example_display_name.py
[2024-10-20T13:55:13.631+0000] {logging_mixin.py:190} INFO - [2024-10-20T13:55:13.629+0000] {override.py:1900} INFO - Created Permission View: can edit on DAG:example_display_name
[2024-10-20T13:55:13.808+0000] {logging_mixin.py:190} INFO - [2024-10-20T13:55:13.805+0000] {override.py:1900} INFO - Created Permission View: can read on DAG:example_display_name
[2024-10-20T13:55:13.897+0000] {logging_mixin.py:190} INFO - [2024-10-20T13:55:13.896+0000] {override.py:1900} INFO - Created Permission View: can delete on DAG:example_display_name
[2024-10-20T13:55:13.991+0000] {logging_mixin.py:190} INFO - [2024-10-20T13:55:13.989+0000] {override.py:1900} INFO - Created Permission View: can create on DAG Run:example_display_name
[2024-10-20T13:55:14.088+0000] {logging_mixin.py:190} INFO - [2024-10-20T13:55:14.087+0000] {override.py:1900} INFO - Created Permission View: menu access on DAG Run:example_display_name
[2024-10-20T13:55:14.211+0000] {logging_mixin.py:190} INFO - [2024-10-20T13:55:14.210+0000] {override.py:1900} INFO - Created Permission View: can read on DAG Run:example_display_name
[2024-10-20T13:55:14.406+0000] {logging_mixin.py:190} INFO - [2024-10-20T13:55:14.405+0000] {override.py:1900} INFO - Created Permission View: can delete on DAG Run:example_display_name
[2024-10-20T13:55:14.490+0000] {logging_mixin.py:190} INFO - [2024-10-20T13:55:14.489+0000] {dag.py:3229} INFO - Sync 1 DAGs
[2024-10-20T13:55:15.003+0000] {logging_mixin.py:190} INFO - [2024-10-20T13:55:14.991+0000] {dag.py:3252} INFO - Creating ORM DAG for example_display_name
[2024-10-20T13:55:15.009+0000] {logging_mixin.py:190} INFO - [2024-10-20T13:55:15.009+0000] {dag.py:4156} INFO - Setting next_dagrun for example_display_name to None, run_after=None
[2024-10-20T13:55:15.680+0000] {processor.py:208} INFO - Processing /home/airflow/.local/lib/python3.12/site-packages/airflow/example_dags/example_display_name.py took 5.338 seconds
[2024-10-20T20:32:24.007+0000] {processor.py:186} INFO - Started process (PID=66) to work on /home/airflow/.local/lib/python3.12/site-packages/airflow/example_dags/example_display_name.py
[2024-10-20T20:32:24.032+0000] {processor.py:914} INFO - Processing file /home/airflow/.local/lib/python3.12/site-packages/airflow/example_dags/example_display_name.py for tasks to queue
[2024-10-20T20:32:24.045+0000] {logging_mixin.py:190} INFO - [2024-10-20T20:32:24.044+0000] {dagbag.py:587} INFO - Filling up the DagBag from /home/airflow/.local/lib/python3.12/site-packages/airflow/example_dags/example_display_name.py
[2024-10-20T20:32:24.111+0000] {processor.py:925} INFO - DAG(s) 'example_display_name' retrieved from /home/airflow/.local/lib/python3.12/site-packages/airflow/example_dags/example_display_name.py
[2024-10-20T20:32:24.893+0000] {logging_mixin.py:190} INFO - [2024-10-20T20:32:24.892+0000] {dag.py:3229} INFO - Sync 1 DAGs
[2024-10-20T20:32:25.128+0000] {logging_mixin.py:190} INFO - [2024-10-20T20:32:25.128+0000] {dag.py:4156} INFO - Setting next_dagrun for example_display_name to None, run_after=None
[2024-10-20T20:32:25.471+0000] {processor.py:208} INFO - Processing /home/airflow/.local/lib/python3.12/site-packages/airflow/example_dags/example_display_name.py took 1.690 seconds
[2024-10-20T20:34:46.269+0000] {processor.py:186} INFO - Started process (PID=140) to work on /home/airflow/.local/lib/python3.12/site-packages/airflow/example_dags/example_display_name.py
[2024-10-20T20:34:46.271+0000] {processor.py:914} INFO - Processing file /home/airflow/.local/lib/python3.12/site-packages/airflow/example_dags/example_display_name.py for tasks to queue
[2024-10-20T20:34:46.333+0000] {logging_mixin.py:190} INFO - [2024-10-20T20:34:46.310+0000] {dagbag.py:587} INFO - Filling up the DagBag from /home/airflow/.local/lib/python3.12/site-packages/airflow/example_dags/example_display_name.py
[2024-10-20T20:34:46.485+0000] {processor.py:925} INFO - DAG(s) 'example_display_name' retrieved from /home/airflow/.local/lib/python3.12/site-packages/airflow/example_dags/example_display_name.py
[2024-10-20T20:34:46.624+0000] {logging_mixin.py:190} INFO - [2024-10-20T20:34:46.611+0000] {dag.py:3229} INFO - Sync 1 DAGs
[2024-10-20T20:34:46.809+0000] {logging_mixin.py:190} INFO - [2024-10-20T20:34:46.808+0000] {dag.py:4156} INFO - Setting next_dagrun for example_display_name to None, run_after=None
[2024-10-20T20:34:46.962+0000] {processor.py:208} INFO - Processing /home/airflow/.local/lib/python3.12/site-packages/airflow/example_dags/example_display_name.py took 0.724 seconds
[2024-10-20T20:35:20.323+0000] {processor.py:186} INFO - Started process (PID=198) to work on /home/airflow/.local/lib/python3.12/site-packages/airflow/example_dags/example_display_name.py
[2024-10-20T20:35:21.032+0000] {processor.py:914} INFO - Processing file /home/airflow/.local/lib/python3.12/site-packages/airflow/example_dags/example_display_name.py for tasks to queue
[2024-10-20T20:35:21.041+0000] {logging_mixin.py:190} INFO - [2024-10-20T20:35:21.039+0000] {dagbag.py:587} INFO - Filling up the DagBag from /home/airflow/.local/lib/python3.12/site-packages/airflow/example_dags/example_display_name.py
[2024-10-20T20:35:21.083+0000] {processor.py:925} INFO - DAG(s) 'example_display_name' retrieved from /home/airflow/.local/lib/python3.12/site-packages/airflow/example_dags/example_display_name.py
[2024-10-20T20:35:21.197+0000] {logging_mixin.py:190} INFO - [2024-10-20T20:35:21.196+0000] {dag.py:3229} INFO - Sync 1 DAGs
[2024-10-20T20:35:21.266+0000] {logging_mixin.py:190} INFO - [2024-10-20T20:35:21.266+0000] {dag.py:4156} INFO - Setting next_dagrun for example_display_name to None, run_after=None
[2024-10-20T20:35:21.799+0000] {processor.py:208} INFO - Processing /home/airflow/.local/lib/python3.12/site-packages/airflow/example_dags/example_display_name.py took 1.516 seconds
