[2024-10-20T13:22:02.609+0000] {processor.py:186} INFO - Started process (PID=123) to work on /home/airflow/.local/lib/python3.12/site-packages/airflow/example_dags/example_branch_python_dop_operator_3.py
[2024-10-20T13:22:02.744+0000] {processor.py:914} INFO - Processing file /home/airflow/.local/lib/python3.12/site-packages/airflow/example_dags/example_branch_python_dop_operator_3.py for tasks to queue
[2024-10-20T13:22:02.906+0000] {logging_mixin.py:190} INFO - [2024-10-20T13:22:02.837+0000] {dagbag.py:587} INFO - Filling up the DagBag from /home/airflow/.local/lib/python3.12/site-packages/airflow/example_dags/example_branch_python_dop_operator_3.py
[2024-10-20T13:22:03.459+0000] {processor.py:925} INFO - DAG(s) 'example_branch_dop_operator_v3' retrieved from /home/airflow/.local/lib/python3.12/site-packages/airflow/example_dags/example_branch_python_dop_operator_3.py
[2024-10-20T13:22:05.248+0000] {logging_mixin.py:190} INFO - [2024-10-20T13:22:05.246+0000] {override.py:1900} INFO - Created Permission View: can read on DAG:example_branch_dop_operator_v3
[2024-10-20T13:22:05.473+0000] {logging_mixin.py:190} INFO - [2024-10-20T13:22:05.473+0000] {override.py:1900} INFO - Created Permission View: can edit on DAG:example_branch_dop_operator_v3
[2024-10-20T13:22:05.604+0000] {logging_mixin.py:190} INFO - [2024-10-20T13:22:05.602+0000] {override.py:1900} INFO - Created Permission View: can delete on DAG:example_branch_dop_operator_v3
[2024-10-20T13:22:05.677+0000] {logging_mixin.py:190} INFO - [2024-10-20T13:22:05.676+0000] {override.py:1900} INFO - Created Permission View: can create on DAG Run:example_branch_dop_operator_v3
[2024-10-20T13:22:05.817+0000] {logging_mixin.py:190} INFO - [2024-10-20T13:22:05.816+0000] {override.py:1900} INFO - Created Permission View: can read on DAG Run:example_branch_dop_operator_v3
[2024-10-20T13:22:05.884+0000] {logging_mixin.py:190} INFO - [2024-10-20T13:22:05.883+0000] {override.py:1900} INFO - Created Permission View: menu access on DAG Run:example_branch_dop_operator_v3
[2024-10-20T13:22:05.993+0000] {logging_mixin.py:190} INFO - [2024-10-20T13:22:05.992+0000] {override.py:1900} INFO - Created Permission View: can delete on DAG Run:example_branch_dop_operator_v3
[2024-10-20T13:22:05.995+0000] {logging_mixin.py:190} INFO - [2024-10-20T13:22:05.994+0000] {dag.py:3229} INFO - Sync 1 DAGs
[2024-10-20T13:22:06.222+0000] {logging_mixin.py:190} INFO - [2024-10-20T13:22:06.208+0000] {dag.py:3252} INFO - Creating ORM DAG for example_branch_dop_operator_v3
[2024-10-20T13:22:06.430+0000] {logging_mixin.py:190} INFO - [2024-10-20T13:22:06.429+0000] {dag.py:4156} INFO - Setting next_dagrun for example_branch_dop_operator_v3 to 2024-10-20 13:21:00+00:00, run_after=2024-10-20 13:22:00+00:00
[2024-10-20T13:22:06.687+0000] {processor.py:208} INFO - Processing /home/airflow/.local/lib/python3.12/site-packages/airflow/example_dags/example_branch_python_dop_operator_3.py took 4.275 seconds
[2024-10-20T13:53:41.220+0000] {processor.py:186} INFO - Started process (PID=96) to work on /home/airflow/.local/lib/python3.12/site-packages/airflow/example_dags/example_branch_python_dop_operator_3.py
[2024-10-20T13:53:41.296+0000] {processor.py:914} INFO - Processing file /home/airflow/.local/lib/python3.12/site-packages/airflow/example_dags/example_branch_python_dop_operator_3.py for tasks to queue
[2024-10-20T13:53:41.324+0000] {logging_mixin.py:190} INFO - [2024-10-20T13:53:41.311+0000] {dagbag.py:587} INFO - Filling up the DagBag from /home/airflow/.local/lib/python3.12/site-packages/airflow/example_dags/example_branch_python_dop_operator_3.py
[2024-10-20T13:53:41.504+0000] {processor.py:925} INFO - DAG(s) 'example_branch_dop_operator_v3' retrieved from /home/airflow/.local/lib/python3.12/site-packages/airflow/example_dags/example_branch_python_dop_operator_3.py
[2024-10-20T13:53:41.923+0000] {logging_mixin.py:190} INFO - [2024-10-20T13:53:41.922+0000] {dag.py:3229} INFO - Sync 1 DAGs
[2024-10-20T13:53:42.509+0000] {logging_mixin.py:190} INFO - [2024-10-20T13:53:42.508+0000] {dag.py:4156} INFO - Setting next_dagrun for example_branch_dop_operator_v3 to 2024-10-20 13:52:00+00:00, run_after=2024-10-20 13:53:00+00:00
[2024-10-20T13:53:43.066+0000] {processor.py:208} INFO - Processing /home/airflow/.local/lib/python3.12/site-packages/airflow/example_dags/example_branch_python_dop_operator_3.py took 1.912 seconds
[2024-10-20T13:56:18.796+0000] {processor.py:186} INFO - Started process (PID=175) to work on /home/airflow/.local/lib/python3.12/site-packages/airflow/example_dags/example_branch_python_dop_operator_3.py
[2024-10-20T13:56:18.900+0000] {processor.py:914} INFO - Processing file /home/airflow/.local/lib/python3.12/site-packages/airflow/example_dags/example_branch_python_dop_operator_3.py for tasks to queue
[2024-10-20T13:56:18.940+0000] {logging_mixin.py:190} INFO - [2024-10-20T13:56:18.938+0000] {dagbag.py:587} INFO - Filling up the DagBag from /home/airflow/.local/lib/python3.12/site-packages/airflow/example_dags/example_branch_python_dop_operator_3.py
[2024-10-20T13:56:19.446+0000] {processor.py:925} INFO - DAG(s) 'example_branch_dop_operator_v3' retrieved from /home/airflow/.local/lib/python3.12/site-packages/airflow/example_dags/example_branch_python_dop_operator_3.py
[2024-10-20T13:56:20.186+0000] {logging_mixin.py:190} INFO - [2024-10-20T13:56:20.185+0000] {dag.py:3229} INFO - Sync 1 DAGs
[2024-10-20T13:56:21.770+0000] {logging_mixin.py:190} INFO - [2024-10-20T13:56:21.769+0000] {dag.py:4156} INFO - Setting next_dagrun for example_branch_dop_operator_v3 to 2024-10-20 13:55:00+00:00, run_after=2024-10-20 13:56:00+00:00
[2024-10-20T13:56:22.321+0000] {processor.py:208} INFO - Processing /home/airflow/.local/lib/python3.12/site-packages/airflow/example_dags/example_branch_python_dop_operator_3.py took 3.568 seconds
[2024-10-20T20:31:10.730+0000] {processor.py:186} INFO - Started process (PID=31) to work on /home/airflow/.local/lib/python3.12/site-packages/airflow/example_dags/example_branch_python_dop_operator_3.py
[2024-10-20T20:31:10.750+0000] {processor.py:914} INFO - Processing file /home/airflow/.local/lib/python3.12/site-packages/airflow/example_dags/example_branch_python_dop_operator_3.py for tasks to queue
[2024-10-20T20:31:10.768+0000] {logging_mixin.py:190} INFO - [2024-10-20T20:31:10.767+0000] {dagbag.py:587} INFO - Filling up the DagBag from /home/airflow/.local/lib/python3.12/site-packages/airflow/example_dags/example_branch_python_dop_operator_3.py
[2024-10-20T20:31:10.938+0000] {processor.py:925} INFO - DAG(s) 'example_branch_dop_operator_v3' retrieved from /home/airflow/.local/lib/python3.12/site-packages/airflow/example_dags/example_branch_python_dop_operator_3.py
[2024-10-20T20:31:11.836+0000] {logging_mixin.py:190} INFO - [2024-10-20T20:31:11.836+0000] {dag.py:3229} INFO - Sync 1 DAGs
[2024-10-20T20:31:13.065+0000] {logging_mixin.py:190} INFO - [2024-10-20T20:31:13.065+0000] {dag.py:4156} INFO - Setting next_dagrun for example_branch_dop_operator_v3 to 2024-10-20 20:30:00+00:00, run_after=2024-10-20 20:31:00+00:00
[2024-10-20T20:31:13.885+0000] {processor.py:208} INFO - Processing /home/airflow/.local/lib/python3.12/site-packages/airflow/example_dags/example_branch_python_dop_operator_3.py took 3.513 seconds
[2024-10-20T20:33:00.099+0000] {processor.py:186} INFO - Started process (PID=88) to work on /home/airflow/.local/lib/python3.12/site-packages/airflow/example_dags/example_branch_python_dop_operator_3.py
[2024-10-20T20:33:00.154+0000] {processor.py:914} INFO - Processing file /home/airflow/.local/lib/python3.12/site-packages/airflow/example_dags/example_branch_python_dop_operator_3.py for tasks to queue
[2024-10-20T20:33:00.217+0000] {logging_mixin.py:190} INFO - [2024-10-20T20:33:00.198+0000] {dagbag.py:587} INFO - Filling up the DagBag from /home/airflow/.local/lib/python3.12/site-packages/airflow/example_dags/example_branch_python_dop_operator_3.py
[2024-10-20T20:33:02.397+0000] {processor.py:925} INFO - DAG(s) 'example_branch_dop_operator_v3' retrieved from /home/airflow/.local/lib/python3.12/site-packages/airflow/example_dags/example_branch_python_dop_operator_3.py
[2024-10-20T20:33:03.943+0000] {logging_mixin.py:190} INFO - [2024-10-20T20:33:03.942+0000] {dag.py:3229} INFO - Sync 1 DAGs
[2024-10-20T20:33:05.247+0000] {logging_mixin.py:190} INFO - [2024-10-20T20:33:05.246+0000] {dag.py:4156} INFO - Setting next_dagrun for example_branch_dop_operator_v3 to 2024-10-20 20:32:00+00:00, run_after=2024-10-20 20:33:00+00:00
[2024-10-20T20:33:05.482+0000] {processor.py:208} INFO - Processing /home/airflow/.local/lib/python3.12/site-packages/airflow/example_dags/example_branch_python_dop_operator_3.py took 5.499 seconds
[2024-10-20T20:34:07.901+0000] {processor.py:186} INFO - Started process (PID=124) to work on /home/airflow/.local/lib/python3.12/site-packages/airflow/example_dags/example_branch_python_dop_operator_3.py
[2024-10-20T20:34:07.913+0000] {processor.py:914} INFO - Processing file /home/airflow/.local/lib/python3.12/site-packages/airflow/example_dags/example_branch_python_dop_operator_3.py for tasks to queue
[2024-10-20T20:34:07.968+0000] {logging_mixin.py:190} INFO - [2024-10-20T20:34:07.947+0000] {dagbag.py:587} INFO - Filling up the DagBag from /home/airflow/.local/lib/python3.12/site-packages/airflow/example_dags/example_branch_python_dop_operator_3.py
[2024-10-20T20:34:08.188+0000] {processor.py:925} INFO - DAG(s) 'example_branch_dop_operator_v3' retrieved from /home/airflow/.local/lib/python3.12/site-packages/airflow/example_dags/example_branch_python_dop_operator_3.py
[2024-10-20T20:34:09.204+0000] {logging_mixin.py:190} INFO - [2024-10-20T20:34:09.199+0000] {dag.py:3229} INFO - Sync 1 DAGs
[2024-10-20T20:34:09.573+0000] {logging_mixin.py:190} INFO - [2024-10-20T20:34:09.573+0000] {dag.py:4156} INFO - Setting next_dagrun for example_branch_dop_operator_v3 to 2024-10-20 20:33:00+00:00, run_after=2024-10-20 20:34:00+00:00
[2024-10-20T20:34:09.858+0000] {processor.py:208} INFO - Processing /home/airflow/.local/lib/python3.12/site-packages/airflow/example_dags/example_branch_python_dop_operator_3.py took 2.119 seconds
[2024-10-20T20:34:57.004+0000] {processor.py:186} INFO - Started process (PID=162) to work on /home/airflow/.local/lib/python3.12/site-packages/airflow/example_dags/example_branch_python_dop_operator_3.py
[2024-10-20T20:34:57.018+0000] {processor.py:914} INFO - Processing file /home/airflow/.local/lib/python3.12/site-packages/airflow/example_dags/example_branch_python_dop_operator_3.py for tasks to queue
[2024-10-20T20:34:57.025+0000] {logging_mixin.py:190} INFO - [2024-10-20T20:34:57.022+0000] {dagbag.py:587} INFO - Filling up the DagBag from /home/airflow/.local/lib/python3.12/site-packages/airflow/example_dags/example_branch_python_dop_operator_3.py
[2024-10-20T20:34:57.086+0000] {processor.py:925} INFO - DAG(s) 'example_branch_dop_operator_v3' retrieved from /home/airflow/.local/lib/python3.12/site-packages/airflow/example_dags/example_branch_python_dop_operator_3.py
[2024-10-20T20:34:57.141+0000] {logging_mixin.py:190} INFO - [2024-10-20T20:34:57.140+0000] {dag.py:3229} INFO - Sync 1 DAGs
[2024-10-20T20:34:57.248+0000] {logging_mixin.py:190} INFO - [2024-10-20T20:34:57.247+0000] {dag.py:4156} INFO - Setting next_dagrun for example_branch_dop_operator_v3 to 2024-10-20 20:33:00+00:00, run_after=2024-10-20 20:34:00+00:00
[2024-10-20T20:34:57.296+0000] {processor.py:208} INFO - Processing /home/airflow/.local/lib/python3.12/site-packages/airflow/example_dags/example_branch_python_dop_operator_3.py took 0.305 seconds
