[2024-10-20T13:21:57.632+0000] {processor.py:186} INFO - Started process (PID=121) to work on /home/airflow/.local/lib/python3.12/site-packages/airflow/example_dags/example_subdag_operator.py
[2024-10-20T13:21:57.672+0000] {processor.py:914} INFO - Processing file /home/airflow/.local/lib/python3.12/site-packages/airflow/example_dags/example_subdag_operator.py for tasks to queue
[2024-10-20T13:21:57.695+0000] {logging_mixin.py:190} INFO - [2024-10-20T13:21:57.691+0000] {dagbag.py:587} INFO - Filling up the DagBag from /home/airflow/.local/lib/python3.12/site-packages/airflow/example_dags/example_subdag_operator.py
[2024-10-20T13:21:58.242+0000] {processor.py:925} INFO - DAG(s) 'example_subdag_operator.section-1', 'example_subdag_operator.section-2', 'example_subdag_operator' retrieved from /home/airflow/.local/lib/python3.12/site-packages/airflow/example_dags/example_subdag_operator.py
[2024-10-20T13:21:59.994+0000] {logging_mixin.py:190} INFO - [2024-10-20T13:21:59.990+0000] {override.py:1900} INFO - Created Permission View: can read on DAG:example_subdag_operator
[2024-10-20T13:22:00.250+0000] {logging_mixin.py:190} INFO - [2024-10-20T13:22:00.250+0000] {override.py:1900} INFO - Created Permission View: can edit on DAG:example_subdag_operator
[2024-10-20T13:22:00.420+0000] {logging_mixin.py:190} INFO - [2024-10-20T13:22:00.419+0000] {override.py:1900} INFO - Created Permission View: can delete on DAG:example_subdag_operator
[2024-10-20T13:22:00.516+0000] {logging_mixin.py:190} INFO - [2024-10-20T13:22:00.516+0000] {override.py:1900} INFO - Created Permission View: can create on DAG Run:example_subdag_operator
[2024-10-20T13:22:00.637+0000] {logging_mixin.py:190} INFO - [2024-10-20T13:22:00.636+0000] {override.py:1900} INFO - Created Permission View: can read on DAG Run:example_subdag_operator
[2024-10-20T13:22:00.704+0000] {logging_mixin.py:190} INFO - [2024-10-20T13:22:00.703+0000] {override.py:1900} INFO - Created Permission View: menu access on DAG Run:example_subdag_operator
[2024-10-20T13:22:00.783+0000] {logging_mixin.py:190} INFO - [2024-10-20T13:22:00.782+0000] {override.py:1900} INFO - Created Permission View: can delete on DAG Run:example_subdag_operator
[2024-10-20T13:22:00.788+0000] {logging_mixin.py:190} INFO - [2024-10-20T13:22:00.785+0000] {dag.py:3229} INFO - Sync 3 DAGs
[2024-10-20T13:22:00.964+0000] {logging_mixin.py:190} INFO - [2024-10-20T13:22:00.963+0000] {dag.py:3252} INFO - Creating ORM DAG for example_subdag_operator.section-2
[2024-10-20T13:22:00.972+0000] {logging_mixin.py:190} INFO - [2024-10-20T13:22:00.971+0000] {dag.py:3252} INFO - Creating ORM DAG for example_subdag_operator
[2024-10-20T13:22:00.991+0000] {logging_mixin.py:190} INFO - [2024-10-20T13:22:00.987+0000] {dag.py:3252} INFO - Creating ORM DAG for example_subdag_operator.section-1
[2024-10-20T13:22:01.266+0000] {logging_mixin.py:190} INFO - [2024-10-20T13:22:01.266+0000] {dag.py:4156} INFO - Setting next_dagrun for example_subdag_operator to 2022-01-01 00:00:00+00:00, run_after=2022-01-01 00:00:00+00:00
[2024-10-20T13:22:01.269+0000] {logging_mixin.py:190} INFO - [2024-10-20T13:22:01.268+0000] {dag.py:4156} INFO - Setting next_dagrun for example_subdag_operator.section-1 to None, run_after=None
[2024-10-20T13:22:01.271+0000] {logging_mixin.py:190} INFO - [2024-10-20T13:22:01.270+0000] {dag.py:4156} INFO - Setting next_dagrun for example_subdag_operator.section-2 to None, run_after=None
[2024-10-20T13:22:01.438+0000] {logging_mixin.py:190} INFO - [2024-10-20T13:22:01.437+0000] {dag.py:3229} INFO - Sync 2 DAGs
[2024-10-20T13:22:01.495+0000] {logging_mixin.py:190} INFO - [2024-10-20T13:22:01.494+0000] {dag.py:4156} INFO - Setting next_dagrun for example_subdag_operator.section-1 to None, run_after=None
[2024-10-20T13:22:01.608+0000] {logging_mixin.py:190} INFO - [2024-10-20T13:22:01.607+0000] {dag.py:4156} INFO - Setting next_dagrun for example_subdag_operator.section-2 to None, run_after=None
[2024-10-20T13:22:01.890+0000] {processor.py:208} INFO - Processing /home/airflow/.local/lib/python3.12/site-packages/airflow/example_dags/example_subdag_operator.py took 4.345 seconds
[2024-10-20T13:53:36.570+0000] {processor.py:186} INFO - Started process (PID=87) to work on /home/airflow/.local/lib/python3.12/site-packages/airflow/example_dags/example_subdag_operator.py
[2024-10-20T13:53:36.626+0000] {processor.py:914} INFO - Processing file /home/airflow/.local/lib/python3.12/site-packages/airflow/example_dags/example_subdag_operator.py for tasks to queue
[2024-10-20T13:53:36.688+0000] {logging_mixin.py:190} INFO - [2024-10-20T13:53:36.685+0000] {dagbag.py:587} INFO - Filling up the DagBag from /home/airflow/.local/lib/python3.12/site-packages/airflow/example_dags/example_subdag_operator.py
[2024-10-20T13:53:37.209+0000] {processor.py:925} INFO - DAG(s) 'example_subdag_operator.section-1', 'example_subdag_operator.section-2', 'example_subdag_operator' retrieved from /home/airflow/.local/lib/python3.12/site-packages/airflow/example_dags/example_subdag_operator.py
[2024-10-20T13:53:38.489+0000] {logging_mixin.py:190} INFO - [2024-10-20T13:53:38.486+0000] {dag.py:3229} INFO - Sync 3 DAGs
[2024-10-20T13:53:39.385+0000] {logging_mixin.py:190} INFO - [2024-10-20T13:53:39.384+0000] {dag.py:4156} INFO - Setting next_dagrun for example_subdag_operator to 2022-01-01 00:00:00+00:00, run_after=2022-01-01 00:00:00+00:00
[2024-10-20T13:53:39.417+0000] {logging_mixin.py:190} INFO - [2024-10-20T13:53:39.415+0000] {dag.py:4156} INFO - Setting next_dagrun for example_subdag_operator.section-1 to None, run_after=None
[2024-10-20T13:53:39.435+0000] {logging_mixin.py:190} INFO - [2024-10-20T13:53:39.423+0000] {dag.py:4156} INFO - Setting next_dagrun for example_subdag_operator.section-2 to None, run_after=None
[2024-10-20T13:53:39.556+0000] {logging_mixin.py:190} INFO - [2024-10-20T13:53:39.556+0000] {dag.py:3229} INFO - Sync 2 DAGs
[2024-10-20T13:53:39.679+0000] {logging_mixin.py:190} INFO - [2024-10-20T13:53:39.676+0000] {dag.py:4156} INFO - Setting next_dagrun for example_subdag_operator.section-1 to None, run_after=None
[2024-10-20T13:53:39.682+0000] {logging_mixin.py:190} INFO - [2024-10-20T13:53:39.682+0000] {dag.py:4156} INFO - Setting next_dagrun for example_subdag_operator.section-2 to None, run_after=None
[2024-10-20T13:53:39.881+0000] {processor.py:208} INFO - Processing /home/airflow/.local/lib/python3.12/site-packages/airflow/example_dags/example_subdag_operator.py took 3.472 seconds
[2024-10-20T13:56:10.432+0000] {processor.py:186} INFO - Started process (PID=173) to work on /home/airflow/.local/lib/python3.12/site-packages/airflow/example_dags/example_subdag_operator.py
[2024-10-20T13:56:10.557+0000] {processor.py:914} INFO - Processing file /home/airflow/.local/lib/python3.12/site-packages/airflow/example_dags/example_subdag_operator.py for tasks to queue
[2024-10-20T13:56:11.308+0000] {logging_mixin.py:190} INFO - [2024-10-20T13:56:11.231+0000] {dagbag.py:587} INFO - Filling up the DagBag from /home/airflow/.local/lib/python3.12/site-packages/airflow/example_dags/example_subdag_operator.py
[2024-10-20T13:56:15.001+0000] {processor.py:925} INFO - DAG(s) 'example_subdag_operator.section-1', 'example_subdag_operator.section-2', 'example_subdag_operator' retrieved from /home/airflow/.local/lib/python3.12/site-packages/airflow/example_dags/example_subdag_operator.py
[2024-10-20T13:56:15.344+0000] {logging_mixin.py:190} INFO - [2024-10-20T13:56:15.342+0000] {dag.py:3229} INFO - Sync 3 DAGs
[2024-10-20T13:56:16.064+0000] {logging_mixin.py:190} INFO - [2024-10-20T13:56:16.063+0000] {dag.py:4156} INFO - Setting next_dagrun for example_subdag_operator to 2022-01-01 00:00:00+00:00, run_after=2022-01-01 00:00:00+00:00
[2024-10-20T13:56:16.082+0000] {logging_mixin.py:190} INFO - [2024-10-20T13:56:16.081+0000] {dag.py:4156} INFO - Setting next_dagrun for example_subdag_operator.section-1 to None, run_after=None
[2024-10-20T13:56:16.087+0000] {logging_mixin.py:190} INFO - [2024-10-20T13:56:16.087+0000] {dag.py:4156} INFO - Setting next_dagrun for example_subdag_operator.section-2 to None, run_after=None
[2024-10-20T13:56:16.481+0000] {logging_mixin.py:190} INFO - [2024-10-20T13:56:16.480+0000] {dag.py:3229} INFO - Sync 2 DAGs
[2024-10-20T13:56:16.502+0000] {logging_mixin.py:190} INFO - [2024-10-20T13:56:16.501+0000] {dag.py:4156} INFO - Setting next_dagrun for example_subdag_operator.section-1 to None, run_after=None
[2024-10-20T13:56:16.503+0000] {logging_mixin.py:190} INFO - [2024-10-20T13:56:16.503+0000] {dag.py:4156} INFO - Setting next_dagrun for example_subdag_operator.section-2 to None, run_after=None
[2024-10-20T13:56:16.939+0000] {processor.py:208} INFO - Processing /home/airflow/.local/lib/python3.12/site-packages/airflow/example_dags/example_subdag_operator.py took 6.992 seconds
[2024-10-20T20:31:03.569+0000] {processor.py:186} INFO - Started process (PID=29) to work on /home/airflow/.local/lib/python3.12/site-packages/airflow/example_dags/example_subdag_operator.py
[2024-10-20T20:31:03.584+0000] {processor.py:914} INFO - Processing file /home/airflow/.local/lib/python3.12/site-packages/airflow/example_dags/example_subdag_operator.py for tasks to queue
[2024-10-20T20:31:03.747+0000] {logging_mixin.py:190} INFO - [2024-10-20T20:31:03.746+0000] {dagbag.py:587} INFO - Filling up the DagBag from /home/airflow/.local/lib/python3.12/site-packages/airflow/example_dags/example_subdag_operator.py
[2024-10-20T20:31:04.955+0000] {processor.py:925} INFO - DAG(s) 'example_subdag_operator.section-1', 'example_subdag_operator.section-2', 'example_subdag_operator' retrieved from /home/airflow/.local/lib/python3.12/site-packages/airflow/example_dags/example_subdag_operator.py
[2024-10-20T20:31:06.578+0000] {logging_mixin.py:190} INFO - [2024-10-20T20:31:06.575+0000] {dag.py:3229} INFO - Sync 3 DAGs
[2024-10-20T20:31:07.548+0000] {logging_mixin.py:190} INFO - [2024-10-20T20:31:07.546+0000] {dag.py:4156} INFO - Setting next_dagrun for example_subdag_operator to 2022-01-01 00:00:00+00:00, run_after=2022-01-01 00:00:00+00:00
[2024-10-20T20:31:07.749+0000] {logging_mixin.py:190} INFO - [2024-10-20T20:31:07.749+0000] {dag.py:4156} INFO - Setting next_dagrun for example_subdag_operator.section-1 to None, run_after=None
[2024-10-20T20:31:07.788+0000] {logging_mixin.py:190} INFO - [2024-10-20T20:31:07.788+0000] {dag.py:4156} INFO - Setting next_dagrun for example_subdag_operator.section-2 to None, run_after=None
[2024-10-20T20:31:08.067+0000] {logging_mixin.py:190} INFO - [2024-10-20T20:31:08.067+0000] {dag.py:3229} INFO - Sync 2 DAGs
[2024-10-20T20:31:08.334+0000] {logging_mixin.py:190} INFO - [2024-10-20T20:31:08.333+0000] {dag.py:4156} INFO - Setting next_dagrun for example_subdag_operator.section-1 to None, run_after=None
[2024-10-20T20:31:08.445+0000] {logging_mixin.py:190} INFO - [2024-10-20T20:31:08.445+0000] {dag.py:4156} INFO - Setting next_dagrun for example_subdag_operator.section-2 to None, run_after=None
[2024-10-20T20:31:08.791+0000] {processor.py:208} INFO - Processing /home/airflow/.local/lib/python3.12/site-packages/airflow/example_dags/example_subdag_operator.py took 5.333 seconds
[2024-10-20T20:32:53.909+0000] {processor.py:186} INFO - Started process (PID=86) to work on /home/airflow/.local/lib/python3.12/site-packages/airflow/example_dags/example_subdag_operator.py
[2024-10-20T20:32:54.004+0000] {processor.py:914} INFO - Processing file /home/airflow/.local/lib/python3.12/site-packages/airflow/example_dags/example_subdag_operator.py for tasks to queue
[2024-10-20T20:32:54.046+0000] {logging_mixin.py:190} INFO - [2024-10-20T20:32:54.034+0000] {dagbag.py:587} INFO - Filling up the DagBag from /home/airflow/.local/lib/python3.12/site-packages/airflow/example_dags/example_subdag_operator.py
[2024-10-20T20:32:54.598+0000] {processor.py:925} INFO - DAG(s) 'example_subdag_operator.section-1', 'example_subdag_operator.section-2', 'example_subdag_operator' retrieved from /home/airflow/.local/lib/python3.12/site-packages/airflow/example_dags/example_subdag_operator.py
[2024-10-20T20:32:54.855+0000] {logging_mixin.py:190} INFO - [2024-10-20T20:32:54.854+0000] {dag.py:3229} INFO - Sync 3 DAGs
[2024-10-20T20:32:56.669+0000] {logging_mixin.py:190} INFO - [2024-10-20T20:32:56.669+0000] {dag.py:4156} INFO - Setting next_dagrun for example_subdag_operator to 2022-01-01 00:00:00+00:00, run_after=2022-01-01 00:00:00+00:00
[2024-10-20T20:32:57.203+0000] {logging_mixin.py:190} INFO - [2024-10-20T20:32:56.939+0000] {dag.py:4156} INFO - Setting next_dagrun for example_subdag_operator.section-1 to None, run_after=None
[2024-10-20T20:32:57.230+0000] {logging_mixin.py:190} INFO - [2024-10-20T20:32:57.229+0000] {dag.py:4156} INFO - Setting next_dagrun for example_subdag_operator.section-2 to None, run_after=None
[2024-10-20T20:32:58.045+0000] {logging_mixin.py:190} INFO - [2024-10-20T20:32:58.039+0000] {dag.py:3229} INFO - Sync 2 DAGs
[2024-10-20T20:32:58.185+0000] {logging_mixin.py:190} INFO - [2024-10-20T20:32:58.185+0000] {dag.py:4156} INFO - Setting next_dagrun for example_subdag_operator.section-1 to None, run_after=None
[2024-10-20T20:32:58.200+0000] {logging_mixin.py:190} INFO - [2024-10-20T20:32:58.199+0000] {dag.py:4156} INFO - Setting next_dagrun for example_subdag_operator.section-2 to None, run_after=None
[2024-10-20T20:32:58.959+0000] {processor.py:208} INFO - Processing /home/airflow/.local/lib/python3.12/site-packages/airflow/example_dags/example_subdag_operator.py took 5.064 seconds
[2024-10-20T20:34:04.535+0000] {processor.py:186} INFO - Started process (PID=122) to work on /home/airflow/.local/lib/python3.12/site-packages/airflow/example_dags/example_subdag_operator.py
[2024-10-20T20:34:04.549+0000] {processor.py:914} INFO - Processing file /home/airflow/.local/lib/python3.12/site-packages/airflow/example_dags/example_subdag_operator.py for tasks to queue
[2024-10-20T20:34:04.555+0000] {logging_mixin.py:190} INFO - [2024-10-20T20:34:04.554+0000] {dagbag.py:587} INFO - Filling up the DagBag from /home/airflow/.local/lib/python3.12/site-packages/airflow/example_dags/example_subdag_operator.py
[2024-10-20T20:34:04.713+0000] {processor.py:925} INFO - DAG(s) 'example_subdag_operator.section-1', 'example_subdag_operator.section-2', 'example_subdag_operator' retrieved from /home/airflow/.local/lib/python3.12/site-packages/airflow/example_dags/example_subdag_operator.py
[2024-10-20T20:34:04.809+0000] {logging_mixin.py:190} INFO - [2024-10-20T20:34:04.808+0000] {dag.py:3229} INFO - Sync 3 DAGs
[2024-10-20T20:34:04.896+0000] {logging_mixin.py:190} INFO - [2024-10-20T20:34:04.895+0000] {dag.py:4156} INFO - Setting next_dagrun for example_subdag_operator to 2022-01-01 00:00:00+00:00, run_after=2022-01-01 00:00:00+00:00
[2024-10-20T20:34:04.918+0000] {logging_mixin.py:190} INFO - [2024-10-20T20:34:04.917+0000] {dag.py:4156} INFO - Setting next_dagrun for example_subdag_operator.section-1 to None, run_after=None
[2024-10-20T20:34:04.922+0000] {logging_mixin.py:190} INFO - [2024-10-20T20:34:04.922+0000] {dag.py:4156} INFO - Setting next_dagrun for example_subdag_operator.section-2 to None, run_after=None
[2024-10-20T20:34:04.974+0000] {logging_mixin.py:190} INFO - [2024-10-20T20:34:04.974+0000] {dag.py:3229} INFO - Sync 2 DAGs
[2024-10-20T20:34:05.010+0000] {logging_mixin.py:190} INFO - [2024-10-20T20:34:05.010+0000] {dag.py:4156} INFO - Setting next_dagrun for example_subdag_operator.section-1 to None, run_after=None
[2024-10-20T20:34:05.012+0000] {logging_mixin.py:190} INFO - [2024-10-20T20:34:05.011+0000] {dag.py:4156} INFO - Setting next_dagrun for example_subdag_operator.section-2 to None, run_after=None
[2024-10-20T20:34:05.102+0000] {processor.py:208} INFO - Processing /home/airflow/.local/lib/python3.12/site-packages/airflow/example_dags/example_subdag_operator.py took 0.603 seconds
[2024-10-20T20:34:55.775+0000] {processor.py:186} INFO - Started process (PID=160) to work on /home/airflow/.local/lib/python3.12/site-packages/airflow/example_dags/example_subdag_operator.py
[2024-10-20T20:34:55.788+0000] {processor.py:914} INFO - Processing file /home/airflow/.local/lib/python3.12/site-packages/airflow/example_dags/example_subdag_operator.py for tasks to queue
[2024-10-20T20:34:55.819+0000] {logging_mixin.py:190} INFO - [2024-10-20T20:34:55.818+0000] {dagbag.py:587} INFO - Filling up the DagBag from /home/airflow/.local/lib/python3.12/site-packages/airflow/example_dags/example_subdag_operator.py
[2024-10-20T20:34:56.101+0000] {processor.py:925} INFO - DAG(s) 'example_subdag_operator.section-1', 'example_subdag_operator.section-2', 'example_subdag_operator' retrieved from /home/airflow/.local/lib/python3.12/site-packages/airflow/example_dags/example_subdag_operator.py
[2024-10-20T20:34:56.272+0000] {logging_mixin.py:190} INFO - [2024-10-20T20:34:56.271+0000] {dag.py:3229} INFO - Sync 3 DAGs
[2024-10-20T20:34:56.521+0000] {logging_mixin.py:190} INFO - [2024-10-20T20:34:56.521+0000] {dag.py:4156} INFO - Setting next_dagrun for example_subdag_operator to 2022-01-01 00:00:00+00:00, run_after=2022-01-01 00:00:00+00:00
[2024-10-20T20:34:56.568+0000] {logging_mixin.py:190} INFO - [2024-10-20T20:34:56.567+0000] {dag.py:4156} INFO - Setting next_dagrun for example_subdag_operator.section-1 to None, run_after=None
[2024-10-20T20:34:56.577+0000] {logging_mixin.py:190} INFO - [2024-10-20T20:34:56.576+0000] {dag.py:4156} INFO - Setting next_dagrun for example_subdag_operator.section-2 to None, run_after=None
[2024-10-20T20:34:56.629+0000] {logging_mixin.py:190} INFO - [2024-10-20T20:34:56.624+0000] {dag.py:3229} INFO - Sync 2 DAGs
[2024-10-20T20:34:56.669+0000] {logging_mixin.py:190} INFO - [2024-10-20T20:34:56.668+0000] {dag.py:4156} INFO - Setting next_dagrun for example_subdag_operator.section-1 to None, run_after=None
[2024-10-20T20:34:56.672+0000] {logging_mixin.py:190} INFO - [2024-10-20T20:34:56.671+0000] {dag.py:4156} INFO - Setting next_dagrun for example_subdag_operator.section-2 to None, run_after=None
[2024-10-20T20:34:56.853+0000] {processor.py:208} INFO - Processing /home/airflow/.local/lib/python3.12/site-packages/airflow/example_dags/example_subdag_operator.py took 1.098 seconds
[2024-10-20T20:35:34.202+0000] {processor.py:186} INFO - Started process (PID=209) to work on /home/airflow/.local/lib/python3.12/site-packages/airflow/example_dags/example_subdag_operator.py
[2024-10-20T20:35:34.207+0000] {processor.py:914} INFO - Processing file /home/airflow/.local/lib/python3.12/site-packages/airflow/example_dags/example_subdag_operator.py for tasks to queue
[2024-10-20T20:35:34.220+0000] {logging_mixin.py:190} INFO - [2024-10-20T20:35:34.215+0000] {dagbag.py:587} INFO - Filling up the DagBag from /home/airflow/.local/lib/python3.12/site-packages/airflow/example_dags/example_subdag_operator.py
[2024-10-20T20:36:07.579+0000] {logging_mixin.py:190} INFO - [2024-10-20T20:36:07.407+0000] {timeout.py:68} ERROR - Process timed out, PID: 209
