[2024-10-20T13:23:48.463+0000] {processor.py:186} INFO - Started process (PID=168) to work on /home/airflow/.local/lib/python3.12/site-packages/airflow/example_dags/example_inlet_event_extra.py
[2024-10-20T13:23:48.551+0000] {processor.py:914} INFO - Processing file /home/airflow/.local/lib/python3.12/site-packages/airflow/example_dags/example_inlet_event_extra.py for tasks to queue
[2024-10-20T13:23:48.659+0000] {logging_mixin.py:190} INFO - [2024-10-20T13:23:48.658+0000] {dagbag.py:587} INFO - Filling up the DagBag from /home/airflow/.local/lib/python3.12/site-packages/airflow/example_dags/example_inlet_event_extra.py
[2024-10-20T13:23:54.609+0000] {processor.py:925} INFO - DAG(s) 'read_dataset_event', 'read_dataset_event_from_classic' retrieved from /home/airflow/.local/lib/python3.12/site-packages/airflow/example_dags/example_inlet_event_extra.py
[2024-10-20T13:24:06.632+0000] {logging_mixin.py:190} INFO - [2024-10-20T13:24:06.557+0000] {override.py:1900} INFO - Created Permission View: can read on DAG:read_dataset_event
[2024-10-20T13:24:07.102+0000] {logging_mixin.py:190} INFO - [2024-10-20T13:24:07.068+0000] {override.py:1900} INFO - Created Permission View: can edit on DAG:read_dataset_event
[2024-10-20T13:24:07.540+0000] {logging_mixin.py:190} INFO - [2024-10-20T13:24:07.374+0000] {override.py:1900} INFO - Created Permission View: can delete on DAG:read_dataset_event
[2024-10-20T13:24:06.618+0000] {logging_mixin.py:190} INFO - [2024-10-20T13:24:06.565+0000] {override.py:1900} INFO - Created Permission View: can create on DAG Run:read_dataset_event
[2024-10-20T13:24:06.720+0000] {logging_mixin.py:190} INFO - [2024-10-20T13:24:06.718+0000] {override.py:1900} INFO - Created Permission View: can read on DAG Run:read_dataset_event
[2024-10-20T13:24:06.846+0000] {logging_mixin.py:190} INFO - [2024-10-20T13:24:06.846+0000] {override.py:1900} INFO - Created Permission View: menu access on DAG Run:read_dataset_event
[2024-10-20T13:24:08.235+0000] {logging_mixin.py:190} INFO - [2024-10-20T13:24:08.228+0000] {override.py:1900} INFO - Created Permission View: can delete on DAG Run:read_dataset_event
[2024-10-20T13:24:07.193+0000] {logging_mixin.py:190} INFO - [2024-10-20T13:24:07.193+0000] {override.py:1900} INFO - Created Permission View: can read on DAG:read_dataset_event_from_classic
[2024-10-20T13:24:07.358+0000] {logging_mixin.py:190} INFO - [2024-10-20T13:24:07.357+0000] {override.py:1900} INFO - Created Permission View: can edit on DAG:read_dataset_event_from_classic
[2024-10-20T13:24:07.469+0000] {logging_mixin.py:190} INFO - [2024-10-20T13:24:07.468+0000] {override.py:1900} INFO - Created Permission View: can delete on DAG:read_dataset_event_from_classic
[2024-10-20T13:24:07.577+0000] {logging_mixin.py:190} INFO - [2024-10-20T13:24:07.577+0000] {override.py:1900} INFO - Created Permission View: can create on DAG Run:read_dataset_event_from_classic
[2024-10-20T13:24:07.987+0000] {logging_mixin.py:190} INFO - [2024-10-20T13:24:07.986+0000] {override.py:1900} INFO - Created Permission View: can read on DAG Run:read_dataset_event_from_classic
[2024-10-20T13:24:08.094+0000] {logging_mixin.py:190} INFO - [2024-10-20T13:24:08.093+0000] {override.py:1900} INFO - Created Permission View: menu access on DAG Run:read_dataset_event_from_classic
[2024-10-20T13:24:08.216+0000] {logging_mixin.py:190} INFO - [2024-10-20T13:24:08.214+0000] {override.py:1900} INFO - Created Permission View: can delete on DAG Run:read_dataset_event_from_classic
[2024-10-20T13:24:08.219+0000] {logging_mixin.py:190} INFO - [2024-10-20T13:24:08.218+0000] {dag.py:3229} INFO - Sync 2 DAGs
[2024-10-20T13:24:08.487+0000] {logging_mixin.py:190} INFO - [2024-10-20T13:24:08.486+0000] {dag.py:3252} INFO - Creating ORM DAG for read_dataset_event
[2024-10-20T13:24:08.497+0000] {logging_mixin.py:190} INFO - [2024-10-20T13:24:08.497+0000] {dag.py:3252} INFO - Creating ORM DAG for read_dataset_event_from_classic
[2024-10-20T13:24:08.674+0000] {logging_mixin.py:190} INFO - [2024-10-20T13:24:08.674+0000] {dag.py:4156} INFO - Setting next_dagrun for read_dataset_event to 2024-10-19 00:00:00+00:00, run_after=2024-10-20 00:00:00+00:00
[2024-10-20T13:24:08.742+0000] {logging_mixin.py:190} INFO - [2024-10-20T13:24:08.741+0000] {dag.py:4156} INFO - Setting next_dagrun for read_dataset_event_from_classic to 2024-10-19 00:00:00+00:00, run_after=2024-10-20 00:00:00+00:00
[2024-10-20T13:24:09.304+0000] {processor.py:208} INFO - Processing /home/airflow/.local/lib/python3.12/site-packages/airflow/example_dags/example_inlet_event_extra.py took 23.319 seconds
[2024-10-20T13:54:35.377+0000] {processor.py:186} INFO - Started process (PID=130) to work on /home/airflow/.local/lib/python3.12/site-packages/airflow/example_dags/example_inlet_event_extra.py
[2024-10-20T13:54:35.391+0000] {processor.py:914} INFO - Processing file /home/airflow/.local/lib/python3.12/site-packages/airflow/example_dags/example_inlet_event_extra.py for tasks to queue
[2024-10-20T13:54:35.414+0000] {logging_mixin.py:190} INFO - [2024-10-20T13:54:35.413+0000] {dagbag.py:587} INFO - Filling up the DagBag from /home/airflow/.local/lib/python3.12/site-packages/airflow/example_dags/example_inlet_event_extra.py
[2024-10-20T13:54:43.742+0000] {processor.py:925} INFO - DAG(s) 'read_dataset_event_from_classic', 'read_dataset_event' retrieved from /home/airflow/.local/lib/python3.12/site-packages/airflow/example_dags/example_inlet_event_extra.py
[2024-10-20T13:54:50.764+0000] {logging_mixin.py:190} INFO - [2024-10-20T13:54:50.763+0000] {dag.py:3229} INFO - Sync 2 DAGs
[2024-10-20T13:54:51.333+0000] {logging_mixin.py:190} INFO - [2024-10-20T13:54:51.289+0000] {dag.py:4156} INFO - Setting next_dagrun for read_dataset_event to 2024-10-19 00:00:00+00:00, run_after=2024-10-20 00:00:00+00:00
[2024-10-20T13:54:51.472+0000] {logging_mixin.py:190} INFO - [2024-10-20T13:54:51.471+0000] {dag.py:4156} INFO - Setting next_dagrun for read_dataset_event_from_classic to 2024-10-19 00:00:00+00:00, run_after=2024-10-20 00:00:00+00:00
[2024-10-20T13:54:51.971+0000] {processor.py:208} INFO - Processing /home/airflow/.local/lib/python3.12/site-packages/airflow/example_dags/example_inlet_event_extra.py took 16.732 seconds
[2024-10-20T20:32:12.333+0000] {processor.py:186} INFO - Started process (PID=60) to work on /home/airflow/.local/lib/python3.12/site-packages/airflow/example_dags/example_inlet_event_extra.py
[2024-10-20T20:32:12.339+0000] {processor.py:914} INFO - Processing file /home/airflow/.local/lib/python3.12/site-packages/airflow/example_dags/example_inlet_event_extra.py for tasks to queue
[2024-10-20T20:32:12.356+0000] {logging_mixin.py:190} INFO - [2024-10-20T20:32:12.355+0000] {dagbag.py:587} INFO - Filling up the DagBag from /home/airflow/.local/lib/python3.12/site-packages/airflow/example_dags/example_inlet_event_extra.py
[2024-10-20T20:32:15.778+0000] {processor.py:925} INFO - DAG(s) 'read_dataset_event_from_classic', 'read_dataset_event' retrieved from /home/airflow/.local/lib/python3.12/site-packages/airflow/example_dags/example_inlet_event_extra.py
[2024-10-20T20:32:16.005+0000] {logging_mixin.py:190} INFO - [2024-10-20T20:32:16.004+0000] {dag.py:3229} INFO - Sync 2 DAGs
[2024-10-20T20:32:16.346+0000] {logging_mixin.py:190} INFO - [2024-10-20T20:32:16.345+0000] {dag.py:4156} INFO - Setting next_dagrun for read_dataset_event to 2024-10-19 00:00:00+00:00, run_after=2024-10-20 00:00:00+00:00
[2024-10-20T20:32:16.385+0000] {logging_mixin.py:190} INFO - [2024-10-20T20:32:16.384+0000] {dag.py:4156} INFO - Setting next_dagrun for read_dataset_event_from_classic to 2024-10-19 00:00:00+00:00, run_after=2024-10-20 00:00:00+00:00
[2024-10-20T20:32:16.660+0000] {processor.py:208} INFO - Processing /home/airflow/.local/lib/python3.12/site-packages/airflow/example_dags/example_inlet_event_extra.py took 4.411 seconds
[2024-10-20T20:33:59.855+0000] {processor.py:186} INFO - Started process (PID=117) to work on /home/airflow/.local/lib/python3.12/site-packages/airflow/example_dags/example_inlet_event_extra.py
[2024-10-20T20:33:59.868+0000] {processor.py:914} INFO - Processing file /home/airflow/.local/lib/python3.12/site-packages/airflow/example_dags/example_inlet_event_extra.py for tasks to queue
[2024-10-20T20:33:59.889+0000] {logging_mixin.py:190} INFO - [2024-10-20T20:33:59.888+0000] {dagbag.py:587} INFO - Filling up the DagBag from /home/airflow/.local/lib/python3.12/site-packages/airflow/example_dags/example_inlet_event_extra.py
[2024-10-20T20:34:02.921+0000] {processor.py:925} INFO - DAG(s) 'read_dataset_event', 'read_dataset_event_from_classic' retrieved from /home/airflow/.local/lib/python3.12/site-packages/airflow/example_dags/example_inlet_event_extra.py
[2024-10-20T20:34:03.046+0000] {logging_mixin.py:190} INFO - [2024-10-20T20:34:03.045+0000] {dag.py:3229} INFO - Sync 2 DAGs
[2024-10-20T20:34:03.354+0000] {logging_mixin.py:190} INFO - [2024-10-20T20:34:03.353+0000] {dag.py:4156} INFO - Setting next_dagrun for read_dataset_event to 2024-10-19 00:00:00+00:00, run_after=2024-10-20 00:00:00+00:00
[2024-10-20T20:34:03.404+0000] {logging_mixin.py:190} INFO - [2024-10-20T20:34:03.404+0000] {dag.py:4156} INFO - Setting next_dagrun for read_dataset_event_from_classic to 2024-10-19 00:00:00+00:00, run_after=2024-10-20 00:00:00+00:00
[2024-10-20T20:34:03.549+0000] {processor.py:208} INFO - Processing /home/airflow/.local/lib/python3.12/site-packages/airflow/example_dags/example_inlet_event_extra.py took 3.782 seconds
[2024-10-20T20:35:08.872+0000] {processor.py:186} INFO - Started process (PID=191) to work on /home/airflow/.local/lib/python3.12/site-packages/airflow/example_dags/example_inlet_event_extra.py
[2024-10-20T20:35:08.878+0000] {processor.py:914} INFO - Processing file /home/airflow/.local/lib/python3.12/site-packages/airflow/example_dags/example_inlet_event_extra.py for tasks to queue
[2024-10-20T20:35:08.884+0000] {logging_mixin.py:190} INFO - [2024-10-20T20:35:08.883+0000] {dagbag.py:587} INFO - Filling up the DagBag from /home/airflow/.local/lib/python3.12/site-packages/airflow/example_dags/example_inlet_event_extra.py
[2024-10-20T20:35:09.516+0000] {processor.py:925} INFO - DAG(s) 'read_dataset_event_from_classic', 'read_dataset_event' retrieved from /home/airflow/.local/lib/python3.12/site-packages/airflow/example_dags/example_inlet_event_extra.py
[2024-10-20T20:35:09.618+0000] {logging_mixin.py:190} INFO - [2024-10-20T20:35:09.618+0000] {dag.py:3229} INFO - Sync 2 DAGs
[2024-10-20T20:35:09.819+0000] {logging_mixin.py:190} INFO - [2024-10-20T20:35:09.817+0000] {dag.py:4156} INFO - Setting next_dagrun for read_dataset_event to 2024-10-19 00:00:00+00:00, run_after=2024-10-20 00:00:00+00:00
[2024-10-20T20:35:09.854+0000] {logging_mixin.py:190} INFO - [2024-10-20T20:35:09.853+0000] {dag.py:4156} INFO - Setting next_dagrun for read_dataset_event_from_classic to 2024-10-19 00:00:00+00:00, run_after=2024-10-20 00:00:00+00:00
[2024-10-20T20:35:09.979+0000] {processor.py:208} INFO - Processing /home/airflow/.local/lib/python3.12/site-packages/airflow/example_dags/example_inlet_event_extra.py took 1.131 seconds
