[2024-10-20T13:22:11.628+0000] {processor.py:186} INFO - Started process (PID=127) to work on /home/airflow/.local/lib/python3.12/site-packages/airflow/example_dags/example_branch_datetime_operator.py
[2024-10-20T13:22:11.644+0000] {processor.py:914} INFO - Processing file /home/airflow/.local/lib/python3.12/site-packages/airflow/example_dags/example_branch_datetime_operator.py for tasks to queue
[2024-10-20T13:22:11.675+0000] {logging_mixin.py:190} INFO - [2024-10-20T13:22:11.674+0000] {dagbag.py:587} INFO - Filling up the DagBag from /home/airflow/.local/lib/python3.12/site-packages/airflow/example_dags/example_branch_datetime_operator.py
[2024-10-20T13:22:11.857+0000] {processor.py:925} INFO - DAG(s) 'example_branch_datetime_operator_3', 'example_branch_datetime_operator', 'example_branch_datetime_operator_2' retrieved from /home/airflow/.local/lib/python3.12/site-packages/airflow/example_dags/example_branch_datetime_operator.py
[2024-10-20T13:22:11.526+0000] {logging_mixin.py:190} INFO - [2024-10-20T13:22:11.453+0000] {override.py:1900} INFO - Created Permission View: can read on DAG:example_branch_datetime_operator_3
[2024-10-20T13:22:11.735+0000] {logging_mixin.py:190} INFO - [2024-10-20T13:22:11.729+0000] {override.py:1900} INFO - Created Permission View: can edit on DAG:example_branch_datetime_operator_3
[2024-10-20T13:22:11.872+0000] {logging_mixin.py:190} INFO - [2024-10-20T13:22:11.872+0000] {override.py:1900} INFO - Created Permission View: can delete on DAG:example_branch_datetime_operator_3
[2024-10-20T13:22:11.988+0000] {logging_mixin.py:190} INFO - [2024-10-20T13:22:11.988+0000] {override.py:1900} INFO - Created Permission View: can create on DAG Run:example_branch_datetime_operator_3
[2024-10-20T13:22:12.077+0000] {logging_mixin.py:190} INFO - [2024-10-20T13:22:12.076+0000] {override.py:1900} INFO - Created Permission View: can read on DAG Run:example_branch_datetime_operator_3
[2024-10-20T13:22:12.148+0000] {logging_mixin.py:190} INFO - [2024-10-20T13:22:12.148+0000] {override.py:1900} INFO - Created Permission View: menu access on DAG Run:example_branch_datetime_operator_3
[2024-10-20T13:22:12.262+0000] {logging_mixin.py:190} INFO - [2024-10-20T13:22:12.261+0000] {override.py:1900} INFO - Created Permission View: can delete on DAG Run:example_branch_datetime_operator_3
[2024-10-20T13:22:12.415+0000] {logging_mixin.py:190} INFO - [2024-10-20T13:22:12.414+0000] {override.py:1900} INFO - Created Permission View: can read on DAG:example_branch_datetime_operator
[2024-10-20T13:22:12.481+0000] {logging_mixin.py:190} INFO - [2024-10-20T13:22:12.480+0000] {override.py:1900} INFO - Created Permission View: can edit on DAG:example_branch_datetime_operator
[2024-10-20T13:22:12.605+0000] {logging_mixin.py:190} INFO - [2024-10-20T13:22:12.603+0000] {override.py:1900} INFO - Created Permission View: can delete on DAG:example_branch_datetime_operator
[2024-10-20T13:22:12.736+0000] {logging_mixin.py:190} INFO - [2024-10-20T13:22:12.736+0000] {override.py:1900} INFO - Created Permission View: can create on DAG Run:example_branch_datetime_operator
[2024-10-20T13:22:12.858+0000] {logging_mixin.py:190} INFO - [2024-10-20T13:22:12.857+0000] {override.py:1900} INFO - Created Permission View: can read on DAG Run:example_branch_datetime_operator
[2024-10-20T13:22:12.996+0000] {logging_mixin.py:190} INFO - [2024-10-20T13:22:12.995+0000] {override.py:1900} INFO - Created Permission View: menu access on DAG Run:example_branch_datetime_operator
[2024-10-20T13:22:13.184+0000] {logging_mixin.py:190} INFO - [2024-10-20T13:22:13.183+0000] {override.py:1900} INFO - Created Permission View: can delete on DAG Run:example_branch_datetime_operator
[2024-10-20T13:22:13.785+0000] {logging_mixin.py:190} INFO - [2024-10-20T13:22:13.784+0000] {override.py:1900} INFO - Created Permission View: can read on DAG:example_branch_datetime_operator_2
[2024-10-20T13:22:13.910+0000] {logging_mixin.py:190} INFO - [2024-10-20T13:22:13.908+0000] {override.py:1900} INFO - Created Permission View: can edit on DAG:example_branch_datetime_operator_2
[2024-10-20T13:22:14.108+0000] {logging_mixin.py:190} INFO - [2024-10-20T13:22:14.107+0000] {override.py:1900} INFO - Created Permission View: can delete on DAG:example_branch_datetime_operator_2
[2024-10-20T13:22:14.177+0000] {logging_mixin.py:190} INFO - [2024-10-20T13:22:14.174+0000] {override.py:1900} INFO - Created Permission View: can create on DAG Run:example_branch_datetime_operator_2
[2024-10-20T13:22:14.263+0000] {logging_mixin.py:190} INFO - [2024-10-20T13:22:14.262+0000] {override.py:1900} INFO - Created Permission View: can read on DAG Run:example_branch_datetime_operator_2
[2024-10-20T13:22:14.498+0000] {logging_mixin.py:190} INFO - [2024-10-20T13:22:14.495+0000] {override.py:1900} INFO - Created Permission View: menu access on DAG Run:example_branch_datetime_operator_2
[2024-10-20T13:22:14.543+0000] {logging_mixin.py:190} INFO - [2024-10-20T13:22:14.542+0000] {override.py:1900} INFO - Created Permission View: can delete on DAG Run:example_branch_datetime_operator_2
[2024-10-20T13:22:14.550+0000] {logging_mixin.py:190} INFO - [2024-10-20T13:22:14.548+0000] {dag.py:3229} INFO - Sync 3 DAGs
[2024-10-20T13:22:14.819+0000] {logging_mixin.py:190} INFO - [2024-10-20T13:22:14.817+0000] {dag.py:3252} INFO - Creating ORM DAG for example_branch_datetime_operator_3
[2024-10-20T13:22:14.828+0000] {logging_mixin.py:190} INFO - [2024-10-20T13:22:14.826+0000] {dag.py:3252} INFO - Creating ORM DAG for example_branch_datetime_operator_2
[2024-10-20T13:22:14.836+0000] {logging_mixin.py:190} INFO - [2024-10-20T13:22:14.835+0000] {dag.py:3252} INFO - Creating ORM DAG for example_branch_datetime_operator
[2024-10-20T13:22:14.939+0000] {logging_mixin.py:190} INFO - [2024-10-20T13:22:14.935+0000] {dag.py:4156} INFO - Setting next_dagrun for example_branch_datetime_operator to 2024-10-19 00:00:00+00:00, run_after=2024-10-20 00:00:00+00:00
[2024-10-20T13:22:14.949+0000] {logging_mixin.py:190} INFO - [2024-10-20T13:22:14.948+0000] {dag.py:4156} INFO - Setting next_dagrun for example_branch_datetime_operator_2 to 2024-10-19 00:00:00+00:00, run_after=2024-10-20 00:00:00+00:00
[2024-10-20T13:22:14.955+0000] {logging_mixin.py:190} INFO - [2024-10-20T13:22:14.954+0000] {dag.py:4156} INFO - Setting next_dagrun for example_branch_datetime_operator_3 to 2024-10-19 00:00:00+00:00, run_after=2024-10-20 00:00:00+00:00
[2024-10-20T13:22:15.241+0000] {processor.py:208} INFO - Processing /home/airflow/.local/lib/python3.12/site-packages/airflow/example_dags/example_branch_datetime_operator.py took 5.699 seconds
[2024-10-20T13:53:48.549+0000] {processor.py:186} INFO - Started process (PID=100) to work on /home/airflow/.local/lib/python3.12/site-packages/airflow/example_dags/example_branch_datetime_operator.py
[2024-10-20T13:53:48.563+0000] {processor.py:914} INFO - Processing file /home/airflow/.local/lib/python3.12/site-packages/airflow/example_dags/example_branch_datetime_operator.py for tasks to queue
[2024-10-20T13:53:48.584+0000] {logging_mixin.py:190} INFO - [2024-10-20T13:53:48.583+0000] {dagbag.py:587} INFO - Filling up the DagBag from /home/airflow/.local/lib/python3.12/site-packages/airflow/example_dags/example_branch_datetime_operator.py
[2024-10-20T13:53:48.875+0000] {processor.py:925} INFO - DAG(s) 'example_branch_datetime_operator', 'example_branch_datetime_operator_2', 'example_branch_datetime_operator_3' retrieved from /home/airflow/.local/lib/python3.12/site-packages/airflow/example_dags/example_branch_datetime_operator.py
[2024-10-20T13:53:49.774+0000] {logging_mixin.py:190} INFO - [2024-10-20T13:53:49.773+0000] {dag.py:3229} INFO - Sync 3 DAGs
[2024-10-20T13:53:50.306+0000] {logging_mixin.py:190} INFO - [2024-10-20T13:53:50.305+0000] {dag.py:4156} INFO - Setting next_dagrun for example_branch_datetime_operator to 2024-10-19 00:00:00+00:00, run_after=2024-10-20 00:00:00+00:00
[2024-10-20T13:53:50.465+0000] {logging_mixin.py:190} INFO - [2024-10-20T13:53:50.418+0000] {dag.py:4156} INFO - Setting next_dagrun for example_branch_datetime_operator_2 to 2024-10-19 00:00:00+00:00, run_after=2024-10-20 00:00:00+00:00
[2024-10-20T13:53:50.490+0000] {logging_mixin.py:190} INFO - [2024-10-20T13:53:50.489+0000] {dag.py:4156} INFO - Setting next_dagrun for example_branch_datetime_operator_3 to 2024-10-19 00:00:00+00:00, run_after=2024-10-20 00:00:00+00:00
[2024-10-20T13:53:51.427+0000] {processor.py:208} INFO - Processing /home/airflow/.local/lib/python3.12/site-packages/airflow/example_dags/example_branch_datetime_operator.py took 3.051 seconds
[2024-10-20T13:56:29.818+0000] {processor.py:186} INFO - Started process (PID=179) to work on /home/airflow/.local/lib/python3.12/site-packages/airflow/example_dags/example_branch_datetime_operator.py
[2024-10-20T13:56:29.828+0000] {processor.py:914} INFO - Processing file /home/airflow/.local/lib/python3.12/site-packages/airflow/example_dags/example_branch_datetime_operator.py for tasks to queue
[2024-10-20T13:56:28.713+0000] {logging_mixin.py:190} INFO - [2024-10-20T13:56:29.964+0000] {dagbag.py:587} INFO - Filling up the DagBag from /home/airflow/.local/lib/python3.12/site-packages/airflow/example_dags/example_branch_datetime_operator.py
[2024-10-20T13:56:30.247+0000] {processor.py:925} INFO - DAG(s) 'example_branch_datetime_operator', 'example_branch_datetime_operator_2', 'example_branch_datetime_operator_3' retrieved from /home/airflow/.local/lib/python3.12/site-packages/airflow/example_dags/example_branch_datetime_operator.py
[2024-10-20T13:56:56.681+0000] {logging_mixin.py:190} INFO - [2024-10-20T13:56:56.680+0000] {dag.py:3229} INFO - Sync 3 DAGs
[2024-10-20T13:56:57.266+0000] {logging_mixin.py:190} INFO - [2024-10-20T13:56:57.266+0000] {dag.py:4156} INFO - Setting next_dagrun for example_branch_datetime_operator to 2024-10-19 00:00:00+00:00, run_after=2024-10-20 00:00:00+00:00
[2024-10-20T13:56:57.404+0000] {logging_mixin.py:190} INFO - [2024-10-20T13:56:57.403+0000] {dag.py:4156} INFO - Setting next_dagrun for example_branch_datetime_operator_2 to 2024-10-19 00:00:00+00:00, run_after=2024-10-20 00:00:00+00:00
[2024-10-20T13:56:57.500+0000] {logging_mixin.py:190} INFO - [2024-10-20T13:56:57.467+0000] {dag.py:4156} INFO - Setting next_dagrun for example_branch_datetime_operator_3 to 2024-10-19 00:00:00+00:00, run_after=2024-10-20 00:00:00+00:00
[2024-10-20T13:56:57.823+0000] {processor.py:208} INFO - Processing /home/airflow/.local/lib/python3.12/site-packages/airflow/example_dags/example_branch_datetime_operator.py took 29.494 seconds
[2024-10-20T20:31:22.385+0000] {processor.py:186} INFO - Started process (PID=35) to work on /home/airflow/.local/lib/python3.12/site-packages/airflow/example_dags/example_branch_datetime_operator.py
[2024-10-20T20:31:22.414+0000] {processor.py:914} INFO - Processing file /home/airflow/.local/lib/python3.12/site-packages/airflow/example_dags/example_branch_datetime_operator.py for tasks to queue
[2024-10-20T20:31:22.528+0000] {logging_mixin.py:190} INFO - [2024-10-20T20:31:22.523+0000] {dagbag.py:587} INFO - Filling up the DagBag from /home/airflow/.local/lib/python3.12/site-packages/airflow/example_dags/example_branch_datetime_operator.py
[2024-10-20T20:31:22.777+0000] {processor.py:925} INFO - DAG(s) 'example_branch_datetime_operator', 'example_branch_datetime_operator_3', 'example_branch_datetime_operator_2' retrieved from /home/airflow/.local/lib/python3.12/site-packages/airflow/example_dags/example_branch_datetime_operator.py
[2024-10-20T20:31:23.728+0000] {logging_mixin.py:190} INFO - [2024-10-20T20:31:23.719+0000] {dag.py:3229} INFO - Sync 3 DAGs
[2024-10-20T20:31:27.494+0000] {logging_mixin.py:190} INFO - [2024-10-20T20:31:27.449+0000] {dag.py:4156} INFO - Setting next_dagrun for example_branch_datetime_operator to 2024-10-19 00:00:00+00:00, run_after=2024-10-20 00:00:00+00:00
[2024-10-20T20:31:27.597+0000] {logging_mixin.py:190} INFO - [2024-10-20T20:31:27.596+0000] {dag.py:4156} INFO - Setting next_dagrun for example_branch_datetime_operator_2 to 2024-10-19 00:00:00+00:00, run_after=2024-10-20 00:00:00+00:00
[2024-10-20T20:31:27.618+0000] {logging_mixin.py:190} INFO - [2024-10-20T20:31:27.617+0000] {dag.py:4156} INFO - Setting next_dagrun for example_branch_datetime_operator_3 to 2024-10-19 00:00:00+00:00, run_after=2024-10-20 00:00:00+00:00
[2024-10-20T20:31:28.049+0000] {processor.py:208} INFO - Processing /home/airflow/.local/lib/python3.12/site-packages/airflow/example_dags/example_branch_datetime_operator.py took 6.380 seconds
[2024-10-20T20:33:06.779+0000] {processor.py:186} INFO - Started process (PID=92) to work on /home/airflow/.local/lib/python3.12/site-packages/airflow/example_dags/example_branch_datetime_operator.py
[2024-10-20T20:33:06.837+0000] {processor.py:914} INFO - Processing file /home/airflow/.local/lib/python3.12/site-packages/airflow/example_dags/example_branch_datetime_operator.py for tasks to queue
[2024-10-20T20:33:06.917+0000] {logging_mixin.py:190} INFO - [2024-10-20T20:33:06.916+0000] {dagbag.py:587} INFO - Filling up the DagBag from /home/airflow/.local/lib/python3.12/site-packages/airflow/example_dags/example_branch_datetime_operator.py
[2024-10-20T20:33:07.151+0000] {processor.py:925} INFO - DAG(s) 'example_branch_datetime_operator_3', 'example_branch_datetime_operator_2', 'example_branch_datetime_operator' retrieved from /home/airflow/.local/lib/python3.12/site-packages/airflow/example_dags/example_branch_datetime_operator.py
[2024-10-20T20:33:07.543+0000] {logging_mixin.py:190} INFO - [2024-10-20T20:33:07.543+0000] {dag.py:3229} INFO - Sync 3 DAGs
[2024-10-20T20:33:08.051+0000] {logging_mixin.py:190} INFO - [2024-10-20T20:33:08.050+0000] {dag.py:4156} INFO - Setting next_dagrun for example_branch_datetime_operator to 2024-10-19 00:00:00+00:00, run_after=2024-10-20 00:00:00+00:00
[2024-10-20T20:33:08.115+0000] {logging_mixin.py:190} INFO - [2024-10-20T20:33:08.114+0000] {dag.py:4156} INFO - Setting next_dagrun for example_branch_datetime_operator_2 to 2024-10-19 00:00:00+00:00, run_after=2024-10-20 00:00:00+00:00
[2024-10-20T20:33:08.136+0000] {logging_mixin.py:190} INFO - [2024-10-20T20:33:08.136+0000] {dag.py:4156} INFO - Setting next_dagrun for example_branch_datetime_operator_3 to 2024-10-19 00:00:00+00:00, run_after=2024-10-20 00:00:00+00:00
[2024-10-20T20:33:09.194+0000] {processor.py:208} INFO - Processing /home/airflow/.local/lib/python3.12/site-packages/airflow/example_dags/example_branch_datetime_operator.py took 2.650 seconds
[2024-10-20T20:34:11.393+0000] {processor.py:186} INFO - Started process (PID=128) to work on /home/airflow/.local/lib/python3.12/site-packages/airflow/example_dags/example_branch_datetime_operator.py
[2024-10-20T20:34:11.419+0000] {processor.py:914} INFO - Processing file /home/airflow/.local/lib/python3.12/site-packages/airflow/example_dags/example_branch_datetime_operator.py for tasks to queue
[2024-10-20T20:34:11.425+0000] {logging_mixin.py:190} INFO - [2024-10-20T20:34:11.424+0000] {dagbag.py:587} INFO - Filling up the DagBag from /home/airflow/.local/lib/python3.12/site-packages/airflow/example_dags/example_branch_datetime_operator.py
[2024-10-20T20:34:11.536+0000] {processor.py:925} INFO - DAG(s) 'example_branch_datetime_operator_3', 'example_branch_datetime_operator', 'example_branch_datetime_operator_2' retrieved from /home/airflow/.local/lib/python3.12/site-packages/airflow/example_dags/example_branch_datetime_operator.py
[2024-10-20T20:34:11.830+0000] {logging_mixin.py:190} INFO - [2024-10-20T20:34:11.829+0000] {dag.py:3229} INFO - Sync 3 DAGs
[2024-10-20T20:34:12.178+0000] {logging_mixin.py:190} INFO - [2024-10-20T20:34:12.178+0000] {dag.py:4156} INFO - Setting next_dagrun for example_branch_datetime_operator to 2024-10-19 00:00:00+00:00, run_after=2024-10-20 00:00:00+00:00
[2024-10-20T20:34:12.214+0000] {logging_mixin.py:190} INFO - [2024-10-20T20:34:12.213+0000] {dag.py:4156} INFO - Setting next_dagrun for example_branch_datetime_operator_2 to 2024-10-19 00:00:00+00:00, run_after=2024-10-20 00:00:00+00:00
[2024-10-20T20:34:12.248+0000] {logging_mixin.py:190} INFO - [2024-10-20T20:34:12.247+0000] {dag.py:4156} INFO - Setting next_dagrun for example_branch_datetime_operator_3 to 2024-10-19 00:00:00+00:00, run_after=2024-10-20 00:00:00+00:00
[2024-10-20T20:34:12.401+0000] {processor.py:208} INFO - Processing /home/airflow/.local/lib/python3.12/site-packages/airflow/example_dags/example_branch_datetime_operator.py took 1.054 seconds
[2024-10-20T20:34:58.470+0000] {processor.py:186} INFO - Started process (PID=166) to work on /home/airflow/.local/lib/python3.12/site-packages/airflow/example_dags/example_branch_datetime_operator.py
[2024-10-20T20:34:58.472+0000] {processor.py:914} INFO - Processing file /home/airflow/.local/lib/python3.12/site-packages/airflow/example_dags/example_branch_datetime_operator.py for tasks to queue
[2024-10-20T20:34:58.479+0000] {logging_mixin.py:190} INFO - [2024-10-20T20:34:58.478+0000] {dagbag.py:587} INFO - Filling up the DagBag from /home/airflow/.local/lib/python3.12/site-packages/airflow/example_dags/example_branch_datetime_operator.py
[2024-10-20T20:34:58.584+0000] {processor.py:925} INFO - DAG(s) 'example_branch_datetime_operator_2', 'example_branch_datetime_operator_3', 'example_branch_datetime_operator' retrieved from /home/airflow/.local/lib/python3.12/site-packages/airflow/example_dags/example_branch_datetime_operator.py
[2024-10-20T20:34:58.771+0000] {logging_mixin.py:190} INFO - [2024-10-20T20:34:58.770+0000] {dag.py:3229} INFO - Sync 3 DAGs
[2024-10-20T20:34:58.950+0000] {logging_mixin.py:190} INFO - [2024-10-20T20:34:58.936+0000] {dag.py:4156} INFO - Setting next_dagrun for example_branch_datetime_operator to 2024-10-19 00:00:00+00:00, run_after=2024-10-20 00:00:00+00:00
[2024-10-20T20:34:59.108+0000] {logging_mixin.py:190} INFO - [2024-10-20T20:34:59.108+0000] {dag.py:4156} INFO - Setting next_dagrun for example_branch_datetime_operator_2 to 2024-10-19 00:00:00+00:00, run_after=2024-10-20 00:00:00+00:00
[2024-10-20T20:34:59.125+0000] {logging_mixin.py:190} INFO - [2024-10-20T20:34:59.125+0000] {dag.py:4156} INFO - Setting next_dagrun for example_branch_datetime_operator_3 to 2024-10-19 00:00:00+00:00, run_after=2024-10-20 00:00:00+00:00
[2024-10-20T20:34:59.329+0000] {processor.py:208} INFO - Processing /home/airflow/.local/lib/python3.12/site-packages/airflow/example_dags/example_branch_datetime_operator.py took 0.919 seconds
