[2024-10-20T13:55:38.937+0000] {processor.py:186} INFO - Started process (PID=161) to work on /home/airflow/.local/lib/python3.12/site-packages/airflow/example_dags/example_branch_day_of_week_operator.py
[2024-10-20T13:55:38.962+0000] {processor.py:914} INFO - Processing file /home/airflow/.local/lib/python3.12/site-packages/airflow/example_dags/example_branch_day_of_week_operator.py for tasks to queue
[2024-10-20T13:55:38.999+0000] {logging_mixin.py:190} INFO - [2024-10-20T13:55:38.992+0000] {dagbag.py:587} INFO - Filling up the DagBag from /home/airflow/.local/lib/python3.12/site-packages/airflow/example_dags/example_branch_day_of_week_operator.py
[2024-10-20T13:55:39.284+0000] {processor.py:925} INFO - DAG(s) 'example_weekday_branch_operator' retrieved from /home/airflow/.local/lib/python3.12/site-packages/airflow/example_dags/example_branch_day_of_week_operator.py
[2024-10-20T13:55:41.760+0000] {logging_mixin.py:190} INFO - [2024-10-20T13:55:41.758+0000] {override.py:1900} INFO - Created Permission View: can edit on DAG:example_weekday_branch_operator
[2024-10-20T13:55:41.906+0000] {logging_mixin.py:190} INFO - [2024-10-20T13:55:41.870+0000] {override.py:1900} INFO - Created Permission View: can read on DAG:example_weekday_branch_operator
[2024-10-20T13:55:42.021+0000] {logging_mixin.py:190} INFO - [2024-10-20T13:55:42.020+0000] {override.py:1900} INFO - Created Permission View: can delete on DAG:example_weekday_branch_operator
[2024-10-20T13:55:42.235+0000] {logging_mixin.py:190} INFO - [2024-10-20T13:55:42.234+0000] {override.py:1900} INFO - Created Permission View: can create on DAG Run:example_weekday_branch_operator
[2024-10-20T13:55:42.479+0000] {logging_mixin.py:190} INFO - [2024-10-20T13:55:42.478+0000] {override.py:1900} INFO - Created Permission View: menu access on DAG Run:example_weekday_branch_operator
[2024-10-20T13:55:42.615+0000] {logging_mixin.py:190} INFO - [2024-10-20T13:55:42.614+0000] {override.py:1900} INFO - Created Permission View: can read on DAG Run:example_weekday_branch_operator
[2024-10-20T13:55:42.800+0000] {logging_mixin.py:190} INFO - [2024-10-20T13:55:42.797+0000] {override.py:1900} INFO - Created Permission View: can delete on DAG Run:example_weekday_branch_operator
[2024-10-20T13:55:42.804+0000] {logging_mixin.py:190} INFO - [2024-10-20T13:55:42.802+0000] {dag.py:3229} INFO - Sync 1 DAGs
[2024-10-20T13:55:43.118+0000] {logging_mixin.py:190} INFO - [2024-10-20T13:55:43.083+0000] {dag.py:3252} INFO - Creating ORM DAG for example_weekday_branch_operator
[2024-10-20T13:55:43.329+0000] {logging_mixin.py:190} INFO - [2024-10-20T13:55:43.328+0000] {dag.py:4156} INFO - Setting next_dagrun for example_weekday_branch_operator to 2024-10-19 00:00:00+00:00, run_after=2024-10-20 00:00:00+00:00
[2024-10-20T13:55:43.518+0000] {processor.py:208} INFO - Processing /home/airflow/.local/lib/python3.12/site-packages/airflow/example_dags/example_branch_day_of_week_operator.py took 4.664 seconds
[2024-10-20T20:32:39.146+0000] {processor.py:186} INFO - Started process (PID=74) to work on /home/airflow/.local/lib/python3.12/site-packages/airflow/example_dags/example_branch_day_of_week_operator.py
[2024-10-20T20:32:39.175+0000] {processor.py:914} INFO - Processing file /home/airflow/.local/lib/python3.12/site-packages/airflow/example_dags/example_branch_day_of_week_operator.py for tasks to queue
[2024-10-20T20:32:39.209+0000] {logging_mixin.py:190} INFO - [2024-10-20T20:32:39.203+0000] {dagbag.py:587} INFO - Filling up the DagBag from /home/airflow/.local/lib/python3.12/site-packages/airflow/example_dags/example_branch_day_of_week_operator.py
[2024-10-20T20:32:39.726+0000] {processor.py:925} INFO - DAG(s) 'example_weekday_branch_operator' retrieved from /home/airflow/.local/lib/python3.12/site-packages/airflow/example_dags/example_branch_day_of_week_operator.py
[2024-10-20T20:32:40.355+0000] {logging_mixin.py:190} INFO - [2024-10-20T20:32:40.353+0000] {dag.py:3229} INFO - Sync 1 DAGs
[2024-10-20T20:32:41.618+0000] {logging_mixin.py:190} INFO - [2024-10-20T20:32:41.618+0000] {dag.py:4156} INFO - Setting next_dagrun for example_weekday_branch_operator to 2024-10-19 00:00:00+00:00, run_after=2024-10-20 00:00:00+00:00
[2024-10-20T20:32:42.245+0000] {processor.py:208} INFO - Processing /home/airflow/.local/lib/python3.12/site-packages/airflow/example_dags/example_branch_day_of_week_operator.py took 3.898 seconds
[2024-10-20T20:34:50.572+0000] {processor.py:186} INFO - Started process (PID=148) to work on /home/airflow/.local/lib/python3.12/site-packages/airflow/example_dags/example_branch_day_of_week_operator.py
[2024-10-20T20:34:50.591+0000] {processor.py:914} INFO - Processing file /home/airflow/.local/lib/python3.12/site-packages/airflow/example_dags/example_branch_day_of_week_operator.py for tasks to queue
[2024-10-20T20:34:50.602+0000] {logging_mixin.py:190} INFO - [2024-10-20T20:34:50.601+0000] {dagbag.py:587} INFO - Filling up the DagBag from /home/airflow/.local/lib/python3.12/site-packages/airflow/example_dags/example_branch_day_of_week_operator.py
[2024-10-20T20:34:50.741+0000] {processor.py:925} INFO - DAG(s) 'example_weekday_branch_operator' retrieved from /home/airflow/.local/lib/python3.12/site-packages/airflow/example_dags/example_branch_day_of_week_operator.py
[2024-10-20T20:34:50.954+0000] {logging_mixin.py:190} INFO - [2024-10-20T20:34:50.948+0000] {dag.py:3229} INFO - Sync 1 DAGs
[2024-10-20T20:34:51.149+0000] {logging_mixin.py:190} INFO - [2024-10-20T20:34:51.147+0000] {dag.py:4156} INFO - Setting next_dagrun for example_weekday_branch_operator to 2024-10-19 00:00:00+00:00, run_after=2024-10-20 00:00:00+00:00
[2024-10-20T20:34:51.293+0000] {processor.py:208} INFO - Processing /home/airflow/.local/lib/python3.12/site-packages/airflow/example_dags/example_branch_day_of_week_operator.py took 0.752 seconds
[2024-10-20T20:35:28.365+0000] {processor.py:186} INFO - Started process (PID=205) to work on /home/airflow/.local/lib/python3.12/site-packages/airflow/example_dags/example_branch_day_of_week_operator.py
[2024-10-20T20:35:28.379+0000] {processor.py:914} INFO - Processing file /home/airflow/.local/lib/python3.12/site-packages/airflow/example_dags/example_branch_day_of_week_operator.py for tasks to queue
[2024-10-20T20:35:28.430+0000] {logging_mixin.py:190} INFO - [2024-10-20T20:35:28.387+0000] {dagbag.py:587} INFO - Filling up the DagBag from /home/airflow/.local/lib/python3.12/site-packages/airflow/example_dags/example_branch_day_of_week_operator.py
[2024-10-20T20:35:28.536+0000] {processor.py:925} INFO - DAG(s) 'example_weekday_branch_operator' retrieved from /home/airflow/.local/lib/python3.12/site-packages/airflow/example_dags/example_branch_day_of_week_operator.py
[2024-10-20T20:35:28.850+0000] {logging_mixin.py:190} INFO - [2024-10-20T20:35:28.830+0000] {dag.py:3229} INFO - Sync 1 DAGs
[2024-10-20T20:35:29.094+0000] {logging_mixin.py:190} INFO - [2024-10-20T20:35:29.089+0000] {dag.py:4156} INFO - Setting next_dagrun for example_weekday_branch_operator to 2024-10-19 00:00:00+00:00, run_after=2024-10-20 00:00:00+00:00
[2024-10-20T20:35:29.436+0000] {processor.py:208} INFO - Processing /home/airflow/.local/lib/python3.12/site-packages/airflow/example_dags/example_branch_day_of_week_operator.py took 1.094 seconds
