[2024-10-20T13:23:41.539+0000] {processor.py:186} INFO - Started process (PID=166) to work on /home/airflow/.local/lib/python3.12/site-packages/airflow/example_dags/example_workday_timetable.py
[2024-10-20T13:23:41.562+0000] {processor.py:914} INFO - Processing file /home/airflow/.local/lib/python3.12/site-packages/airflow/example_dags/example_workday_timetable.py for tasks to queue
[2024-10-20T13:23:41.676+0000] {logging_mixin.py:190} INFO - [2024-10-20T13:23:41.674+0000] {dagbag.py:587} INFO - Filling up the DagBag from /home/airflow/.local/lib/python3.12/site-packages/airflow/example_dags/example_workday_timetable.py
[2024-10-20T13:23:41.841+0000] {processor.py:925} INFO - DAG(s) 'example_workday_timetable' retrieved from /home/airflow/.local/lib/python3.12/site-packages/airflow/example_dags/example_workday_timetable.py
[2024-10-20T13:23:45.768+0000] {logging_mixin.py:190} INFO - [2024-10-20T13:23:45.766+0000] {override.py:1900} INFO - Created Permission View: can read on DAG:example_workday_timetable
[2024-10-20T13:23:45.985+0000] {logging_mixin.py:190} INFO - [2024-10-20T13:23:45.984+0000] {override.py:1900} INFO - Created Permission View: can edit on DAG:example_workday_timetable
[2024-10-20T13:23:46.301+0000] {logging_mixin.py:190} INFO - [2024-10-20T13:23:46.300+0000] {override.py:1900} INFO - Created Permission View: can delete on DAG:example_workday_timetable
[2024-10-20T13:23:46.471+0000] {logging_mixin.py:190} INFO - [2024-10-20T13:23:46.469+0000] {override.py:1900} INFO - Created Permission View: can create on DAG Run:example_workday_timetable
[2024-10-20T13:23:46.571+0000] {logging_mixin.py:190} INFO - [2024-10-20T13:23:46.570+0000] {override.py:1900} INFO - Created Permission View: can read on DAG Run:example_workday_timetable
[2024-10-20T13:23:46.738+0000] {logging_mixin.py:190} INFO - [2024-10-20T13:23:46.715+0000] {override.py:1900} INFO - Created Permission View: menu access on DAG Run:example_workday_timetable
[2024-10-20T13:23:46.942+0000] {logging_mixin.py:190} INFO - [2024-10-20T13:23:46.938+0000] {override.py:1900} INFO - Created Permission View: can delete on DAG Run:example_workday_timetable
[2024-10-20T13:23:46.953+0000] {logging_mixin.py:190} INFO - [2024-10-20T13:23:46.952+0000] {dag.py:3229} INFO - Sync 1 DAGs
[2024-10-20T13:23:47.194+0000] {logging_mixin.py:190} INFO - [2024-10-20T13:23:47.193+0000] {dag.py:3252} INFO - Creating ORM DAG for example_workday_timetable
[2024-10-20T13:23:50.021+0000] {logging_mixin.py:190} INFO - [2024-10-20T13:23:50.019+0000] {dag.py:4156} INFO - Setting next_dagrun for example_workday_timetable to 2021-01-04 00:00:00+00:00, run_after=2021-01-05 00:00:00+00:00
[2024-10-20T13:23:50.259+0000] {processor.py:208} INFO - Processing /home/airflow/.local/lib/python3.12/site-packages/airflow/example_dags/example_workday_timetable.py took 8.845 seconds
[2024-10-20T13:54:30.625+0000] {processor.py:186} INFO - Started process (PID=128) to work on /home/airflow/.local/lib/python3.12/site-packages/airflow/example_dags/example_workday_timetable.py
[2024-10-20T13:54:30.681+0000] {processor.py:914} INFO - Processing file /home/airflow/.local/lib/python3.12/site-packages/airflow/example_dags/example_workday_timetable.py for tasks to queue
[2024-10-20T13:54:30.743+0000] {logging_mixin.py:190} INFO - [2024-10-20T13:54:30.739+0000] {dagbag.py:587} INFO - Filling up the DagBag from /home/airflow/.local/lib/python3.12/site-packages/airflow/example_dags/example_workday_timetable.py
[2024-10-20T13:54:30.993+0000] {processor.py:925} INFO - DAG(s) 'example_workday_timetable' retrieved from /home/airflow/.local/lib/python3.12/site-packages/airflow/example_dags/example_workday_timetable.py
[2024-10-20T13:54:31.300+0000] {logging_mixin.py:190} INFO - [2024-10-20T13:54:31.299+0000] {dag.py:3229} INFO - Sync 1 DAGs
[2024-10-20T13:54:33.945+0000] {logging_mixin.py:190} INFO - [2024-10-20T13:54:33.944+0000] {dag.py:4156} INFO - Setting next_dagrun for example_workday_timetable to 2021-01-04 00:00:00+00:00, run_after=2021-01-05 00:00:00+00:00
[2024-10-20T13:54:34.190+0000] {processor.py:208} INFO - Processing /home/airflow/.local/lib/python3.12/site-packages/airflow/example_dags/example_workday_timetable.py took 3.740 seconds
[2024-10-20T20:32:10.435+0000] {processor.py:186} INFO - Started process (PID=58) to work on /home/airflow/.local/lib/python3.12/site-packages/airflow/example_dags/example_workday_timetable.py
[2024-10-20T20:32:10.509+0000] {processor.py:914} INFO - Processing file /home/airflow/.local/lib/python3.12/site-packages/airflow/example_dags/example_workday_timetable.py for tasks to queue
[2024-10-20T20:32:10.537+0000] {logging_mixin.py:190} INFO - [2024-10-20T20:32:10.534+0000] {dagbag.py:587} INFO - Filling up the DagBag from /home/airflow/.local/lib/python3.12/site-packages/airflow/example_dags/example_workday_timetable.py
[2024-10-20T20:32:10.728+0000] {processor.py:925} INFO - DAG(s) 'example_workday_timetable' retrieved from /home/airflow/.local/lib/python3.12/site-packages/airflow/example_dags/example_workday_timetable.py
[2024-10-20T20:32:11.010+0000] {logging_mixin.py:190} INFO - [2024-10-20T20:32:11.009+0000] {dag.py:3229} INFO - Sync 1 DAGs
[2024-10-20T20:32:13.009+0000] {logging_mixin.py:190} INFO - [2024-10-20T20:32:13.008+0000] {dag.py:4156} INFO - Setting next_dagrun for example_workday_timetable to 2021-01-04 00:00:00+00:00, run_after=2021-01-05 00:00:00+00:00
[2024-10-20T20:32:13.543+0000] {processor.py:208} INFO - Processing /home/airflow/.local/lib/python3.12/site-packages/airflow/example_dags/example_workday_timetable.py took 3.231 seconds
[2024-10-20T20:33:55.464+0000] {processor.py:186} INFO - Started process (PID=115) to work on /home/airflow/.local/lib/python3.12/site-packages/airflow/example_dags/example_workday_timetable.py
[2024-10-20T20:33:55.471+0000] {processor.py:914} INFO - Processing file /home/airflow/.local/lib/python3.12/site-packages/airflow/example_dags/example_workday_timetable.py for tasks to queue
[2024-10-20T20:33:55.515+0000] {logging_mixin.py:190} INFO - [2024-10-20T20:33:55.510+0000] {dagbag.py:587} INFO - Filling up the DagBag from /home/airflow/.local/lib/python3.12/site-packages/airflow/example_dags/example_workday_timetable.py
[2024-10-20T20:33:55.648+0000] {processor.py:925} INFO - DAG(s) 'example_workday_timetable' retrieved from /home/airflow/.local/lib/python3.12/site-packages/airflow/example_dags/example_workday_timetable.py
[2024-10-20T20:33:57.147+0000] {logging_mixin.py:190} INFO - [2024-10-20T20:33:57.140+0000] {dag.py:3229} INFO - Sync 1 DAGs
[2024-10-20T20:34:00.095+0000] {logging_mixin.py:190} INFO - [2024-10-20T20:34:00.094+0000] {dag.py:4156} INFO - Setting next_dagrun for example_workday_timetable to 2021-01-04 00:00:00+00:00, run_after=2021-01-05 00:00:00+00:00
[2024-10-20T20:34:00.265+0000] {processor.py:208} INFO - Processing /home/airflow/.local/lib/python3.12/site-packages/airflow/example_dags/example_workday_timetable.py took 4.893 seconds
[2024-10-20T20:35:08.370+0000] {processor.py:186} INFO - Started process (PID=189) to work on /home/airflow/.local/lib/python3.12/site-packages/airflow/example_dags/example_workday_timetable.py
[2024-10-20T20:35:08.377+0000] {processor.py:914} INFO - Processing file /home/airflow/.local/lib/python3.12/site-packages/airflow/example_dags/example_workday_timetable.py for tasks to queue
[2024-10-20T20:35:08.394+0000] {logging_mixin.py:190} INFO - [2024-10-20T20:35:08.393+0000] {dagbag.py:587} INFO - Filling up the DagBag from /home/airflow/.local/lib/python3.12/site-packages/airflow/example_dags/example_workday_timetable.py
[2024-10-20T20:35:08.416+0000] {processor.py:925} INFO - DAG(s) 'example_workday_timetable' retrieved from /home/airflow/.local/lib/python3.12/site-packages/airflow/example_dags/example_workday_timetable.py
[2024-10-20T20:35:08.500+0000] {logging_mixin.py:190} INFO - [2024-10-20T20:35:08.499+0000] {dag.py:3229} INFO - Sync 1 DAGs
[2024-10-20T20:35:09.323+0000] {logging_mixin.py:190} INFO - [2024-10-20T20:35:09.322+0000] {dag.py:4156} INFO - Setting next_dagrun for example_workday_timetable to 2021-01-04 00:00:00+00:00, run_after=2021-01-05 00:00:00+00:00
[2024-10-20T20:35:09.404+0000] {processor.py:208} INFO - Processing /home/airflow/.local/lib/python3.12/site-packages/airflow/example_dags/example_workday_timetable.py took 1.056 seconds
