[2024-10-20T13:55:40.764+0000] {processor.py:186} INFO - Started process (PID=162) to work on /home/airflow/.local/lib/python3.12/site-packages/airflow/example_dags/example_setup_teardown_taskflow.py
[2024-10-20T13:55:40.780+0000] {processor.py:914} INFO - Processing file /home/airflow/.local/lib/python3.12/site-packages/airflow/example_dags/example_setup_teardown_taskflow.py for tasks to queue
[2024-10-20T13:55:40.954+0000] {logging_mixin.py:190} INFO - [2024-10-20T13:55:40.936+0000] {dagbag.py:587} INFO - Filling up the DagBag from /home/airflow/.local/lib/python3.12/site-packages/airflow/example_dags/example_setup_teardown_taskflow.py
[2024-10-20T13:55:41.221+0000] {processor.py:925} INFO - DAG(s) 'example_setup_teardown_taskflow' retrieved from /home/airflow/.local/lib/python3.12/site-packages/airflow/example_dags/example_setup_teardown_taskflow.py
[2024-10-20T13:55:43.292+0000] {logging_mixin.py:190} INFO - [2024-10-20T13:55:43.282+0000] {override.py:1900} INFO - Created Permission View: can edit on DAG:example_setup_teardown_taskflow
[2024-10-20T13:55:43.504+0000] {logging_mixin.py:190} INFO - [2024-10-20T13:55:43.503+0000] {override.py:1900} INFO - Created Permission View: can read on DAG:example_setup_teardown_taskflow
[2024-10-20T13:55:43.618+0000] {logging_mixin.py:190} INFO - [2024-10-20T13:55:43.617+0000] {override.py:1900} INFO - Created Permission View: can delete on DAG:example_setup_teardown_taskflow
[2024-10-20T13:55:43.741+0000] {logging_mixin.py:190} INFO - [2024-10-20T13:55:43.725+0000] {override.py:1900} INFO - Created Permission View: can create on DAG Run:example_setup_teardown_taskflow
[2024-10-20T13:55:43.829+0000] {logging_mixin.py:190} INFO - [2024-10-20T13:55:43.826+0000] {override.py:1900} INFO - Created Permission View: menu access on DAG Run:example_setup_teardown_taskflow
[2024-10-20T13:55:43.929+0000] {logging_mixin.py:190} INFO - [2024-10-20T13:55:43.927+0000] {override.py:1900} INFO - Created Permission View: can read on DAG Run:example_setup_teardown_taskflow
[2024-10-20T13:55:44.030+0000] {logging_mixin.py:190} INFO - [2024-10-20T13:55:44.029+0000] {override.py:1900} INFO - Created Permission View: can delete on DAG Run:example_setup_teardown_taskflow
[2024-10-20T13:55:44.034+0000] {logging_mixin.py:190} INFO - [2024-10-20T13:55:44.033+0000] {dag.py:3229} INFO - Sync 1 DAGs
[2024-10-20T13:55:44.286+0000] {logging_mixin.py:190} INFO - [2024-10-20T13:55:44.285+0000] {dag.py:3252} INFO - Creating ORM DAG for example_setup_teardown_taskflow
[2024-10-20T13:55:44.307+0000] {logging_mixin.py:190} INFO - [2024-10-20T13:55:44.307+0000] {dag.py:4156} INFO - Setting next_dagrun for example_setup_teardown_taskflow to None, run_after=None
[2024-10-20T13:55:44.535+0000] {processor.py:208} INFO - Processing /home/airflow/.local/lib/python3.12/site-packages/airflow/example_dags/example_setup_teardown_taskflow.py took 3.925 seconds
[2024-10-20T20:32:42.449+0000] {processor.py:186} INFO - Started process (PID=75) to work on /home/airflow/.local/lib/python3.12/site-packages/airflow/example_dags/example_setup_teardown_taskflow.py
[2024-10-20T20:32:42.462+0000] {processor.py:914} INFO - Processing file /home/airflow/.local/lib/python3.12/site-packages/airflow/example_dags/example_setup_teardown_taskflow.py for tasks to queue
[2024-10-20T20:32:42.469+0000] {logging_mixin.py:190} INFO - [2024-10-20T20:32:42.469+0000] {dagbag.py:587} INFO - Filling up the DagBag from /home/airflow/.local/lib/python3.12/site-packages/airflow/example_dags/example_setup_teardown_taskflow.py
[2024-10-20T20:32:42.603+0000] {processor.py:925} INFO - DAG(s) 'example_setup_teardown_taskflow' retrieved from /home/airflow/.local/lib/python3.12/site-packages/airflow/example_dags/example_setup_teardown_taskflow.py
[2024-10-20T20:32:43.025+0000] {logging_mixin.py:190} INFO - [2024-10-20T20:32:43.024+0000] {dag.py:3229} INFO - Sync 1 DAGs
[2024-10-20T20:32:43.211+0000] {logging_mixin.py:190} INFO - [2024-10-20T20:32:43.210+0000] {dag.py:4156} INFO - Setting next_dagrun for example_setup_teardown_taskflow to None, run_after=None
[2024-10-20T20:32:43.692+0000] {processor.py:208} INFO - Processing /home/airflow/.local/lib/python3.12/site-packages/airflow/example_dags/example_setup_teardown_taskflow.py took 1.270 seconds
[2024-10-20T20:34:51.514+0000] {processor.py:186} INFO - Started process (PID=149) to work on /home/airflow/.local/lib/python3.12/site-packages/airflow/example_dags/example_setup_teardown_taskflow.py
[2024-10-20T20:34:51.520+0000] {processor.py:914} INFO - Processing file /home/airflow/.local/lib/python3.12/site-packages/airflow/example_dags/example_setup_teardown_taskflow.py for tasks to queue
[2024-10-20T20:34:51.531+0000] {logging_mixin.py:190} INFO - [2024-10-20T20:34:51.529+0000] {dagbag.py:587} INFO - Filling up the DagBag from /home/airflow/.local/lib/python3.12/site-packages/airflow/example_dags/example_setup_teardown_taskflow.py
[2024-10-20T20:34:51.625+0000] {processor.py:925} INFO - DAG(s) 'example_setup_teardown_taskflow' retrieved from /home/airflow/.local/lib/python3.12/site-packages/airflow/example_dags/example_setup_teardown_taskflow.py
[2024-10-20T20:34:51.760+0000] {logging_mixin.py:190} INFO - [2024-10-20T20:34:51.759+0000] {dag.py:3229} INFO - Sync 1 DAGs
[2024-10-20T20:34:51.807+0000] {logging_mixin.py:190} INFO - [2024-10-20T20:34:51.806+0000] {dag.py:4156} INFO - Setting next_dagrun for example_setup_teardown_taskflow to None, run_after=None
[2024-10-20T20:34:51.863+0000] {processor.py:208} INFO - Processing /home/airflow/.local/lib/python3.12/site-packages/airflow/example_dags/example_setup_teardown_taskflow.py took 0.413 seconds
[2024-10-20T20:35:29.740+0000] {processor.py:186} INFO - Started process (PID=206) to work on /home/airflow/.local/lib/python3.12/site-packages/airflow/example_dags/example_setup_teardown_taskflow.py
[2024-10-20T20:35:29.784+0000] {processor.py:914} INFO - Processing file /home/airflow/.local/lib/python3.12/site-packages/airflow/example_dags/example_setup_teardown_taskflow.py for tasks to queue
[2024-10-20T20:35:29.974+0000] {logging_mixin.py:190} INFO - [2024-10-20T20:35:29.929+0000] {dagbag.py:587} INFO - Filling up the DagBag from /home/airflow/.local/lib/python3.12/site-packages/airflow/example_dags/example_setup_teardown_taskflow.py
[2024-10-20T20:35:32.033+0000] {processor.py:925} INFO - DAG(s) 'example_setup_teardown_taskflow' retrieved from /home/airflow/.local/lib/python3.12/site-packages/airflow/example_dags/example_setup_teardown_taskflow.py
[2024-10-20T20:35:32.481+0000] {logging_mixin.py:190} INFO - [2024-10-20T20:35:32.481+0000] {dag.py:3229} INFO - Sync 1 DAGs
[2024-10-20T20:35:32.695+0000] {logging_mixin.py:190} INFO - [2024-10-20T20:35:32.694+0000] {dag.py:4156} INFO - Setting next_dagrun for example_setup_teardown_taskflow to None, run_after=None
[2024-10-20T20:35:32.817+0000] {processor.py:208} INFO - Processing /home/airflow/.local/lib/python3.12/site-packages/airflow/example_dags/example_setup_teardown_taskflow.py took 3.317 seconds
