[2024-10-20T13:55:28.891+0000] {processor.py:186} INFO - Started process (PID=151) to work on /home/airflow/.local/lib/python3.12/site-packages/airflow/example_dags/example_xcom.py
[2024-10-20T13:55:28.910+0000] {processor.py:914} INFO - Processing file /home/airflow/.local/lib/python3.12/site-packages/airflow/example_dags/example_xcom.py for tasks to queue
[2024-10-20T13:55:28.992+0000] {logging_mixin.py:190} INFO - [2024-10-20T13:55:28.939+0000] {dagbag.py:587} INFO - Filling up the DagBag from /home/airflow/.local/lib/python3.12/site-packages/airflow/example_dags/example_xcom.py
[2024-10-20T13:55:29.123+0000] {processor.py:925} INFO - DAG(s) 'example_xcom' retrieved from /home/airflow/.local/lib/python3.12/site-packages/airflow/example_dags/example_xcom.py
[2024-10-20T13:55:29.781+0000] {logging_mixin.py:190} INFO - [2024-10-20T13:55:29.776+0000] {override.py:1900} INFO - Created Permission View: can edit on DAG:example_xcom
[2024-10-20T13:55:29.976+0000] {logging_mixin.py:190} INFO - [2024-10-20T13:55:29.973+0000] {override.py:1900} INFO - Created Permission View: can read on DAG:example_xcom
[2024-10-20T13:55:30.068+0000] {logging_mixin.py:190} INFO - [2024-10-20T13:55:30.066+0000] {override.py:1900} INFO - Created Permission View: can delete on DAG:example_xcom
[2024-10-20T13:55:30.162+0000] {logging_mixin.py:190} INFO - [2024-10-20T13:55:30.160+0000] {override.py:1900} INFO - Created Permission View: can create on DAG Run:example_xcom
[2024-10-20T13:55:30.264+0000] {logging_mixin.py:190} INFO - [2024-10-20T13:55:30.263+0000] {override.py:1900} INFO - Created Permission View: menu access on DAG Run:example_xcom
[2024-10-20T13:55:30.385+0000] {logging_mixin.py:190} INFO - [2024-10-20T13:55:30.359+0000] {override.py:1900} INFO - Created Permission View: can read on DAG Run:example_xcom
[2024-10-20T13:55:30.599+0000] {logging_mixin.py:190} INFO - [2024-10-20T13:55:30.593+0000] {override.py:1900} INFO - Created Permission View: can delete on DAG Run:example_xcom
[2024-10-20T13:55:30.681+0000] {logging_mixin.py:190} INFO - [2024-10-20T13:55:30.681+0000] {dag.py:3229} INFO - Sync 1 DAGs
[2024-10-20T13:55:31.072+0000] {logging_mixin.py:190} INFO - [2024-10-20T13:55:31.055+0000] {dag.py:3252} INFO - Creating ORM DAG for example_xcom
[2024-10-20T13:55:31.214+0000] {logging_mixin.py:190} INFO - [2024-10-20T13:55:31.213+0000] {dag.py:4156} INFO - Setting next_dagrun for example_xcom to 2021-01-01 00:00:00+00:00, run_after=2021-01-01 00:00:00+00:00
[2024-10-20T13:55:31.863+0000] {processor.py:208} INFO - Processing /home/airflow/.local/lib/python3.12/site-packages/airflow/example_dags/example_xcom.py took 5.264 seconds
[2024-10-20T20:32:30.564+0000] {processor.py:186} INFO - Started process (PID=70) to work on /home/airflow/.local/lib/python3.12/site-packages/airflow/example_dags/example_xcom.py
[2024-10-20T20:32:30.578+0000] {processor.py:914} INFO - Processing file /home/airflow/.local/lib/python3.12/site-packages/airflow/example_dags/example_xcom.py for tasks to queue
[2024-10-20T20:32:30.637+0000] {logging_mixin.py:190} INFO - [2024-10-20T20:32:30.636+0000] {dagbag.py:587} INFO - Filling up the DagBag from /home/airflow/.local/lib/python3.12/site-packages/airflow/example_dags/example_xcom.py
[2024-10-20T20:32:30.715+0000] {processor.py:925} INFO - DAG(s) 'example_xcom' retrieved from /home/airflow/.local/lib/python3.12/site-packages/airflow/example_dags/example_xcom.py
[2024-10-20T20:32:31.151+0000] {logging_mixin.py:190} INFO - [2024-10-20T20:32:31.150+0000] {dag.py:3229} INFO - Sync 1 DAGs
[2024-10-20T20:32:33.163+0000] {logging_mixin.py:190} INFO - [2024-10-20T20:32:33.162+0000] {dag.py:4156} INFO - Setting next_dagrun for example_xcom to 2021-01-01 00:00:00+00:00, run_after=2021-01-01 00:00:00+00:00
[2024-10-20T20:32:33.522+0000] {processor.py:208} INFO - Processing /home/airflow/.local/lib/python3.12/site-packages/airflow/example_dags/example_xcom.py took 3.209 seconds
[2024-10-20T20:34:48.594+0000] {processor.py:186} INFO - Started process (PID=144) to work on /home/airflow/.local/lib/python3.12/site-packages/airflow/example_dags/example_xcom.py
[2024-10-20T20:34:48.611+0000] {processor.py:914} INFO - Processing file /home/airflow/.local/lib/python3.12/site-packages/airflow/example_dags/example_xcom.py for tasks to queue
[2024-10-20T20:34:48.623+0000] {logging_mixin.py:190} INFO - [2024-10-20T20:34:48.622+0000] {dagbag.py:587} INFO - Filling up the DagBag from /home/airflow/.local/lib/python3.12/site-packages/airflow/example_dags/example_xcom.py
[2024-10-20T20:34:48.715+0000] {processor.py:925} INFO - DAG(s) 'example_xcom' retrieved from /home/airflow/.local/lib/python3.12/site-packages/airflow/example_dags/example_xcom.py
[2024-10-20T20:34:48.832+0000] {logging_mixin.py:190} INFO - [2024-10-20T20:34:48.832+0000] {dag.py:3229} INFO - Sync 1 DAGs
[2024-10-20T20:34:49.141+0000] {logging_mixin.py:190} INFO - [2024-10-20T20:34:49.140+0000] {dag.py:4156} INFO - Setting next_dagrun for example_xcom to 2021-01-01 00:00:00+00:00, run_after=2021-01-01 00:00:00+00:00
[2024-10-20T20:34:49.292+0000] {processor.py:208} INFO - Processing /home/airflow/.local/lib/python3.12/site-packages/airflow/example_dags/example_xcom.py took 0.742 seconds
[2024-10-20T20:35:22.804+0000] {processor.py:186} INFO - Started process (PID=201) to work on /home/airflow/.local/lib/python3.12/site-packages/airflow/example_dags/example_xcom.py
[2024-10-20T20:35:22.815+0000] {processor.py:914} INFO - Processing file /home/airflow/.local/lib/python3.12/site-packages/airflow/example_dags/example_xcom.py for tasks to queue
[2024-10-20T20:35:22.860+0000] {logging_mixin.py:190} INFO - [2024-10-20T20:35:22.859+0000] {dagbag.py:587} INFO - Filling up the DagBag from /home/airflow/.local/lib/python3.12/site-packages/airflow/example_dags/example_xcom.py
[2024-10-20T20:35:23.135+0000] {processor.py:925} INFO - DAG(s) 'example_xcom' retrieved from /home/airflow/.local/lib/python3.12/site-packages/airflow/example_dags/example_xcom.py
[2024-10-20T20:35:23.653+0000] {logging_mixin.py:190} INFO - [2024-10-20T20:35:23.609+0000] {dag.py:3229} INFO - Sync 1 DAGs
[2024-10-20T20:35:24.453+0000] {logging_mixin.py:190} INFO - [2024-10-20T20:35:24.452+0000] {dag.py:4156} INFO - Setting next_dagrun for example_xcom to 2021-01-01 00:00:00+00:00, run_after=2021-01-01 00:00:00+00:00
[2024-10-20T20:35:24.869+0000] {processor.py:208} INFO - Processing /home/airflow/.local/lib/python3.12/site-packages/airflow/example_dags/example_xcom.py took 2.129 seconds
