[2024-10-20T13:55:33.695+0000] {processor.py:186} INFO - Started process (PID=154) to work on /home/airflow/.local/lib/python3.12/site-packages/airflow/example_dags/example_branch_operator_decorator.py
[2024-10-20T13:55:33.699+0000] {processor.py:914} INFO - Processing file /home/airflow/.local/lib/python3.12/site-packages/airflow/example_dags/example_branch_operator_decorator.py for tasks to queue
[2024-10-20T13:55:33.735+0000] {logging_mixin.py:190} INFO - [2024-10-20T13:55:33.734+0000] {dagbag.py:587} INFO - Filling up the DagBag from /home/airflow/.local/lib/python3.12/site-packages/airflow/example_dags/example_branch_operator_decorator.py
[2024-10-20T13:55:34.991+0000] {processor.py:925} INFO - DAG(s) 'example_branch_python_operator_decorator' retrieved from /home/airflow/.local/lib/python3.12/site-packages/airflow/example_dags/example_branch_operator_decorator.py
[2024-10-20T13:55:38.339+0000] {logging_mixin.py:190} INFO - [2024-10-20T13:55:38.338+0000] {override.py:1900} INFO - Created Permission View: can edit on DAG:example_branch_python_operator_decorator
[2024-10-20T13:55:38.469+0000] {logging_mixin.py:190} INFO - [2024-10-20T13:55:38.468+0000] {override.py:1900} INFO - Created Permission View: can read on DAG:example_branch_python_operator_decorator
[2024-10-20T13:55:38.555+0000] {logging_mixin.py:190} INFO - [2024-10-20T13:55:38.541+0000] {override.py:1900} INFO - Created Permission View: can delete on DAG:example_branch_python_operator_decorator
[2024-10-20T13:55:38.702+0000] {logging_mixin.py:190} INFO - [2024-10-20T13:55:38.702+0000] {override.py:1900} INFO - Created Permission View: can create on DAG Run:example_branch_python_operator_decorator
[2024-10-20T13:55:38.794+0000] {logging_mixin.py:190} INFO - [2024-10-20T13:55:38.794+0000] {override.py:1900} INFO - Created Permission View: menu access on DAG Run:example_branch_python_operator_decorator
[2024-10-20T13:55:38.907+0000] {logging_mixin.py:190} INFO - [2024-10-20T13:55:38.904+0000] {override.py:1900} INFO - Created Permission View: can read on DAG Run:example_branch_python_operator_decorator
[2024-10-20T13:55:38.985+0000] {logging_mixin.py:190} INFO - [2024-10-20T13:55:38.984+0000] {override.py:1900} INFO - Created Permission View: can delete on DAG Run:example_branch_python_operator_decorator
[2024-10-20T13:55:38.988+0000] {logging_mixin.py:190} INFO - [2024-10-20T13:55:38.987+0000] {dag.py:3229} INFO - Sync 1 DAGs
[2024-10-20T13:55:39.294+0000] {logging_mixin.py:190} INFO - [2024-10-20T13:55:39.285+0000] {dag.py:3252} INFO - Creating ORM DAG for example_branch_python_operator_decorator
[2024-10-20T13:55:39.506+0000] {logging_mixin.py:190} INFO - [2024-10-20T13:55:39.505+0000] {dag.py:4156} INFO - Setting next_dagrun for example_branch_python_operator_decorator to 2024-10-19 00:00:00+00:00, run_after=2024-10-20 00:00:00+00:00
[2024-10-20T13:55:39.902+0000] {processor.py:208} INFO - Processing /home/airflow/.local/lib/python3.12/site-packages/airflow/example_dags/example_branch_operator_decorator.py took 6.310 seconds
[2024-10-20T20:32:36.370+0000] {processor.py:186} INFO - Started process (PID=73) to work on /home/airflow/.local/lib/python3.12/site-packages/airflow/example_dags/example_branch_operator_decorator.py
[2024-10-20T20:32:36.628+0000] {processor.py:914} INFO - Processing file /home/airflow/.local/lib/python3.12/site-packages/airflow/example_dags/example_branch_operator_decorator.py for tasks to queue
[2024-10-20T20:32:37.082+0000] {logging_mixin.py:190} INFO - [2024-10-20T20:32:37.049+0000] {dagbag.py:587} INFO - Filling up the DagBag from /home/airflow/.local/lib/python3.12/site-packages/airflow/example_dags/example_branch_operator_decorator.py
[2024-10-20T20:32:37.891+0000] {processor.py:925} INFO - DAG(s) 'example_branch_python_operator_decorator' retrieved from /home/airflow/.local/lib/python3.12/site-packages/airflow/example_dags/example_branch_operator_decorator.py
[2024-10-20T20:32:42.719+0000] {logging_mixin.py:190} INFO - [2024-10-20T20:32:42.718+0000] {dag.py:3229} INFO - Sync 1 DAGs
[2024-10-20T20:32:43.036+0000] {logging_mixin.py:190} INFO - [2024-10-20T20:32:43.035+0000] {dag.py:4156} INFO - Setting next_dagrun for example_branch_python_operator_decorator to 2024-10-19 00:00:00+00:00, run_after=2024-10-20 00:00:00+00:00
[2024-10-20T20:32:43.345+0000] {processor.py:208} INFO - Processing /home/airflow/.local/lib/python3.12/site-packages/airflow/example_dags/example_branch_operator_decorator.py took 9.115 seconds
[2024-10-20T20:34:50.135+0000] {processor.py:186} INFO - Started process (PID=147) to work on /home/airflow/.local/lib/python3.12/site-packages/airflow/example_dags/example_branch_operator_decorator.py
[2024-10-20T20:34:50.141+0000] {processor.py:914} INFO - Processing file /home/airflow/.local/lib/python3.12/site-packages/airflow/example_dags/example_branch_operator_decorator.py for tasks to queue
[2024-10-20T20:34:50.156+0000] {logging_mixin.py:190} INFO - [2024-10-20T20:34:50.155+0000] {dagbag.py:587} INFO - Filling up the DagBag from /home/airflow/.local/lib/python3.12/site-packages/airflow/example_dags/example_branch_operator_decorator.py
[2024-10-20T20:34:50.704+0000] {processor.py:925} INFO - DAG(s) 'example_branch_python_operator_decorator' retrieved from /home/airflow/.local/lib/python3.12/site-packages/airflow/example_dags/example_branch_operator_decorator.py
[2024-10-20T20:34:50.956+0000] {logging_mixin.py:190} INFO - [2024-10-20T20:34:50.954+0000] {dag.py:3229} INFO - Sync 1 DAGs
[2024-10-20T20:34:51.225+0000] {logging_mixin.py:190} INFO - [2024-10-20T20:34:51.225+0000] {dag.py:4156} INFO - Setting next_dagrun for example_branch_python_operator_decorator to 2024-10-19 00:00:00+00:00, run_after=2024-10-20 00:00:00+00:00
[2024-10-20T20:34:51.370+0000] {processor.py:208} INFO - Processing /home/airflow/.local/lib/python3.12/site-packages/airflow/example_dags/example_branch_operator_decorator.py took 1.273 seconds
[2024-10-20T20:35:27.487+0000] {processor.py:186} INFO - Started process (PID=204) to work on /home/airflow/.local/lib/python3.12/site-packages/airflow/example_dags/example_branch_operator_decorator.py
[2024-10-20T20:35:27.490+0000] {processor.py:914} INFO - Processing file /home/airflow/.local/lib/python3.12/site-packages/airflow/example_dags/example_branch_operator_decorator.py for tasks to queue
[2024-10-20T20:35:27.501+0000] {logging_mixin.py:190} INFO - [2024-10-20T20:35:27.500+0000] {dagbag.py:587} INFO - Filling up the DagBag from /home/airflow/.local/lib/python3.12/site-packages/airflow/example_dags/example_branch_operator_decorator.py
[2024-10-20T20:35:27.632+0000] {processor.py:925} INFO - DAG(s) 'example_branch_python_operator_decorator' retrieved from /home/airflow/.local/lib/python3.12/site-packages/airflow/example_dags/example_branch_operator_decorator.py
[2024-10-20T20:35:28.089+0000] {logging_mixin.py:190} INFO - [2024-10-20T20:35:28.089+0000] {dag.py:3229} INFO - Sync 1 DAGs
[2024-10-20T20:35:28.285+0000] {logging_mixin.py:190} INFO - [2024-10-20T20:35:28.284+0000] {dag.py:4156} INFO - Setting next_dagrun for example_branch_python_operator_decorator to 2024-10-19 00:00:00+00:00, run_after=2024-10-20 00:00:00+00:00
[2024-10-20T20:35:28.454+0000] {processor.py:208} INFO - Processing /home/airflow/.local/lib/python3.12/site-packages/airflow/example_dags/example_branch_operator_decorator.py took 1.029 seconds
