[2024-10-20T13:55:29.546+0000] {processor.py:186} INFO - Started process (PID=152) to work on /home/airflow/.local/lib/python3.12/site-packages/airflow/example_dags/example_latest_only_with_trigger.py
[2024-10-20T13:55:29.553+0000] {processor.py:914} INFO - Processing file /home/airflow/.local/lib/python3.12/site-packages/airflow/example_dags/example_latest_only_with_trigger.py for tasks to queue
[2024-10-20T13:55:29.586+0000] {logging_mixin.py:190} INFO - [2024-10-20T13:55:29.584+0000] {dagbag.py:587} INFO - Filling up the DagBag from /home/airflow/.local/lib/python3.12/site-packages/airflow/example_dags/example_latest_only_with_trigger.py
[2024-10-20T13:55:29.853+0000] {processor.py:925} INFO - DAG(s) 'latest_only_with_trigger' retrieved from /home/airflow/.local/lib/python3.12/site-packages/airflow/example_dags/example_latest_only_with_trigger.py
[2024-10-20T13:55:30.725+0000] {logging_mixin.py:190} INFO - [2024-10-20T13:55:30.723+0000] {override.py:1900} INFO - Created Permission View: can edit on DAG:latest_only_with_trigger
[2024-10-20T13:55:30.929+0000] {logging_mixin.py:190} INFO - [2024-10-20T13:55:30.925+0000] {override.py:1900} INFO - Created Permission View: can read on DAG:latest_only_with_trigger
[2024-10-20T13:55:31.054+0000] {logging_mixin.py:190} INFO - [2024-10-20T13:55:31.053+0000] {override.py:1900} INFO - Created Permission View: can delete on DAG:latest_only_with_trigger
[2024-10-20T13:55:31.130+0000] {logging_mixin.py:190} INFO - [2024-10-20T13:55:31.127+0000] {override.py:1900} INFO - Created Permission View: can create on DAG Run:latest_only_with_trigger
[2024-10-20T13:55:31.242+0000] {logging_mixin.py:190} INFO - [2024-10-20T13:55:31.241+0000] {override.py:1900} INFO - Created Permission View: menu access on DAG Run:latest_only_with_trigger
[2024-10-20T13:55:31.717+0000] {logging_mixin.py:190} INFO - [2024-10-20T13:55:31.717+0000] {override.py:1900} INFO - Created Permission View: can read on DAG Run:latest_only_with_trigger
[2024-10-20T13:55:32.014+0000] {logging_mixin.py:190} INFO - [2024-10-20T13:55:32.013+0000] {override.py:1900} INFO - Created Permission View: can delete on DAG Run:latest_only_with_trigger
[2024-10-20T13:55:32.047+0000] {logging_mixin.py:190} INFO - [2024-10-20T13:55:32.047+0000] {dag.py:3229} INFO - Sync 1 DAGs
[2024-10-20T13:55:32.373+0000] {logging_mixin.py:190} INFO - [2024-10-20T13:55:32.371+0000] {dag.py:3252} INFO - Creating ORM DAG for latest_only_with_trigger
[2024-10-20T13:55:32.598+0000] {logging_mixin.py:190} INFO - [2024-10-20T13:55:32.598+0000] {dag.py:4156} INFO - Setting next_dagrun for latest_only_with_trigger to 2024-10-20 08:00:00+00:00, run_after=2024-10-20 12:00:00+00:00
[2024-10-20T13:55:33.186+0000] {processor.py:208} INFO - Processing /home/airflow/.local/lib/python3.12/site-packages/airflow/example_dags/example_latest_only_with_trigger.py took 5.774 seconds
[2024-10-20T20:32:30.800+0000] {processor.py:186} INFO - Started process (PID=71) to work on /home/airflow/.local/lib/python3.12/site-packages/airflow/example_dags/example_latest_only_with_trigger.py
[2024-10-20T20:32:30.845+0000] {processor.py:914} INFO - Processing file /home/airflow/.local/lib/python3.12/site-packages/airflow/example_dags/example_latest_only_with_trigger.py for tasks to queue
[2024-10-20T20:32:30.958+0000] {logging_mixin.py:190} INFO - [2024-10-20T20:32:30.957+0000] {dagbag.py:587} INFO - Filling up the DagBag from /home/airflow/.local/lib/python3.12/site-packages/airflow/example_dags/example_latest_only_with_trigger.py
[2024-10-20T20:32:32.737+0000] {processor.py:925} INFO - DAG(s) 'latest_only_with_trigger' retrieved from /home/airflow/.local/lib/python3.12/site-packages/airflow/example_dags/example_latest_only_with_trigger.py
[2024-10-20T20:32:33.088+0000] {logging_mixin.py:190} INFO - [2024-10-20T20:32:33.087+0000] {dag.py:3229} INFO - Sync 1 DAGs
[2024-10-20T20:32:33.525+0000] {logging_mixin.py:190} INFO - [2024-10-20T20:32:33.524+0000] {dag.py:4156} INFO - Setting next_dagrun for latest_only_with_trigger to 2024-10-20 16:00:00+00:00, run_after=2024-10-20 20:00:00+00:00
[2024-10-20T20:32:33.743+0000] {processor.py:208} INFO - Processing /home/airflow/.local/lib/python3.12/site-packages/airflow/example_dags/example_latest_only_with_trigger.py took 2.963 seconds
[2024-10-20T20:34:49.016+0000] {processor.py:186} INFO - Started process (PID=145) to work on /home/airflow/.local/lib/python3.12/site-packages/airflow/example_dags/example_latest_only_with_trigger.py
[2024-10-20T20:34:49.036+0000] {processor.py:914} INFO - Processing file /home/airflow/.local/lib/python3.12/site-packages/airflow/example_dags/example_latest_only_with_trigger.py for tasks to queue
[2024-10-20T20:34:49.075+0000] {logging_mixin.py:190} INFO - [2024-10-20T20:34:49.074+0000] {dagbag.py:587} INFO - Filling up the DagBag from /home/airflow/.local/lib/python3.12/site-packages/airflow/example_dags/example_latest_only_with_trigger.py
[2024-10-20T20:34:49.185+0000] {processor.py:925} INFO - DAG(s) 'latest_only_with_trigger' retrieved from /home/airflow/.local/lib/python3.12/site-packages/airflow/example_dags/example_latest_only_with_trigger.py
[2024-10-20T20:34:49.341+0000] {logging_mixin.py:190} INFO - [2024-10-20T20:34:49.340+0000] {dag.py:3229} INFO - Sync 1 DAGs
[2024-10-20T20:34:49.639+0000] {logging_mixin.py:190} INFO - [2024-10-20T20:34:49.638+0000] {dag.py:4156} INFO - Setting next_dagrun for latest_only_with_trigger to 2024-10-20 16:00:00+00:00, run_after=2024-10-20 20:00:00+00:00
[2024-10-20T20:34:49.884+0000] {processor.py:208} INFO - Processing /home/airflow/.local/lib/python3.12/site-packages/airflow/example_dags/example_latest_only_with_trigger.py took 0.947 seconds
[2024-10-20T20:35:24.861+0000] {processor.py:186} INFO - Started process (PID=202) to work on /home/airflow/.local/lib/python3.12/site-packages/airflow/example_dags/example_latest_only_with_trigger.py
[2024-10-20T20:35:25.432+0000] {processor.py:914} INFO - Processing file /home/airflow/.local/lib/python3.12/site-packages/airflow/example_dags/example_latest_only_with_trigger.py for tasks to queue
[2024-10-20T20:35:25.555+0000] {logging_mixin.py:190} INFO - [2024-10-20T20:35:25.554+0000] {dagbag.py:587} INFO - Filling up the DagBag from /home/airflow/.local/lib/python3.12/site-packages/airflow/example_dags/example_latest_only_with_trigger.py
[2024-10-20T20:35:26.023+0000] {processor.py:925} INFO - DAG(s) 'latest_only_with_trigger' retrieved from /home/airflow/.local/lib/python3.12/site-packages/airflow/example_dags/example_latest_only_with_trigger.py
[2024-10-20T20:35:26.717+0000] {logging_mixin.py:190} INFO - [2024-10-20T20:35:26.717+0000] {dag.py:3229} INFO - Sync 1 DAGs
[2024-10-20T20:35:27.230+0000] {logging_mixin.py:190} INFO - [2024-10-20T20:35:27.229+0000] {dag.py:4156} INFO - Setting next_dagrun for latest_only_with_trigger to 2024-10-20 16:00:00+00:00, run_after=2024-10-20 20:00:00+00:00
[2024-10-20T20:35:27.318+0000] {processor.py:208} INFO - Processing /home/airflow/.local/lib/python3.12/site-packages/airflow/example_dags/example_latest_only_with_trigger.py took 2.506 seconds
