[2024-10-20T13:22:21.622+0000] {processor.py:186} INFO - Started process (PID=136) to work on /home/airflow/.local/lib/python3.12/site-packages/airflow/example_dags/example_latest_only.py
[2024-10-20T13:22:21.645+0000] {processor.py:914} INFO - Processing file /home/airflow/.local/lib/python3.12/site-packages/airflow/example_dags/example_latest_only.py for tasks to queue
[2024-10-20T13:22:21.678+0000] {logging_mixin.py:190} INFO - [2024-10-20T13:22:21.677+0000] {dagbag.py:587} INFO - Filling up the DagBag from /home/airflow/.local/lib/python3.12/site-packages/airflow/example_dags/example_latest_only.py
[2024-10-20T13:22:21.767+0000] {processor.py:925} INFO - DAG(s) 'latest_only' retrieved from /home/airflow/.local/lib/python3.12/site-packages/airflow/example_dags/example_latest_only.py
[2024-10-20T13:22:23.590+0000] {logging_mixin.py:190} INFO - [2024-10-20T13:22:23.525+0000] {override.py:1900} INFO - Created Permission View: can read on DAG:latest_only
[2024-10-20T13:22:24.091+0000] {logging_mixin.py:190} INFO - [2024-10-20T13:22:24.090+0000] {override.py:1900} INFO - Created Permission View: can edit on DAG:latest_only
[2024-10-20T13:22:24.486+0000] {logging_mixin.py:190} INFO - [2024-10-20T13:22:24.482+0000] {override.py:1900} INFO - Created Permission View: can delete on DAG:latest_only
[2024-10-20T13:22:24.691+0000] {logging_mixin.py:190} INFO - [2024-10-20T13:22:24.688+0000] {override.py:1900} INFO - Created Permission View: can create on DAG Run:latest_only
[2024-10-20T13:22:24.795+0000] {logging_mixin.py:190} INFO - [2024-10-20T13:22:24.794+0000] {override.py:1900} INFO - Created Permission View: can read on DAG Run:latest_only
[2024-10-20T13:22:24.904+0000] {logging_mixin.py:190} INFO - [2024-10-20T13:22:24.902+0000] {override.py:1900} INFO - Created Permission View: menu access on DAG Run:latest_only
[2024-10-20T13:22:24.984+0000] {logging_mixin.py:190} INFO - [2024-10-20T13:22:24.983+0000] {override.py:1900} INFO - Created Permission View: can delete on DAG Run:latest_only
[2024-10-20T13:22:24.995+0000] {logging_mixin.py:190} INFO - [2024-10-20T13:22:24.994+0000] {dag.py:3229} INFO - Sync 1 DAGs
[2024-10-20T13:22:25.192+0000] {logging_mixin.py:190} INFO - [2024-10-20T13:22:25.192+0000] {dag.py:3252} INFO - Creating ORM DAG for latest_only
[2024-10-20T13:22:25.276+0000] {logging_mixin.py:190} INFO - [2024-10-20T13:22:25.276+0000] {dag.py:4156} INFO - Setting next_dagrun for latest_only to 2024-10-20 08:00:00+00:00, run_after=2024-10-20 12:00:00+00:00
[2024-10-20T13:22:26.518+0000] {processor.py:208} INFO - Processing /home/airflow/.local/lib/python3.12/site-packages/airflow/example_dags/example_latest_only.py took 4.994 seconds
[2024-10-20T13:53:54.968+0000] {processor.py:186} INFO - Started process (PID=104) to work on /home/airflow/.local/lib/python3.12/site-packages/airflow/example_dags/example_latest_only.py
[2024-10-20T13:53:55.112+0000] {processor.py:914} INFO - Processing file /home/airflow/.local/lib/python3.12/site-packages/airflow/example_dags/example_latest_only.py for tasks to queue
[2024-10-20T13:53:55.247+0000] {logging_mixin.py:190} INFO - [2024-10-20T13:53:55.246+0000] {dagbag.py:587} INFO - Filling up the DagBag from /home/airflow/.local/lib/python3.12/site-packages/airflow/example_dags/example_latest_only.py
[2024-10-20T13:53:55.585+0000] {processor.py:925} INFO - DAG(s) 'latest_only' retrieved from /home/airflow/.local/lib/python3.12/site-packages/airflow/example_dags/example_latest_only.py
[2024-10-20T13:53:56.438+0000] {logging_mixin.py:190} INFO - [2024-10-20T13:53:56.372+0000] {dag.py:3229} INFO - Sync 1 DAGs
[2024-10-20T13:53:57.380+0000] {logging_mixin.py:190} INFO - [2024-10-20T13:53:57.379+0000] {dag.py:4156} INFO - Setting next_dagrun for latest_only to 2024-10-20 08:00:00+00:00, run_after=2024-10-20 12:00:00+00:00
[2024-10-20T13:53:57.849+0000] {processor.py:208} INFO - Processing /home/airflow/.local/lib/python3.12/site-packages/airflow/example_dags/example_latest_only.py took 2.978 seconds
[2024-10-20T13:56:57.372+0000] {processor.py:186} INFO - Started process (PID=183) to work on /home/airflow/.local/lib/python3.12/site-packages/airflow/example_dags/example_latest_only.py
[2024-10-20T13:56:57.397+0000] {processor.py:914} INFO - Processing file /home/airflow/.local/lib/python3.12/site-packages/airflow/example_dags/example_latest_only.py for tasks to queue
[2024-10-20T13:56:57.417+0000] {logging_mixin.py:190} INFO - [2024-10-20T13:56:57.416+0000] {dagbag.py:587} INFO - Filling up the DagBag from /home/airflow/.local/lib/python3.12/site-packages/airflow/example_dags/example_latest_only.py
[2024-10-20T13:56:57.489+0000] {processor.py:925} INFO - DAG(s) 'latest_only' retrieved from /home/airflow/.local/lib/python3.12/site-packages/airflow/example_dags/example_latest_only.py
[2024-10-20T13:56:57.673+0000] {logging_mixin.py:190} INFO - [2024-10-20T13:56:57.659+0000] {dag.py:3229} INFO - Sync 1 DAGs
[2024-10-20T13:56:58.098+0000] {logging_mixin.py:190} INFO - [2024-10-20T13:56:58.097+0000] {dag.py:4156} INFO - Setting next_dagrun for latest_only to 2024-10-20 08:00:00+00:00, run_after=2024-10-20 12:00:00+00:00
[2024-10-20T13:56:58.567+0000] {processor.py:208} INFO - Processing /home/airflow/.local/lib/python3.12/site-packages/airflow/example_dags/example_latest_only.py took 1.231 seconds
[2024-10-20T20:31:29.167+0000] {processor.py:186} INFO - Started process (PID=39) to work on /home/airflow/.local/lib/python3.12/site-packages/airflow/example_dags/example_latest_only.py
[2024-10-20T20:31:29.260+0000] {processor.py:914} INFO - Processing file /home/airflow/.local/lib/python3.12/site-packages/airflow/example_dags/example_latest_only.py for tasks to queue
[2024-10-20T20:31:29.279+0000] {logging_mixin.py:190} INFO - [2024-10-20T20:31:29.278+0000] {dagbag.py:587} INFO - Filling up the DagBag from /home/airflow/.local/lib/python3.12/site-packages/airflow/example_dags/example_latest_only.py
[2024-10-20T20:31:29.337+0000] {processor.py:925} INFO - DAG(s) 'latest_only' retrieved from /home/airflow/.local/lib/python3.12/site-packages/airflow/example_dags/example_latest_only.py
[2024-10-20T20:31:29.702+0000] {logging_mixin.py:190} INFO - [2024-10-20T20:31:29.702+0000] {dag.py:3229} INFO - Sync 1 DAGs
[2024-10-20T20:31:30.014+0000] {logging_mixin.py:190} INFO - [2024-10-20T20:31:30.013+0000] {dag.py:4156} INFO - Setting next_dagrun for latest_only to 2024-10-20 16:00:00+00:00, run_after=2024-10-20 20:00:00+00:00
[2024-10-20T20:31:30.491+0000] {processor.py:208} INFO - Processing /home/airflow/.local/lib/python3.12/site-packages/airflow/example_dags/example_latest_only.py took 1.377 seconds
[2024-10-20T20:33:21.662+0000] {processor.py:186} INFO - Started process (PID=96) to work on /home/airflow/.local/lib/python3.12/site-packages/airflow/example_dags/example_latest_only.py
[2024-10-20T20:33:21.675+0000] {processor.py:914} INFO - Processing file /home/airflow/.local/lib/python3.12/site-packages/airflow/example_dags/example_latest_only.py for tasks to queue
[2024-10-20T20:33:21.718+0000] {logging_mixin.py:190} INFO - [2024-10-20T20:33:21.710+0000] {dagbag.py:587} INFO - Filling up the DagBag from /home/airflow/.local/lib/python3.12/site-packages/airflow/example_dags/example_latest_only.py
[2024-10-20T20:33:22.143+0000] {processor.py:925} INFO - DAG(s) 'latest_only' retrieved from /home/airflow/.local/lib/python3.12/site-packages/airflow/example_dags/example_latest_only.py
[2024-10-20T20:33:22.889+0000] {logging_mixin.py:190} INFO - [2024-10-20T20:33:22.888+0000] {dag.py:3229} INFO - Sync 1 DAGs
[2024-10-20T20:33:24.604+0000] {logging_mixin.py:190} INFO - [2024-10-20T20:33:24.602+0000] {dag.py:4156} INFO - Setting next_dagrun for latest_only to 2024-10-20 16:00:00+00:00, run_after=2024-10-20 20:00:00+00:00
[2024-10-20T20:33:25.029+0000] {processor.py:208} INFO - Processing /home/airflow/.local/lib/python3.12/site-packages/airflow/example_dags/example_latest_only.py took 3.437 seconds
[2024-10-20T20:34:13.333+0000] {processor.py:186} INFO - Started process (PID=132) to work on /home/airflow/.local/lib/python3.12/site-packages/airflow/example_dags/example_latest_only.py
[2024-10-20T20:34:13.337+0000] {processor.py:914} INFO - Processing file /home/airflow/.local/lib/python3.12/site-packages/airflow/example_dags/example_latest_only.py for tasks to queue
[2024-10-20T20:34:13.355+0000] {logging_mixin.py:190} INFO - [2024-10-20T20:34:13.355+0000] {dagbag.py:587} INFO - Filling up the DagBag from /home/airflow/.local/lib/python3.12/site-packages/airflow/example_dags/example_latest_only.py
[2024-10-20T20:34:13.433+0000] {processor.py:925} INFO - DAG(s) 'latest_only' retrieved from /home/airflow/.local/lib/python3.12/site-packages/airflow/example_dags/example_latest_only.py
[2024-10-20T20:34:13.531+0000] {logging_mixin.py:190} INFO - [2024-10-20T20:34:13.530+0000] {dag.py:3229} INFO - Sync 1 DAGs
[2024-10-20T20:34:13.704+0000] {logging_mixin.py:190} INFO - [2024-10-20T20:34:13.702+0000] {dag.py:4156} INFO - Setting next_dagrun for latest_only to 2024-10-20 16:00:00+00:00, run_after=2024-10-20 20:00:00+00:00
[2024-10-20T20:34:13.880+0000] {processor.py:208} INFO - Processing /home/airflow/.local/lib/python3.12/site-packages/airflow/example_dags/example_latest_only.py took 0.567 seconds
[2024-10-20T20:35:00.314+0000] {processor.py:186} INFO - Started process (PID=170) to work on /home/airflow/.local/lib/python3.12/site-packages/airflow/example_dags/example_latest_only.py
[2024-10-20T20:35:00.328+0000] {processor.py:914} INFO - Processing file /home/airflow/.local/lib/python3.12/site-packages/airflow/example_dags/example_latest_only.py for tasks to queue
[2024-10-20T20:35:00.335+0000] {logging_mixin.py:190} INFO - [2024-10-20T20:35:00.334+0000] {dagbag.py:587} INFO - Filling up the DagBag from /home/airflow/.local/lib/python3.12/site-packages/airflow/example_dags/example_latest_only.py
[2024-10-20T20:35:00.366+0000] {processor.py:925} INFO - DAG(s) 'latest_only' retrieved from /home/airflow/.local/lib/python3.12/site-packages/airflow/example_dags/example_latest_only.py
[2024-10-20T20:35:00.538+0000] {logging_mixin.py:190} INFO - [2024-10-20T20:35:00.537+0000] {dag.py:3229} INFO - Sync 1 DAGs
[2024-10-20T20:35:00.732+0000] {logging_mixin.py:190} INFO - [2024-10-20T20:35:00.731+0000] {dag.py:4156} INFO - Setting next_dagrun for latest_only to 2024-10-20 16:00:00+00:00, run_after=2024-10-20 20:00:00+00:00
[2024-10-20T20:35:00.848+0000] {processor.py:208} INFO - Processing /home/airflow/.local/lib/python3.12/site-packages/airflow/example_dags/example_latest_only.py took 0.562 seconds
