[2024-10-20T13:23:59.288+0000] {processor.py:186} INFO - Started process (PID=170) to work on /home/airflow/.local/lib/python3.12/site-packages/airflow/example_dags/example_short_circuit_operator.py
[2024-10-20T13:23:59.334+0000] {processor.py:914} INFO - Processing file /home/airflow/.local/lib/python3.12/site-packages/airflow/example_dags/example_short_circuit_operator.py for tasks to queue
[2024-10-20T13:23:59.378+0000] {logging_mixin.py:190} INFO - [2024-10-20T13:23:59.360+0000] {dagbag.py:587} INFO - Filling up the DagBag from /home/airflow/.local/lib/python3.12/site-packages/airflow/example_dags/example_short_circuit_operator.py
[2024-10-20T13:23:59.612+0000] {processor.py:925} INFO - DAG(s) 'example_short_circuit_operator' retrieved from /home/airflow/.local/lib/python3.12/site-packages/airflow/example_dags/example_short_circuit_operator.py
[2024-10-20T13:24:06.633+0000] {logging_mixin.py:190} INFO - [2024-10-20T13:24:06.557+0000] {override.py:1900} INFO - Created Permission View: can read on DAG:example_short_circuit_operator
[2024-10-20T13:24:07.100+0000] {logging_mixin.py:190} INFO - [2024-10-20T13:24:07.072+0000] {override.py:1900} INFO - Created Permission View: can edit on DAG:example_short_circuit_operator
[2024-10-20T13:24:07.506+0000] {logging_mixin.py:190} INFO - [2024-10-20T13:24:07.385+0000] {override.py:1900} INFO - Created Permission View: can delete on DAG:example_short_circuit_operator
[2024-10-20T13:24:06.509+0000] {logging_mixin.py:190} INFO - [2024-10-20T13:24:06.508+0000] {override.py:1900} INFO - Created Permission View: can create on DAG Run:example_short_circuit_operator
[2024-10-20T13:24:06.680+0000] {logging_mixin.py:190} INFO - [2024-10-20T13:24:06.679+0000] {override.py:1900} INFO - Created Permission View: can read on DAG Run:example_short_circuit_operator
[2024-10-20T13:24:06.838+0000] {logging_mixin.py:190} INFO - [2024-10-20T13:24:06.835+0000] {override.py:1900} INFO - Created Permission View: menu access on DAG Run:example_short_circuit_operator
[2024-10-20T13:24:08.252+0000] {logging_mixin.py:190} INFO - [2024-10-20T13:24:08.251+0000] {override.py:1900} INFO - Created Permission View: can delete on DAG Run:example_short_circuit_operator
[2024-10-20T13:24:08.266+0000] {logging_mixin.py:190} INFO - [2024-10-20T13:24:08.264+0000] {dag.py:3229} INFO - Sync 1 DAGs
[2024-10-20T13:24:07.270+0000] {logging_mixin.py:190} INFO - [2024-10-20T13:24:07.269+0000] {dag.py:3252} INFO - Creating ORM DAG for example_short_circuit_operator
[2024-10-20T13:24:07.316+0000] {logging_mixin.py:190} INFO - [2024-10-20T13:24:07.290+0000] {dag.py:4156} INFO - Setting next_dagrun for example_short_circuit_operator to None, run_after=None
[2024-10-20T13:24:07.721+0000] {processor.py:208} INFO - Processing /home/airflow/.local/lib/python3.12/site-packages/airflow/example_dags/example_short_circuit_operator.py took 10.866 seconds
[2024-10-20T13:54:50.096+0000] {processor.py:186} INFO - Started process (PID=138) to work on /home/airflow/.local/lib/python3.12/site-packages/airflow/example_dags/example_short_circuit_operator.py
[2024-10-20T13:54:50.108+0000] {processor.py:914} INFO - Processing file /home/airflow/.local/lib/python3.12/site-packages/airflow/example_dags/example_short_circuit_operator.py for tasks to queue
[2024-10-20T13:54:50.189+0000] {logging_mixin.py:190} INFO - [2024-10-20T13:54:50.157+0000] {dagbag.py:587} INFO - Filling up the DagBag from /home/airflow/.local/lib/python3.12/site-packages/airflow/example_dags/example_short_circuit_operator.py
[2024-10-20T13:54:50.737+0000] {processor.py:925} INFO - DAG(s) 'example_short_circuit_operator' retrieved from /home/airflow/.local/lib/python3.12/site-packages/airflow/example_dags/example_short_circuit_operator.py
[2024-10-20T13:54:51.474+0000] {logging_mixin.py:190} INFO - [2024-10-20T13:54:51.454+0000] {dag.py:3229} INFO - Sync 1 DAGs
[2024-10-20T13:54:51.938+0000] {logging_mixin.py:190} INFO - [2024-10-20T13:54:51.937+0000] {dag.py:4156} INFO - Setting next_dagrun for example_short_circuit_operator to None, run_after=None
[2024-10-20T13:54:52.365+0000] {processor.py:208} INFO - Processing /home/airflow/.local/lib/python3.12/site-packages/airflow/example_dags/example_short_circuit_operator.py took 2.532 seconds
[2024-10-20T20:32:16.896+0000] {processor.py:186} INFO - Started process (PID=62) to work on /home/airflow/.local/lib/python3.12/site-packages/airflow/example_dags/example_short_circuit_operator.py
[2024-10-20T20:32:16.908+0000] {processor.py:914} INFO - Processing file /home/airflow/.local/lib/python3.12/site-packages/airflow/example_dags/example_short_circuit_operator.py for tasks to queue
[2024-10-20T20:32:16.920+0000] {logging_mixin.py:190} INFO - [2024-10-20T20:32:16.919+0000] {dagbag.py:587} INFO - Filling up the DagBag from /home/airflow/.local/lib/python3.12/site-packages/airflow/example_dags/example_short_circuit_operator.py
[2024-10-20T20:32:16.991+0000] {processor.py:925} INFO - DAG(s) 'example_short_circuit_operator' retrieved from /home/airflow/.local/lib/python3.12/site-packages/airflow/example_dags/example_short_circuit_operator.py
[2024-10-20T20:32:17.260+0000] {logging_mixin.py:190} INFO - [2024-10-20T20:32:17.259+0000] {dag.py:3229} INFO - Sync 1 DAGs
[2024-10-20T20:32:17.519+0000] {logging_mixin.py:190} INFO - [2024-10-20T20:32:17.518+0000] {dag.py:4156} INFO - Setting next_dagrun for example_short_circuit_operator to None, run_after=None
[2024-10-20T20:32:17.865+0000] {processor.py:208} INFO - Processing /home/airflow/.local/lib/python3.12/site-packages/airflow/example_dags/example_short_circuit_operator.py took 1.012 seconds
[2024-10-20T20:34:01.678+0000] {processor.py:186} INFO - Started process (PID=119) to work on /home/airflow/.local/lib/python3.12/site-packages/airflow/example_dags/example_short_circuit_operator.py
[2024-10-20T20:34:01.717+0000] {processor.py:914} INFO - Processing file /home/airflow/.local/lib/python3.12/site-packages/airflow/example_dags/example_short_circuit_operator.py for tasks to queue
[2024-10-20T20:34:01.735+0000] {logging_mixin.py:190} INFO - [2024-10-20T20:34:01.734+0000] {dagbag.py:587} INFO - Filling up the DagBag from /home/airflow/.local/lib/python3.12/site-packages/airflow/example_dags/example_short_circuit_operator.py
[2024-10-20T20:34:01.809+0000] {processor.py:925} INFO - DAG(s) 'example_short_circuit_operator' retrieved from /home/airflow/.local/lib/python3.12/site-packages/airflow/example_dags/example_short_circuit_operator.py
[2024-10-20T20:34:02.172+0000] {logging_mixin.py:190} INFO - [2024-10-20T20:34:02.171+0000] {dag.py:3229} INFO - Sync 1 DAGs
[2024-10-20T20:34:02.316+0000] {logging_mixin.py:190} INFO - [2024-10-20T20:34:02.316+0000] {dag.py:4156} INFO - Setting next_dagrun for example_short_circuit_operator to None, run_after=None
[2024-10-20T20:34:03.000+0000] {processor.py:208} INFO - Processing /home/airflow/.local/lib/python3.12/site-packages/airflow/example_dags/example_short_circuit_operator.py took 1.341 seconds
[2024-10-20T20:35:10.076+0000] {processor.py:186} INFO - Started process (PID=193) to work on /home/airflow/.local/lib/python3.12/site-packages/airflow/example_dags/example_short_circuit_operator.py
[2024-10-20T20:35:10.079+0000] {processor.py:914} INFO - Processing file /home/airflow/.local/lib/python3.12/site-packages/airflow/example_dags/example_short_circuit_operator.py for tasks to queue
[2024-10-20T20:35:10.092+0000] {logging_mixin.py:190} INFO - [2024-10-20T20:35:10.091+0000] {dagbag.py:587} INFO - Filling up the DagBag from /home/airflow/.local/lib/python3.12/site-packages/airflow/example_dags/example_short_circuit_operator.py
[2024-10-20T20:35:10.208+0000] {processor.py:925} INFO - DAG(s) 'example_short_circuit_operator' retrieved from /home/airflow/.local/lib/python3.12/site-packages/airflow/example_dags/example_short_circuit_operator.py
[2024-10-20T20:35:10.332+0000] {logging_mixin.py:190} INFO - [2024-10-20T20:35:10.332+0000] {dag.py:3229} INFO - Sync 1 DAGs
[2024-10-20T20:35:10.381+0000] {logging_mixin.py:190} INFO - [2024-10-20T20:35:10.381+0000] {dag.py:4156} INFO - Setting next_dagrun for example_short_circuit_operator to None, run_after=None
[2024-10-20T20:35:10.433+0000] {processor.py:208} INFO - Processing /home/airflow/.local/lib/python3.12/site-packages/airflow/example_dags/example_short_circuit_operator.py took 0.376 seconds
