[2024-10-20T13:25:31.653+0000] {processor.py:186} INFO - Started process (PID=173) to work on /home/airflow/.local/lib/python3.12/site-packages/airflow/example_dags/example_datasets.py
[2024-10-20T13:25:31.657+0000] {processor.py:914} INFO - Processing file /home/airflow/.local/lib/python3.12/site-packages/airflow/example_dags/example_datasets.py for tasks to queue
[2024-10-20T13:25:31.677+0000] {logging_mixin.py:190} INFO - [2024-10-20T13:25:31.668+0000] {dagbag.py:587} INFO - Filling up the DagBag from /home/airflow/.local/lib/python3.12/site-packages/airflow/example_dags/example_datasets.py
[2024-10-20T13:55:01.135+0000] {processor.py:186} INFO - Started process (PID=141) to work on /home/airflow/.local/lib/python3.12/site-packages/airflow/example_dags/example_datasets.py
[2024-10-20T13:55:01.172+0000] {processor.py:914} INFO - Processing file /home/airflow/.local/lib/python3.12/site-packages/airflow/example_dags/example_datasets.py for tasks to queue
[2024-10-20T13:55:01.348+0000] {logging_mixin.py:190} INFO - [2024-10-20T13:55:01.334+0000] {dagbag.py:587} INFO - Filling up the DagBag from /home/airflow/.local/lib/python3.12/site-packages/airflow/example_dags/example_datasets.py
[2024-10-20T13:55:07.548+0000] {processor.py:925} INFO - DAG(s) 'consume_1_and_2_with_dataset_expressions', 'dataset_consumes_1', 'dataset_produces_2', 'dataset_consumes_1_never_scheduled', 'conditional_dataset_and_time_based_timetable', 'dataset_consumes_1_and_2', 'consume_1_or_2_with_dataset_expressions', 'consume_1_or_both_2_and_3_with_dataset_expressions', 'dataset_consumes_unknown_never_scheduled', 'dataset_produces_1' retrieved from /home/airflow/.local/lib/python3.12/site-packages/airflow/example_dags/example_datasets.py
[2024-10-20T13:55:10.313+0000] {logging_mixin.py:190} INFO - [2024-10-20T13:55:10.309+0000] {override.py:1900} INFO - Created Permission View: can edit on DAG:consume_1_and_2_with_dataset_expressions
[2024-10-20T13:55:10.506+0000] {logging_mixin.py:190} INFO - [2024-10-20T13:55:10.506+0000] {override.py:1900} INFO - Created Permission View: can read on DAG:consume_1_and_2_with_dataset_expressions
[2024-10-20T13:55:10.603+0000] {logging_mixin.py:190} INFO - [2024-10-20T13:55:10.602+0000] {override.py:1900} INFO - Created Permission View: can delete on DAG:consume_1_and_2_with_dataset_expressions
[2024-10-20T13:55:10.702+0000] {logging_mixin.py:190} INFO - [2024-10-20T13:55:10.701+0000] {override.py:1900} INFO - Created Permission View: can create on DAG Run:consume_1_and_2_with_dataset_expressions
[2024-10-20T13:55:10.820+0000] {logging_mixin.py:190} INFO - [2024-10-20T13:55:10.819+0000] {override.py:1900} INFO - Created Permission View: menu access on DAG Run:consume_1_and_2_with_dataset_expressions
[2024-10-20T13:55:10.900+0000] {logging_mixin.py:190} INFO - [2024-10-20T13:55:10.899+0000] {override.py:1900} INFO - Created Permission View: can read on DAG Run:consume_1_and_2_with_dataset_expressions
[2024-10-20T13:55:10.992+0000] {logging_mixin.py:190} INFO - [2024-10-20T13:55:10.982+0000] {override.py:1900} INFO - Created Permission View: can delete on DAG Run:consume_1_and_2_with_dataset_expressions
[2024-10-20T13:55:11.165+0000] {logging_mixin.py:190} INFO - [2024-10-20T13:55:11.163+0000] {override.py:1900} INFO - Created Permission View: can edit on DAG:dataset_consumes_1
[2024-10-20T13:55:11.237+0000] {logging_mixin.py:190} INFO - [2024-10-20T13:55:11.237+0000] {override.py:1900} INFO - Created Permission View: can read on DAG:dataset_consumes_1
[2024-10-20T13:55:11.383+0000] {logging_mixin.py:190} INFO - [2024-10-20T13:55:11.381+0000] {override.py:1900} INFO - Created Permission View: can delete on DAG:dataset_consumes_1
[2024-10-20T13:55:11.517+0000] {logging_mixin.py:190} INFO - [2024-10-20T13:55:11.515+0000] {override.py:1900} INFO - Created Permission View: can create on DAG Run:dataset_consumes_1
[2024-10-20T13:55:11.660+0000] {logging_mixin.py:190} INFO - [2024-10-20T13:55:11.659+0000] {override.py:1900} INFO - Created Permission View: menu access on DAG Run:dataset_consumes_1
[2024-10-20T13:55:11.713+0000] {logging_mixin.py:190} INFO - [2024-10-20T13:55:11.712+0000] {override.py:1900} INFO - Created Permission View: can read on DAG Run:dataset_consumes_1
[2024-10-20T13:55:11.764+0000] {logging_mixin.py:190} INFO - [2024-10-20T13:55:11.763+0000] {override.py:1900} INFO - Created Permission View: can delete on DAG Run:dataset_consumes_1
[2024-10-20T13:55:11.985+0000] {logging_mixin.py:190} INFO - [2024-10-20T13:55:11.985+0000] {override.py:1900} INFO - Created Permission View: can edit on DAG:dataset_produces_2
[2024-10-20T13:55:12.059+0000] {logging_mixin.py:190} INFO - [2024-10-20T13:55:12.057+0000] {override.py:1900} INFO - Created Permission View: can read on DAG:dataset_produces_2
[2024-10-20T13:55:12.156+0000] {logging_mixin.py:190} INFO - [2024-10-20T13:55:12.154+0000] {override.py:1900} INFO - Created Permission View: can delete on DAG:dataset_produces_2
[2024-10-20T13:55:12.220+0000] {logging_mixin.py:190} INFO - [2024-10-20T13:55:12.219+0000] {override.py:1900} INFO - Created Permission View: can create on DAG Run:dataset_produces_2
[2024-10-20T13:55:12.314+0000] {logging_mixin.py:190} INFO - [2024-10-20T13:55:12.312+0000] {override.py:1900} INFO - Created Permission View: menu access on DAG Run:dataset_produces_2
[2024-10-20T13:55:12.376+0000] {logging_mixin.py:190} INFO - [2024-10-20T13:55:12.375+0000] {override.py:1900} INFO - Created Permission View: can read on DAG Run:dataset_produces_2
[2024-10-20T13:55:12.449+0000] {logging_mixin.py:190} INFO - [2024-10-20T13:55:12.448+0000] {override.py:1900} INFO - Created Permission View: can delete on DAG Run:dataset_produces_2
[2024-10-20T13:55:12.814+0000] {logging_mixin.py:190} INFO - [2024-10-20T13:55:12.813+0000] {override.py:1900} INFO - Created Permission View: can edit on DAG:dataset_consumes_1_never_scheduled
[2024-10-20T13:55:12.990+0000] {logging_mixin.py:190} INFO - [2024-10-20T13:55:12.989+0000] {override.py:1900} INFO - Created Permission View: can read on DAG:dataset_consumes_1_never_scheduled
[2024-10-20T13:55:13.185+0000] {logging_mixin.py:190} INFO - [2024-10-20T13:55:13.185+0000] {override.py:1900} INFO - Created Permission View: can delete on DAG:dataset_consumes_1_never_scheduled
[2024-10-20T13:55:13.273+0000] {logging_mixin.py:190} INFO - [2024-10-20T13:55:13.272+0000] {override.py:1900} INFO - Created Permission View: can create on DAG Run:dataset_consumes_1_never_scheduled
[2024-10-20T13:55:13.324+0000] {logging_mixin.py:190} INFO - [2024-10-20T13:55:13.323+0000] {override.py:1900} INFO - Created Permission View: menu access on DAG Run:dataset_consumes_1_never_scheduled
[2024-10-20T13:55:13.464+0000] {logging_mixin.py:190} INFO - [2024-10-20T13:55:13.463+0000] {override.py:1900} INFO - Created Permission View: can read on DAG Run:dataset_consumes_1_never_scheduled
[2024-10-20T13:55:13.559+0000] {logging_mixin.py:190} INFO - [2024-10-20T13:55:13.558+0000] {override.py:1900} INFO - Created Permission View: can delete on DAG Run:dataset_consumes_1_never_scheduled
[2024-10-20T13:55:13.739+0000] {logging_mixin.py:190} INFO - [2024-10-20T13:55:13.738+0000] {override.py:1900} INFO - Created Permission View: can edit on DAG:conditional_dataset_and_time_based_timetable
[2024-10-20T13:55:13.813+0000] {logging_mixin.py:190} INFO - [2024-10-20T13:55:13.811+0000] {override.py:1900} INFO - Created Permission View: can read on DAG:conditional_dataset_and_time_based_timetable
[2024-10-20T13:55:13.884+0000] {logging_mixin.py:190} INFO - [2024-10-20T13:55:13.883+0000] {override.py:1900} INFO - Created Permission View: can delete on DAG:conditional_dataset_and_time_based_timetable
[2024-10-20T13:55:13.939+0000] {logging_mixin.py:190} INFO - [2024-10-20T13:55:13.938+0000] {override.py:1900} INFO - Created Permission View: can create on DAG Run:conditional_dataset_and_time_based_timetable
[2024-10-20T13:55:13.984+0000] {logging_mixin.py:190} INFO - [2024-10-20T13:55:13.983+0000] {override.py:1900} INFO - Created Permission View: menu access on DAG Run:conditional_dataset_and_time_based_timetable
[2024-10-20T13:55:14.038+0000] {logging_mixin.py:190} INFO - [2024-10-20T13:55:14.037+0000] {override.py:1900} INFO - Created Permission View: can read on DAG Run:conditional_dataset_and_time_based_timetable
[2024-10-20T13:55:14.097+0000] {logging_mixin.py:190} INFO - [2024-10-20T13:55:14.095+0000] {override.py:1900} INFO - Created Permission View: can delete on DAG Run:conditional_dataset_and_time_based_timetable
[2024-10-20T13:55:14.369+0000] {logging_mixin.py:190} INFO - [2024-10-20T13:55:14.369+0000] {override.py:1900} INFO - Created Permission View: can edit on DAG:dataset_consumes_1_and_2
[2024-10-20T13:55:14.643+0000] {logging_mixin.py:190} INFO - [2024-10-20T13:55:14.641+0000] {override.py:1900} INFO - Created Permission View: can read on DAG:dataset_consumes_1_and_2
[2024-10-20T13:55:14.814+0000] {logging_mixin.py:190} INFO - [2024-10-20T13:55:14.813+0000] {override.py:1900} INFO - Created Permission View: can delete on DAG:dataset_consumes_1_and_2
[2024-10-20T13:55:14.928+0000] {logging_mixin.py:190} INFO - [2024-10-20T13:55:14.928+0000] {override.py:1900} INFO - Created Permission View: can create on DAG Run:dataset_consumes_1_and_2
[2024-10-20T13:55:15.230+0000] {logging_mixin.py:190} INFO - [2024-10-20T13:55:15.230+0000] {override.py:1900} INFO - Created Permission View: menu access on DAG Run:dataset_consumes_1_and_2
[2024-10-20T13:55:15.555+0000] {logging_mixin.py:190} INFO - [2024-10-20T13:55:15.554+0000] {override.py:1900} INFO - Created Permission View: can read on DAG Run:dataset_consumes_1_and_2
[2024-10-20T13:55:15.840+0000] {logging_mixin.py:190} INFO - [2024-10-20T13:55:15.840+0000] {override.py:1900} INFO - Created Permission View: can delete on DAG Run:dataset_consumes_1_and_2
[2024-10-20T13:55:16.138+0000] {logging_mixin.py:190} INFO - [2024-10-20T13:55:16.109+0000] {override.py:1900} INFO - Created Permission View: can edit on DAG:consume_1_or_2_with_dataset_expressions
[2024-10-20T13:55:16.461+0000] {logging_mixin.py:190} INFO - [2024-10-20T13:55:16.460+0000] {override.py:1900} INFO - Created Permission View: can read on DAG:consume_1_or_2_with_dataset_expressions
[2024-10-20T13:55:16.728+0000] {logging_mixin.py:190} INFO - [2024-10-20T13:55:16.727+0000] {override.py:1900} INFO - Created Permission View: can delete on DAG:consume_1_or_2_with_dataset_expressions
[2024-10-20T13:55:16.830+0000] {logging_mixin.py:190} INFO - [2024-10-20T13:55:16.829+0000] {override.py:1900} INFO - Created Permission View: can create on DAG Run:consume_1_or_2_with_dataset_expressions
[2024-10-20T13:55:16.966+0000] {logging_mixin.py:190} INFO - [2024-10-20T13:55:16.965+0000] {override.py:1900} INFO - Created Permission View: menu access on DAG Run:consume_1_or_2_with_dataset_expressions
[2024-10-20T13:55:17.090+0000] {logging_mixin.py:190} INFO - [2024-10-20T13:55:17.089+0000] {override.py:1900} INFO - Created Permission View: can read on DAG Run:consume_1_or_2_with_dataset_expressions
[2024-10-20T13:55:17.406+0000] {logging_mixin.py:190} INFO - [2024-10-20T13:55:17.403+0000] {override.py:1900} INFO - Created Permission View: can delete on DAG Run:consume_1_or_2_with_dataset_expressions
[2024-10-20T13:55:18.043+0000] {logging_mixin.py:190} INFO - [2024-10-20T13:55:18.042+0000] {override.py:1900} INFO - Created Permission View: can edit on DAG:consume_1_or_both_2_and_3_with_dataset_expressions
[2024-10-20T13:55:18.303+0000] {logging_mixin.py:190} INFO - [2024-10-20T13:55:18.302+0000] {override.py:1900} INFO - Created Permission View: can read on DAG:consume_1_or_both_2_and_3_with_dataset_expressions
[2024-10-20T13:55:18.738+0000] {logging_mixin.py:190} INFO - [2024-10-20T13:55:18.738+0000] {override.py:1900} INFO - Created Permission View: can delete on DAG:consume_1_or_both_2_and_3_with_dataset_expressions
[2024-10-20T13:55:19.000+0000] {logging_mixin.py:190} INFO - [2024-10-20T13:55:18.999+0000] {override.py:1900} INFO - Created Permission View: can create on DAG Run:consume_1_or_both_2_and_3_with_dataset_expressions
[2024-10-20T13:55:19.218+0000] {logging_mixin.py:190} INFO - [2024-10-20T13:55:19.171+0000] {override.py:1900} INFO - Created Permission View: menu access on DAG Run:consume_1_or_both_2_and_3_with_dataset_expressions
[2024-10-20T13:55:19.341+0000] {logging_mixin.py:190} INFO - [2024-10-20T13:55:19.340+0000] {override.py:1900} INFO - Created Permission View: can read on DAG Run:consume_1_or_both_2_and_3_with_dataset_expressions
[2024-10-20T13:55:19.486+0000] {logging_mixin.py:190} INFO - [2024-10-20T13:55:19.484+0000] {override.py:1900} INFO - Created Permission View: can delete on DAG Run:consume_1_or_both_2_and_3_with_dataset_expressions
[2024-10-20T13:55:19.672+0000] {logging_mixin.py:190} INFO - [2024-10-20T13:55:19.672+0000] {override.py:1900} INFO - Created Permission View: can edit on DAG:dataset_consumes_unknown_never_scheduled
[2024-10-20T13:55:19.750+0000] {logging_mixin.py:190} INFO - [2024-10-20T13:55:19.749+0000] {override.py:1900} INFO - Created Permission View: can read on DAG:dataset_consumes_unknown_never_scheduled
[2024-10-20T13:55:19.825+0000] {logging_mixin.py:190} INFO - [2024-10-20T13:55:19.824+0000] {override.py:1900} INFO - Created Permission View: can delete on DAG:dataset_consumes_unknown_never_scheduled
[2024-10-20T13:55:19.907+0000] {logging_mixin.py:190} INFO - [2024-10-20T13:55:19.906+0000] {override.py:1900} INFO - Created Permission View: can create on DAG Run:dataset_consumes_unknown_never_scheduled
[2024-10-20T13:55:20.082+0000] {logging_mixin.py:190} INFO - [2024-10-20T13:55:20.080+0000] {override.py:1900} INFO - Created Permission View: menu access on DAG Run:dataset_consumes_unknown_never_scheduled
[2024-10-20T13:55:20.203+0000] {logging_mixin.py:190} INFO - [2024-10-20T13:55:20.202+0000] {override.py:1900} INFO - Created Permission View: can read on DAG Run:dataset_consumes_unknown_never_scheduled
[2024-10-20T13:55:20.298+0000] {logging_mixin.py:190} INFO - [2024-10-20T13:55:20.298+0000] {override.py:1900} INFO - Created Permission View: can delete on DAG Run:dataset_consumes_unknown_never_scheduled
[2024-10-20T13:55:20.709+0000] {logging_mixin.py:190} INFO - [2024-10-20T13:55:20.708+0000] {override.py:1900} INFO - Created Permission View: can edit on DAG:dataset_produces_1
[2024-10-20T13:55:20.851+0000] {logging_mixin.py:190} INFO - [2024-10-20T13:55:20.849+0000] {override.py:1900} INFO - Created Permission View: can read on DAG:dataset_produces_1
[2024-10-20T13:55:20.929+0000] {logging_mixin.py:190} INFO - [2024-10-20T13:55:20.928+0000] {override.py:1900} INFO - Created Permission View: can delete on DAG:dataset_produces_1
[2024-10-20T13:55:21.013+0000] {logging_mixin.py:190} INFO - [2024-10-20T13:55:21.012+0000] {override.py:1900} INFO - Created Permission View: can create on DAG Run:dataset_produces_1
[2024-10-20T13:55:21.103+0000] {logging_mixin.py:190} INFO - [2024-10-20T13:55:21.103+0000] {override.py:1900} INFO - Created Permission View: menu access on DAG Run:dataset_produces_1
[2024-10-20T13:55:21.280+0000] {logging_mixin.py:190} INFO - [2024-10-20T13:55:21.280+0000] {override.py:1900} INFO - Created Permission View: can read on DAG Run:dataset_produces_1
[2024-10-20T13:55:21.524+0000] {logging_mixin.py:190} INFO - [2024-10-20T13:55:21.523+0000] {override.py:1900} INFO - Created Permission View: can delete on DAG Run:dataset_produces_1
[2024-10-20T13:55:21.544+0000] {logging_mixin.py:190} INFO - [2024-10-20T13:55:21.539+0000] {dag.py:3229} INFO - Sync 10 DAGs
[2024-10-20T13:55:21.940+0000] {logging_mixin.py:190} INFO - [2024-10-20T13:55:21.940+0000] {dag.py:3252} INFO - Creating ORM DAG for dataset_consumes_unknown_never_scheduled
[2024-10-20T13:55:22.045+0000] {logging_mixin.py:190} INFO - [2024-10-20T13:55:21.960+0000] {dag.py:3252} INFO - Creating ORM DAG for consume_1_and_2_with_dataset_expressions
[2024-10-20T13:55:22.066+0000] {logging_mixin.py:190} INFO - [2024-10-20T13:55:22.066+0000] {dag.py:3252} INFO - Creating ORM DAG for dataset_consumes_1_never_scheduled
[2024-10-20T13:55:22.084+0000] {logging_mixin.py:190} INFO - [2024-10-20T13:55:22.084+0000] {dag.py:3252} INFO - Creating ORM DAG for dataset_produces_1
[2024-10-20T13:55:22.118+0000] {logging_mixin.py:190} INFO - [2024-10-20T13:55:22.117+0000] {dag.py:3252} INFO - Creating ORM DAG for consume_1_or_2_with_dataset_expressions
[2024-10-20T13:55:22.145+0000] {logging_mixin.py:190} INFO - [2024-10-20T13:55:22.144+0000] {dag.py:3252} INFO - Creating ORM DAG for conditional_dataset_and_time_based_timetable
[2024-10-20T13:55:22.215+0000] {logging_mixin.py:190} INFO - [2024-10-20T13:55:22.215+0000] {dag.py:3252} INFO - Creating ORM DAG for dataset_produces_2
[2024-10-20T13:55:22.322+0000] {logging_mixin.py:190} INFO - [2024-10-20T13:55:22.290+0000] {dag.py:3252} INFO - Creating ORM DAG for consume_1_or_both_2_and_3_with_dataset_expressions
[2024-10-20T13:55:22.329+0000] {logging_mixin.py:190} INFO - [2024-10-20T13:55:22.328+0000] {dag.py:3252} INFO - Creating ORM DAG for dataset_consumes_1
[2024-10-20T13:55:22.337+0000] {logging_mixin.py:190} INFO - [2024-10-20T13:55:22.337+0000] {dag.py:3252} INFO - Creating ORM DAG for dataset_consumes_1_and_2
[2024-10-20T13:55:22.541+0000] {logging_mixin.py:190} INFO - [2024-10-20T13:55:22.540+0000] {dag.py:4156} INFO - Setting next_dagrun for conditional_dataset_and_time_based_timetable to 2024-10-16 01:00:00+00:00, run_after=2024-10-16 01:00:00+00:00
[2024-10-20T13:55:22.671+0000] {logging_mixin.py:190} INFO - [2024-10-20T13:55:22.667+0000] {dag.py:4156} INFO - Setting next_dagrun for consume_1_and_2_with_dataset_expressions to None, run_after=None
[2024-10-20T13:55:22.725+0000] {logging_mixin.py:190} INFO - [2024-10-20T13:55:22.692+0000] {dag.py:4156} INFO - Setting next_dagrun for consume_1_or_2_with_dataset_expressions to None, run_after=None
[2024-10-20T13:55:22.753+0000] {logging_mixin.py:190} INFO - [2024-10-20T13:55:22.752+0000] {dag.py:4156} INFO - Setting next_dagrun for consume_1_or_both_2_and_3_with_dataset_expressions to None, run_after=None
[2024-10-20T13:55:22.771+0000] {logging_mixin.py:190} INFO - [2024-10-20T13:55:22.771+0000] {dag.py:4156} INFO - Setting next_dagrun for dataset_consumes_1 to None, run_after=None
[2024-10-20T13:55:22.808+0000] {logging_mixin.py:190} INFO - [2024-10-20T13:55:22.791+0000] {dag.py:4156} INFO - Setting next_dagrun for dataset_consumes_1_and_2 to None, run_after=None
[2024-10-20T13:55:22.844+0000] {logging_mixin.py:190} INFO - [2024-10-20T13:55:22.843+0000] {dag.py:4156} INFO - Setting next_dagrun for dataset_consumes_1_never_scheduled to None, run_after=None
[2024-10-20T13:55:22.856+0000] {logging_mixin.py:190} INFO - [2024-10-20T13:55:22.855+0000] {dag.py:4156} INFO - Setting next_dagrun for dataset_consumes_unknown_never_scheduled to None, run_after=None
[2024-10-20T13:55:22.919+0000] {logging_mixin.py:190} INFO - [2024-10-20T13:55:22.880+0000] {dag.py:4156} INFO - Setting next_dagrun for dataset_produces_1 to 2024-10-19 00:00:00+00:00, run_after=2024-10-20 00:00:00+00:00
[2024-10-20T13:55:22.991+0000] {logging_mixin.py:190} INFO - [2024-10-20T13:55:22.990+0000] {dag.py:4156} INFO - Setting next_dagrun for dataset_produces_2 to None, run_after=None
[2024-10-20T13:55:24.087+0000] {processor.py:208} INFO - Processing /home/airflow/.local/lib/python3.12/site-packages/airflow/example_dags/example_datasets.py took 23.411 seconds
[2024-10-20T20:32:23.086+0000] {processor.py:186} INFO - Started process (PID=65) to work on /home/airflow/.local/lib/python3.12/site-packages/airflow/example_dags/example_datasets.py
[2024-10-20T20:32:23.099+0000] {processor.py:914} INFO - Processing file /home/airflow/.local/lib/python3.12/site-packages/airflow/example_dags/example_datasets.py for tasks to queue
[2024-10-20T20:32:23.154+0000] {logging_mixin.py:190} INFO - [2024-10-20T20:32:23.153+0000] {dagbag.py:587} INFO - Filling up the DagBag from /home/airflow/.local/lib/python3.12/site-packages/airflow/example_dags/example_datasets.py
[2024-10-20T20:32:25.426+0000] {processor.py:925} INFO - DAG(s) 'dataset_produces_1', 'dataset_consumes_1_and_2', 'dataset_produces_2', 'dataset_consumes_1', 'consume_1_or_2_with_dataset_expressions', 'consume_1_or_both_2_and_3_with_dataset_expressions', 'conditional_dataset_and_time_based_timetable', 'dataset_consumes_1_never_scheduled', 'dataset_consumes_unknown_never_scheduled', 'consume_1_and_2_with_dataset_expressions' retrieved from /home/airflow/.local/lib/python3.12/site-packages/airflow/example_dags/example_datasets.py
[2024-10-20T20:32:26.104+0000] {logging_mixin.py:190} INFO - [2024-10-20T20:32:26.104+0000] {dag.py:3229} INFO - Sync 10 DAGs
[2024-10-20T20:32:26.566+0000] {logging_mixin.py:190} INFO - [2024-10-20T20:32:26.566+0000] {dag.py:4156} INFO - Setting next_dagrun for conditional_dataset_and_time_based_timetable to 2024-10-16 01:00:00+00:00, run_after=2024-10-16 01:00:00+00:00
[2024-10-20T20:32:26.656+0000] {logging_mixin.py:190} INFO - [2024-10-20T20:32:26.655+0000] {dag.py:4156} INFO - Setting next_dagrun for consume_1_and_2_with_dataset_expressions to None, run_after=None
[2024-10-20T20:32:26.669+0000] {logging_mixin.py:190} INFO - [2024-10-20T20:32:26.669+0000] {dag.py:4156} INFO - Setting next_dagrun for consume_1_or_2_with_dataset_expressions to None, run_after=None
[2024-10-20T20:32:26.685+0000] {logging_mixin.py:190} INFO - [2024-10-20T20:32:26.684+0000] {dag.py:4156} INFO - Setting next_dagrun for consume_1_or_both_2_and_3_with_dataset_expressions to None, run_after=None
[2024-10-20T20:32:26.732+0000] {logging_mixin.py:190} INFO - [2024-10-20T20:32:26.721+0000] {dag.py:4156} INFO - Setting next_dagrun for dataset_consumes_1 to None, run_after=None
[2024-10-20T20:32:26.736+0000] {logging_mixin.py:190} INFO - [2024-10-20T20:32:26.735+0000] {dag.py:4156} INFO - Setting next_dagrun for dataset_consumes_1_and_2 to None, run_after=None
[2024-10-20T20:32:26.753+0000] {logging_mixin.py:190} INFO - [2024-10-20T20:32:26.752+0000] {dag.py:4156} INFO - Setting next_dagrun for dataset_consumes_1_never_scheduled to None, run_after=None
[2024-10-20T20:32:26.799+0000] {logging_mixin.py:190} INFO - [2024-10-20T20:32:26.798+0000] {dag.py:4156} INFO - Setting next_dagrun for dataset_consumes_unknown_never_scheduled to None, run_after=None
[2024-10-20T20:32:26.818+0000] {logging_mixin.py:190} INFO - [2024-10-20T20:32:26.818+0000] {dag.py:4156} INFO - Setting next_dagrun for dataset_produces_1 to 2024-10-19 00:00:00+00:00, run_after=2024-10-20 00:00:00+00:00
[2024-10-20T20:32:26.822+0000] {logging_mixin.py:190} INFO - [2024-10-20T20:32:26.822+0000] {dag.py:4156} INFO - Setting next_dagrun for dataset_produces_2 to None, run_after=None
[2024-10-20T20:32:27.663+0000] {processor.py:208} INFO - Processing /home/airflow/.local/lib/python3.12/site-packages/airflow/example_dags/example_datasets.py took 4.632 seconds
[2024-10-20T20:34:17.175+0000] {processor.py:186} INFO - Started process (PID=139) to work on /home/airflow/.local/lib/python3.12/site-packages/airflow/example_dags/example_datasets.py
[2024-10-20T20:34:17.179+0000] {processor.py:914} INFO - Processing file /home/airflow/.local/lib/python3.12/site-packages/airflow/example_dags/example_datasets.py for tasks to queue
[2024-10-20T20:34:17.196+0000] {logging_mixin.py:190} INFO - [2024-10-20T20:34:17.193+0000] {dagbag.py:587} INFO - Filling up the DagBag from /home/airflow/.local/lib/python3.12/site-packages/airflow/example_dags/example_datasets.py
[2024-10-20T20:34:21.139+0000] {processor.py:925} INFO - DAG(s) 'dataset_consumes_1_and_2', 'dataset_consumes_unknown_never_scheduled', 'conditional_dataset_and_time_based_timetable', 'consume_1_and_2_with_dataset_expressions', 'dataset_consumes_1', 'dataset_consumes_1_never_scheduled', 'consume_1_or_both_2_and_3_with_dataset_expressions', 'dataset_produces_1', 'consume_1_or_2_with_dataset_expressions', 'dataset_produces_2' retrieved from /home/airflow/.local/lib/python3.12/site-packages/airflow/example_dags/example_datasets.py
[2024-10-20T20:34:44.307+0000] {logging_mixin.py:190} INFO - [2024-10-20T20:34:44.307+0000] {dag.py:3229} INFO - Sync 10 DAGs
[2024-10-20T20:34:45.286+0000] {logging_mixin.py:190} INFO - [2024-10-20T20:34:45.286+0000] {dag.py:4156} INFO - Setting next_dagrun for conditional_dataset_and_time_based_timetable to 2024-10-16 01:00:00+00:00, run_after=2024-10-16 01:00:00+00:00
[2024-10-20T20:34:45.324+0000] {logging_mixin.py:190} INFO - [2024-10-20T20:34:45.324+0000] {dag.py:4156} INFO - Setting next_dagrun for consume_1_and_2_with_dataset_expressions to None, run_after=None
[2024-10-20T20:34:45.342+0000] {logging_mixin.py:190} INFO - [2024-10-20T20:34:45.341+0000] {dag.py:4156} INFO - Setting next_dagrun for consume_1_or_2_with_dataset_expressions to None, run_after=None
[2024-10-20T20:34:45.346+0000] {logging_mixin.py:190} INFO - [2024-10-20T20:34:45.345+0000] {dag.py:4156} INFO - Setting next_dagrun for consume_1_or_both_2_and_3_with_dataset_expressions to None, run_after=None
[2024-10-20T20:34:45.368+0000] {logging_mixin.py:190} INFO - [2024-10-20T20:34:45.361+0000] {dag.py:4156} INFO - Setting next_dagrun for dataset_consumes_1 to None, run_after=None
[2024-10-20T20:34:45.378+0000] {logging_mixin.py:190} INFO - [2024-10-20T20:34:45.378+0000] {dag.py:4156} INFO - Setting next_dagrun for dataset_consumes_1_and_2 to None, run_after=None
[2024-10-20T20:34:45.391+0000] {logging_mixin.py:190} INFO - [2024-10-20T20:34:45.391+0000] {dag.py:4156} INFO - Setting next_dagrun for dataset_consumes_1_never_scheduled to None, run_after=None
[2024-10-20T20:34:45.396+0000] {logging_mixin.py:190} INFO - [2024-10-20T20:34:45.396+0000] {dag.py:4156} INFO - Setting next_dagrun for dataset_consumes_unknown_never_scheduled to None, run_after=None
[2024-10-20T20:34:45.416+0000] {logging_mixin.py:190} INFO - [2024-10-20T20:34:45.415+0000] {dag.py:4156} INFO - Setting next_dagrun for dataset_produces_1 to 2024-10-19 00:00:00+00:00, run_after=2024-10-20 00:00:00+00:00
[2024-10-20T20:34:45.421+0000] {logging_mixin.py:190} INFO - [2024-10-20T20:34:45.420+0000] {dag.py:4156} INFO - Setting next_dagrun for dataset_produces_2 to None, run_after=None
[2024-10-20T20:34:45.965+0000] {processor.py:208} INFO - Processing /home/airflow/.local/lib/python3.12/site-packages/airflow/example_dags/example_datasets.py took 28.890 seconds
[2024-10-20T20:35:17.098+0000] {processor.py:186} INFO - Started process (PID=196) to work on /home/airflow/.local/lib/python3.12/site-packages/airflow/example_dags/example_datasets.py
[2024-10-20T20:35:17.117+0000] {processor.py:914} INFO - Processing file /home/airflow/.local/lib/python3.12/site-packages/airflow/example_dags/example_datasets.py for tasks to queue
[2024-10-20T20:35:17.139+0000] {logging_mixin.py:190} INFO - [2024-10-20T20:35:17.138+0000] {dagbag.py:587} INFO - Filling up the DagBag from /home/airflow/.local/lib/python3.12/site-packages/airflow/example_dags/example_datasets.py
[2024-10-20T20:35:18.105+0000] {processor.py:925} INFO - DAG(s) 'dataset_consumes_1', 'consume_1_or_both_2_and_3_with_dataset_expressions', 'consume_1_and_2_with_dataset_expressions', 'dataset_produces_1', 'dataset_consumes_unknown_never_scheduled', 'dataset_consumes_1_and_2', 'consume_1_or_2_with_dataset_expressions', 'conditional_dataset_and_time_based_timetable', 'dataset_produces_2', 'dataset_consumes_1_never_scheduled' retrieved from /home/airflow/.local/lib/python3.12/site-packages/airflow/example_dags/example_datasets.py
[2024-10-20T20:35:18.478+0000] {logging_mixin.py:190} INFO - [2024-10-20T20:35:18.477+0000] {dag.py:3229} INFO - Sync 10 DAGs
[2024-10-20T20:35:18.662+0000] {logging_mixin.py:190} INFO - [2024-10-20T20:35:18.662+0000] {dag.py:4156} INFO - Setting next_dagrun for conditional_dataset_and_time_based_timetable to 2024-10-16 01:00:00+00:00, run_after=2024-10-16 01:00:00+00:00
[2024-10-20T20:35:18.687+0000] {logging_mixin.py:190} INFO - [2024-10-20T20:35:18.687+0000] {dag.py:4156} INFO - Setting next_dagrun for consume_1_and_2_with_dataset_expressions to None, run_after=None
[2024-10-20T20:35:18.705+0000] {logging_mixin.py:190} INFO - [2024-10-20T20:35:18.701+0000] {dag.py:4156} INFO - Setting next_dagrun for consume_1_or_2_with_dataset_expressions to None, run_after=None
[2024-10-20T20:35:18.724+0000] {logging_mixin.py:190} INFO - [2024-10-20T20:35:18.724+0000] {dag.py:4156} INFO - Setting next_dagrun for consume_1_or_both_2_and_3_with_dataset_expressions to None, run_after=None
[2024-10-20T20:35:18.745+0000] {logging_mixin.py:190} INFO - [2024-10-20T20:35:18.742+0000] {dag.py:4156} INFO - Setting next_dagrun for dataset_consumes_1 to None, run_after=None
[2024-10-20T20:35:18.755+0000] {logging_mixin.py:190} INFO - [2024-10-20T20:35:18.754+0000] {dag.py:4156} INFO - Setting next_dagrun for dataset_consumes_1_and_2 to None, run_after=None
[2024-10-20T20:35:18.761+0000] {logging_mixin.py:190} INFO - [2024-10-20T20:35:18.759+0000] {dag.py:4156} INFO - Setting next_dagrun for dataset_consumes_1_never_scheduled to None, run_after=None
[2024-10-20T20:35:18.769+0000] {logging_mixin.py:190} INFO - [2024-10-20T20:35:18.769+0000] {dag.py:4156} INFO - Setting next_dagrun for dataset_consumes_unknown_never_scheduled to None, run_after=None
[2024-10-20T20:35:18.776+0000] {logging_mixin.py:190} INFO - [2024-10-20T20:35:18.775+0000] {dag.py:4156} INFO - Setting next_dagrun for dataset_produces_1 to 2024-10-19 00:00:00+00:00, run_after=2024-10-20 00:00:00+00:00
[2024-10-20T20:35:18.786+0000] {logging_mixin.py:190} INFO - [2024-10-20T20:35:18.786+0000] {dag.py:4156} INFO - Setting next_dagrun for dataset_produces_2 to None, run_after=None
[2024-10-20T20:35:18.976+0000] {processor.py:208} INFO - Processing /home/airflow/.local/lib/python3.12/site-packages/airflow/example_dags/example_datasets.py took 1.933 seconds
