[2024-10-20T13:22:39.975+0000] {processor.py:186} INFO - Started process (PID=141) to work on /home/airflow/.local/lib/python3.12/site-packages/airflow/example_dags/example_complex.py
[2024-10-20T13:22:40.016+0000] {processor.py:914} INFO - Processing file /home/airflow/.local/lib/python3.12/site-packages/airflow/example_dags/example_complex.py for tasks to queue
[2024-10-20T13:22:40.042+0000] {logging_mixin.py:190} INFO - [2024-10-20T13:22:40.041+0000] {dagbag.py:587} INFO - Filling up the DagBag from /home/airflow/.local/lib/python3.12/site-packages/airflow/example_dags/example_complex.py
[2024-10-20T13:22:40.292+0000] {processor.py:925} INFO - DAG(s) 'example_complex' retrieved from /home/airflow/.local/lib/python3.12/site-packages/airflow/example_dags/example_complex.py
[2024-10-20T13:22:42.412+0000] {logging_mixin.py:190} INFO - [2024-10-20T13:22:42.391+0000] {override.py:1900} INFO - Created Permission View: can read on DAG:example_complex
[2024-10-20T13:22:42.579+0000] {logging_mixin.py:190} INFO - [2024-10-20T13:22:42.577+0000] {override.py:1900} INFO - Created Permission View: can edit on DAG:example_complex
[2024-10-20T13:22:42.742+0000] {logging_mixin.py:190} INFO - [2024-10-20T13:22:42.741+0000] {override.py:1900} INFO - Created Permission View: can delete on DAG:example_complex
[2024-10-20T13:22:42.825+0000] {logging_mixin.py:190} INFO - [2024-10-20T13:22:42.825+0000] {override.py:1900} INFO - Created Permission View: can create on DAG Run:example_complex
[2024-10-20T13:22:42.987+0000] {logging_mixin.py:190} INFO - [2024-10-20T13:22:42.985+0000] {override.py:1900} INFO - Created Permission View: can read on DAG Run:example_complex
[2024-10-20T13:22:43.085+0000] {logging_mixin.py:190} INFO - [2024-10-20T13:22:43.084+0000] {override.py:1900} INFO - Created Permission View: menu access on DAG Run:example_complex
[2024-10-20T13:22:43.202+0000] {logging_mixin.py:190} INFO - [2024-10-20T13:22:43.200+0000] {override.py:1900} INFO - Created Permission View: can delete on DAG Run:example_complex
[2024-10-20T13:22:43.216+0000] {logging_mixin.py:190} INFO - [2024-10-20T13:22:43.216+0000] {dag.py:3229} INFO - Sync 1 DAGs
[2024-10-20T13:22:43.361+0000] {logging_mixin.py:190} INFO - [2024-10-20T13:22:43.361+0000] {dag.py:3252} INFO - Creating ORM DAG for example_complex
[2024-10-20T13:22:43.381+0000] {logging_mixin.py:190} INFO - [2024-10-20T13:22:43.380+0000] {dag.py:4156} INFO - Setting next_dagrun for example_complex to None, run_after=None
[2024-10-20T13:22:43.638+0000] {processor.py:208} INFO - Processing /home/airflow/.local/lib/python3.12/site-packages/airflow/example_dags/example_complex.py took 3.723 seconds
[2024-10-20T13:54:05.951+0000] {processor.py:186} INFO - Started process (PID=109) to work on /home/airflow/.local/lib/python3.12/site-packages/airflow/example_dags/example_complex.py
[2024-10-20T13:54:06.000+0000] {processor.py:914} INFO - Processing file /home/airflow/.local/lib/python3.12/site-packages/airflow/example_dags/example_complex.py for tasks to queue
[2024-10-20T13:54:06.025+0000] {logging_mixin.py:190} INFO - [2024-10-20T13:54:06.023+0000] {dagbag.py:587} INFO - Filling up the DagBag from /home/airflow/.local/lib/python3.12/site-packages/airflow/example_dags/example_complex.py
[2024-10-20T13:54:06.395+0000] {processor.py:925} INFO - DAG(s) 'example_complex' retrieved from /home/airflow/.local/lib/python3.12/site-packages/airflow/example_dags/example_complex.py
[2024-10-20T13:54:08.159+0000] {logging_mixin.py:190} INFO - [2024-10-20T13:54:08.158+0000] {dag.py:3229} INFO - Sync 1 DAGs
[2024-10-20T13:54:08.463+0000] {logging_mixin.py:190} INFO - [2024-10-20T13:54:08.462+0000] {dag.py:4156} INFO - Setting next_dagrun for example_complex to None, run_after=None
[2024-10-20T13:54:08.810+0000] {processor.py:208} INFO - Processing /home/airflow/.local/lib/python3.12/site-packages/airflow/example_dags/example_complex.py took 2.931 seconds
[2024-10-20T20:31:40.474+0000] {processor.py:186} INFO - Started process (PID=44) to work on /home/airflow/.local/lib/python3.12/site-packages/airflow/example_dags/example_complex.py
[2024-10-20T20:31:40.492+0000] {processor.py:914} INFO - Processing file /home/airflow/.local/lib/python3.12/site-packages/airflow/example_dags/example_complex.py for tasks to queue
[2024-10-20T20:31:40.509+0000] {logging_mixin.py:190} INFO - [2024-10-20T20:31:40.508+0000] {dagbag.py:587} INFO - Filling up the DagBag from /home/airflow/.local/lib/python3.12/site-packages/airflow/example_dags/example_complex.py
[2024-10-20T20:31:40.658+0000] {processor.py:925} INFO - DAG(s) 'example_complex' retrieved from /home/airflow/.local/lib/python3.12/site-packages/airflow/example_dags/example_complex.py
[2024-10-20T20:31:41.448+0000] {logging_mixin.py:190} INFO - [2024-10-20T20:31:41.416+0000] {dag.py:3229} INFO - Sync 1 DAGs
[2024-10-20T20:31:41.701+0000] {logging_mixin.py:190} INFO - [2024-10-20T20:31:41.701+0000] {dag.py:4156} INFO - Setting next_dagrun for example_complex to None, run_after=None
[2024-10-20T20:31:41.970+0000] {processor.py:208} INFO - Processing /home/airflow/.local/lib/python3.12/site-packages/airflow/example_dags/example_complex.py took 1.545 seconds
[2024-10-20T20:33:31.748+0000] {processor.py:186} INFO - Started process (PID=101) to work on /home/airflow/.local/lib/python3.12/site-packages/airflow/example_dags/example_complex.py
[2024-10-20T20:33:31.752+0000] {processor.py:914} INFO - Processing file /home/airflow/.local/lib/python3.12/site-packages/airflow/example_dags/example_complex.py for tasks to queue
[2024-10-20T20:33:31.760+0000] {logging_mixin.py:190} INFO - [2024-10-20T20:33:31.758+0000] {dagbag.py:587} INFO - Filling up the DagBag from /home/airflow/.local/lib/python3.12/site-packages/airflow/example_dags/example_complex.py
[2024-10-20T20:33:31.949+0000] {processor.py:925} INFO - DAG(s) 'example_complex' retrieved from /home/airflow/.local/lib/python3.12/site-packages/airflow/example_dags/example_complex.py
[2024-10-20T20:33:32.150+0000] {logging_mixin.py:190} INFO - [2024-10-20T20:33:32.143+0000] {dag.py:3229} INFO - Sync 1 DAGs
[2024-10-20T20:33:32.252+0000] {logging_mixin.py:190} INFO - [2024-10-20T20:33:32.251+0000] {dag.py:4156} INFO - Setting next_dagrun for example_complex to None, run_after=None
[2024-10-20T20:33:32.401+0000] {processor.py:208} INFO - Processing /home/airflow/.local/lib/python3.12/site-packages/airflow/example_dags/example_complex.py took 0.697 seconds
[2024-10-20T20:34:14.953+0000] {processor.py:186} INFO - Started process (PID=136) to work on /home/airflow/.local/lib/python3.12/site-packages/airflow/example_dags/example_complex.py
[2024-10-20T20:34:14.960+0000] {processor.py:914} INFO - Processing file /home/airflow/.local/lib/python3.12/site-packages/airflow/example_dags/example_complex.py for tasks to queue
[2024-10-20T20:34:14.974+0000] {logging_mixin.py:190} INFO - [2024-10-20T20:34:14.968+0000] {dagbag.py:587} INFO - Filling up the DagBag from /home/airflow/.local/lib/python3.12/site-packages/airflow/example_dags/example_complex.py
[2024-10-20T20:34:15.030+0000] {processor.py:925} INFO - DAG(s) 'example_complex' retrieved from /home/airflow/.local/lib/python3.12/site-packages/airflow/example_dags/example_complex.py
[2024-10-20T20:34:15.227+0000] {logging_mixin.py:190} INFO - [2024-10-20T20:34:15.227+0000] {dag.py:3229} INFO - Sync 1 DAGs
[2024-10-20T20:34:15.432+0000] {logging_mixin.py:190} INFO - [2024-10-20T20:34:15.432+0000] {dag.py:4156} INFO - Setting next_dagrun for example_complex to None, run_after=None
[2024-10-20T20:34:15.658+0000] {processor.py:208} INFO - Processing /home/airflow/.local/lib/python3.12/site-packages/airflow/example_dags/example_complex.py took 0.781 seconds
[2024-10-20T20:35:02.612+0000] {processor.py:186} INFO - Started process (PID=175) to work on /home/airflow/.local/lib/python3.12/site-packages/airflow/example_dags/example_complex.py
[2024-10-20T20:35:02.615+0000] {processor.py:914} INFO - Processing file /home/airflow/.local/lib/python3.12/site-packages/airflow/example_dags/example_complex.py for tasks to queue
[2024-10-20T20:35:02.624+0000] {logging_mixin.py:190} INFO - [2024-10-20T20:35:02.623+0000] {dagbag.py:587} INFO - Filling up the DagBag from /home/airflow/.local/lib/python3.12/site-packages/airflow/example_dags/example_complex.py
[2024-10-20T20:35:02.713+0000] {processor.py:925} INFO - DAG(s) 'example_complex' retrieved from /home/airflow/.local/lib/python3.12/site-packages/airflow/example_dags/example_complex.py
[2024-10-20T20:35:02.871+0000] {logging_mixin.py:190} INFO - [2024-10-20T20:35:02.871+0000] {dag.py:3229} INFO - Sync 1 DAGs
[2024-10-20T20:35:02.930+0000] {logging_mixin.py:190} INFO - [2024-10-20T20:35:02.929+0000] {dag.py:4156} INFO - Setting next_dagrun for example_complex to None, run_after=None
[2024-10-20T20:35:03.002+0000] {processor.py:208} INFO - Processing /home/airflow/.local/lib/python3.12/site-packages/airflow/example_dags/example_complex.py took 0.408 seconds
