[2024-10-20T13:24:08.481+0000] {processor.py:186} INFO - Started process (PID=171) to work on /home/airflow/.local/lib/python3.12/site-packages/airflow/example_dags/example_outlet_event_extra.py
[2024-10-20T13:24:08.492+0000] {processor.py:914} INFO - Processing file /home/airflow/.local/lib/python3.12/site-packages/airflow/example_dags/example_outlet_event_extra.py for tasks to queue
[2024-10-20T13:24:08.532+0000] {logging_mixin.py:190} INFO - [2024-10-20T13:24:08.519+0000] {dagbag.py:587} INFO - Filling up the DagBag from /home/airflow/.local/lib/python3.12/site-packages/airflow/example_dags/example_outlet_event_extra.py
[2024-10-20T13:24:16.131+0000] {processor.py:925} INFO - DAG(s) 'dataset_with_extra_by_yield', 'dataset_with_extra_by_context', 'dataset_with_extra_from_classic_operator' retrieved from /home/airflow/.local/lib/python3.12/site-packages/airflow/example_dags/example_outlet_event_extra.py
[2024-10-20T13:54:52.697+0000] {processor.py:186} INFO - Started process (PID=139) to work on /home/airflow/.local/lib/python3.12/site-packages/airflow/example_dags/example_outlet_event_extra.py
[2024-10-20T13:54:52.754+0000] {processor.py:914} INFO - Processing file /home/airflow/.local/lib/python3.12/site-packages/airflow/example_dags/example_outlet_event_extra.py for tasks to queue
[2024-10-20T13:54:52.774+0000] {logging_mixin.py:190} INFO - [2024-10-20T13:54:52.773+0000] {dagbag.py:587} INFO - Filling up the DagBag from /home/airflow/.local/lib/python3.12/site-packages/airflow/example_dags/example_outlet_event_extra.py
[2024-10-20T13:55:02.094+0000] {processor.py:925} INFO - DAG(s) 'dataset_with_extra_by_context', 'dataset_with_extra_by_yield', 'dataset_with_extra_from_classic_operator' retrieved from /home/airflow/.local/lib/python3.12/site-packages/airflow/example_dags/example_outlet_event_extra.py
[2024-10-20T13:55:04.821+0000] {logging_mixin.py:190} INFO - [2024-10-20T13:55:04.815+0000] {override.py:1900} INFO - Created Permission View: can edit on DAG:dataset_with_extra_by_context
[2024-10-20T13:55:05.471+0000] {logging_mixin.py:190} INFO - [2024-10-20T13:55:05.469+0000] {override.py:1900} INFO - Created Permission View: can read on DAG:dataset_with_extra_by_context
[2024-10-20T13:55:05.624+0000] {logging_mixin.py:190} INFO - [2024-10-20T13:55:05.619+0000] {override.py:1900} INFO - Created Permission View: can delete on DAG:dataset_with_extra_by_context
[2024-10-20T13:55:05.964+0000] {logging_mixin.py:190} INFO - [2024-10-20T13:55:05.963+0000] {override.py:1900} INFO - Created Permission View: can create on DAG Run:dataset_with_extra_by_context
[2024-10-20T13:55:06.020+0000] {logging_mixin.py:190} INFO - [2024-10-20T13:55:06.019+0000] {override.py:1900} INFO - Created Permission View: menu access on DAG Run:dataset_with_extra_by_context
[2024-10-20T13:55:06.094+0000] {logging_mixin.py:190} INFO - [2024-10-20T13:55:06.094+0000] {override.py:1900} INFO - Created Permission View: can read on DAG Run:dataset_with_extra_by_context
[2024-10-20T13:55:06.367+0000] {logging_mixin.py:190} INFO - [2024-10-20T13:55:06.366+0000] {override.py:1900} INFO - Created Permission View: can delete on DAG Run:dataset_with_extra_by_context
[2024-10-20T13:55:06.522+0000] {logging_mixin.py:190} INFO - [2024-10-20T13:55:06.521+0000] {override.py:1900} INFO - Created Permission View: can edit on DAG:dataset_with_extra_by_yield
[2024-10-20T13:55:06.641+0000] {logging_mixin.py:190} INFO - [2024-10-20T13:55:06.639+0000] {override.py:1900} INFO - Created Permission View: can read on DAG:dataset_with_extra_by_yield
[2024-10-20T13:55:06.729+0000] {logging_mixin.py:190} INFO - [2024-10-20T13:55:06.728+0000] {override.py:1900} INFO - Created Permission View: can delete on DAG:dataset_with_extra_by_yield
[2024-10-20T13:55:06.817+0000] {logging_mixin.py:190} INFO - [2024-10-20T13:55:06.816+0000] {override.py:1900} INFO - Created Permission View: can create on DAG Run:dataset_with_extra_by_yield
[2024-10-20T13:55:06.920+0000] {logging_mixin.py:190} INFO - [2024-10-20T13:55:06.919+0000] {override.py:1900} INFO - Created Permission View: menu access on DAG Run:dataset_with_extra_by_yield
[2024-10-20T13:55:07.009+0000] {logging_mixin.py:190} INFO - [2024-10-20T13:55:07.005+0000] {override.py:1900} INFO - Created Permission View: can read on DAG Run:dataset_with_extra_by_yield
[2024-10-20T13:55:07.194+0000] {logging_mixin.py:190} INFO - [2024-10-20T13:55:07.192+0000] {override.py:1900} INFO - Created Permission View: can delete on DAG Run:dataset_with_extra_by_yield
[2024-10-20T13:55:07.647+0000] {logging_mixin.py:190} INFO - [2024-10-20T13:55:07.646+0000] {override.py:1900} INFO - Created Permission View: can edit on DAG:dataset_with_extra_from_classic_operator
[2024-10-20T13:55:07.789+0000] {logging_mixin.py:190} INFO - [2024-10-20T13:55:07.788+0000] {override.py:1900} INFO - Created Permission View: can read on DAG:dataset_with_extra_from_classic_operator
[2024-10-20T13:55:08.013+0000] {logging_mixin.py:190} INFO - [2024-10-20T13:55:07.990+0000] {override.py:1900} INFO - Created Permission View: can delete on DAG:dataset_with_extra_from_classic_operator
[2024-10-20T13:55:08.415+0000] {logging_mixin.py:190} INFO - [2024-10-20T13:55:08.411+0000] {override.py:1900} INFO - Created Permission View: can create on DAG Run:dataset_with_extra_from_classic_operator
[2024-10-20T13:55:08.592+0000] {logging_mixin.py:190} INFO - [2024-10-20T13:55:08.591+0000] {override.py:1900} INFO - Created Permission View: menu access on DAG Run:dataset_with_extra_from_classic_operator
[2024-10-20T13:55:08.702+0000] {logging_mixin.py:190} INFO - [2024-10-20T13:55:08.700+0000] {override.py:1900} INFO - Created Permission View: can read on DAG Run:dataset_with_extra_from_classic_operator
[2024-10-20T13:55:08.764+0000] {logging_mixin.py:190} INFO - [2024-10-20T13:55:08.764+0000] {override.py:1900} INFO - Created Permission View: can delete on DAG Run:dataset_with_extra_from_classic_operator
[2024-10-20T13:55:08.783+0000] {logging_mixin.py:190} INFO - [2024-10-20T13:55:08.783+0000] {dag.py:3229} INFO - Sync 3 DAGs
[2024-10-20T13:55:09.044+0000] {logging_mixin.py:190} INFO - [2024-10-20T13:55:09.044+0000] {dag.py:3252} INFO - Creating ORM DAG for dataset_with_extra_by_context
[2024-10-20T13:55:09.060+0000] {logging_mixin.py:190} INFO - [2024-10-20T13:55:09.060+0000] {dag.py:3252} INFO - Creating ORM DAG for dataset_with_extra_by_yield
[2024-10-20T13:55:09.096+0000] {logging_mixin.py:190} INFO - [2024-10-20T13:55:09.095+0000] {dag.py:3252} INFO - Creating ORM DAG for dataset_with_extra_from_classic_operator
[2024-10-20T13:55:09.241+0000] {logging_mixin.py:190} INFO - [2024-10-20T13:55:09.240+0000] {dag.py:4156} INFO - Setting next_dagrun for dataset_with_extra_by_context to 2024-10-19 00:00:00+00:00, run_after=2024-10-20 00:00:00+00:00
[2024-10-20T13:55:09.281+0000] {logging_mixin.py:190} INFO - [2024-10-20T13:55:09.280+0000] {dag.py:4156} INFO - Setting next_dagrun for dataset_with_extra_by_yield to 2024-10-19 00:00:00+00:00, run_after=2024-10-20 00:00:00+00:00
[2024-10-20T13:55:09.322+0000] {logging_mixin.py:190} INFO - [2024-10-20T13:55:09.321+0000] {dag.py:4156} INFO - Setting next_dagrun for dataset_with_extra_from_classic_operator to 2024-10-19 00:00:00+00:00, run_after=2024-10-20 00:00:00+00:00
[2024-10-20T13:55:09.611+0000] {processor.py:208} INFO - Processing /home/airflow/.local/lib/python3.12/site-packages/airflow/example_dags/example_outlet_event_extra.py took 18.996 seconds
[2024-10-20T20:32:18.131+0000] {processor.py:186} INFO - Started process (PID=63) to work on /home/airflow/.local/lib/python3.12/site-packages/airflow/example_dags/example_outlet_event_extra.py
[2024-10-20T20:32:18.162+0000] {processor.py:914} INFO - Processing file /home/airflow/.local/lib/python3.12/site-packages/airflow/example_dags/example_outlet_event_extra.py for tasks to queue
[2024-10-20T20:32:18.168+0000] {logging_mixin.py:190} INFO - [2024-10-20T20:32:18.167+0000] {dagbag.py:587} INFO - Filling up the DagBag from /home/airflow/.local/lib/python3.12/site-packages/airflow/example_dags/example_outlet_event_extra.py
[2024-10-20T20:32:20.858+0000] {processor.py:925} INFO - DAG(s) 'dataset_with_extra_by_yield', 'dataset_with_extra_by_context', 'dataset_with_extra_from_classic_operator' retrieved from /home/airflow/.local/lib/python3.12/site-packages/airflow/example_dags/example_outlet_event_extra.py
[2024-10-20T20:32:21.046+0000] {logging_mixin.py:190} INFO - [2024-10-20T20:32:21.046+0000] {dag.py:3229} INFO - Sync 3 DAGs
[2024-10-20T20:32:21.663+0000] {logging_mixin.py:190} INFO - [2024-10-20T20:32:21.662+0000] {dag.py:4156} INFO - Setting next_dagrun for dataset_with_extra_by_context to 2024-10-19 00:00:00+00:00, run_after=2024-10-20 00:00:00+00:00
[2024-10-20T20:32:21.752+0000] {logging_mixin.py:190} INFO - [2024-10-20T20:32:21.751+0000] {dag.py:4156} INFO - Setting next_dagrun for dataset_with_extra_by_yield to 2024-10-19 00:00:00+00:00, run_after=2024-10-20 00:00:00+00:00
[2024-10-20T20:32:21.815+0000] {logging_mixin.py:190} INFO - [2024-10-20T20:32:21.759+0000] {dag.py:4156} INFO - Setting next_dagrun for dataset_with_extra_from_classic_operator to 2024-10-19 00:00:00+00:00, run_after=2024-10-20 00:00:00+00:00
[2024-10-20T20:32:22.573+0000] {processor.py:208} INFO - Processing /home/airflow/.local/lib/python3.12/site-packages/airflow/example_dags/example_outlet_event_extra.py took 4.457 seconds
[2024-10-20T20:34:16.031+0000] {processor.py:186} INFO - Started process (PID=137) to work on /home/airflow/.local/lib/python3.12/site-packages/airflow/example_dags/example_outlet_event_extra.py
[2024-10-20T20:34:16.045+0000] {processor.py:914} INFO - Processing file /home/airflow/.local/lib/python3.12/site-packages/airflow/example_dags/example_outlet_event_extra.py for tasks to queue
[2024-10-20T20:34:16.065+0000] {logging_mixin.py:190} INFO - [2024-10-20T20:34:16.064+0000] {dagbag.py:587} INFO - Filling up the DagBag from /home/airflow/.local/lib/python3.12/site-packages/airflow/example_dags/example_outlet_event_extra.py
[2024-10-20T20:34:21.140+0000] {processor.py:925} INFO - DAG(s) 'dataset_with_extra_from_classic_operator', 'dataset_with_extra_by_context', 'dataset_with_extra_by_yield' retrieved from /home/airflow/.local/lib/python3.12/site-packages/airflow/example_dags/example_outlet_event_extra.py
[2024-10-20T20:34:43.733+0000] {logging_mixin.py:190} INFO - [2024-10-20T20:34:43.725+0000] {dag.py:3229} INFO - Sync 3 DAGs
[2024-10-20T20:34:45.246+0000] {logging_mixin.py:190} INFO - [2024-10-20T20:34:45.232+0000] {dag.py:4156} INFO - Setting next_dagrun for dataset_with_extra_by_context to 2024-10-19 00:00:00+00:00, run_after=2024-10-20 00:00:00+00:00
[2024-10-20T20:34:45.376+0000] {logging_mixin.py:190} INFO - [2024-10-20T20:34:45.376+0000] {dag.py:4156} INFO - Setting next_dagrun for dataset_with_extra_by_yield to 2024-10-19 00:00:00+00:00, run_after=2024-10-20 00:00:00+00:00
[2024-10-20T20:34:45.391+0000] {logging_mixin.py:190} INFO - [2024-10-20T20:34:45.390+0000] {dag.py:4156} INFO - Setting next_dagrun for dataset_with_extra_from_classic_operator to 2024-10-19 00:00:00+00:00, run_after=2024-10-20 00:00:00+00:00
[2024-10-20T20:34:45.975+0000] {processor.py:208} INFO - Processing /home/airflow/.local/lib/python3.12/site-packages/airflow/example_dags/example_outlet_event_extra.py took 30.032 seconds
[2024-10-20T20:35:16.918+0000] {processor.py:186} INFO - Started process (PID=195) to work on /home/airflow/.local/lib/python3.12/site-packages/airflow/example_dags/example_outlet_event_extra.py
[2024-10-20T20:35:16.933+0000] {processor.py:914} INFO - Processing file /home/airflow/.local/lib/python3.12/site-packages/airflow/example_dags/example_outlet_event_extra.py for tasks to queue
[2024-10-20T20:35:16.951+0000] {logging_mixin.py:190} INFO - [2024-10-20T20:35:16.950+0000] {dagbag.py:587} INFO - Filling up the DagBag from /home/airflow/.local/lib/python3.12/site-packages/airflow/example_dags/example_outlet_event_extra.py
[2024-10-20T20:35:18.120+0000] {processor.py:925} INFO - DAG(s) 'dataset_with_extra_by_yield', 'dataset_with_extra_from_classic_operator', 'dataset_with_extra_by_context' retrieved from /home/airflow/.local/lib/python3.12/site-packages/airflow/example_dags/example_outlet_event_extra.py
[2024-10-20T20:35:18.264+0000] {logging_mixin.py:190} INFO - [2024-10-20T20:35:18.264+0000] {dag.py:3229} INFO - Sync 3 DAGs
[2024-10-20T20:35:18.479+0000] {logging_mixin.py:190} INFO - [2024-10-20T20:35:18.478+0000] {dag.py:4156} INFO - Setting next_dagrun for dataset_with_extra_by_context to 2024-10-19 00:00:00+00:00, run_after=2024-10-20 00:00:00+00:00
[2024-10-20T20:35:18.493+0000] {logging_mixin.py:190} INFO - [2024-10-20T20:35:18.493+0000] {dag.py:4156} INFO - Setting next_dagrun for dataset_with_extra_by_yield to 2024-10-19 00:00:00+00:00, run_after=2024-10-20 00:00:00+00:00
[2024-10-20T20:35:18.505+0000] {logging_mixin.py:190} INFO - [2024-10-20T20:35:18.505+0000] {dag.py:4156} INFO - Setting next_dagrun for dataset_with_extra_from_classic_operator to 2024-10-19 00:00:00+00:00, run_after=2024-10-20 00:00:00+00:00
[2024-10-20T20:35:18.571+0000] {processor.py:208} INFO - Processing /home/airflow/.local/lib/python3.12/site-packages/airflow/example_dags/example_outlet_event_extra.py took 1.703 seconds
