[2024-10-20T13:55:16.524+0000] {processor.py:186} INFO - Started process (PID=148) to work on /home/airflow/.local/lib/python3.12/site-packages/airflow/example_dags/example_trigger_target_dag.py
[2024-10-20T13:55:16.567+0000] {processor.py:914} INFO - Processing file /home/airflow/.local/lib/python3.12/site-packages/airflow/example_dags/example_trigger_target_dag.py for tasks to queue
[2024-10-20T13:55:16.627+0000] {logging_mixin.py:190} INFO - [2024-10-20T13:55:16.626+0000] {dagbag.py:587} INFO - Filling up the DagBag from /home/airflow/.local/lib/python3.12/site-packages/airflow/example_dags/example_trigger_target_dag.py
[2024-10-20T13:55:17.060+0000] {processor.py:925} INFO - DAG(s) 'example_trigger_target_dag' retrieved from /home/airflow/.local/lib/python3.12/site-packages/airflow/example_dags/example_trigger_target_dag.py
[2024-10-20T13:55:20.865+0000] {logging_mixin.py:190} INFO - [2024-10-20T13:55:20.863+0000] {override.py:1900} INFO - Created Permission View: can edit on DAG:example_trigger_target_dag
[2024-10-20T13:55:21.296+0000] {logging_mixin.py:190} INFO - [2024-10-20T13:55:21.295+0000] {override.py:1900} INFO - Created Permission View: can read on DAG:example_trigger_target_dag
[2024-10-20T13:55:21.581+0000] {logging_mixin.py:190} INFO - [2024-10-20T13:55:21.581+0000] {override.py:1900} INFO - Created Permission View: can delete on DAG:example_trigger_target_dag
[2024-10-20T13:55:21.811+0000] {logging_mixin.py:190} INFO - [2024-10-20T13:55:21.810+0000] {override.py:1900} INFO - Created Permission View: can create on DAG Run:example_trigger_target_dag
[2024-10-20T13:55:22.251+0000] {logging_mixin.py:190} INFO - [2024-10-20T13:55:22.250+0000] {override.py:1900} INFO - Created Permission View: menu access on DAG Run:example_trigger_target_dag
[2024-10-20T13:55:22.334+0000] {logging_mixin.py:190} INFO - [2024-10-20T13:55:22.333+0000] {override.py:1900} INFO - Created Permission View: can read on DAG Run:example_trigger_target_dag
[2024-10-20T13:55:22.445+0000] {logging_mixin.py:190} INFO - [2024-10-20T13:55:22.443+0000] {override.py:1900} INFO - Created Permission View: can delete on DAG Run:example_trigger_target_dag
[2024-10-20T13:55:22.488+0000] {logging_mixin.py:190} INFO - [2024-10-20T13:55:22.479+0000] {dag.py:3229} INFO - Sync 1 DAGs
[2024-10-20T13:55:22.957+0000] {logging_mixin.py:190} INFO - [2024-10-20T13:55:22.941+0000] {dag.py:3252} INFO - Creating ORM DAG for example_trigger_target_dag
[2024-10-20T13:55:23.042+0000] {logging_mixin.py:190} INFO - [2024-10-20T13:55:23.041+0000] {dag.py:4156} INFO - Setting next_dagrun for example_trigger_target_dag to None, run_after=None
[2024-10-20T13:55:23.634+0000] {processor.py:208} INFO - Processing /home/airflow/.local/lib/python3.12/site-packages/airflow/example_dags/example_trigger_target_dag.py took 7.378 seconds
[2024-10-20T20:32:25.998+0000] {processor.py:186} INFO - Started process (PID=67) to work on /home/airflow/.local/lib/python3.12/site-packages/airflow/example_dags/example_trigger_target_dag.py
[2024-10-20T20:32:26.042+0000] {processor.py:914} INFO - Processing file /home/airflow/.local/lib/python3.12/site-packages/airflow/example_dags/example_trigger_target_dag.py for tasks to queue
[2024-10-20T20:32:26.084+0000] {logging_mixin.py:190} INFO - [2024-10-20T20:32:26.081+0000] {dagbag.py:587} INFO - Filling up the DagBag from /home/airflow/.local/lib/python3.12/site-packages/airflow/example_dags/example_trigger_target_dag.py
[2024-10-20T20:32:26.272+0000] {processor.py:925} INFO - DAG(s) 'example_trigger_target_dag' retrieved from /home/airflow/.local/lib/python3.12/site-packages/airflow/example_dags/example_trigger_target_dag.py
[2024-10-20T20:32:26.513+0000] {logging_mixin.py:190} INFO - [2024-10-20T20:32:26.513+0000] {dag.py:3229} INFO - Sync 1 DAGs
[2024-10-20T20:32:26.602+0000] {logging_mixin.py:190} INFO - [2024-10-20T20:32:26.602+0000] {dag.py:4156} INFO - Setting next_dagrun for example_trigger_target_dag to None, run_after=None
[2024-10-20T20:32:26.882+0000] {processor.py:208} INFO - Processing /home/airflow/.local/lib/python3.12/site-packages/airflow/example_dags/example_trigger_target_dag.py took 0.950 seconds
[2024-10-20T20:34:46.378+0000] {processor.py:186} INFO - Started process (PID=141) to work on /home/airflow/.local/lib/python3.12/site-packages/airflow/example_dags/example_trigger_target_dag.py
[2024-10-20T20:34:46.385+0000] {processor.py:914} INFO - Processing file /home/airflow/.local/lib/python3.12/site-packages/airflow/example_dags/example_trigger_target_dag.py for tasks to queue
[2024-10-20T20:34:46.395+0000] {logging_mixin.py:190} INFO - [2024-10-20T20:34:46.394+0000] {dagbag.py:587} INFO - Filling up the DagBag from /home/airflow/.local/lib/python3.12/site-packages/airflow/example_dags/example_trigger_target_dag.py
[2024-10-20T20:34:46.485+0000] {processor.py:925} INFO - DAG(s) 'example_trigger_target_dag' retrieved from /home/airflow/.local/lib/python3.12/site-packages/airflow/example_dags/example_trigger_target_dag.py
[2024-10-20T20:34:46.600+0000] {logging_mixin.py:190} INFO - [2024-10-20T20:34:46.599+0000] {dag.py:3229} INFO - Sync 1 DAGs
[2024-10-20T20:34:46.775+0000] {logging_mixin.py:190} INFO - [2024-10-20T20:34:46.774+0000] {dag.py:4156} INFO - Setting next_dagrun for example_trigger_target_dag to None, run_after=None
[2024-10-20T20:34:46.925+0000] {processor.py:208} INFO - Processing /home/airflow/.local/lib/python3.12/site-packages/airflow/example_dags/example_trigger_target_dag.py took 0.573 seconds
[2024-10-20T20:35:18.705+0000] {processor.py:186} INFO - Started process (PID=197) to work on /home/airflow/.local/lib/python3.12/site-packages/airflow/example_dags/example_trigger_target_dag.py
[2024-10-20T20:35:18.716+0000] {processor.py:914} INFO - Processing file /home/airflow/.local/lib/python3.12/site-packages/airflow/example_dags/example_trigger_target_dag.py for tasks to queue
[2024-10-20T20:35:18.729+0000] {logging_mixin.py:190} INFO - [2024-10-20T20:35:18.728+0000] {dagbag.py:587} INFO - Filling up the DagBag from /home/airflow/.local/lib/python3.12/site-packages/airflow/example_dags/example_trigger_target_dag.py
[2024-10-20T20:35:18.765+0000] {processor.py:925} INFO - DAG(s) 'example_trigger_target_dag' retrieved from /home/airflow/.local/lib/python3.12/site-packages/airflow/example_dags/example_trigger_target_dag.py
[2024-10-20T20:35:18.860+0000] {logging_mixin.py:190} INFO - [2024-10-20T20:35:18.859+0000] {dag.py:3229} INFO - Sync 1 DAGs
[2024-10-20T20:35:18.922+0000] {logging_mixin.py:190} INFO - [2024-10-20T20:35:18.921+0000] {dag.py:4156} INFO - Setting next_dagrun for example_trigger_target_dag to None, run_after=None
[2024-10-20T20:35:19.056+0000] {processor.py:208} INFO - Processing /home/airflow/.local/lib/python3.12/site-packages/airflow/example_dags/example_trigger_target_dag.py took 0.383 seconds
