[2024-10-20T13:22:09.616+0000] {processor.py:186} INFO - Started process (PID=126) to work on /home/airflow/.local/lib/python3.12/site-packages/airflow/example_dags/example_setup_teardown.py
[2024-10-20T13:22:09.625+0000] {processor.py:914} INFO - Processing file /home/airflow/.local/lib/python3.12/site-packages/airflow/example_dags/example_setup_teardown.py for tasks to queue
[2024-10-20T13:22:09.651+0000] {logging_mixin.py:190} INFO - [2024-10-20T13:22:09.649+0000] {dagbag.py:587} INFO - Filling up the DagBag from /home/airflow/.local/lib/python3.12/site-packages/airflow/example_dags/example_setup_teardown.py
[2024-10-20T13:22:09.953+0000] {processor.py:925} INFO - DAG(s) 'example_setup_teardown' retrieved from /home/airflow/.local/lib/python3.12/site-packages/airflow/example_dags/example_setup_teardown.py
[2024-10-20T13:22:12.099+0000] {logging_mixin.py:190} INFO - [2024-10-20T13:22:12.096+0000] {override.py:1900} INFO - Created Permission View: can read on DAG:example_setup_teardown
[2024-10-20T13:22:11.686+0000] {logging_mixin.py:190} INFO - [2024-10-20T13:22:11.685+0000] {override.py:1900} INFO - Created Permission View: can edit on DAG:example_setup_teardown
[2024-10-20T13:22:11.824+0000] {logging_mixin.py:190} INFO - [2024-10-20T13:22:11.823+0000] {override.py:1900} INFO - Created Permission View: can delete on DAG:example_setup_teardown
[2024-10-20T13:22:10.732+0000] {logging_mixin.py:190} INFO - [2024-10-20T13:22:10.731+0000] {override.py:1900} INFO - Created Permission View: can create on DAG Run:example_setup_teardown
[2024-10-20T13:22:10.902+0000] {logging_mixin.py:190} INFO - [2024-10-20T13:22:10.898+0000] {override.py:1900} INFO - Created Permission View: can read on DAG Run:example_setup_teardown
[2024-10-20T13:22:11.022+0000] {logging_mixin.py:190} INFO - [2024-10-20T13:22:11.020+0000] {override.py:1900} INFO - Created Permission View: menu access on DAG Run:example_setup_teardown
[2024-10-20T13:22:11.137+0000] {logging_mixin.py:190} INFO - [2024-10-20T13:22:11.137+0000] {override.py:1900} INFO - Created Permission View: can delete on DAG Run:example_setup_teardown
[2024-10-20T13:22:11.140+0000] {logging_mixin.py:190} INFO - [2024-10-20T13:22:11.139+0000] {dag.py:3229} INFO - Sync 1 DAGs
[2024-10-20T13:22:11.507+0000] {logging_mixin.py:190} INFO - [2024-10-20T13:22:11.506+0000] {dag.py:3252} INFO - Creating ORM DAG for example_setup_teardown
[2024-10-20T13:22:11.525+0000] {logging_mixin.py:190} INFO - [2024-10-20T13:22:11.523+0000] {dag.py:4156} INFO - Setting next_dagrun for example_setup_teardown to None, run_after=None
[2024-10-20T13:22:11.724+0000] {processor.py:208} INFO - Processing /home/airflow/.local/lib/python3.12/site-packages/airflow/example_dags/example_setup_teardown.py took 4.291 seconds
[2024-10-20T13:53:46.293+0000] {processor.py:186} INFO - Started process (PID=99) to work on /home/airflow/.local/lib/python3.12/site-packages/airflow/example_dags/example_setup_teardown.py
[2024-10-20T13:53:46.626+0000] {processor.py:914} INFO - Processing file /home/airflow/.local/lib/python3.12/site-packages/airflow/example_dags/example_setup_teardown.py for tasks to queue
[2024-10-20T13:53:46.840+0000] {logging_mixin.py:190} INFO - [2024-10-20T13:53:46.817+0000] {dagbag.py:587} INFO - Filling up the DagBag from /home/airflow/.local/lib/python3.12/site-packages/airflow/example_dags/example_setup_teardown.py
[2024-10-20T13:53:46.900+0000] {processor.py:925} INFO - DAG(s) 'example_setup_teardown' retrieved from /home/airflow/.local/lib/python3.12/site-packages/airflow/example_dags/example_setup_teardown.py
[2024-10-20T13:53:47.125+0000] {logging_mixin.py:190} INFO - [2024-10-20T13:53:47.124+0000] {dag.py:3229} INFO - Sync 1 DAGs
[2024-10-20T13:53:47.174+0000] {logging_mixin.py:190} INFO - [2024-10-20T13:53:47.174+0000] {dag.py:4156} INFO - Setting next_dagrun for example_setup_teardown to None, run_after=None
[2024-10-20T13:53:48.053+0000] {processor.py:208} INFO - Processing /home/airflow/.local/lib/python3.12/site-packages/airflow/example_dags/example_setup_teardown.py took 1.824 seconds
[2024-10-20T13:56:24.479+0000] {processor.py:186} INFO - Started process (PID=178) to work on /home/airflow/.local/lib/python3.12/site-packages/airflow/example_dags/example_setup_teardown.py
[2024-10-20T13:56:24.512+0000] {processor.py:914} INFO - Processing file /home/airflow/.local/lib/python3.12/site-packages/airflow/example_dags/example_setup_teardown.py for tasks to queue
[2024-10-20T13:56:24.549+0000] {logging_mixin.py:190} INFO - [2024-10-20T13:56:24.547+0000] {dagbag.py:587} INFO - Filling up the DagBag from /home/airflow/.local/lib/python3.12/site-packages/airflow/example_dags/example_setup_teardown.py
[2024-10-20T13:56:24.802+0000] {processor.py:925} INFO - DAG(s) 'example_setup_teardown' retrieved from /home/airflow/.local/lib/python3.12/site-packages/airflow/example_dags/example_setup_teardown.py
[2024-10-20T13:56:26.445+0000] {logging_mixin.py:190} INFO - [2024-10-20T13:56:26.444+0000] {dag.py:3229} INFO - Sync 1 DAGs
[2024-10-20T13:56:26.781+0000] {logging_mixin.py:190} INFO - [2024-10-20T13:56:26.781+0000] {dag.py:4156} INFO - Setting next_dagrun for example_setup_teardown to None, run_after=None
[2024-10-20T13:56:28.946+0000] {processor.py:208} INFO - Processing /home/airflow/.local/lib/python3.12/site-packages/airflow/example_dags/example_setup_teardown.py took 4.979 seconds
[2024-10-20T20:31:15.865+0000] {processor.py:186} INFO - Started process (PID=34) to work on /home/airflow/.local/lib/python3.12/site-packages/airflow/example_dags/example_setup_teardown.py
[2024-10-20T20:31:15.877+0000] {processor.py:914} INFO - Processing file /home/airflow/.local/lib/python3.12/site-packages/airflow/example_dags/example_setup_teardown.py for tasks to queue
[2024-10-20T20:31:16.039+0000] {logging_mixin.py:190} INFO - [2024-10-20T20:31:16.038+0000] {dagbag.py:587} INFO - Filling up the DagBag from /home/airflow/.local/lib/python3.12/site-packages/airflow/example_dags/example_setup_teardown.py
[2024-10-20T20:31:16.385+0000] {processor.py:925} INFO - DAG(s) 'example_setup_teardown' retrieved from /home/airflow/.local/lib/python3.12/site-packages/airflow/example_dags/example_setup_teardown.py
[2024-10-20T20:31:17.229+0000] {logging_mixin.py:190} INFO - [2024-10-20T20:31:17.228+0000] {dag.py:3229} INFO - Sync 1 DAGs
[2024-10-20T20:31:17.875+0000] {logging_mixin.py:190} INFO - [2024-10-20T20:31:17.874+0000] {dag.py:4156} INFO - Setting next_dagrun for example_setup_teardown to None, run_after=None
[2024-10-20T20:31:18.475+0000] {processor.py:208} INFO - Processing /home/airflow/.local/lib/python3.12/site-packages/airflow/example_dags/example_setup_teardown.py took 2.726 seconds
[2024-10-20T20:33:06.164+0000] {processor.py:186} INFO - Started process (PID=91) to work on /home/airflow/.local/lib/python3.12/site-packages/airflow/example_dags/example_setup_teardown.py
[2024-10-20T20:33:06.189+0000] {processor.py:914} INFO - Processing file /home/airflow/.local/lib/python3.12/site-packages/airflow/example_dags/example_setup_teardown.py for tasks to queue
[2024-10-20T20:33:06.203+0000] {logging_mixin.py:190} INFO - [2024-10-20T20:33:06.202+0000] {dagbag.py:587} INFO - Filling up the DagBag from /home/airflow/.local/lib/python3.12/site-packages/airflow/example_dags/example_setup_teardown.py
[2024-10-20T20:33:06.326+0000] {processor.py:925} INFO - DAG(s) 'example_setup_teardown' retrieved from /home/airflow/.local/lib/python3.12/site-packages/airflow/example_dags/example_setup_teardown.py
[2024-10-20T20:33:06.454+0000] {logging_mixin.py:190} INFO - [2024-10-20T20:33:06.453+0000] {dag.py:3229} INFO - Sync 1 DAGs
[2024-10-20T20:33:06.688+0000] {logging_mixin.py:190} INFO - [2024-10-20T20:33:06.684+0000] {dag.py:4156} INFO - Setting next_dagrun for example_setup_teardown to None, run_after=None
[2024-10-20T20:33:07.039+0000] {processor.py:208} INFO - Processing /home/airflow/.local/lib/python3.12/site-packages/airflow/example_dags/example_setup_teardown.py took 0.930 seconds
[2024-10-20T20:34:10.228+0000] {processor.py:186} INFO - Started process (PID=127) to work on /home/airflow/.local/lib/python3.12/site-packages/airflow/example_dags/example_setup_teardown.py
[2024-10-20T20:34:10.253+0000] {processor.py:914} INFO - Processing file /home/airflow/.local/lib/python3.12/site-packages/airflow/example_dags/example_setup_teardown.py for tasks to queue
[2024-10-20T20:34:10.275+0000] {logging_mixin.py:190} INFO - [2024-10-20T20:34:10.274+0000] {dagbag.py:587} INFO - Filling up the DagBag from /home/airflow/.local/lib/python3.12/site-packages/airflow/example_dags/example_setup_teardown.py
[2024-10-20T20:34:10.329+0000] {processor.py:925} INFO - DAG(s) 'example_setup_teardown' retrieved from /home/airflow/.local/lib/python3.12/site-packages/airflow/example_dags/example_setup_teardown.py
[2024-10-20T20:34:10.542+0000] {logging_mixin.py:190} INFO - [2024-10-20T20:34:10.541+0000] {dag.py:3229} INFO - Sync 1 DAGs
[2024-10-20T20:34:10.679+0000] {logging_mixin.py:190} INFO - [2024-10-20T20:34:10.678+0000] {dag.py:4156} INFO - Setting next_dagrun for example_setup_teardown to None, run_after=None
[2024-10-20T20:34:11.063+0000] {processor.py:208} INFO - Processing /home/airflow/.local/lib/python3.12/site-packages/airflow/example_dags/example_setup_teardown.py took 0.875 seconds
[2024-10-20T20:34:58.300+0000] {processor.py:186} INFO - Started process (PID=165) to work on /home/airflow/.local/lib/python3.12/site-packages/airflow/example_dags/example_setup_teardown.py
[2024-10-20T20:34:58.305+0000] {processor.py:914} INFO - Processing file /home/airflow/.local/lib/python3.12/site-packages/airflow/example_dags/example_setup_teardown.py for tasks to queue
[2024-10-20T20:34:58.340+0000] {logging_mixin.py:190} INFO - [2024-10-20T20:34:58.339+0000] {dagbag.py:587} INFO - Filling up the DagBag from /home/airflow/.local/lib/python3.12/site-packages/airflow/example_dags/example_setup_teardown.py
[2024-10-20T20:34:58.522+0000] {processor.py:925} INFO - DAG(s) 'example_setup_teardown' retrieved from /home/airflow/.local/lib/python3.12/site-packages/airflow/example_dags/example_setup_teardown.py
[2024-10-20T20:34:58.688+0000] {logging_mixin.py:190} INFO - [2024-10-20T20:34:58.687+0000] {dag.py:3229} INFO - Sync 1 DAGs
[2024-10-20T20:34:58.803+0000] {logging_mixin.py:190} INFO - [2024-10-20T20:34:58.802+0000] {dag.py:4156} INFO - Setting next_dagrun for example_setup_teardown to None, run_after=None
[2024-10-20T20:34:58.972+0000] {processor.py:208} INFO - Processing /home/airflow/.local/lib/python3.12/site-packages/airflow/example_dags/example_setup_teardown.py took 0.732 seconds
