[2024-10-20T13:23:41.588+0000] {processor.py:186} INFO - Started process (PID=167) to work on /home/airflow/.local/lib/python3.12/site-packages/airflow/example_dags/example_bash_operator.py
[2024-10-20T13:23:41.610+0000] {processor.py:914} INFO - Processing file /home/airflow/.local/lib/python3.12/site-packages/airflow/example_dags/example_bash_operator.py for tasks to queue
[2024-10-20T13:23:41.712+0000] {logging_mixin.py:190} INFO - [2024-10-20T13:23:41.665+0000] {dagbag.py:587} INFO - Filling up the DagBag from /home/airflow/.local/lib/python3.12/site-packages/airflow/example_dags/example_bash_operator.py
[2024-10-20T13:23:41.923+0000] {processor.py:925} INFO - DAG(s) 'example_bash_operator' retrieved from /home/airflow/.local/lib/python3.12/site-packages/airflow/example_dags/example_bash_operator.py
[2024-10-20T13:23:45.729+0000] {logging_mixin.py:190} INFO - [2024-10-20T13:23:45.690+0000] {override.py:1900} INFO - Created Permission View: can read on DAG:example_bash_operator
[2024-10-20T13:23:46.003+0000] {logging_mixin.py:190} INFO - [2024-10-20T13:23:46.003+0000] {override.py:1900} INFO - Created Permission View: can edit on DAG:example_bash_operator
[2024-10-20T13:23:46.284+0000] {logging_mixin.py:190} INFO - [2024-10-20T13:23:46.284+0000] {override.py:1900} INFO - Created Permission View: can delete on DAG:example_bash_operator
[2024-10-20T13:23:46.434+0000] {logging_mixin.py:190} INFO - [2024-10-20T13:23:46.433+0000] {override.py:1900} INFO - Created Permission View: can create on DAG Run:example_bash_operator
[2024-10-20T13:23:46.553+0000] {logging_mixin.py:190} INFO - [2024-10-20T13:23:46.545+0000] {override.py:1900} INFO - Created Permission View: can read on DAG Run:example_bash_operator
[2024-10-20T13:23:46.669+0000] {logging_mixin.py:190} INFO - [2024-10-20T13:23:46.668+0000] {override.py:1900} INFO - Created Permission View: menu access on DAG Run:example_bash_operator
[2024-10-20T13:23:46.836+0000] {logging_mixin.py:190} INFO - [2024-10-20T13:23:46.836+0000] {override.py:1900} INFO - Created Permission View: can delete on DAG Run:example_bash_operator
[2024-10-20T13:23:46.841+0000] {logging_mixin.py:190} INFO - [2024-10-20T13:23:46.840+0000] {dag.py:3229} INFO - Sync 1 DAGs
[2024-10-20T13:23:47.052+0000] {logging_mixin.py:190} INFO - [2024-10-20T13:23:47.051+0000] {dag.py:3252} INFO - Creating ORM DAG for example_bash_operator
[2024-10-20T13:23:47.244+0000] {logging_mixin.py:190} INFO - [2024-10-20T13:23:47.243+0000] {dag.py:4156} INFO - Setting next_dagrun for example_bash_operator to 2024-10-19 00:00:00+00:00, run_after=2024-10-20 00:00:00+00:00
[2024-10-20T13:23:47.623+0000] {processor.py:208} INFO - Processing /home/airflow/.local/lib/python3.12/site-packages/airflow/example_dags/example_bash_operator.py took 6.082 seconds
[2024-10-20T13:54:33.749+0000] {processor.py:186} INFO - Started process (PID=129) to work on /home/airflow/.local/lib/python3.12/site-packages/airflow/example_dags/example_bash_operator.py
[2024-10-20T13:54:33.752+0000] {processor.py:914} INFO - Processing file /home/airflow/.local/lib/python3.12/site-packages/airflow/example_dags/example_bash_operator.py for tasks to queue
[2024-10-20T13:54:32.553+0000] {logging_mixin.py:190} INFO - [2024-10-20T13:54:32.547+0000] {dagbag.py:587} INFO - Filling up the DagBag from /home/airflow/.local/lib/python3.12/site-packages/airflow/example_dags/example_bash_operator.py
[2024-10-20T13:54:33.120+0000] {processor.py:925} INFO - DAG(s) 'example_bash_operator' retrieved from /home/airflow/.local/lib/python3.12/site-packages/airflow/example_dags/example_bash_operator.py
[2024-10-20T13:54:34.265+0000] {logging_mixin.py:190} INFO - [2024-10-20T13:54:34.261+0000] {dag.py:3229} INFO - Sync 1 DAGs
[2024-10-20T13:54:34.676+0000] {logging_mixin.py:190} INFO - [2024-10-20T13:54:34.675+0000] {dag.py:4156} INFO - Setting next_dagrun for example_bash_operator to 2024-10-19 00:00:00+00:00, run_after=2024-10-20 00:00:00+00:00
[2024-10-20T13:54:34.801+0000] {processor.py:208} INFO - Processing /home/airflow/.local/lib/python3.12/site-packages/airflow/example_dags/example_bash_operator.py took 2.345 seconds
[2024-10-20T20:32:10.780+0000] {processor.py:186} INFO - Started process (PID=59) to work on /home/airflow/.local/lib/python3.12/site-packages/airflow/example_dags/example_bash_operator.py
[2024-10-20T20:32:10.792+0000] {processor.py:914} INFO - Processing file /home/airflow/.local/lib/python3.12/site-packages/airflow/example_dags/example_bash_operator.py for tasks to queue
[2024-10-20T20:32:10.814+0000] {logging_mixin.py:190} INFO - [2024-10-20T20:32:10.814+0000] {dagbag.py:587} INFO - Filling up the DagBag from /home/airflow/.local/lib/python3.12/site-packages/airflow/example_dags/example_bash_operator.py
[2024-10-20T20:32:11.051+0000] {processor.py:925} INFO - DAG(s) 'example_bash_operator' retrieved from /home/airflow/.local/lib/python3.12/site-packages/airflow/example_dags/example_bash_operator.py
[2024-10-20T20:32:11.331+0000] {logging_mixin.py:190} INFO - [2024-10-20T20:32:11.330+0000] {dag.py:3229} INFO - Sync 1 DAGs
[2024-10-20T20:32:11.532+0000] {logging_mixin.py:190} INFO - [2024-10-20T20:32:11.531+0000] {dag.py:4156} INFO - Setting next_dagrun for example_bash_operator to 2024-10-19 00:00:00+00:00, run_after=2024-10-20 00:00:00+00:00
[2024-10-20T20:32:11.681+0000] {processor.py:208} INFO - Processing /home/airflow/.local/lib/python3.12/site-packages/airflow/example_dags/example_bash_operator.py took 1.082 seconds
[2024-10-20T20:33:58.495+0000] {processor.py:186} INFO - Started process (PID=116) to work on /home/airflow/.local/lib/python3.12/site-packages/airflow/example_dags/example_bash_operator.py
[2024-10-20T20:33:58.525+0000] {processor.py:914} INFO - Processing file /home/airflow/.local/lib/python3.12/site-packages/airflow/example_dags/example_bash_operator.py for tasks to queue
[2024-10-20T20:33:58.568+0000] {logging_mixin.py:190} INFO - [2024-10-20T20:33:58.566+0000] {dagbag.py:587} INFO - Filling up the DagBag from /home/airflow/.local/lib/python3.12/site-packages/airflow/example_dags/example_bash_operator.py
[2024-10-20T20:33:58.761+0000] {processor.py:925} INFO - DAG(s) 'example_bash_operator' retrieved from /home/airflow/.local/lib/python3.12/site-packages/airflow/example_dags/example_bash_operator.py
[2024-10-20T20:33:58.996+0000] {logging_mixin.py:190} INFO - [2024-10-20T20:33:58.995+0000] {dag.py:3229} INFO - Sync 1 DAGs
[2024-10-20T20:33:59.232+0000] {logging_mixin.py:190} INFO - [2024-10-20T20:33:59.231+0000] {dag.py:4156} INFO - Setting next_dagrun for example_bash_operator to 2024-10-19 00:00:00+00:00, run_after=2024-10-20 00:00:00+00:00
[2024-10-20T20:33:59.424+0000] {processor.py:208} INFO - Processing /home/airflow/.local/lib/python3.12/site-packages/airflow/example_dags/example_bash_operator.py took 1.011 seconds
[2024-10-20T20:35:08.423+0000] {processor.py:186} INFO - Started process (PID=190) to work on /home/airflow/.local/lib/python3.12/site-packages/airflow/example_dags/example_bash_operator.py
[2024-10-20T20:35:08.426+0000] {processor.py:914} INFO - Processing file /home/airflow/.local/lib/python3.12/site-packages/airflow/example_dags/example_bash_operator.py for tasks to queue
[2024-10-20T20:35:08.449+0000] {logging_mixin.py:190} INFO - [2024-10-20T20:35:08.448+0000] {dagbag.py:587} INFO - Filling up the DagBag from /home/airflow/.local/lib/python3.12/site-packages/airflow/example_dags/example_bash_operator.py
[2024-10-20T20:35:08.510+0000] {processor.py:925} INFO - DAG(s) 'example_bash_operator' retrieved from /home/airflow/.local/lib/python3.12/site-packages/airflow/example_dags/example_bash_operator.py
[2024-10-20T20:35:08.637+0000] {logging_mixin.py:190} INFO - [2024-10-20T20:35:08.637+0000] {dag.py:3229} INFO - Sync 1 DAGs
[2024-10-20T20:35:08.708+0000] {logging_mixin.py:190} INFO - [2024-10-20T20:35:08.707+0000] {dag.py:4156} INFO - Setting next_dagrun for example_bash_operator to 2024-10-19 00:00:00+00:00, run_after=2024-10-20 00:00:00+00:00
[2024-10-20T20:35:08.757+0000] {processor.py:208} INFO - Processing /home/airflow/.local/lib/python3.12/site-packages/airflow/example_dags/example_bash_operator.py took 0.376 seconds
