[2024-10-20T13:55:48.972+0000] {processor.py:186} INFO - Started process (PID=165) to work on /home/airflow/.local/lib/python3.12/site-packages/airflow/example_dags/example_external_task_marker_dag.py
[2024-10-20T13:55:48.987+0000] {processor.py:914} INFO - Processing file /home/airflow/.local/lib/python3.12/site-packages/airflow/example_dags/example_external_task_marker_dag.py for tasks to queue
[2024-10-20T13:55:49.046+0000] {logging_mixin.py:190} INFO - [2024-10-20T13:55:49.039+0000] {dagbag.py:587} INFO - Filling up the DagBag from /home/airflow/.local/lib/python3.12/site-packages/airflow/example_dags/example_external_task_marker_dag.py
[2024-10-20T13:55:49.169+0000] {processor.py:925} INFO - DAG(s) 'example_external_task_marker_parent', 'example_external_task_marker_child' retrieved from /home/airflow/.local/lib/python3.12/site-packages/airflow/example_dags/example_external_task_marker_dag.py
[2024-10-20T13:55:51.351+0000] {logging_mixin.py:190} INFO - [2024-10-20T13:55:51.349+0000] {override.py:1900} INFO - Created Permission View: can edit on DAG:example_external_task_marker_parent
[2024-10-20T13:55:51.418+0000] {logging_mixin.py:190} INFO - [2024-10-20T13:55:51.418+0000] {override.py:1900} INFO - Created Permission View: can read on DAG:example_external_task_marker_parent
[2024-10-20T13:55:51.550+0000] {logging_mixin.py:190} INFO - [2024-10-20T13:55:51.548+0000] {override.py:1900} INFO - Created Permission View: can delete on DAG:example_external_task_marker_parent
[2024-10-20T13:55:51.761+0000] {logging_mixin.py:190} INFO - [2024-10-20T13:55:51.758+0000] {override.py:1900} INFO - Created Permission View: can create on DAG Run:example_external_task_marker_parent
[2024-10-20T13:55:51.904+0000] {logging_mixin.py:190} INFO - [2024-10-20T13:55:51.880+0000] {override.py:1900} INFO - Created Permission View: menu access on DAG Run:example_external_task_marker_parent
[2024-10-20T13:55:51.983+0000] {logging_mixin.py:190} INFO - [2024-10-20T13:55:51.983+0000] {override.py:1900} INFO - Created Permission View: can read on DAG Run:example_external_task_marker_parent
[2024-10-20T13:55:52.131+0000] {logging_mixin.py:190} INFO - [2024-10-20T13:55:52.128+0000] {override.py:1900} INFO - Created Permission View: can delete on DAG Run:example_external_task_marker_parent
[2024-10-20T13:55:52.468+0000] {logging_mixin.py:190} INFO - [2024-10-20T13:55:52.465+0000] {override.py:1900} INFO - Created Permission View: can edit on DAG:example_external_task_marker_child
[2024-10-20T13:55:52.582+0000] {logging_mixin.py:190} INFO - [2024-10-20T13:55:52.581+0000] {override.py:1900} INFO - Created Permission View: can read on DAG:example_external_task_marker_child
[2024-10-20T13:55:52.664+0000] {logging_mixin.py:190} INFO - [2024-10-20T13:55:52.663+0000] {override.py:1900} INFO - Created Permission View: can delete on DAG:example_external_task_marker_child
[2024-10-20T13:55:52.740+0000] {logging_mixin.py:190} INFO - [2024-10-20T13:55:52.739+0000] {override.py:1900} INFO - Created Permission View: can create on DAG Run:example_external_task_marker_child
[2024-10-20T13:55:52.810+0000] {logging_mixin.py:190} INFO - [2024-10-20T13:55:52.807+0000] {override.py:1900} INFO - Created Permission View: menu access on DAG Run:example_external_task_marker_child
[2024-10-20T13:55:52.894+0000] {logging_mixin.py:190} INFO - [2024-10-20T13:55:52.893+0000] {override.py:1900} INFO - Created Permission View: can read on DAG Run:example_external_task_marker_child
[2024-10-20T13:55:53.099+0000] {logging_mixin.py:190} INFO - [2024-10-20T13:55:53.098+0000] {override.py:1900} INFO - Created Permission View: can delete on DAG Run:example_external_task_marker_child
[2024-10-20T13:55:53.150+0000] {logging_mixin.py:190} INFO - [2024-10-20T13:55:53.150+0000] {dag.py:3229} INFO - Sync 2 DAGs
[2024-10-20T13:55:53.996+0000] {logging_mixin.py:190} INFO - [2024-10-20T13:55:53.994+0000] {dag.py:3252} INFO - Creating ORM DAG for example_external_task_marker_parent
[2024-10-20T13:55:54.055+0000] {logging_mixin.py:190} INFO - [2024-10-20T13:55:54.035+0000] {dag.py:3252} INFO - Creating ORM DAG for example_external_task_marker_child
[2024-10-20T13:55:54.071+0000] {logging_mixin.py:190} INFO - [2024-10-20T13:55:54.069+0000] {dag.py:4156} INFO - Setting next_dagrun for example_external_task_marker_child to None, run_after=None
[2024-10-20T13:55:54.099+0000] {logging_mixin.py:190} INFO - [2024-10-20T13:55:54.098+0000] {dag.py:4156} INFO - Setting next_dagrun for example_external_task_marker_parent to None, run_after=None
[2024-10-20T13:55:54.944+0000] {processor.py:208} INFO - Processing /home/airflow/.local/lib/python3.12/site-packages/airflow/example_dags/example_external_task_marker_dag.py took 6.043 seconds
[2024-10-20T20:32:44.900+0000] {processor.py:186} INFO - Started process (PID=78) to work on /home/airflow/.local/lib/python3.12/site-packages/airflow/example_dags/example_external_task_marker_dag.py
[2024-10-20T20:32:44.922+0000] {processor.py:914} INFO - Processing file /home/airflow/.local/lib/python3.12/site-packages/airflow/example_dags/example_external_task_marker_dag.py for tasks to queue
[2024-10-20T20:32:44.927+0000] {logging_mixin.py:190} INFO - [2024-10-20T20:32:44.926+0000] {dagbag.py:587} INFO - Filling up the DagBag from /home/airflow/.local/lib/python3.12/site-packages/airflow/example_dags/example_external_task_marker_dag.py
[2024-10-20T20:32:45.001+0000] {processor.py:925} INFO - DAG(s) 'example_external_task_marker_parent', 'example_external_task_marker_child' retrieved from /home/airflow/.local/lib/python3.12/site-packages/airflow/example_dags/example_external_task_marker_dag.py
[2024-10-20T20:32:45.195+0000] {logging_mixin.py:190} INFO - [2024-10-20T20:32:45.193+0000] {dag.py:3229} INFO - Sync 2 DAGs
[2024-10-20T20:32:45.528+0000] {logging_mixin.py:190} INFO - [2024-10-20T20:32:45.527+0000] {dag.py:4156} INFO - Setting next_dagrun for example_external_task_marker_child to None, run_after=None
[2024-10-20T20:32:45.578+0000] {logging_mixin.py:190} INFO - [2024-10-20T20:32:45.578+0000] {dag.py:4156} INFO - Setting next_dagrun for example_external_task_marker_parent to None, run_after=None
[2024-10-20T20:32:45.809+0000] {processor.py:208} INFO - Processing /home/airflow/.local/lib/python3.12/site-packages/airflow/example_dags/example_external_task_marker_dag.py took 0.947 seconds
[2024-10-20T20:34:52.666+0000] {processor.py:186} INFO - Started process (PID=152) to work on /home/airflow/.local/lib/python3.12/site-packages/airflow/example_dags/example_external_task_marker_dag.py
[2024-10-20T20:34:52.689+0000] {processor.py:914} INFO - Processing file /home/airflow/.local/lib/python3.12/site-packages/airflow/example_dags/example_external_task_marker_dag.py for tasks to queue
[2024-10-20T20:34:52.714+0000] {logging_mixin.py:190} INFO - [2024-10-20T20:34:52.714+0000] {dagbag.py:587} INFO - Filling up the DagBag from /home/airflow/.local/lib/python3.12/site-packages/airflow/example_dags/example_external_task_marker_dag.py
[2024-10-20T20:34:52.768+0000] {processor.py:925} INFO - DAG(s) 'example_external_task_marker_child', 'example_external_task_marker_parent' retrieved from /home/airflow/.local/lib/python3.12/site-packages/airflow/example_dags/example_external_task_marker_dag.py
[2024-10-20T20:34:52.986+0000] {logging_mixin.py:190} INFO - [2024-10-20T20:34:52.985+0000] {dag.py:3229} INFO - Sync 2 DAGs
[2024-10-20T20:34:53.094+0000] {logging_mixin.py:190} INFO - [2024-10-20T20:34:53.094+0000] {dag.py:4156} INFO - Setting next_dagrun for example_external_task_marker_child to None, run_after=None
[2024-10-20T20:34:53.105+0000] {logging_mixin.py:190} INFO - [2024-10-20T20:34:53.104+0000] {dag.py:4156} INFO - Setting next_dagrun for example_external_task_marker_parent to None, run_after=None
[2024-10-20T20:34:53.241+0000] {processor.py:208} INFO - Processing /home/airflow/.local/lib/python3.12/site-packages/airflow/example_dags/example_external_task_marker_dag.py took 0.589 seconds
