[2024-10-20T13:22:29.173+0000] {processor.py:186} INFO - Started process (PID=138) to work on /home/airflow/.local/lib/python3.12/site-packages/airflow/example_dags/example_dataset_alias_with_no_taskflow.py
[2024-10-20T13:22:29.193+0000] {processor.py:914} INFO - Processing file /home/airflow/.local/lib/python3.12/site-packages/airflow/example_dags/example_dataset_alias_with_no_taskflow.py for tasks to queue
[2024-10-20T13:22:29.222+0000] {logging_mixin.py:190} INFO - [2024-10-20T13:22:29.220+0000] {dagbag.py:587} INFO - Filling up the DagBag from /home/airflow/.local/lib/python3.12/site-packages/airflow/example_dags/example_dataset_alias_with_no_taskflow.py
[2024-10-20T13:22:41.016+0000] {processor.py:925} INFO - DAG(s) 'dataset_alias_example_alias_consumer_with_no_taskflow', 'dataset_s3_bucket_consumer_with_no_taskflow', 'dataset_alias_example_alias_producer_with_no_taskflow', 'dataset_s3_bucket_producer_with_no_taskflow' retrieved from /home/airflow/.local/lib/python3.12/site-packages/airflow/example_dags/example_dataset_alias_with_no_taskflow.py
[2024-10-20T13:22:42.480+0000] {logging_mixin.py:190} INFO - [2024-10-20T13:22:42.478+0000] {override.py:1900} INFO - Created Permission View: can read on DAG:dataset_alias_example_alias_consumer_with_no_taskflow
[2024-10-20T13:22:42.696+0000] {logging_mixin.py:190} INFO - [2024-10-20T13:22:42.695+0000] {override.py:1900} INFO - Created Permission View: can edit on DAG:dataset_alias_example_alias_consumer_with_no_taskflow
[2024-10-20T13:22:42.829+0000] {logging_mixin.py:190} INFO - [2024-10-20T13:22:42.828+0000] {override.py:1900} INFO - Created Permission View: can delete on DAG:dataset_alias_example_alias_consumer_with_no_taskflow
[2024-10-20T13:22:42.976+0000] {logging_mixin.py:190} INFO - [2024-10-20T13:22:42.975+0000] {override.py:1900} INFO - Created Permission View: can create on DAG Run:dataset_alias_example_alias_consumer_with_no_taskflow
[2024-10-20T13:22:43.051+0000] {logging_mixin.py:190} INFO - [2024-10-20T13:22:43.050+0000] {override.py:1900} INFO - Created Permission View: can read on DAG Run:dataset_alias_example_alias_consumer_with_no_taskflow
[2024-10-20T13:22:43.093+0000] {logging_mixin.py:190} INFO - [2024-10-20T13:22:43.092+0000] {override.py:1900} INFO - Created Permission View: menu access on DAG Run:dataset_alias_example_alias_consumer_with_no_taskflow
[2024-10-20T13:22:43.152+0000] {logging_mixin.py:190} INFO - [2024-10-20T13:22:43.152+0000] {override.py:1900} INFO - Created Permission View: can delete on DAG Run:dataset_alias_example_alias_consumer_with_no_taskflow
[2024-10-20T13:22:43.282+0000] {logging_mixin.py:190} INFO - [2024-10-20T13:22:43.280+0000] {override.py:1900} INFO - Created Permission View: can read on DAG:dataset_s3_bucket_consumer_with_no_taskflow
[2024-10-20T13:22:43.394+0000] {logging_mixin.py:190} INFO - [2024-10-20T13:22:43.390+0000] {override.py:1900} INFO - Created Permission View: can edit on DAG:dataset_s3_bucket_consumer_with_no_taskflow
[2024-10-20T13:22:43.531+0000] {logging_mixin.py:190} INFO - [2024-10-20T13:22:43.521+0000] {override.py:1900} INFO - Created Permission View: can delete on DAG:dataset_s3_bucket_consumer_with_no_taskflow
[2024-10-20T13:22:43.673+0000] {logging_mixin.py:190} INFO - [2024-10-20T13:22:43.672+0000] {override.py:1900} INFO - Created Permission View: can create on DAG Run:dataset_s3_bucket_consumer_with_no_taskflow
[2024-10-20T13:22:43.758+0000] {logging_mixin.py:190} INFO - [2024-10-20T13:22:43.757+0000] {override.py:1900} INFO - Created Permission View: can read on DAG Run:dataset_s3_bucket_consumer_with_no_taskflow
[2024-10-20T13:22:43.879+0000] {logging_mixin.py:190} INFO - [2024-10-20T13:22:43.878+0000] {override.py:1900} INFO - Created Permission View: menu access on DAG Run:dataset_s3_bucket_consumer_with_no_taskflow
[2024-10-20T13:22:44.042+0000] {logging_mixin.py:190} INFO - [2024-10-20T13:22:44.042+0000] {override.py:1900} INFO - Created Permission View: can delete on DAG Run:dataset_s3_bucket_consumer_with_no_taskflow
[2024-10-20T13:22:44.487+0000] {logging_mixin.py:190} INFO - [2024-10-20T13:22:44.474+0000] {override.py:1900} INFO - Created Permission View: can read on DAG:dataset_alias_example_alias_producer_with_no_taskflow
[2024-10-20T13:22:44.838+0000] {logging_mixin.py:190} INFO - [2024-10-20T13:22:44.837+0000] {override.py:1900} INFO - Created Permission View: can edit on DAG:dataset_alias_example_alias_producer_with_no_taskflow
[2024-10-20T13:22:44.952+0000] {logging_mixin.py:190} INFO - [2024-10-20T13:22:44.951+0000] {override.py:1900} INFO - Created Permission View: can delete on DAG:dataset_alias_example_alias_producer_with_no_taskflow
[2024-10-20T13:22:45.034+0000] {logging_mixin.py:190} INFO - [2024-10-20T13:22:45.031+0000] {override.py:1900} INFO - Created Permission View: can create on DAG Run:dataset_alias_example_alias_producer_with_no_taskflow
[2024-10-20T13:22:45.250+0000] {logging_mixin.py:190} INFO - [2024-10-20T13:22:45.249+0000] {override.py:1900} INFO - Created Permission View: can read on DAG Run:dataset_alias_example_alias_producer_with_no_taskflow
[2024-10-20T13:22:45.454+0000] {logging_mixin.py:190} INFO - [2024-10-20T13:22:45.450+0000] {override.py:1900} INFO - Created Permission View: menu access on DAG Run:dataset_alias_example_alias_producer_with_no_taskflow
[2024-10-20T13:22:45.575+0000] {logging_mixin.py:190} INFO - [2024-10-20T13:22:45.574+0000] {override.py:1900} INFO - Created Permission View: can delete on DAG Run:dataset_alias_example_alias_producer_with_no_taskflow
[2024-10-20T13:22:45.888+0000] {logging_mixin.py:190} INFO - [2024-10-20T13:22:45.888+0000] {override.py:1900} INFO - Created Permission View: can read on DAG:dataset_s3_bucket_producer_with_no_taskflow
[2024-10-20T13:22:45.976+0000] {logging_mixin.py:190} INFO - [2024-10-20T13:22:45.975+0000] {override.py:1900} INFO - Created Permission View: can edit on DAG:dataset_s3_bucket_producer_with_no_taskflow
[2024-10-20T13:22:46.032+0000] {logging_mixin.py:190} INFO - [2024-10-20T13:22:46.032+0000] {override.py:1900} INFO - Created Permission View: can delete on DAG:dataset_s3_bucket_producer_with_no_taskflow
[2024-10-20T13:22:46.103+0000] {logging_mixin.py:190} INFO - [2024-10-20T13:22:46.103+0000] {override.py:1900} INFO - Created Permission View: can create on DAG Run:dataset_s3_bucket_producer_with_no_taskflow
[2024-10-20T13:22:46.147+0000] {logging_mixin.py:190} INFO - [2024-10-20T13:22:46.146+0000] {override.py:1900} INFO - Created Permission View: can read on DAG Run:dataset_s3_bucket_producer_with_no_taskflow
[2024-10-20T13:22:46.267+0000] {logging_mixin.py:190} INFO - [2024-10-20T13:22:46.262+0000] {override.py:1900} INFO - Created Permission View: menu access on DAG Run:dataset_s3_bucket_producer_with_no_taskflow
[2024-10-20T13:22:46.461+0000] {logging_mixin.py:190} INFO - [2024-10-20T13:22:46.436+0000] {override.py:1900} INFO - Created Permission View: can delete on DAG Run:dataset_s3_bucket_producer_with_no_taskflow
[2024-10-20T13:22:46.483+0000] {logging_mixin.py:190} INFO - [2024-10-20T13:22:46.482+0000] {dag.py:3229} INFO - Sync 4 DAGs
[2024-10-20T13:22:46.828+0000] {logging_mixin.py:190} INFO - [2024-10-20T13:22:46.827+0000] {dag.py:3252} INFO - Creating ORM DAG for dataset_alias_example_alias_producer_with_no_taskflow
[2024-10-20T13:22:46.850+0000] {logging_mixin.py:190} INFO - [2024-10-20T13:22:46.849+0000] {dag.py:3252} INFO - Creating ORM DAG for dataset_s3_bucket_producer_with_no_taskflow
[2024-10-20T13:22:46.859+0000] {logging_mixin.py:190} INFO - [2024-10-20T13:22:46.859+0000] {dag.py:3252} INFO - Creating ORM DAG for dataset_s3_bucket_consumer_with_no_taskflow
[2024-10-20T13:22:46.869+0000] {logging_mixin.py:190} INFO - [2024-10-20T13:22:46.865+0000] {dag.py:3252} INFO - Creating ORM DAG for dataset_alias_example_alias_consumer_with_no_taskflow
[2024-10-20T13:22:47.010+0000] {logging_mixin.py:190} INFO - [2024-10-20T13:22:47.009+0000] {dag.py:4156} INFO - Setting next_dagrun for dataset_alias_example_alias_consumer_with_no_taskflow to None, run_after=None
[2024-10-20T13:22:47.021+0000] {logging_mixin.py:190} INFO - [2024-10-20T13:22:47.020+0000] {dag.py:4156} INFO - Setting next_dagrun for dataset_alias_example_alias_producer_with_no_taskflow to None, run_after=None
[2024-10-20T13:22:47.036+0000] {logging_mixin.py:190} INFO - [2024-10-20T13:22:47.034+0000] {dag.py:4156} INFO - Setting next_dagrun for dataset_s3_bucket_consumer_with_no_taskflow to None, run_after=None
[2024-10-20T13:22:47.060+0000] {logging_mixin.py:190} INFO - [2024-10-20T13:22:47.047+0000] {dag.py:4156} INFO - Setting next_dagrun for dataset_s3_bucket_producer_with_no_taskflow to None, run_after=None
[2024-10-20T13:22:47.451+0000] {processor.py:208} INFO - Processing /home/airflow/.local/lib/python3.12/site-packages/airflow/example_dags/example_dataset_alias_with_no_taskflow.py took 20.486 seconds
[2024-10-20T13:53:58.555+0000] {processor.py:186} INFO - Started process (PID=106) to work on /home/airflow/.local/lib/python3.12/site-packages/airflow/example_dags/example_dataset_alias_with_no_taskflow.py
[2024-10-20T13:53:58.584+0000] {processor.py:914} INFO - Processing file /home/airflow/.local/lib/python3.12/site-packages/airflow/example_dags/example_dataset_alias_with_no_taskflow.py for tasks to queue
[2024-10-20T13:53:58.640+0000] {logging_mixin.py:190} INFO - [2024-10-20T13:53:58.639+0000] {dagbag.py:587} INFO - Filling up the DagBag from /home/airflow/.local/lib/python3.12/site-packages/airflow/example_dags/example_dataset_alias_with_no_taskflow.py
[2024-10-20T13:54:05.244+0000] {processor.py:925} INFO - DAG(s) 'dataset_alias_example_alias_producer_with_no_taskflow', 'dataset_s3_bucket_consumer_with_no_taskflow', 'dataset_s3_bucket_producer_with_no_taskflow', 'dataset_alias_example_alias_consumer_with_no_taskflow' retrieved from /home/airflow/.local/lib/python3.12/site-packages/airflow/example_dags/example_dataset_alias_with_no_taskflow.py
[2024-10-20T13:54:05.335+0000] {logging_mixin.py:190} INFO - [2024-10-20T13:54:05.318+0000] {dag.py:3229} INFO - Sync 4 DAGs
[2024-10-20T13:54:04.422+0000] {logging_mixin.py:190} INFO - [2024-10-20T13:54:04.422+0000] {dag.py:4156} INFO - Setting next_dagrun for dataset_alias_example_alias_consumer_with_no_taskflow to None, run_after=None
[2024-10-20T13:54:04.474+0000] {logging_mixin.py:190} INFO - [2024-10-20T13:54:04.474+0000] {dag.py:4156} INFO - Setting next_dagrun for dataset_alias_example_alias_producer_with_no_taskflow to None, run_after=None
[2024-10-20T13:54:04.658+0000] {logging_mixin.py:190} INFO - [2024-10-20T13:54:04.657+0000] {dag.py:4156} INFO - Setting next_dagrun for dataset_s3_bucket_consumer_with_no_taskflow to None, run_after=None
[2024-10-20T13:54:04.695+0000] {logging_mixin.py:190} INFO - [2024-10-20T13:54:04.694+0000] {dag.py:4156} INFO - Setting next_dagrun for dataset_s3_bucket_producer_with_no_taskflow to None, run_after=None
[2024-10-20T13:54:05.313+0000] {processor.py:208} INFO - Processing /home/airflow/.local/lib/python3.12/site-packages/airflow/example_dags/example_dataset_alias_with_no_taskflow.py took 8.726 seconds
[2024-10-20T13:56:59.135+0000] {processor.py:186} INFO - Started process (PID=185) to work on /home/airflow/.local/lib/python3.12/site-packages/airflow/example_dags/example_dataset_alias_with_no_taskflow.py
[2024-10-20T13:56:59.367+0000] {processor.py:914} INFO - Processing file /home/airflow/.local/lib/python3.12/site-packages/airflow/example_dags/example_dataset_alias_with_no_taskflow.py for tasks to queue
[2024-10-20T13:56:59.403+0000] {logging_mixin.py:190} INFO - [2024-10-20T13:56:59.402+0000] {dagbag.py:587} INFO - Filling up the DagBag from /home/airflow/.local/lib/python3.12/site-packages/airflow/example_dags/example_dataset_alias_with_no_taskflow.py
[2024-10-20T20:31:30.829+0000] {processor.py:186} INFO - Started process (PID=41) to work on /home/airflow/.local/lib/python3.12/site-packages/airflow/example_dags/example_dataset_alias_with_no_taskflow.py
[2024-10-20T20:31:30.842+0000] {processor.py:914} INFO - Processing file /home/airflow/.local/lib/python3.12/site-packages/airflow/example_dags/example_dataset_alias_with_no_taskflow.py for tasks to queue
[2024-10-20T20:31:30.865+0000] {logging_mixin.py:190} INFO - [2024-10-20T20:31:30.858+0000] {dagbag.py:587} INFO - Filling up the DagBag from /home/airflow/.local/lib/python3.12/site-packages/airflow/example_dags/example_dataset_alias_with_no_taskflow.py
[2024-10-20T20:31:37.794+0000] {processor.py:925} INFO - DAG(s) 'dataset_alias_example_alias_consumer_with_no_taskflow', 'dataset_s3_bucket_producer_with_no_taskflow', 'dataset_alias_example_alias_producer_with_no_taskflow', 'dataset_s3_bucket_consumer_with_no_taskflow' retrieved from /home/airflow/.local/lib/python3.12/site-packages/airflow/example_dags/example_dataset_alias_with_no_taskflow.py
[2024-10-20T20:31:38.080+0000] {logging_mixin.py:190} INFO - [2024-10-20T20:31:38.080+0000] {dag.py:3229} INFO - Sync 4 DAGs
[2024-10-20T20:31:38.755+0000] {logging_mixin.py:190} INFO - [2024-10-20T20:31:38.754+0000] {dag.py:4156} INFO - Setting next_dagrun for dataset_alias_example_alias_consumer_with_no_taskflow to None, run_after=None
[2024-10-20T20:31:38.778+0000] {logging_mixin.py:190} INFO - [2024-10-20T20:31:38.777+0000] {dag.py:4156} INFO - Setting next_dagrun for dataset_alias_example_alias_producer_with_no_taskflow to None, run_after=None
[2024-10-20T20:31:38.810+0000] {logging_mixin.py:190} INFO - [2024-10-20T20:31:38.810+0000] {dag.py:4156} INFO - Setting next_dagrun for dataset_s3_bucket_consumer_with_no_taskflow to None, run_after=None
[2024-10-20T20:31:38.815+0000] {logging_mixin.py:190} INFO - [2024-10-20T20:31:38.815+0000] {dag.py:4156} INFO - Setting next_dagrun for dataset_s3_bucket_producer_with_no_taskflow to None, run_after=None
[2024-10-20T20:31:39.049+0000] {processor.py:208} INFO - Processing /home/airflow/.local/lib/python3.12/site-packages/airflow/example_dags/example_dataset_alias_with_no_taskflow.py took 8.284 seconds
[2024-10-20T20:33:25.510+0000] {processor.py:186} INFO - Started process (PID=98) to work on /home/airflow/.local/lib/python3.12/site-packages/airflow/example_dags/example_dataset_alias_with_no_taskflow.py
[2024-10-20T20:33:25.518+0000] {processor.py:914} INFO - Processing file /home/airflow/.local/lib/python3.12/site-packages/airflow/example_dags/example_dataset_alias_with_no_taskflow.py for tasks to queue
[2024-10-20T20:33:25.527+0000] {logging_mixin.py:190} INFO - [2024-10-20T20:33:25.526+0000] {dagbag.py:587} INFO - Filling up the DagBag from /home/airflow/.local/lib/python3.12/site-packages/airflow/example_dags/example_dataset_alias_with_no_taskflow.py
[2024-10-20T20:33:33.598+0000] {processor.py:925} INFO - DAG(s) 'dataset_s3_bucket_producer_with_no_taskflow', 'dataset_alias_example_alias_producer_with_no_taskflow', 'dataset_s3_bucket_consumer_with_no_taskflow', 'dataset_alias_example_alias_consumer_with_no_taskflow' retrieved from /home/airflow/.local/lib/python3.12/site-packages/airflow/example_dags/example_dataset_alias_with_no_taskflow.py
[2024-10-20T20:33:33.875+0000] {logging_mixin.py:190} INFO - [2024-10-20T20:33:33.874+0000] {dag.py:3229} INFO - Sync 4 DAGs
[2024-10-20T20:33:34.099+0000] {logging_mixin.py:190} INFO - [2024-10-20T20:33:34.099+0000] {dag.py:4156} INFO - Setting next_dagrun for dataset_alias_example_alias_consumer_with_no_taskflow to None, run_after=None
[2024-10-20T20:33:34.127+0000] {logging_mixin.py:190} INFO - [2024-10-20T20:33:34.127+0000] {dag.py:4156} INFO - Setting next_dagrun for dataset_alias_example_alias_producer_with_no_taskflow to None, run_after=None
[2024-10-20T20:33:34.139+0000] {logging_mixin.py:190} INFO - [2024-10-20T20:33:34.138+0000] {dag.py:4156} INFO - Setting next_dagrun for dataset_s3_bucket_consumer_with_no_taskflow to None, run_after=None
[2024-10-20T20:33:34.151+0000] {logging_mixin.py:190} INFO - [2024-10-20T20:33:34.150+0000] {dag.py:4156} INFO - Setting next_dagrun for dataset_s3_bucket_producer_with_no_taskflow to None, run_after=None
[2024-10-20T20:33:34.577+0000] {processor.py:208} INFO - Processing /home/airflow/.local/lib/python3.12/site-packages/airflow/example_dags/example_dataset_alias_with_no_taskflow.py took 9.148 seconds
[2024-10-20T20:35:01.156+0000] {processor.py:186} INFO - Started process (PID=172) to work on /home/airflow/.local/lib/python3.12/site-packages/airflow/example_dags/example_dataset_alias_with_no_taskflow.py
[2024-10-20T20:35:01.166+0000] {processor.py:914} INFO - Processing file /home/airflow/.local/lib/python3.12/site-packages/airflow/example_dags/example_dataset_alias_with_no_taskflow.py for tasks to queue
[2024-10-20T20:35:01.190+0000] {logging_mixin.py:190} INFO - [2024-10-20T20:35:01.187+0000] {dagbag.py:587} INFO - Filling up the DagBag from /home/airflow/.local/lib/python3.12/site-packages/airflow/example_dags/example_dataset_alias_with_no_taskflow.py
[2024-10-20T20:35:03.721+0000] {processor.py:925} INFO - DAG(s) 'dataset_s3_bucket_consumer_with_no_taskflow', 'dataset_alias_example_alias_consumer_with_no_taskflow', 'dataset_alias_example_alias_producer_with_no_taskflow', 'dataset_s3_bucket_producer_with_no_taskflow' retrieved from /home/airflow/.local/lib/python3.12/site-packages/airflow/example_dags/example_dataset_alias_with_no_taskflow.py
[2024-10-20T20:35:03.834+0000] {logging_mixin.py:190} INFO - [2024-10-20T20:35:03.833+0000] {dag.py:3229} INFO - Sync 4 DAGs
[2024-10-20T20:35:03.947+0000] {logging_mixin.py:190} INFO - [2024-10-20T20:35:03.947+0000] {dag.py:4156} INFO - Setting next_dagrun for dataset_alias_example_alias_consumer_with_no_taskflow to None, run_after=None
[2024-10-20T20:35:03.959+0000] {logging_mixin.py:190} INFO - [2024-10-20T20:35:03.958+0000] {dag.py:4156} INFO - Setting next_dagrun for dataset_alias_example_alias_producer_with_no_taskflow to None, run_after=None
[2024-10-20T20:35:03.965+0000] {logging_mixin.py:190} INFO - [2024-10-20T20:35:03.965+0000] {dag.py:4156} INFO - Setting next_dagrun for dataset_s3_bucket_consumer_with_no_taskflow to None, run_after=None
[2024-10-20T20:35:03.969+0000] {logging_mixin.py:190} INFO - [2024-10-20T20:35:03.968+0000] {dag.py:4156} INFO - Setting next_dagrun for dataset_s3_bucket_producer_with_no_taskflow to None, run_after=None
[2024-10-20T20:35:04.106+0000] {processor.py:208} INFO - Processing /home/airflow/.local/lib/python3.12/site-packages/airflow/example_dags/example_dataset_alias_with_no_taskflow.py took 3.035 seconds
