[2024-10-20T13:22:07.873+0000] {processor.py:186} INFO - Started process (PID=125) to work on /home/airflow/.local/lib/python3.12/site-packages/airflow/example_dags/tutorial.py
[2024-10-20T13:22:07.888+0000] {processor.py:914} INFO - Processing file /home/airflow/.local/lib/python3.12/site-packages/airflow/example_dags/tutorial.py for tasks to queue
[2024-10-20T13:22:07.987+0000] {logging_mixin.py:190} INFO - [2024-10-20T13:22:07.985+0000] {dagbag.py:587} INFO - Filling up the DagBag from /home/airflow/.local/lib/python3.12/site-packages/airflow/example_dags/tutorial.py
[2024-10-20T13:22:08.107+0000] {processor.py:925} INFO - DAG(s) 'tutorial' retrieved from /home/airflow/.local/lib/python3.12/site-packages/airflow/example_dags/tutorial.py
[2024-10-20T13:22:09.528+0000] {logging_mixin.py:190} INFO - [2024-10-20T13:22:09.524+0000] {override.py:1900} INFO - Created Permission View: can read on DAG:tutorial
[2024-10-20T13:22:09.645+0000] {logging_mixin.py:190} INFO - [2024-10-20T13:22:09.643+0000] {override.py:1900} INFO - Created Permission View: can edit on DAG:tutorial
[2024-10-20T13:22:09.708+0000] {logging_mixin.py:190} INFO - [2024-10-20T13:22:09.707+0000] {override.py:1900} INFO - Created Permission View: can delete on DAG:tutorial
[2024-10-20T13:22:09.764+0000] {logging_mixin.py:190} INFO - [2024-10-20T13:22:09.762+0000] {override.py:1900} INFO - Created Permission View: can create on DAG Run:tutorial
[2024-10-20T13:22:09.894+0000] {logging_mixin.py:190} INFO - [2024-10-20T13:22:09.893+0000] {override.py:1900} INFO - Created Permission View: can read on DAG Run:tutorial
[2024-10-20T13:22:10.165+0000] {logging_mixin.py:190} INFO - [2024-10-20T13:22:10.165+0000] {override.py:1900} INFO - Created Permission View: menu access on DAG Run:tutorial
[2024-10-20T13:22:10.355+0000] {logging_mixin.py:190} INFO - [2024-10-20T13:22:10.354+0000] {override.py:1900} INFO - Created Permission View: can delete on DAG Run:tutorial
[2024-10-20T13:22:10.372+0000] {logging_mixin.py:190} INFO - [2024-10-20T13:22:10.372+0000] {dag.py:3229} INFO - Sync 1 DAGs
[2024-10-20T13:22:10.658+0000] {logging_mixin.py:190} INFO - [2024-10-20T13:22:10.657+0000] {dag.py:3252} INFO - Creating ORM DAG for tutorial
[2024-10-20T13:22:10.972+0000] {logging_mixin.py:190} INFO - [2024-10-20T13:22:10.971+0000] {dag.py:4156} INFO - Setting next_dagrun for tutorial to 2024-10-19 00:00:00+00:00, run_after=2024-10-20 00:00:00+00:00
[2024-10-20T13:22:11.296+0000] {processor.py:208} INFO - Processing /home/airflow/.local/lib/python3.12/site-packages/airflow/example_dags/tutorial.py took 3.519 seconds
[2024-10-20T13:53:44.134+0000] {processor.py:186} INFO - Started process (PID=98) to work on /home/airflow/.local/lib/python3.12/site-packages/airflow/example_dags/tutorial.py
[2024-10-20T13:53:44.164+0000] {processor.py:914} INFO - Processing file /home/airflow/.local/lib/python3.12/site-packages/airflow/example_dags/tutorial.py for tasks to queue
[2024-10-20T13:53:44.241+0000] {logging_mixin.py:190} INFO - [2024-10-20T13:53:44.240+0000] {dagbag.py:587} INFO - Filling up the DagBag from /home/airflow/.local/lib/python3.12/site-packages/airflow/example_dags/tutorial.py
[2024-10-20T13:53:44.660+0000] {processor.py:925} INFO - DAG(s) 'tutorial' retrieved from /home/airflow/.local/lib/python3.12/site-packages/airflow/example_dags/tutorial.py
[2024-10-20T13:53:45.585+0000] {logging_mixin.py:190} INFO - [2024-10-20T13:53:45.585+0000] {dag.py:3229} INFO - Sync 1 DAGs
[2024-10-20T13:53:46.816+0000] {logging_mixin.py:190} INFO - [2024-10-20T13:53:46.816+0000] {dag.py:4156} INFO - Setting next_dagrun for tutorial to 2024-10-19 00:00:00+00:00, run_after=2024-10-20 00:00:00+00:00
[2024-10-20T13:53:47.381+0000] {processor.py:208} INFO - Processing /home/airflow/.local/lib/python3.12/site-packages/airflow/example_dags/tutorial.py took 3.427 seconds
[2024-10-20T13:56:22.897+0000] {processor.py:186} INFO - Started process (PID=177) to work on /home/airflow/.local/lib/python3.12/site-packages/airflow/example_dags/tutorial.py
[2024-10-20T13:56:23.017+0000] {processor.py:914} INFO - Processing file /home/airflow/.local/lib/python3.12/site-packages/airflow/example_dags/tutorial.py for tasks to queue
[2024-10-20T13:56:23.094+0000] {logging_mixin.py:190} INFO - [2024-10-20T13:56:23.093+0000] {dagbag.py:587} INFO - Filling up the DagBag from /home/airflow/.local/lib/python3.12/site-packages/airflow/example_dags/tutorial.py
[2024-10-20T13:56:23.778+0000] {processor.py:925} INFO - DAG(s) 'tutorial' retrieved from /home/airflow/.local/lib/python3.12/site-packages/airflow/example_dags/tutorial.py
[2024-10-20T13:56:26.328+0000] {logging_mixin.py:190} INFO - [2024-10-20T13:56:26.062+0000] {dag.py:3229} INFO - Sync 1 DAGs
[2024-10-20T13:56:27.829+0000] {logging_mixin.py:190} INFO - [2024-10-20T13:56:27.829+0000] {dag.py:4156} INFO - Setting next_dagrun for tutorial to 2024-10-19 00:00:00+00:00, run_after=2024-10-20 00:00:00+00:00
[2024-10-20T13:56:29.793+0000] {processor.py:208} INFO - Processing /home/airflow/.local/lib/python3.12/site-packages/airflow/example_dags/tutorial.py took 6.991 seconds
[2024-10-20T20:31:15.480+0000] {processor.py:186} INFO - Started process (PID=33) to work on /home/airflow/.local/lib/python3.12/site-packages/airflow/example_dags/tutorial.py
[2024-10-20T20:31:15.494+0000] {processor.py:914} INFO - Processing file /home/airflow/.local/lib/python3.12/site-packages/airflow/example_dags/tutorial.py for tasks to queue
[2024-10-20T20:31:15.545+0000] {logging_mixin.py:190} INFO - [2024-10-20T20:31:15.544+0000] {dagbag.py:587} INFO - Filling up the DagBag from /home/airflow/.local/lib/python3.12/site-packages/airflow/example_dags/tutorial.py
[2024-10-20T20:31:16.321+0000] {processor.py:925} INFO - DAG(s) 'tutorial' retrieved from /home/airflow/.local/lib/python3.12/site-packages/airflow/example_dags/tutorial.py
[2024-10-20T20:31:17.741+0000] {logging_mixin.py:190} INFO - [2024-10-20T20:31:17.738+0000] {dag.py:3229} INFO - Sync 1 DAGs
[2024-10-20T20:31:18.492+0000] {logging_mixin.py:190} INFO - [2024-10-20T20:31:18.492+0000] {dag.py:4156} INFO - Setting next_dagrun for tutorial to 2024-10-19 00:00:00+00:00, run_after=2024-10-20 00:00:00+00:00
[2024-10-20T20:31:19.178+0000] {processor.py:208} INFO - Processing /home/airflow/.local/lib/python3.12/site-packages/airflow/example_dags/tutorial.py took 4.007 seconds
[2024-10-20T20:33:05.755+0000] {processor.py:186} INFO - Started process (PID=90) to work on /home/airflow/.local/lib/python3.12/site-packages/airflow/example_dags/tutorial.py
[2024-10-20T20:33:05.791+0000] {processor.py:914} INFO - Processing file /home/airflow/.local/lib/python3.12/site-packages/airflow/example_dags/tutorial.py for tasks to queue
[2024-10-20T20:33:05.797+0000] {logging_mixin.py:190} INFO - [2024-10-20T20:33:05.796+0000] {dagbag.py:587} INFO - Filling up the DagBag from /home/airflow/.local/lib/python3.12/site-packages/airflow/example_dags/tutorial.py
[2024-10-20T20:33:05.818+0000] {processor.py:925} INFO - DAG(s) 'tutorial' retrieved from /home/airflow/.local/lib/python3.12/site-packages/airflow/example_dags/tutorial.py
[2024-10-20T20:33:05.916+0000] {logging_mixin.py:190} INFO - [2024-10-20T20:33:05.915+0000] {dag.py:3229} INFO - Sync 1 DAGs
[2024-10-20T20:33:06.139+0000] {logging_mixin.py:190} INFO - [2024-10-20T20:33:06.139+0000] {dag.py:4156} INFO - Setting next_dagrun for tutorial to 2024-10-19 00:00:00+00:00, run_after=2024-10-20 00:00:00+00:00
[2024-10-20T20:33:06.276+0000] {processor.py:208} INFO - Processing /home/airflow/.local/lib/python3.12/site-packages/airflow/example_dags/tutorial.py took 0.608 seconds
[2024-10-20T20:34:09.991+0000] {processor.py:186} INFO - Started process (PID=126) to work on /home/airflow/.local/lib/python3.12/site-packages/airflow/example_dags/tutorial.py
[2024-10-20T20:34:10.051+0000] {processor.py:914} INFO - Processing file /home/airflow/.local/lib/python3.12/site-packages/airflow/example_dags/tutorial.py for tasks to queue
[2024-10-20T20:34:10.083+0000] {logging_mixin.py:190} INFO - [2024-10-20T20:34:10.082+0000] {dagbag.py:587} INFO - Filling up the DagBag from /home/airflow/.local/lib/python3.12/site-packages/airflow/example_dags/tutorial.py
[2024-10-20T20:34:10.215+0000] {processor.py:925} INFO - DAG(s) 'tutorial' retrieved from /home/airflow/.local/lib/python3.12/site-packages/airflow/example_dags/tutorial.py
[2024-10-20T20:34:10.513+0000] {logging_mixin.py:190} INFO - [2024-10-20T20:34:10.512+0000] {dag.py:3229} INFO - Sync 1 DAGs
[2024-10-20T20:34:10.939+0000] {logging_mixin.py:190} INFO - [2024-10-20T20:34:10.938+0000] {dag.py:4156} INFO - Setting next_dagrun for tutorial to 2024-10-19 00:00:00+00:00, run_after=2024-10-20 00:00:00+00:00
[2024-10-20T20:34:11.272+0000] {processor.py:208} INFO - Processing /home/airflow/.local/lib/python3.12/site-packages/airflow/example_dags/tutorial.py took 1.327 seconds
[2024-10-20T20:34:57.479+0000] {processor.py:186} INFO - Started process (PID=164) to work on /home/airflow/.local/lib/python3.12/site-packages/airflow/example_dags/tutorial.py
[2024-10-20T20:34:57.488+0000] {processor.py:914} INFO - Processing file /home/airflow/.local/lib/python3.12/site-packages/airflow/example_dags/tutorial.py for tasks to queue
[2024-10-20T20:34:57.498+0000] {logging_mixin.py:190} INFO - [2024-10-20T20:34:57.493+0000] {dagbag.py:587} INFO - Filling up the DagBag from /home/airflow/.local/lib/python3.12/site-packages/airflow/example_dags/tutorial.py
[2024-10-20T20:34:57.554+0000] {processor.py:925} INFO - DAG(s) 'tutorial' retrieved from /home/airflow/.local/lib/python3.12/site-packages/airflow/example_dags/tutorial.py
[2024-10-20T20:34:57.721+0000] {logging_mixin.py:190} INFO - [2024-10-20T20:34:57.720+0000] {dag.py:3229} INFO - Sync 1 DAGs
[2024-10-20T20:34:57.887+0000] {logging_mixin.py:190} INFO - [2024-10-20T20:34:57.886+0000] {dag.py:4156} INFO - Setting next_dagrun for tutorial to 2024-10-19 00:00:00+00:00, run_after=2024-10-20 00:00:00+00:00
[2024-10-20T20:34:58.037+0000] {processor.py:208} INFO - Processing /home/airflow/.local/lib/python3.12/site-packages/airflow/example_dags/tutorial.py took 0.605 seconds
