[2024-10-20T13:22:57.665+0000] {processor.py:186} INFO - Started process (PID=153) to work on /home/airflow/.local/lib/python3.12/site-packages/airflow/example_dags/tutorial_objectstorage.py
[2024-10-20T13:22:57.669+0000] {processor.py:914} INFO - Processing file /home/airflow/.local/lib/python3.12/site-packages/airflow/example_dags/tutorial_objectstorage.py for tasks to queue
[2024-10-20T13:22:57.731+0000] {logging_mixin.py:190} INFO - [2024-10-20T13:22:57.728+0000] {dagbag.py:587} INFO - Filling up the DagBag from /home/airflow/.local/lib/python3.12/site-packages/airflow/example_dags/tutorial_objectstorage.py
[2024-10-20T13:22:57.998+0000] {processor.py:925} INFO - DAG(s) 'tutorial_objectstorage' retrieved from /home/airflow/.local/lib/python3.12/site-packages/airflow/example_dags/tutorial_objectstorage.py
[2024-10-20T13:23:00.162+0000] {logging_mixin.py:190} INFO - [2024-10-20T13:23:00.159+0000] {override.py:1900} INFO - Created Permission View: can read on DAG:tutorial_objectstorage
[2024-10-20T13:23:00.408+0000] {logging_mixin.py:190} INFO - [2024-10-20T13:23:00.408+0000] {override.py:1900} INFO - Created Permission View: can edit on DAG:tutorial_objectstorage
[2024-10-20T13:23:00.506+0000] {logging_mixin.py:190} INFO - [2024-10-20T13:23:00.504+0000] {override.py:1900} INFO - Created Permission View: can delete on DAG:tutorial_objectstorage
[2024-10-20T13:23:00.645+0000] {logging_mixin.py:190} INFO - [2024-10-20T13:23:00.643+0000] {override.py:1900} INFO - Created Permission View: can create on DAG Run:tutorial_objectstorage
[2024-10-20T13:23:00.896+0000] {logging_mixin.py:190} INFO - [2024-10-20T13:23:00.893+0000] {override.py:1900} INFO - Created Permission View: can read on DAG Run:tutorial_objectstorage
[2024-10-20T13:23:01.032+0000] {logging_mixin.py:190} INFO - [2024-10-20T13:23:01.031+0000] {override.py:1900} INFO - Created Permission View: menu access on DAG Run:tutorial_objectstorage
[2024-10-20T13:23:01.093+0000] {logging_mixin.py:190} INFO - [2024-10-20T13:23:01.092+0000] {override.py:1900} INFO - Created Permission View: can delete on DAG Run:tutorial_objectstorage
[2024-10-20T13:23:01.100+0000] {logging_mixin.py:190} INFO - [2024-10-20T13:23:01.099+0000] {dag.py:3229} INFO - Sync 1 DAGs
[2024-10-20T13:23:01.326+0000] {logging_mixin.py:190} INFO - [2024-10-20T13:23:01.325+0000] {dag.py:3252} INFO - Creating ORM DAG for tutorial_objectstorage
[2024-10-20T13:23:01.365+0000] {logging_mixin.py:190} INFO - [2024-10-20T13:23:01.365+0000] {dag.py:4156} INFO - Setting next_dagrun for tutorial_objectstorage to None, run_after=None
[2024-10-20T13:23:01.819+0000] {processor.py:208} INFO - Processing /home/airflow/.local/lib/python3.12/site-packages/airflow/example_dags/tutorial_objectstorage.py took 4.239 seconds
[2024-10-20T13:54:14.959+0000] {processor.py:186} INFO - Started process (PID=120) to work on /home/airflow/.local/lib/python3.12/site-packages/airflow/example_dags/tutorial_objectstorage.py
[2024-10-20T13:54:15.049+0000] {processor.py:914} INFO - Processing file /home/airflow/.local/lib/python3.12/site-packages/airflow/example_dags/tutorial_objectstorage.py for tasks to queue
[2024-10-20T13:54:15.146+0000] {logging_mixin.py:190} INFO - [2024-10-20T13:54:15.145+0000] {dagbag.py:587} INFO - Filling up the DagBag from /home/airflow/.local/lib/python3.12/site-packages/airflow/example_dags/tutorial_objectstorage.py
[2024-10-20T13:54:15.283+0000] {processor.py:925} INFO - DAG(s) 'tutorial_objectstorage' retrieved from /home/airflow/.local/lib/python3.12/site-packages/airflow/example_dags/tutorial_objectstorage.py
[2024-10-20T13:54:15.955+0000] {logging_mixin.py:190} INFO - [2024-10-20T13:54:15.939+0000] {dag.py:3229} INFO - Sync 1 DAGs
[2024-10-20T13:54:16.172+0000] {logging_mixin.py:190} INFO - [2024-10-20T13:54:16.172+0000] {dag.py:4156} INFO - Setting next_dagrun for tutorial_objectstorage to None, run_after=None
[2024-10-20T13:54:16.967+0000] {processor.py:208} INFO - Processing /home/airflow/.local/lib/python3.12/site-packages/airflow/example_dags/tutorial_objectstorage.py took 2.109 seconds
[2024-10-20T20:31:47.120+0000] {processor.py:186} INFO - Started process (PID=50) to work on /home/airflow/.local/lib/python3.12/site-packages/airflow/example_dags/tutorial_objectstorage.py
[2024-10-20T20:31:47.170+0000] {processor.py:914} INFO - Processing file /home/airflow/.local/lib/python3.12/site-packages/airflow/example_dags/tutorial_objectstorage.py for tasks to queue
[2024-10-20T20:31:47.176+0000] {logging_mixin.py:190} INFO - [2024-10-20T20:31:47.175+0000] {dagbag.py:587} INFO - Filling up the DagBag from /home/airflow/.local/lib/python3.12/site-packages/airflow/example_dags/tutorial_objectstorage.py
[2024-10-20T20:31:47.245+0000] {processor.py:925} INFO - DAG(s) 'tutorial_objectstorage' retrieved from /home/airflow/.local/lib/python3.12/site-packages/airflow/example_dags/tutorial_objectstorage.py
[2024-10-20T20:31:49.017+0000] {logging_mixin.py:190} INFO - [2024-10-20T20:31:49.017+0000] {dag.py:3229} INFO - Sync 1 DAGs
[2024-10-20T20:31:49.319+0000] {logging_mixin.py:190} INFO - [2024-10-20T20:31:49.317+0000] {dag.py:4156} INFO - Setting next_dagrun for tutorial_objectstorage to None, run_after=None
[2024-10-20T20:31:50.372+0000] {processor.py:208} INFO - Processing /home/airflow/.local/lib/python3.12/site-packages/airflow/example_dags/tutorial_objectstorage.py took 3.591 seconds
[2024-10-20T20:33:40.135+0000] {processor.py:186} INFO - Started process (PID=107) to work on /home/airflow/.local/lib/python3.12/site-packages/airflow/example_dags/tutorial_objectstorage.py
[2024-10-20T20:33:40.153+0000] {processor.py:914} INFO - Processing file /home/airflow/.local/lib/python3.12/site-packages/airflow/example_dags/tutorial_objectstorage.py for tasks to queue
[2024-10-20T20:33:40.178+0000] {logging_mixin.py:190} INFO - [2024-10-20T20:33:40.169+0000] {dagbag.py:587} INFO - Filling up the DagBag from /home/airflow/.local/lib/python3.12/site-packages/airflow/example_dags/tutorial_objectstorage.py
[2024-10-20T20:33:40.349+0000] {processor.py:925} INFO - DAG(s) 'tutorial_objectstorage' retrieved from /home/airflow/.local/lib/python3.12/site-packages/airflow/example_dags/tutorial_objectstorage.py
[2024-10-20T20:33:40.467+0000] {logging_mixin.py:190} INFO - [2024-10-20T20:33:40.467+0000] {dag.py:3229} INFO - Sync 1 DAGs
[2024-10-20T20:33:40.631+0000] {logging_mixin.py:190} INFO - [2024-10-20T20:33:40.630+0000] {dag.py:4156} INFO - Setting next_dagrun for tutorial_objectstorage to None, run_after=None
[2024-10-20T20:33:41.203+0000] {processor.py:208} INFO - Processing /home/airflow/.local/lib/python3.12/site-packages/airflow/example_dags/tutorial_objectstorage.py took 1.091 seconds
[2024-10-20T20:35:05.959+0000] {processor.py:186} INFO - Started process (PID=181) to work on /home/airflow/.local/lib/python3.12/site-packages/airflow/example_dags/tutorial_objectstorage.py
[2024-10-20T20:35:05.962+0000] {processor.py:914} INFO - Processing file /home/airflow/.local/lib/python3.12/site-packages/airflow/example_dags/tutorial_objectstorage.py for tasks to queue
[2024-10-20T20:35:05.967+0000] {logging_mixin.py:190} INFO - [2024-10-20T20:35:05.966+0000] {dagbag.py:587} INFO - Filling up the DagBag from /home/airflow/.local/lib/python3.12/site-packages/airflow/example_dags/tutorial_objectstorage.py
[2024-10-20T20:35:06.080+0000] {processor.py:925} INFO - DAG(s) 'tutorial_objectstorage' retrieved from /home/airflow/.local/lib/python3.12/site-packages/airflow/example_dags/tutorial_objectstorage.py
[2024-10-20T20:35:06.192+0000] {logging_mixin.py:190} INFO - [2024-10-20T20:35:06.191+0000] {dag.py:3229} INFO - Sync 1 DAGs
[2024-10-20T20:35:06.282+0000] {logging_mixin.py:190} INFO - [2024-10-20T20:35:06.281+0000] {dag.py:4156} INFO - Setting next_dagrun for tutorial_objectstorage to None, run_after=None
[2024-10-20T20:35:06.362+0000] {processor.py:208} INFO - Processing /home/airflow/.local/lib/python3.12/site-packages/airflow/example_dags/tutorial_objectstorage.py took 0.442 seconds
