[2024-10-20T13:23:02.702+0000] {processor.py:186} INFO - Started process (PID=156) to work on /home/airflow/.local/lib/python3.12/site-packages/airflow/example_dags/tutorial_taskflow_api_virtualenv.py
[2024-10-20T13:23:02.709+0000] {processor.py:914} INFO - Processing file /home/airflow/.local/lib/python3.12/site-packages/airflow/example_dags/tutorial_taskflow_api_virtualenv.py for tasks to queue
[2024-10-20T13:23:02.752+0000] {logging_mixin.py:190} INFO - [2024-10-20T13:23:02.750+0000] {dagbag.py:587} INFO - Filling up the DagBag from /home/airflow/.local/lib/python3.12/site-packages/airflow/example_dags/tutorial_taskflow_api_virtualenv.py
[2024-10-20T13:23:03.085+0000] {processor.py:925} INFO - DAG(s) 'tutorial_taskflow_api_virtualenv' retrieved from /home/airflow/.local/lib/python3.12/site-packages/airflow/example_dags/tutorial_taskflow_api_virtualenv.py
[2024-10-20T13:23:06.428+0000] {logging_mixin.py:190} INFO - [2024-10-20T13:23:06.412+0000] {override.py:1900} INFO - Created Permission View: can read on DAG:tutorial_taskflow_api_virtualenv
[2024-10-20T13:23:06.568+0000] {logging_mixin.py:190} INFO - [2024-10-20T13:23:06.567+0000] {override.py:1900} INFO - Created Permission View: can edit on DAG:tutorial_taskflow_api_virtualenv
[2024-10-20T13:23:06.656+0000] {logging_mixin.py:190} INFO - [2024-10-20T13:23:06.655+0000] {override.py:1900} INFO - Created Permission View: can delete on DAG:tutorial_taskflow_api_virtualenv
[2024-10-20T13:23:06.772+0000] {logging_mixin.py:190} INFO - [2024-10-20T13:23:06.770+0000] {override.py:1900} INFO - Created Permission View: can create on DAG Run:tutorial_taskflow_api_virtualenv
[2024-10-20T13:23:06.860+0000] {logging_mixin.py:190} INFO - [2024-10-20T13:23:06.858+0000] {override.py:1900} INFO - Created Permission View: can read on DAG Run:tutorial_taskflow_api_virtualenv
[2024-10-20T13:23:06.976+0000] {logging_mixin.py:190} INFO - [2024-10-20T13:23:06.974+0000] {override.py:1900} INFO - Created Permission View: menu access on DAG Run:tutorial_taskflow_api_virtualenv
[2024-10-20T13:23:07.140+0000] {logging_mixin.py:190} INFO - [2024-10-20T13:23:07.139+0000] {override.py:1900} INFO - Created Permission View: can delete on DAG Run:tutorial_taskflow_api_virtualenv
[2024-10-20T13:23:07.196+0000] {logging_mixin.py:190} INFO - [2024-10-20T13:23:07.195+0000] {dag.py:3229} INFO - Sync 1 DAGs
[2024-10-20T13:23:07.447+0000] {logging_mixin.py:190} INFO - [2024-10-20T13:23:07.446+0000] {dag.py:3252} INFO - Creating ORM DAG for tutorial_taskflow_api_virtualenv
[2024-10-20T13:23:07.475+0000] {logging_mixin.py:190} INFO - [2024-10-20T13:23:07.474+0000] {dag.py:4156} INFO - Setting next_dagrun for tutorial_taskflow_api_virtualenv to None, run_after=None
[2024-10-20T13:23:07.956+0000] {processor.py:208} INFO - Processing /home/airflow/.local/lib/python3.12/site-packages/airflow/example_dags/tutorial_taskflow_api_virtualenv.py took 5.381 seconds
[2024-10-20T13:54:20.450+0000] {processor.py:186} INFO - Started process (PID=123) to work on /home/airflow/.local/lib/python3.12/site-packages/airflow/example_dags/tutorial_taskflow_api_virtualenv.py
[2024-10-20T13:54:20.457+0000] {processor.py:914} INFO - Processing file /home/airflow/.local/lib/python3.12/site-packages/airflow/example_dags/tutorial_taskflow_api_virtualenv.py for tasks to queue
[2024-10-20T13:54:20.490+0000] {logging_mixin.py:190} INFO - [2024-10-20T13:54:20.489+0000] {dagbag.py:587} INFO - Filling up the DagBag from /home/airflow/.local/lib/python3.12/site-packages/airflow/example_dags/tutorial_taskflow_api_virtualenv.py
[2024-10-20T13:54:20.581+0000] {processor.py:925} INFO - DAG(s) 'tutorial_taskflow_api_virtualenv' retrieved from /home/airflow/.local/lib/python3.12/site-packages/airflow/example_dags/tutorial_taskflow_api_virtualenv.py
[2024-10-20T13:54:23.831+0000] {logging_mixin.py:190} INFO - [2024-10-20T13:54:23.830+0000] {dag.py:3229} INFO - Sync 1 DAGs
[2024-10-20T13:54:24.154+0000] {logging_mixin.py:190} INFO - [2024-10-20T13:54:24.153+0000] {dag.py:4156} INFO - Setting next_dagrun for tutorial_taskflow_api_virtualenv to None, run_after=None
[2024-10-20T13:54:24.481+0000] {processor.py:208} INFO - Processing /home/airflow/.local/lib/python3.12/site-packages/airflow/example_dags/tutorial_taskflow_api_virtualenv.py took 4.062 seconds
[2024-10-20T20:31:52.393+0000] {processor.py:186} INFO - Started process (PID=53) to work on /home/airflow/.local/lib/python3.12/site-packages/airflow/example_dags/tutorial_taskflow_api_virtualenv.py
[2024-10-20T20:31:52.423+0000] {processor.py:914} INFO - Processing file /home/airflow/.local/lib/python3.12/site-packages/airflow/example_dags/tutorial_taskflow_api_virtualenv.py for tasks to queue
[2024-10-20T20:31:52.461+0000] {logging_mixin.py:190} INFO - [2024-10-20T20:31:52.461+0000] {dagbag.py:587} INFO - Filling up the DagBag from /home/airflow/.local/lib/python3.12/site-packages/airflow/example_dags/tutorial_taskflow_api_virtualenv.py
[2024-10-20T20:31:52.674+0000] {processor.py:925} INFO - DAG(s) 'tutorial_taskflow_api_virtualenv' retrieved from /home/airflow/.local/lib/python3.12/site-packages/airflow/example_dags/tutorial_taskflow_api_virtualenv.py
[2024-10-20T20:31:57.404+0000] {logging_mixin.py:190} INFO - [2024-10-20T20:31:57.402+0000] {dag.py:3229} INFO - Sync 1 DAGs
[2024-10-20T20:31:58.254+0000] {logging_mixin.py:190} INFO - [2024-10-20T20:31:58.253+0000] {dag.py:4156} INFO - Setting next_dagrun for tutorial_taskflow_api_virtualenv to None, run_after=None
[2024-10-20T20:32:00.428+0000] {processor.py:208} INFO - Processing /home/airflow/.local/lib/python3.12/site-packages/airflow/example_dags/tutorial_taskflow_api_virtualenv.py took 8.104 seconds
[2024-10-20T20:33:47.660+0000] {processor.py:186} INFO - Started process (PID=110) to work on /home/airflow/.local/lib/python3.12/site-packages/airflow/example_dags/tutorial_taskflow_api_virtualenv.py
[2024-10-20T20:33:47.711+0000] {processor.py:914} INFO - Processing file /home/airflow/.local/lib/python3.12/site-packages/airflow/example_dags/tutorial_taskflow_api_virtualenv.py for tasks to queue
[2024-10-20T20:33:47.754+0000] {logging_mixin.py:190} INFO - [2024-10-20T20:33:47.751+0000] {dagbag.py:587} INFO - Filling up the DagBag from /home/airflow/.local/lib/python3.12/site-packages/airflow/example_dags/tutorial_taskflow_api_virtualenv.py
[2024-10-20T20:33:48.320+0000] {processor.py:925} INFO - DAG(s) 'tutorial_taskflow_api_virtualenv' retrieved from /home/airflow/.local/lib/python3.12/site-packages/airflow/example_dags/tutorial_taskflow_api_virtualenv.py
[2024-10-20T20:33:48.687+0000] {logging_mixin.py:190} INFO - [2024-10-20T20:33:48.686+0000] {dag.py:3229} INFO - Sync 1 DAGs
[2024-10-20T20:33:48.795+0000] {logging_mixin.py:190} INFO - [2024-10-20T20:33:48.794+0000] {dag.py:4156} INFO - Setting next_dagrun for tutorial_taskflow_api_virtualenv to None, run_after=None
[2024-10-20T20:33:49.084+0000] {processor.py:208} INFO - Processing /home/airflow/.local/lib/python3.12/site-packages/airflow/example_dags/tutorial_taskflow_api_virtualenv.py took 2.023 seconds
[2024-10-20T20:35:06.638+0000] {processor.py:186} INFO - Started process (PID=184) to work on /home/airflow/.local/lib/python3.12/site-packages/airflow/example_dags/tutorial_taskflow_api_virtualenv.py
[2024-10-20T20:35:06.640+0000] {processor.py:914} INFO - Processing file /home/airflow/.local/lib/python3.12/site-packages/airflow/example_dags/tutorial_taskflow_api_virtualenv.py for tasks to queue
[2024-10-20T20:35:06.646+0000] {logging_mixin.py:190} INFO - [2024-10-20T20:35:06.645+0000] {dagbag.py:587} INFO - Filling up the DagBag from /home/airflow/.local/lib/python3.12/site-packages/airflow/example_dags/tutorial_taskflow_api_virtualenv.py
[2024-10-20T20:35:06.678+0000] {processor.py:925} INFO - DAG(s) 'tutorial_taskflow_api_virtualenv' retrieved from /home/airflow/.local/lib/python3.12/site-packages/airflow/example_dags/tutorial_taskflow_api_virtualenv.py
[2024-10-20T20:35:06.745+0000] {logging_mixin.py:190} INFO - [2024-10-20T20:35:06.744+0000] {dag.py:3229} INFO - Sync 1 DAGs
[2024-10-20T20:35:06.785+0000] {logging_mixin.py:190} INFO - [2024-10-20T20:35:06.784+0000] {dag.py:4156} INFO - Setting next_dagrun for tutorial_taskflow_api_virtualenv to None, run_after=None
[2024-10-20T20:35:06.833+0000] {processor.py:208} INFO - Processing /home/airflow/.local/lib/python3.12/site-packages/airflow/example_dags/tutorial_taskflow_api_virtualenv.py took 0.209 seconds
