[2024-10-22T13:48:17.332+0000] {processor.py:186} INFO - Started process (PID=84) to work on /opt/airflow/dags/wikipedia_pageviews_dag.py
[2024-10-22T13:48:17.366+0000] {processor.py:914} INFO - Processing file /opt/airflow/dags/wikipedia_pageviews_dag.py for tasks to queue
[2024-10-22T13:48:17.384+0000] {logging_mixin.py:190} INFO - [2024-10-22T13:48:17.383+0000] {dagbag.py:587} INFO - Filling up the DagBag from /opt/airflow/dags/wikipedia_pageviews_dag.py
[2024-10-22T13:48:18.417+0000] {processor.py:925} INFO - DAG(s) 'wikipedia_pageviews_dag' retrieved from /opt/airflow/dags/wikipedia_pageviews_dag.py
[2024-10-22T13:48:19.119+0000] {logging_mixin.py:190} INFO - [2024-10-22T13:48:19.118+0000] {dag.py:3229} INFO - Sync 1 DAGs
[2024-10-22T13:48:19.408+0000] {logging_mixin.py:190} INFO - [2024-10-22T13:48:19.407+0000] {dag.py:4156} INFO - Setting next_dagrun for wikipedia_pageviews_dag to 2024-10-22 12:00:00+00:00, run_after=2024-10-22 13:00:00+00:00
[2024-10-22T13:48:19.627+0000] {processor.py:208} INFO - Processing /opt/airflow/dags/wikipedia_pageviews_dag.py took 2.346 seconds
[2024-10-22T13:49:10.179+0000] {processor.py:186} INFO - Started process (PID=153) to work on /opt/airflow/dags/wikipedia_pageviews_dag.py
[2024-10-22T13:49:10.189+0000] {processor.py:914} INFO - Processing file /opt/airflow/dags/wikipedia_pageviews_dag.py for tasks to queue
[2024-10-22T13:49:10.201+0000] {logging_mixin.py:190} INFO - [2024-10-22T13:49:10.200+0000] {dagbag.py:587} INFO - Filling up the DagBag from /opt/airflow/dags/wikipedia_pageviews_dag.py
[2024-10-22T13:49:10.523+0000] {processor.py:925} INFO - DAG(s) 'wikipedia_pageviews_dag' retrieved from /opt/airflow/dags/wikipedia_pageviews_dag.py
[2024-10-22T13:49:10.701+0000] {logging_mixin.py:190} INFO - [2024-10-22T13:49:10.700+0000] {dag.py:3229} INFO - Sync 1 DAGs
[2024-10-22T13:49:10.903+0000] {logging_mixin.py:190} INFO - [2024-10-22T13:49:10.902+0000] {dag.py:4156} INFO - Setting next_dagrun for wikipedia_pageviews_dag to 2024-10-22 12:00:00+00:00, run_after=2024-10-22 13:00:00+00:00
[2024-10-22T13:49:11.039+0000] {processor.py:208} INFO - Processing /opt/airflow/dags/wikipedia_pageviews_dag.py took 0.893 seconds
[2024-10-22T13:49:46.821+0000] {processor.py:186} INFO - Started process (PID=202) to work on /opt/airflow/dags/wikipedia_pageviews_dag.py
[2024-10-22T13:49:46.843+0000] {processor.py:914} INFO - Processing file /opt/airflow/dags/wikipedia_pageviews_dag.py for tasks to queue
[2024-10-22T13:49:46.870+0000] {logging_mixin.py:190} INFO - [2024-10-22T13:49:46.869+0000] {dagbag.py:587} INFO - Filling up the DagBag from /opt/airflow/dags/wikipedia_pageviews_dag.py
[2024-10-22T13:49:51.789+0000] {processor.py:925} INFO - DAG(s) 'wikipedia_pageviews_dag' retrieved from /opt/airflow/dags/wikipedia_pageviews_dag.py
[2024-10-22T13:49:52.264+0000] {logging_mixin.py:190} INFO - [2024-10-22T13:49:52.264+0000] {dag.py:3229} INFO - Sync 1 DAGs
[2024-10-22T13:49:58.187+0000] {logging_mixin.py:190} INFO - [2024-10-22T13:49:58.186+0000] {dag.py:4156} INFO - Setting next_dagrun for wikipedia_pageviews_dag to 2024-10-22 12:00:00+00:00, run_after=2024-10-22 13:00:00+00:00
[2024-10-22T13:49:58.822+0000] {processor.py:208} INFO - Processing /opt/airflow/dags/wikipedia_pageviews_dag.py took 11.767 seconds
[2024-10-22T18:41:49.833+0000] {processor.py:186} INFO - Started process (PID=80) to work on /opt/airflow/dags/wikipedia_pageviews_dag.py
[2024-10-22T18:41:49.884+0000] {processor.py:914} INFO - Processing file /opt/airflow/dags/wikipedia_pageviews_dag.py for tasks to queue
[2024-10-22T18:41:49.954+0000] {logging_mixin.py:190} INFO - [2024-10-22T18:41:49.939+0000] {dagbag.py:587} INFO - Filling up the DagBag from /opt/airflow/dags/wikipedia_pageviews_dag.py
[2024-10-22T18:41:52.019+0000] {processor.py:925} INFO - DAG(s) 'wikipedia_pageviews_dag' retrieved from /opt/airflow/dags/wikipedia_pageviews_dag.py
[2024-10-22T18:41:52.406+0000] {logging_mixin.py:190} INFO - [2024-10-22T18:41:52.405+0000] {dag.py:3229} INFO - Sync 1 DAGs
[2024-10-22T18:41:52.816+0000] {logging_mixin.py:190} INFO - [2024-10-22T18:41:52.816+0000] {dag.py:4156} INFO - Setting next_dagrun for wikipedia_pageviews_dag to 2024-10-22 17:00:00+00:00, run_after=2024-10-22 18:00:00+00:00
[2024-10-22T18:41:53.424+0000] {processor.py:208} INFO - Processing /opt/airflow/dags/wikipedia_pageviews_dag.py took 3.921 seconds
[2024-10-22T18:43:03.138+0000] {processor.py:186} INFO - Started process (PID=148) to work on /opt/airflow/dags/wikipedia_pageviews_dag.py
[2024-10-22T18:43:03.267+0000] {processor.py:914} INFO - Processing file /opt/airflow/dags/wikipedia_pageviews_dag.py for tasks to queue
[2024-10-22T18:43:03.318+0000] {logging_mixin.py:190} INFO - [2024-10-22T18:43:03.274+0000] {dagbag.py:587} INFO - Filling up the DagBag from /opt/airflow/dags/wikipedia_pageviews_dag.py
[2024-10-22T18:43:04.086+0000] {processor.py:925} INFO - DAG(s) 'wikipedia_pageviews_dag' retrieved from /opt/airflow/dags/wikipedia_pageviews_dag.py
[2024-10-22T18:43:04.637+0000] {logging_mixin.py:190} INFO - [2024-10-22T18:43:04.636+0000] {dag.py:3229} INFO - Sync 1 DAGs
[2024-10-22T18:43:05.411+0000] {logging_mixin.py:190} INFO - [2024-10-22T18:43:05.411+0000] {dag.py:4156} INFO - Setting next_dagrun for wikipedia_pageviews_dag to 2024-10-22 17:00:00+00:00, run_after=2024-10-22 18:00:00+00:00
[2024-10-22T18:43:06.230+0000] {processor.py:208} INFO - Processing /opt/airflow/dags/wikipedia_pageviews_dag.py took 3.122 seconds
[2024-10-22T18:44:22.579+0000] {processor.py:186} INFO - Started process (PID=187) to work on /opt/airflow/dags/wikipedia_pageviews_dag.py
[2024-10-22T18:44:22.613+0000] {processor.py:914} INFO - Processing file /opt/airflow/dags/wikipedia_pageviews_dag.py for tasks to queue
[2024-10-22T18:44:23.021+0000] {logging_mixin.py:190} INFO - [2024-10-22T18:44:22.951+0000] {dagbag.py:587} INFO - Filling up the DagBag from /opt/airflow/dags/wikipedia_pageviews_dag.py
[2024-10-22T18:44:28.256+0000] {processor.py:925} INFO - DAG(s) 'wikipedia_pageviews_dag' retrieved from /opt/airflow/dags/wikipedia_pageviews_dag.py
[2024-10-22T18:47:23.871+0000] {processor.py:186} INFO - Started process (PID=67) to work on /opt/airflow/dags/wikipedia_pageviews_dag.py
[2024-10-22T18:47:23.885+0000] {processor.py:914} INFO - Processing file /opt/airflow/dags/wikipedia_pageviews_dag.py for tasks to queue
[2024-10-22T18:47:23.909+0000] {logging_mixin.py:190} INFO - [2024-10-22T18:47:23.908+0000] {dagbag.py:587} INFO - Filling up the DagBag from /opt/airflow/dags/wikipedia_pageviews_dag.py
[2024-10-22T18:47:25.413+0000] {processor.py:925} INFO - DAG(s) 'wikipedia_pageviews_dag' retrieved from /opt/airflow/dags/wikipedia_pageviews_dag.py
[2024-10-22T18:47:25.969+0000] {logging_mixin.py:190} INFO - [2024-10-22T18:47:25.960+0000] {dag.py:3229} INFO - Sync 1 DAGs
[2024-10-22T18:47:27.025+0000] {logging_mixin.py:190} INFO - [2024-10-22T18:47:27.025+0000] {dag.py:4156} INFO - Setting next_dagrun for wikipedia_pageviews_dag to 2024-10-22 17:00:00+00:00, run_after=2024-10-22 18:00:00+00:00
[2024-10-22T18:47:27.992+0000] {processor.py:208} INFO - Processing /opt/airflow/dags/wikipedia_pageviews_dag.py took 4.181 seconds
