[2024-10-21T09:01:39.069+0000] {processor.py:186} INFO - Started process (PID=146) to work on /home/airflow/.local/lib/python3.12/site-packages/airflow/example_dags/example_outlet_event_extra.py
[2024-10-21T09:01:39.078+0000] {processor.py:914} INFO - Processing file /home/airflow/.local/lib/python3.12/site-packages/airflow/example_dags/example_outlet_event_extra.py for tasks to queue
[2024-10-21T09:01:39.137+0000] {logging_mixin.py:190} INFO - [2024-10-21T09:01:39.136+0000] {dagbag.py:587} INFO - Filling up the DagBag from /home/airflow/.local/lib/python3.12/site-packages/airflow/example_dags/example_outlet_event_extra.py
[2024-10-21T09:01:40.645+0000] {processor.py:925} INFO - DAG(s) 'dataset_with_extra_from_classic_operator', 'dataset_with_extra_by_yield', 'dataset_with_extra_by_context' retrieved from /home/airflow/.local/lib/python3.12/site-packages/airflow/example_dags/example_outlet_event_extra.py
[2024-10-21T09:01:40.858+0000] {logging_mixin.py:190} INFO - [2024-10-21T09:01:40.857+0000] {dag.py:3229} INFO - Sync 3 DAGs
[2024-10-21T09:01:41.632+0000] {logging_mixin.py:190} INFO - [2024-10-21T09:01:41.631+0000] {dag.py:4156} INFO - Setting next_dagrun for dataset_with_extra_by_context to 2024-10-20 00:00:00+00:00, run_after=2024-10-21 00:00:00+00:00
[2024-10-21T09:01:41.804+0000] {logging_mixin.py:190} INFO - [2024-10-21T09:01:41.803+0000] {dag.py:4156} INFO - Setting next_dagrun for dataset_with_extra_by_yield to 2024-10-20 00:00:00+00:00, run_after=2024-10-21 00:00:00+00:00
[2024-10-21T09:01:41.933+0000] {logging_mixin.py:190} INFO - [2024-10-21T09:01:41.932+0000] {dag.py:4156} INFO - Setting next_dagrun for dataset_with_extra_from_classic_operator to 2024-10-20 00:00:00+00:00, run_after=2024-10-21 00:00:00+00:00
[2024-10-21T09:01:42.815+0000] {processor.py:208} INFO - Processing /home/airflow/.local/lib/python3.12/site-packages/airflow/example_dags/example_outlet_event_extra.py took 3.832 seconds
[2024-10-21T09:03:06.297+0000] {processor.py:186} INFO - Started process (PID=229) to work on /home/airflow/.local/lib/python3.12/site-packages/airflow/example_dags/example_outlet_event_extra.py
[2024-10-21T09:03:06.316+0000] {processor.py:914} INFO - Processing file /home/airflow/.local/lib/python3.12/site-packages/airflow/example_dags/example_outlet_event_extra.py for tasks to queue
[2024-10-21T09:03:06.404+0000] {logging_mixin.py:190} INFO - [2024-10-21T09:03:06.403+0000] {dagbag.py:587} INFO - Filling up the DagBag from /home/airflow/.local/lib/python3.12/site-packages/airflow/example_dags/example_outlet_event_extra.py
[2024-10-21T09:03:08.796+0000] {processor.py:925} INFO - DAG(s) 'dataset_with_extra_by_yield', 'dataset_with_extra_by_context', 'dataset_with_extra_from_classic_operator' retrieved from /home/airflow/.local/lib/python3.12/site-packages/airflow/example_dags/example_outlet_event_extra.py
[2024-10-21T09:03:09.144+0000] {logging_mixin.py:190} INFO - [2024-10-21T09:03:09.143+0000] {dag.py:3229} INFO - Sync 3 DAGs
[2024-10-21T09:03:09.440+0000] {logging_mixin.py:190} INFO - [2024-10-21T09:03:09.439+0000] {dag.py:4156} INFO - Setting next_dagrun for dataset_with_extra_by_context to 2024-10-20 00:00:00+00:00, run_after=2024-10-21 00:00:00+00:00
[2024-10-21T09:03:09.580+0000] {logging_mixin.py:190} INFO - [2024-10-21T09:03:09.580+0000] {dag.py:4156} INFO - Setting next_dagrun for dataset_with_extra_by_yield to 2024-10-20 00:00:00+00:00, run_after=2024-10-21 00:00:00+00:00
[2024-10-21T09:03:09.612+0000] {logging_mixin.py:190} INFO - [2024-10-21T09:03:09.612+0000] {dag.py:4156} INFO - Setting next_dagrun for dataset_with_extra_from_classic_operator to 2024-10-20 00:00:00+00:00, run_after=2024-10-21 00:00:00+00:00
[2024-10-21T09:03:09.817+0000] {processor.py:208} INFO - Processing /home/airflow/.local/lib/python3.12/site-packages/airflow/example_dags/example_outlet_event_extra.py took 3.633 seconds
[2024-10-21T09:09:38.177+0000] {processor.py:186} INFO - Started process (PID=112) to work on /home/airflow/.local/lib/python3.12/site-packages/airflow/example_dags/example_outlet_event_extra.py
[2024-10-21T09:09:38.179+0000] {processor.py:914} INFO - Processing file /home/airflow/.local/lib/python3.12/site-packages/airflow/example_dags/example_outlet_event_extra.py for tasks to queue
[2024-10-21T09:09:38.191+0000] {logging_mixin.py:190} INFO - [2024-10-21T09:09:38.190+0000] {dagbag.py:587} INFO - Filling up the DagBag from /home/airflow/.local/lib/python3.12/site-packages/airflow/example_dags/example_outlet_event_extra.py
[2024-10-21T09:09:39.290+0000] {processor.py:925} INFO - DAG(s) 'dataset_with_extra_from_classic_operator', 'dataset_with_extra_by_context', 'dataset_with_extra_by_yield' retrieved from /home/airflow/.local/lib/python3.12/site-packages/airflow/example_dags/example_outlet_event_extra.py
[2024-10-21T09:09:39.377+0000] {logging_mixin.py:190} INFO - [2024-10-21T09:09:39.375+0000] {dag.py:3229} INFO - Sync 3 DAGs
[2024-10-21T09:09:39.577+0000] {logging_mixin.py:190} INFO - [2024-10-21T09:09:39.573+0000] {dag.py:4156} INFO - Setting next_dagrun for dataset_with_extra_by_context to 2024-10-20 00:00:00+00:00, run_after=2024-10-21 00:00:00+00:00
[2024-10-21T09:09:39.620+0000] {logging_mixin.py:190} INFO - [2024-10-21T09:09:39.619+0000] {dag.py:4156} INFO - Setting next_dagrun for dataset_with_extra_by_yield to 2024-10-20 00:00:00+00:00, run_after=2024-10-21 00:00:00+00:00
[2024-10-21T09:09:39.628+0000] {logging_mixin.py:190} INFO - [2024-10-21T09:09:39.627+0000] {dag.py:4156} INFO - Setting next_dagrun for dataset_with_extra_from_classic_operator to 2024-10-20 00:00:00+00:00, run_after=2024-10-21 00:00:00+00:00
[2024-10-21T09:09:39.700+0000] {processor.py:208} INFO - Processing /home/airflow/.local/lib/python3.12/site-packages/airflow/example_dags/example_outlet_event_extra.py took 1.546 seconds
[2024-10-21T18:01:54.262+0000] {processor.py:186} INFO - Started process (PID=134) to work on /home/airflow/.local/lib/python3.12/site-packages/airflow/example_dags/example_outlet_event_extra.py
[2024-10-21T18:01:54.276+0000] {processor.py:914} INFO - Processing file /home/airflow/.local/lib/python3.12/site-packages/airflow/example_dags/example_outlet_event_extra.py for tasks to queue
[2024-10-21T18:01:54.290+0000] {logging_mixin.py:190} INFO - [2024-10-21T18:01:54.289+0000] {dagbag.py:587} INFO - Filling up the DagBag from /home/airflow/.local/lib/python3.12/site-packages/airflow/example_dags/example_outlet_event_extra.py
[2024-10-21T18:01:57.104+0000] {processor.py:925} INFO - DAG(s) 'dataset_with_extra_by_yield', 'dataset_with_extra_from_classic_operator', 'dataset_with_extra_by_context' retrieved from /home/airflow/.local/lib/python3.12/site-packages/airflow/example_dags/example_outlet_event_extra.py
[2024-10-21T18:01:57.466+0000] {logging_mixin.py:190} INFO - [2024-10-21T18:01:57.464+0000] {dag.py:3229} INFO - Sync 3 DAGs
[2024-10-21T18:01:58.010+0000] {logging_mixin.py:190} INFO - [2024-10-21T18:01:58.009+0000] {dag.py:4156} INFO - Setting next_dagrun for dataset_with_extra_by_context to 2024-10-20 00:00:00+00:00, run_after=2024-10-21 00:00:00+00:00
[2024-10-21T18:01:58.201+0000] {logging_mixin.py:190} INFO - [2024-10-21T18:01:58.199+0000] {dag.py:4156} INFO - Setting next_dagrun for dataset_with_extra_by_yield to 2024-10-20 00:00:00+00:00, run_after=2024-10-21 00:00:00+00:00
[2024-10-21T18:01:58.281+0000] {logging_mixin.py:190} INFO - [2024-10-21T18:01:58.281+0000] {dag.py:4156} INFO - Setting next_dagrun for dataset_with_extra_from_classic_operator to 2024-10-20 00:00:00+00:00, run_after=2024-10-21 00:00:00+00:00
[2024-10-21T18:01:58.873+0000] {processor.py:208} INFO - Processing /home/airflow/.local/lib/python3.12/site-packages/airflow/example_dags/example_outlet_event_extra.py took 4.636 seconds
[2024-10-21T18:03:03.783+0000] {processor.py:186} INFO - Started process (PID=204) to work on /home/airflow/.local/lib/python3.12/site-packages/airflow/example_dags/example_outlet_event_extra.py
[2024-10-21T18:03:03.800+0000] {processor.py:914} INFO - Processing file /home/airflow/.local/lib/python3.12/site-packages/airflow/example_dags/example_outlet_event_extra.py for tasks to queue
[2024-10-21T18:03:03.819+0000] {logging_mixin.py:190} INFO - [2024-10-21T18:03:03.818+0000] {dagbag.py:587} INFO - Filling up the DagBag from /home/airflow/.local/lib/python3.12/site-packages/airflow/example_dags/example_outlet_event_extra.py
[2024-10-21T18:03:07.365+0000] {processor.py:925} INFO - DAG(s) 'dataset_with_extra_from_classic_operator', 'dataset_with_extra_by_yield', 'dataset_with_extra_by_context' retrieved from /home/airflow/.local/lib/python3.12/site-packages/airflow/example_dags/example_outlet_event_extra.py
[2024-10-21T18:03:07.702+0000] {logging_mixin.py:190} INFO - [2024-10-21T18:03:07.701+0000] {dag.py:3229} INFO - Sync 3 DAGs
[2024-10-21T18:03:08.235+0000] {logging_mixin.py:190} INFO - [2024-10-21T18:03:08.234+0000] {dag.py:4156} INFO - Setting next_dagrun for dataset_with_extra_by_context to 2024-10-20 00:00:00+00:00, run_after=2024-10-21 00:00:00+00:00
[2024-10-21T18:03:08.421+0000] {logging_mixin.py:190} INFO - [2024-10-21T18:03:08.420+0000] {dag.py:4156} INFO - Setting next_dagrun for dataset_with_extra_by_yield to 2024-10-20 00:00:00+00:00, run_after=2024-10-21 00:00:00+00:00
[2024-10-21T18:03:08.437+0000] {logging_mixin.py:190} INFO - [2024-10-21T18:03:08.436+0000] {dag.py:4156} INFO - Setting next_dagrun for dataset_with_extra_from_classic_operator to 2024-10-20 00:00:00+00:00, run_after=2024-10-21 00:00:00+00:00
[2024-10-21T18:03:08.624+0000] {processor.py:208} INFO - Processing /home/airflow/.local/lib/python3.12/site-packages/airflow/example_dags/example_outlet_event_extra.py took 4.880 seconds
[2024-10-21T18:04:20.558+0000] {processor.py:186} INFO - Started process (PID=275) to work on /home/airflow/.local/lib/python3.12/site-packages/airflow/example_dags/example_outlet_event_extra.py
[2024-10-21T18:04:20.583+0000] {processor.py:914} INFO - Processing file /home/airflow/.local/lib/python3.12/site-packages/airflow/example_dags/example_outlet_event_extra.py for tasks to queue
[2024-10-21T18:04:20.701+0000] {logging_mixin.py:190} INFO - [2024-10-21T18:04:20.692+0000] {dagbag.py:587} INFO - Filling up the DagBag from /home/airflow/.local/lib/python3.12/site-packages/airflow/example_dags/example_outlet_event_extra.py
[2024-10-21T18:04:48.329+0000] {processor.py:925} INFO - DAG(s) 'dataset_with_extra_from_classic_operator', 'dataset_with_extra_by_context', 'dataset_with_extra_by_yield' retrieved from /home/airflow/.local/lib/python3.12/site-packages/airflow/example_dags/example_outlet_event_extra.py
[2024-10-21T18:09:19.685+0000] {processor.py:186} INFO - Started process (PID=113) to work on /home/airflow/.local/lib/python3.12/site-packages/airflow/example_dags/example_outlet_event_extra.py
[2024-10-21T18:09:19.689+0000] {processor.py:914} INFO - Processing file /home/airflow/.local/lib/python3.12/site-packages/airflow/example_dags/example_outlet_event_extra.py for tasks to queue
[2024-10-21T18:09:19.744+0000] {logging_mixin.py:190} INFO - [2024-10-21T18:09:19.743+0000] {dagbag.py:587} INFO - Filling up the DagBag from /home/airflow/.local/lib/python3.12/site-packages/airflow/example_dags/example_outlet_event_extra.py
[2024-10-21T18:09:21.170+0000] {processor.py:925} INFO - DAG(s) 'dataset_with_extra_from_classic_operator', 'dataset_with_extra_by_context', 'dataset_with_extra_by_yield' retrieved from /home/airflow/.local/lib/python3.12/site-packages/airflow/example_dags/example_outlet_event_extra.py
[2024-10-21T18:09:21.347+0000] {logging_mixin.py:190} INFO - [2024-10-21T18:09:21.346+0000] {dag.py:3229} INFO - Sync 3 DAGs
[2024-10-21T18:09:21.607+0000] {logging_mixin.py:190} INFO - [2024-10-21T18:09:21.607+0000] {dag.py:4156} INFO - Setting next_dagrun for dataset_with_extra_by_context to 2024-10-20 00:00:00+00:00, run_after=2024-10-21 00:00:00+00:00
[2024-10-21T18:09:21.650+0000] {logging_mixin.py:190} INFO - [2024-10-21T18:09:21.650+0000] {dag.py:4156} INFO - Setting next_dagrun for dataset_with_extra_by_yield to 2024-10-20 00:00:00+00:00, run_after=2024-10-21 00:00:00+00:00
[2024-10-21T18:09:21.681+0000] {logging_mixin.py:190} INFO - [2024-10-21T18:09:21.679+0000] {dag.py:4156} INFO - Setting next_dagrun for dataset_with_extra_from_classic_operator to 2024-10-20 00:00:00+00:00, run_after=2024-10-21 00:00:00+00:00
[2024-10-21T18:09:21.804+0000] {processor.py:208} INFO - Processing /home/airflow/.local/lib/python3.12/site-packages/airflow/example_dags/example_outlet_event_extra.py took 2.146 seconds
