[2024-10-21T09:00:48.282+0000] {processor.py:186} INFO - Started process (PID=99) to work on /home/airflow/.local/lib/python3.12/site-packages/airflow/example_dags/example_dag_decorator.py
[2024-10-21T09:00:48.295+0000] {processor.py:914} INFO - Processing file /home/airflow/.local/lib/python3.12/site-packages/airflow/example_dags/example_dag_decorator.py for tasks to queue
[2024-10-21T09:00:48.300+0000] {logging_mixin.py:190} INFO - [2024-10-21T09:00:48.299+0000] {dagbag.py:587} INFO - Filling up the DagBag from /home/airflow/.local/lib/python3.12/site-packages/airflow/example_dags/example_dag_decorator.py
[2024-10-21T09:00:48.432+0000] {processor.py:925} INFO - DAG(s) 'example_dag_decorator' retrieved from /home/airflow/.local/lib/python3.12/site-packages/airflow/example_dags/example_dag_decorator.py
[2024-10-21T09:00:50.412+0000] {logging_mixin.py:190} INFO - [2024-10-21T09:00:50.411+0000] {dag.py:3229} INFO - Sync 1 DAGs
[2024-10-21T09:00:51.627+0000] {logging_mixin.py:190} INFO - [2024-10-21T09:00:51.626+0000] {dag.py:4156} INFO - Setting next_dagrun for example_dag_decorator to None, run_after=None
[2024-10-21T09:00:51.822+0000] {processor.py:208} INFO - Processing /home/airflow/.local/lib/python3.12/site-packages/airflow/example_dags/example_dag_decorator.py took 3.644 seconds
[2024-10-21T09:02:05.668+0000] {processor.py:186} INFO - Started process (PID=174) to work on /home/airflow/.local/lib/python3.12/site-packages/airflow/example_dags/example_dag_decorator.py
[2024-10-21T09:02:05.718+0000] {processor.py:914} INFO - Processing file /home/airflow/.local/lib/python3.12/site-packages/airflow/example_dags/example_dag_decorator.py for tasks to queue
[2024-10-21T09:02:05.738+0000] {logging_mixin.py:190} INFO - [2024-10-21T09:02:05.738+0000] {dagbag.py:587} INFO - Filling up the DagBag from /home/airflow/.local/lib/python3.12/site-packages/airflow/example_dags/example_dag_decorator.py
[2024-10-21T09:02:05.888+0000] {processor.py:925} INFO - DAG(s) 'example_dag_decorator' retrieved from /home/airflow/.local/lib/python3.12/site-packages/airflow/example_dags/example_dag_decorator.py
[2024-10-21T09:02:07.272+0000] {logging_mixin.py:190} INFO - [2024-10-21T09:02:07.272+0000] {dag.py:3229} INFO - Sync 1 DAGs
[2024-10-21T09:02:07.346+0000] {logging_mixin.py:190} INFO - [2024-10-21T09:02:07.346+0000] {dag.py:4156} INFO - Setting next_dagrun for example_dag_decorator to None, run_after=None
[2024-10-21T09:02:07.497+0000] {processor.py:208} INFO - Processing /home/airflow/.local/lib/python3.12/site-packages/airflow/example_dags/example_dag_decorator.py took 1.886 seconds
[2024-10-21T09:02:51.639+0000] {processor.py:186} INFO - Started process (PID=213) to work on /home/airflow/.local/lib/python3.12/site-packages/airflow/example_dags/example_dag_decorator.py
[2024-10-21T09:02:51.655+0000] {processor.py:914} INFO - Processing file /home/airflow/.local/lib/python3.12/site-packages/airflow/example_dags/example_dag_decorator.py for tasks to queue
[2024-10-21T09:02:51.757+0000] {logging_mixin.py:190} INFO - [2024-10-21T09:02:51.756+0000] {dagbag.py:587} INFO - Filling up the DagBag from /home/airflow/.local/lib/python3.12/site-packages/airflow/example_dags/example_dag_decorator.py
[2024-10-21T09:02:51.928+0000] {processor.py:925} INFO - DAG(s) 'example_dag_decorator' retrieved from /home/airflow/.local/lib/python3.12/site-packages/airflow/example_dags/example_dag_decorator.py
[2024-10-21T09:02:52.480+0000] {logging_mixin.py:190} INFO - [2024-10-21T09:02:52.479+0000] {dag.py:3229} INFO - Sync 1 DAGs
[2024-10-21T09:02:52.704+0000] {logging_mixin.py:190} INFO - [2024-10-21T09:02:52.704+0000] {dag.py:4156} INFO - Setting next_dagrun for example_dag_decorator to None, run_after=None
[2024-10-21T09:02:53.136+0000] {processor.py:208} INFO - Processing /home/airflow/.local/lib/python3.12/site-packages/airflow/example_dags/example_dag_decorator.py took 1.682 seconds
[2024-10-21T09:03:33.984+0000] {processor.py:186} INFO - Started process (PID=276) to work on /home/airflow/.local/lib/python3.12/site-packages/airflow/example_dags/example_dag_decorator.py
[2024-10-21T09:03:33.992+0000] {processor.py:914} INFO - Processing file /home/airflow/.local/lib/python3.12/site-packages/airflow/example_dags/example_dag_decorator.py for tasks to queue
[2024-10-21T09:03:34.906+0000] {logging_mixin.py:190} INFO - [2024-10-21T09:03:34.894+0000] {dagbag.py:587} INFO - Filling up the DagBag from /home/airflow/.local/lib/python3.12/site-packages/airflow/example_dags/example_dag_decorator.py
[2024-10-21T09:03:35.426+0000] {processor.py:925} INFO - DAG(s) 'example_dag_decorator' retrieved from /home/airflow/.local/lib/python3.12/site-packages/airflow/example_dags/example_dag_decorator.py
[2024-10-21T09:03:40.903+0000] {logging_mixin.py:190} INFO - [2024-10-21T09:03:40.902+0000] {dag.py:3229} INFO - Sync 1 DAGs
[2024-10-21T09:03:41.154+0000] {logging_mixin.py:190} INFO - [2024-10-21T09:03:41.151+0000] {dag.py:4156} INFO - Setting next_dagrun for example_dag_decorator to None, run_after=None
[2024-10-21T09:03:42.575+0000] {processor.py:208} INFO - Processing /home/airflow/.local/lib/python3.12/site-packages/airflow/example_dags/example_dag_decorator.py took 8.646 seconds
[2024-10-21T09:09:14.716+0000] {processor.py:186} INFO - Started process (PID=72) to work on /home/airflow/.local/lib/python3.12/site-packages/airflow/example_dags/example_dag_decorator.py
[2024-10-21T09:09:14.723+0000] {processor.py:914} INFO - Processing file /home/airflow/.local/lib/python3.12/site-packages/airflow/example_dags/example_dag_decorator.py for tasks to queue
[2024-10-21T09:09:14.754+0000] {logging_mixin.py:190} INFO - [2024-10-21T09:09:14.748+0000] {dagbag.py:587} INFO - Filling up the DagBag from /home/airflow/.local/lib/python3.12/site-packages/airflow/example_dags/example_dag_decorator.py
[2024-10-21T09:09:14.898+0000] {processor.py:925} INFO - DAG(s) 'example_dag_decorator' retrieved from /home/airflow/.local/lib/python3.12/site-packages/airflow/example_dags/example_dag_decorator.py
[2024-10-21T09:09:16.626+0000] {logging_mixin.py:190} INFO - [2024-10-21T09:09:16.625+0000] {dag.py:3229} INFO - Sync 1 DAGs
[2024-10-21T09:09:16.787+0000] {logging_mixin.py:190} INFO - [2024-10-21T09:09:16.786+0000] {dag.py:4156} INFO - Setting next_dagrun for example_dag_decorator to None, run_after=None
[2024-10-21T09:09:16.863+0000] {processor.py:208} INFO - Processing /home/airflow/.local/lib/python3.12/site-packages/airflow/example_dags/example_dag_decorator.py took 2.220 seconds
[2024-10-21T09:09:47.196+0000] {processor.py:186} INFO - Started process (PID=134) to work on /home/airflow/.local/lib/python3.12/site-packages/airflow/example_dags/example_dag_decorator.py
[2024-10-21T09:09:47.209+0000] {processor.py:914} INFO - Processing file /home/airflow/.local/lib/python3.12/site-packages/airflow/example_dags/example_dag_decorator.py for tasks to queue
[2024-10-21T09:09:47.216+0000] {logging_mixin.py:190} INFO - [2024-10-21T09:09:47.215+0000] {dagbag.py:587} INFO - Filling up the DagBag from /home/airflow/.local/lib/python3.12/site-packages/airflow/example_dags/example_dag_decorator.py
[2024-10-21T09:09:47.261+0000] {processor.py:925} INFO - DAG(s) 'example_dag_decorator' retrieved from /home/airflow/.local/lib/python3.12/site-packages/airflow/example_dags/example_dag_decorator.py
[2024-10-21T09:09:53.121+0000] {logging_mixin.py:190} INFO - [2024-10-21T09:09:53.118+0000] {dag.py:3229} INFO - Sync 1 DAGs
[2024-10-21T09:09:53.222+0000] {logging_mixin.py:190} INFO - [2024-10-21T09:09:53.221+0000] {dag.py:4156} INFO - Setting next_dagrun for example_dag_decorator to None, run_after=None
[2024-10-21T09:09:53.413+0000] {processor.py:208} INFO - Processing /home/airflow/.local/lib/python3.12/site-packages/airflow/example_dags/example_dag_decorator.py took 6.231 seconds
[2024-10-21T09:12:30.220+0000] {processor.py:186} INFO - Started process (PID=70) to work on /home/airflow/.local/lib/python3.12/site-packages/airflow/example_dags/example_dag_decorator.py
[2024-10-21T09:12:30.249+0000] {processor.py:914} INFO - Processing file /home/airflow/.local/lib/python3.12/site-packages/airflow/example_dags/example_dag_decorator.py for tasks to queue
[2024-10-21T09:12:30.268+0000] {logging_mixin.py:190} INFO - [2024-10-21T09:12:30.266+0000] {dagbag.py:587} INFO - Filling up the DagBag from /home/airflow/.local/lib/python3.12/site-packages/airflow/example_dags/example_dag_decorator.py
[2024-10-21T09:12:30.408+0000] {processor.py:925} INFO - DAG(s) 'example_dag_decorator' retrieved from /home/airflow/.local/lib/python3.12/site-packages/airflow/example_dags/example_dag_decorator.py
[2024-10-21T09:12:32.225+0000] {logging_mixin.py:190} INFO - [2024-10-21T09:12:32.223+0000] {dag.py:3229} INFO - Sync 1 DAGs
[2024-10-21T09:12:32.371+0000] {logging_mixin.py:190} INFO - [2024-10-21T09:12:32.369+0000] {dag.py:4156} INFO - Setting next_dagrun for example_dag_decorator to None, run_after=None
[2024-10-21T09:12:32.617+0000] {processor.py:208} INFO - Processing /home/airflow/.local/lib/python3.12/site-packages/airflow/example_dags/example_dag_decorator.py took 2.367 seconds
[2024-10-21T18:01:09.692+0000] {processor.py:186} INFO - Started process (PID=88) to work on /home/airflow/.local/lib/python3.12/site-packages/airflow/example_dags/example_dag_decorator.py
[2024-10-21T18:01:09.708+0000] {processor.py:914} INFO - Processing file /home/airflow/.local/lib/python3.12/site-packages/airflow/example_dags/example_dag_decorator.py for tasks to queue
[2024-10-21T18:01:09.858+0000] {logging_mixin.py:190} INFO - [2024-10-21T18:01:09.844+0000] {dagbag.py:587} INFO - Filling up the DagBag from /home/airflow/.local/lib/python3.12/site-packages/airflow/example_dags/example_dag_decorator.py
[2024-10-21T18:01:10.196+0000] {processor.py:925} INFO - DAG(s) 'example_dag_decorator' retrieved from /home/airflow/.local/lib/python3.12/site-packages/airflow/example_dags/example_dag_decorator.py
[2024-10-21T18:01:12.867+0000] {logging_mixin.py:190} INFO - [2024-10-21T18:01:12.860+0000] {dag.py:3229} INFO - Sync 1 DAGs
[2024-10-21T18:01:13.467+0000] {logging_mixin.py:190} INFO - [2024-10-21T18:01:13.466+0000] {dag.py:4156} INFO - Setting next_dagrun for example_dag_decorator to None, run_after=None
[2024-10-21T18:01:14.196+0000] {processor.py:208} INFO - Processing /home/airflow/.local/lib/python3.12/site-packages/airflow/example_dags/example_dag_decorator.py took 4.668 seconds
[2024-10-21T18:02:18.581+0000] {processor.py:186} INFO - Started process (PID=156) to work on /home/airflow/.local/lib/python3.12/site-packages/airflow/example_dags/example_dag_decorator.py
[2024-10-21T18:02:18.596+0000] {processor.py:914} INFO - Processing file /home/airflow/.local/lib/python3.12/site-packages/airflow/example_dags/example_dag_decorator.py for tasks to queue
[2024-10-21T18:02:18.669+0000] {logging_mixin.py:190} INFO - [2024-10-21T18:02:18.629+0000] {dagbag.py:587} INFO - Filling up the DagBag from /home/airflow/.local/lib/python3.12/site-packages/airflow/example_dags/example_dag_decorator.py
[2024-10-21T18:02:19.116+0000] {processor.py:925} INFO - DAG(s) 'example_dag_decorator' retrieved from /home/airflow/.local/lib/python3.12/site-packages/airflow/example_dags/example_dag_decorator.py
[2024-10-21T18:02:21.390+0000] {logging_mixin.py:190} INFO - [2024-10-21T18:02:21.373+0000] {dag.py:3229} INFO - Sync 1 DAGs
[2024-10-21T18:02:21.648+0000] {logging_mixin.py:190} INFO - [2024-10-21T18:02:21.647+0000] {dag.py:4156} INFO - Setting next_dagrun for example_dag_decorator to None, run_after=None
[2024-10-21T18:02:21.951+0000] {processor.py:208} INFO - Processing /home/airflow/.local/lib/python3.12/site-packages/airflow/example_dags/example_dag_decorator.py took 3.764 seconds
[2024-10-21T18:02:56.075+0000] {processor.py:186} INFO - Started process (PID=198) to work on /home/airflow/.local/lib/python3.12/site-packages/airflow/example_dags/example_dag_decorator.py
[2024-10-21T18:02:56.089+0000] {processor.py:914} INFO - Processing file /home/airflow/.local/lib/python3.12/site-packages/airflow/example_dags/example_dag_decorator.py for tasks to queue
[2024-10-21T18:02:56.133+0000] {logging_mixin.py:190} INFO - [2024-10-21T18:02:56.132+0000] {dagbag.py:587} INFO - Filling up the DagBag from /home/airflow/.local/lib/python3.12/site-packages/airflow/example_dags/example_dag_decorator.py
[2024-10-21T18:02:56.192+0000] {processor.py:925} INFO - DAG(s) 'example_dag_decorator' retrieved from /home/airflow/.local/lib/python3.12/site-packages/airflow/example_dags/example_dag_decorator.py
[2024-10-21T18:02:58.700+0000] {logging_mixin.py:190} INFO - [2024-10-21T18:02:58.692+0000] {dag.py:3229} INFO - Sync 1 DAGs
[2024-10-21T18:02:59.161+0000] {logging_mixin.py:190} INFO - [2024-10-21T18:02:59.161+0000] {dag.py:4156} INFO - Setting next_dagrun for example_dag_decorator to None, run_after=None
[2024-10-21T18:02:59.382+0000] {processor.py:208} INFO - Processing /home/airflow/.local/lib/python3.12/site-packages/airflow/example_dags/example_dag_decorator.py took 3.440 seconds
[2024-10-21T18:03:58.969+0000] {processor.py:186} INFO - Started process (PID=266) to work on /home/airflow/.local/lib/python3.12/site-packages/airflow/example_dags/example_dag_decorator.py
[2024-10-21T18:03:58.990+0000] {processor.py:914} INFO - Processing file /home/airflow/.local/lib/python3.12/site-packages/airflow/example_dags/example_dag_decorator.py for tasks to queue
[2024-10-21T18:03:59.144+0000] {logging_mixin.py:190} INFO - [2024-10-21T18:03:59.143+0000] {dagbag.py:587} INFO - Filling up the DagBag from /home/airflow/.local/lib/python3.12/site-packages/airflow/example_dags/example_dag_decorator.py
[2024-10-21T18:03:59.402+0000] {processor.py:925} INFO - DAG(s) 'example_dag_decorator' retrieved from /home/airflow/.local/lib/python3.12/site-packages/airflow/example_dags/example_dag_decorator.py
[2024-10-21T18:04:01.246+0000] {logging_mixin.py:190} INFO - [2024-10-21T18:04:01.244+0000] {dag.py:3229} INFO - Sync 1 DAGs
[2024-10-21T18:04:01.589+0000] {logging_mixin.py:190} INFO - [2024-10-21T18:04:01.589+0000] {dag.py:4156} INFO - Setting next_dagrun for example_dag_decorator to None, run_after=None
[2024-10-21T18:04:01.957+0000] {processor.py:208} INFO - Processing /home/airflow/.local/lib/python3.12/site-packages/airflow/example_dags/example_dag_decorator.py took 3.044 seconds
[2024-10-21T18:08:58.878+0000] {processor.py:186} INFO - Started process (PID=78) to work on /home/airflow/.local/lib/python3.12/site-packages/airflow/example_dags/example_dag_decorator.py
[2024-10-21T18:08:58.898+0000] {processor.py:914} INFO - Processing file /home/airflow/.local/lib/python3.12/site-packages/airflow/example_dags/example_dag_decorator.py for tasks to queue
[2024-10-21T18:08:58.920+0000] {logging_mixin.py:190} INFO - [2024-10-21T18:08:58.918+0000] {dagbag.py:587} INFO - Filling up the DagBag from /home/airflow/.local/lib/python3.12/site-packages/airflow/example_dags/example_dag_decorator.py
[2024-10-21T18:08:59.064+0000] {processor.py:925} INFO - DAG(s) 'example_dag_decorator' retrieved from /home/airflow/.local/lib/python3.12/site-packages/airflow/example_dags/example_dag_decorator.py
[2024-10-21T18:09:00.722+0000] {logging_mixin.py:190} INFO - [2024-10-21T18:09:00.719+0000] {dag.py:3229} INFO - Sync 1 DAGs
[2024-10-21T18:09:00.864+0000] {logging_mixin.py:190} INFO - [2024-10-21T18:09:00.862+0000] {dag.py:4156} INFO - Setting next_dagrun for example_dag_decorator to None, run_after=None
[2024-10-21T18:09:01.107+0000] {processor.py:208} INFO - Processing /home/airflow/.local/lib/python3.12/site-packages/airflow/example_dags/example_dag_decorator.py took 2.266 seconds
