[2024-10-21T09:01:27.191+0000] {processor.py:186} INFO - Started process (PID=136) to work on /home/airflow/.local/lib/python3.12/site-packages/airflow/example_dags/example_bash_operator.py
[2024-10-21T09:01:27.217+0000] {processor.py:914} INFO - Processing file /home/airflow/.local/lib/python3.12/site-packages/airflow/example_dags/example_bash_operator.py for tasks to queue
[2024-10-21T09:01:27.235+0000] {logging_mixin.py:190} INFO - [2024-10-21T09:01:27.235+0000] {dagbag.py:587} INFO - Filling up the DagBag from /home/airflow/.local/lib/python3.12/site-packages/airflow/example_dags/example_bash_operator.py
[2024-10-21T09:01:27.406+0000] {processor.py:925} INFO - DAG(s) 'example_bash_operator' retrieved from /home/airflow/.local/lib/python3.12/site-packages/airflow/example_dags/example_bash_operator.py
[2024-10-21T09:01:27.612+0000] {logging_mixin.py:190} INFO - [2024-10-21T09:01:27.610+0000] {dag.py:3229} INFO - Sync 1 DAGs
[2024-10-21T09:01:27.799+0000] {logging_mixin.py:190} INFO - [2024-10-21T09:01:27.799+0000] {dag.py:4156} INFO - Setting next_dagrun for example_bash_operator to 2024-10-20 00:00:00+00:00, run_after=2024-10-21 00:00:00+00:00
[2024-10-21T09:01:27.926+0000] {processor.py:208} INFO - Processing /home/airflow/.local/lib/python3.12/site-packages/airflow/example_dags/example_bash_operator.py took 0.795 seconds
[2024-10-21T09:02:49.977+0000] {processor.py:186} INFO - Started process (PID=211) to work on /home/airflow/.local/lib/python3.12/site-packages/airflow/example_dags/example_bash_operator.py
[2024-10-21T09:02:49.992+0000] {processor.py:914} INFO - Processing file /home/airflow/.local/lib/python3.12/site-packages/airflow/example_dags/example_bash_operator.py for tasks to queue
[2024-10-21T09:02:50.010+0000] {logging_mixin.py:190} INFO - [2024-10-21T09:02:50.009+0000] {dagbag.py:587} INFO - Filling up the DagBag from /home/airflow/.local/lib/python3.12/site-packages/airflow/example_dags/example_bash_operator.py
[2024-10-21T09:02:50.140+0000] {processor.py:925} INFO - DAG(s) 'example_bash_operator' retrieved from /home/airflow/.local/lib/python3.12/site-packages/airflow/example_dags/example_bash_operator.py
[2024-10-21T09:02:50.311+0000] {logging_mixin.py:190} INFO - [2024-10-21T09:02:50.310+0000] {dag.py:3229} INFO - Sync 1 DAGs
[2024-10-21T09:02:50.602+0000] {logging_mixin.py:190} INFO - [2024-10-21T09:02:50.601+0000] {dag.py:4156} INFO - Setting next_dagrun for example_bash_operator to 2024-10-20 00:00:00+00:00, run_after=2024-10-21 00:00:00+00:00
[2024-10-21T09:02:50.870+0000] {processor.py:208} INFO - Processing /home/airflow/.local/lib/python3.12/site-packages/airflow/example_dags/example_bash_operator.py took 0.925 seconds
[2024-10-21T09:03:32.699+0000] {processor.py:186} INFO - Started process (PID=274) to work on /home/airflow/.local/lib/python3.12/site-packages/airflow/example_dags/example_bash_operator.py
[2024-10-21T09:03:32.713+0000] {processor.py:914} INFO - Processing file /home/airflow/.local/lib/python3.12/site-packages/airflow/example_dags/example_bash_operator.py for tasks to queue
[2024-10-21T09:03:32.724+0000] {logging_mixin.py:190} INFO - [2024-10-21T09:03:32.723+0000] {dagbag.py:587} INFO - Filling up the DagBag from /home/airflow/.local/lib/python3.12/site-packages/airflow/example_dags/example_bash_operator.py
[2024-10-21T09:03:32.801+0000] {processor.py:925} INFO - DAG(s) 'example_bash_operator' retrieved from /home/airflow/.local/lib/python3.12/site-packages/airflow/example_dags/example_bash_operator.py
[2024-10-21T09:03:33.130+0000] {logging_mixin.py:190} INFO - [2024-10-21T09:03:33.130+0000] {dag.py:3229} INFO - Sync 1 DAGs
[2024-10-21T09:03:33.430+0000] {logging_mixin.py:190} INFO - [2024-10-21T09:03:33.429+0000] {dag.py:4156} INFO - Setting next_dagrun for example_bash_operator to 2024-10-20 00:00:00+00:00, run_after=2024-10-21 00:00:00+00:00
[2024-10-21T09:03:33.627+0000] {processor.py:208} INFO - Processing /home/airflow/.local/lib/python3.12/site-packages/airflow/example_dags/example_bash_operator.py took 0.960 seconds
[2024-10-21T09:09:33.560+0000] {processor.py:186} INFO - Started process (PID=108) to work on /home/airflow/.local/lib/python3.12/site-packages/airflow/example_dags/example_bash_operator.py
[2024-10-21T09:09:33.586+0000] {processor.py:914} INFO - Processing file /home/airflow/.local/lib/python3.12/site-packages/airflow/example_dags/example_bash_operator.py for tasks to queue
[2024-10-21T09:09:33.629+0000] {logging_mixin.py:190} INFO - [2024-10-21T09:09:33.624+0000] {dagbag.py:587} INFO - Filling up the DagBag from /home/airflow/.local/lib/python3.12/site-packages/airflow/example_dags/example_bash_operator.py
[2024-10-21T09:09:33.821+0000] {processor.py:925} INFO - DAG(s) 'example_bash_operator' retrieved from /home/airflow/.local/lib/python3.12/site-packages/airflow/example_dags/example_bash_operator.py
[2024-10-21T09:09:34.220+0000] {logging_mixin.py:190} INFO - [2024-10-21T09:09:34.219+0000] {dag.py:3229} INFO - Sync 1 DAGs
[2024-10-21T09:09:34.501+0000] {logging_mixin.py:190} INFO - [2024-10-21T09:09:34.501+0000] {dag.py:4156} INFO - Setting next_dagrun for example_bash_operator to 2024-10-20 00:00:00+00:00, run_after=2024-10-21 00:00:00+00:00
[2024-10-21T09:09:34.686+0000] {processor.py:208} INFO - Processing /home/airflow/.local/lib/python3.12/site-packages/airflow/example_dags/example_bash_operator.py took 1.235 seconds
[2024-10-21T09:12:54.543+0000] {processor.py:186} INFO - Started process (PID=107) to work on /home/airflow/.local/lib/python3.12/site-packages/airflow/example_dags/example_bash_operator.py
[2024-10-21T09:12:54.570+0000] {processor.py:914} INFO - Processing file /home/airflow/.local/lib/python3.12/site-packages/airflow/example_dags/example_bash_operator.py for tasks to queue
[2024-10-21T09:12:55.839+0000] {logging_mixin.py:190} INFO - [2024-10-21T09:12:54.582+0000] {dagbag.py:587} INFO - Filling up the DagBag from /home/airflow/.local/lib/python3.12/site-packages/airflow/example_dags/example_bash_operator.py
[2024-10-21T18:01:47.498+0000] {processor.py:186} INFO - Started process (PID=124) to work on /home/airflow/.local/lib/python3.12/site-packages/airflow/example_dags/example_bash_operator.py
[2024-10-21T18:01:47.512+0000] {processor.py:914} INFO - Processing file /home/airflow/.local/lib/python3.12/site-packages/airflow/example_dags/example_bash_operator.py for tasks to queue
[2024-10-21T18:01:47.613+0000] {logging_mixin.py:190} INFO - [2024-10-21T18:01:47.534+0000] {dagbag.py:587} INFO - Filling up the DagBag from /home/airflow/.local/lib/python3.12/site-packages/airflow/example_dags/example_bash_operator.py
[2024-10-21T18:01:48.250+0000] {processor.py:925} INFO - DAG(s) 'example_bash_operator' retrieved from /home/airflow/.local/lib/python3.12/site-packages/airflow/example_dags/example_bash_operator.py
[2024-10-21T18:01:48.751+0000] {logging_mixin.py:190} INFO - [2024-10-21T18:01:48.750+0000] {dag.py:3229} INFO - Sync 1 DAGs
[2024-10-21T18:01:49.318+0000] {logging_mixin.py:190} INFO - [2024-10-21T18:01:49.317+0000] {dag.py:4156} INFO - Setting next_dagrun for example_bash_operator to 2024-10-20 00:00:00+00:00, run_after=2024-10-21 00:00:00+00:00
[2024-10-21T18:01:49.669+0000] {processor.py:208} INFO - Processing /home/airflow/.local/lib/python3.12/site-packages/airflow/example_dags/example_bash_operator.py took 2.233 seconds
[2024-10-21T18:02:59.342+0000] {processor.py:186} INFO - Started process (PID=200) to work on /home/airflow/.local/lib/python3.12/site-packages/airflow/example_dags/example_bash_operator.py
[2024-10-21T18:02:59.355+0000] {processor.py:914} INFO - Processing file /home/airflow/.local/lib/python3.12/site-packages/airflow/example_dags/example_bash_operator.py for tasks to queue
[2024-10-21T18:02:59.382+0000] {logging_mixin.py:190} INFO - [2024-10-21T18:02:59.381+0000] {dagbag.py:587} INFO - Filling up the DagBag from /home/airflow/.local/lib/python3.12/site-packages/airflow/example_dags/example_bash_operator.py
[2024-10-21T18:02:59.571+0000] {processor.py:925} INFO - DAG(s) 'example_bash_operator' retrieved from /home/airflow/.local/lib/python3.12/site-packages/airflow/example_dags/example_bash_operator.py
[2024-10-21T18:03:00.032+0000] {logging_mixin.py:190} INFO - [2024-10-21T18:03:00.031+0000] {dag.py:3229} INFO - Sync 1 DAGs
[2024-10-21T18:03:00.365+0000] {logging_mixin.py:190} INFO - [2024-10-21T18:03:00.365+0000] {dag.py:4156} INFO - Setting next_dagrun for example_bash_operator to 2024-10-20 00:00:00+00:00, run_after=2024-10-21 00:00:00+00:00
[2024-10-21T18:03:01.011+0000] {processor.py:208} INFO - Processing /home/airflow/.local/lib/python3.12/site-packages/airflow/example_dags/example_bash_operator.py took 1.823 seconds
[2024-10-21T18:04:09.178+0000] {processor.py:186} INFO - Started process (PID=271) to work on /home/airflow/.local/lib/python3.12/site-packages/airflow/example_dags/example_bash_operator.py
[2024-10-21T18:04:09.184+0000] {processor.py:914} INFO - Processing file /home/airflow/.local/lib/python3.12/site-packages/airflow/example_dags/example_bash_operator.py for tasks to queue
[2024-10-21T18:04:09.200+0000] {logging_mixin.py:190} INFO - [2024-10-21T18:04:09.199+0000] {dagbag.py:587} INFO - Filling up the DagBag from /home/airflow/.local/lib/python3.12/site-packages/airflow/example_dags/example_bash_operator.py
[2024-10-21T18:04:09.616+0000] {processor.py:925} INFO - DAG(s) 'example_bash_operator' retrieved from /home/airflow/.local/lib/python3.12/site-packages/airflow/example_dags/example_bash_operator.py
[2024-10-21T18:04:10.123+0000] {logging_mixin.py:190} INFO - [2024-10-21T18:04:10.122+0000] {dag.py:3229} INFO - Sync 1 DAGs
[2024-10-21T18:04:10.354+0000] {logging_mixin.py:190} INFO - [2024-10-21T18:04:10.353+0000] {dag.py:4156} INFO - Setting next_dagrun for example_bash_operator to 2024-10-20 00:00:00+00:00, run_after=2024-10-21 00:00:00+00:00
[2024-10-21T18:04:10.529+0000] {processor.py:208} INFO - Processing /home/airflow/.local/lib/python3.12/site-packages/airflow/example_dags/example_bash_operator.py took 1.524 seconds
[2024-10-21T18:09:16.791+0000] {processor.py:186} INFO - Started process (PID=109) to work on /home/airflow/.local/lib/python3.12/site-packages/airflow/example_dags/example_bash_operator.py
[2024-10-21T18:09:16.805+0000] {processor.py:914} INFO - Processing file /home/airflow/.local/lib/python3.12/site-packages/airflow/example_dags/example_bash_operator.py for tasks to queue
[2024-10-21T18:09:16.825+0000] {logging_mixin.py:190} INFO - [2024-10-21T18:09:16.824+0000] {dagbag.py:587} INFO - Filling up the DagBag from /home/airflow/.local/lib/python3.12/site-packages/airflow/example_dags/example_bash_operator.py
[2024-10-21T18:09:16.893+0000] {processor.py:925} INFO - DAG(s) 'example_bash_operator' retrieved from /home/airflow/.local/lib/python3.12/site-packages/airflow/example_dags/example_bash_operator.py
[2024-10-21T18:09:17.162+0000] {logging_mixin.py:190} INFO - [2024-10-21T18:09:17.162+0000] {dag.py:3229} INFO - Sync 1 DAGs
[2024-10-21T18:09:17.274+0000] {logging_mixin.py:190} INFO - [2024-10-21T18:09:17.273+0000] {dag.py:4156} INFO - Setting next_dagrun for example_bash_operator to 2024-10-20 00:00:00+00:00, run_after=2024-10-21 00:00:00+00:00
[2024-10-21T18:09:17.386+0000] {processor.py:208} INFO - Processing /home/airflow/.local/lib/python3.12/site-packages/airflow/example_dags/example_bash_operator.py took 0.664 seconds
