[2024-10-21T09:01:05.096+0000] {processor.py:186} INFO - Started process (PID=114) to work on /home/airflow/.local/lib/python3.12/site-packages/airflow/example_dags/example_short_circuit_decorator.py
[2024-10-21T09:01:05.105+0000] {processor.py:914} INFO - Processing file /home/airflow/.local/lib/python3.12/site-packages/airflow/example_dags/example_short_circuit_decorator.py for tasks to queue
[2024-10-21T09:01:05.168+0000] {logging_mixin.py:190} INFO - [2024-10-21T09:01:05.167+0000] {dagbag.py:587} INFO - Filling up the DagBag from /home/airflow/.local/lib/python3.12/site-packages/airflow/example_dags/example_short_circuit_decorator.py
[2024-10-21T09:01:05.482+0000] {processor.py:925} INFO - DAG(s) 'example_short_circuit_decorator' retrieved from /home/airflow/.local/lib/python3.12/site-packages/airflow/example_dags/example_short_circuit_decorator.py
[2024-10-21T09:01:07.011+0000] {logging_mixin.py:190} INFO - [2024-10-21T09:01:07.009+0000] {dag.py:3229} INFO - Sync 1 DAGs
[2024-10-21T09:01:07.302+0000] {logging_mixin.py:190} INFO - [2024-10-21T09:01:07.301+0000] {dag.py:4156} INFO - Setting next_dagrun for example_short_circuit_decorator to None, run_after=None
[2024-10-21T09:01:07.822+0000] {processor.py:208} INFO - Processing /home/airflow/.local/lib/python3.12/site-packages/airflow/example_dags/example_short_circuit_decorator.py took 2.712 seconds
[2024-10-21T09:02:12.768+0000] {processor.py:186} INFO - Started process (PID=183) to work on /home/airflow/.local/lib/python3.12/site-packages/airflow/example_dags/example_short_circuit_decorator.py
[2024-10-21T09:02:12.797+0000] {processor.py:914} INFO - Processing file /home/airflow/.local/lib/python3.12/site-packages/airflow/example_dags/example_short_circuit_decorator.py for tasks to queue
[2024-10-21T09:02:12.809+0000] {logging_mixin.py:190} INFO - [2024-10-21T09:02:12.808+0000] {dagbag.py:587} INFO - Filling up the DagBag from /home/airflow/.local/lib/python3.12/site-packages/airflow/example_dags/example_short_circuit_decorator.py
[2024-10-21T09:02:12.964+0000] {processor.py:925} INFO - DAG(s) 'example_short_circuit_decorator' retrieved from /home/airflow/.local/lib/python3.12/site-packages/airflow/example_dags/example_short_circuit_decorator.py
[2024-10-21T09:02:13.157+0000] {logging_mixin.py:190} INFO - [2024-10-21T09:02:13.150+0000] {dag.py:3229} INFO - Sync 1 DAGs
[2024-10-21T09:02:13.281+0000] {logging_mixin.py:190} INFO - [2024-10-21T09:02:13.281+0000] {dag.py:4156} INFO - Setting next_dagrun for example_short_circuit_decorator to None, run_after=None
[2024-10-21T09:02:13.688+0000] {processor.py:208} INFO - Processing /home/airflow/.local/lib/python3.12/site-packages/airflow/example_dags/example_short_circuit_decorator.py took 0.958 seconds
[2024-10-21T09:02:59.713+0000] {processor.py:186} INFO - Started process (PID=222) to work on /home/airflow/.local/lib/python3.12/site-packages/airflow/example_dags/example_short_circuit_decorator.py
[2024-10-21T09:02:59.739+0000] {processor.py:914} INFO - Processing file /home/airflow/.local/lib/python3.12/site-packages/airflow/example_dags/example_short_circuit_decorator.py for tasks to queue
[2024-10-21T09:02:59.764+0000] {logging_mixin.py:190} INFO - [2024-10-21T09:02:59.749+0000] {dagbag.py:587} INFO - Filling up the DagBag from /home/airflow/.local/lib/python3.12/site-packages/airflow/example_dags/example_short_circuit_decorator.py
[2024-10-21T09:02:59.919+0000] {processor.py:925} INFO - DAG(s) 'example_short_circuit_decorator' retrieved from /home/airflow/.local/lib/python3.12/site-packages/airflow/example_dags/example_short_circuit_decorator.py
[2024-10-21T09:03:00.420+0000] {logging_mixin.py:190} INFO - [2024-10-21T09:03:00.420+0000] {dag.py:3229} INFO - Sync 1 DAGs
[2024-10-21T09:03:00.583+0000] {logging_mixin.py:190} INFO - [2024-10-21T09:03:00.583+0000] {dag.py:4156} INFO - Setting next_dagrun for example_short_circuit_decorator to None, run_after=None
[2024-10-21T09:03:00.853+0000] {processor.py:208} INFO - Processing /home/airflow/.local/lib/python3.12/site-packages/airflow/example_dags/example_short_circuit_decorator.py took 1.173 seconds
[2024-10-21T09:03:57.532+0000] {processor.py:186} INFO - Started process (PID=290) to work on /home/airflow/.local/lib/python3.12/site-packages/airflow/example_dags/example_short_circuit_decorator.py
[2024-10-21T09:03:57.534+0000] {processor.py:914} INFO - Processing file /home/airflow/.local/lib/python3.12/site-packages/airflow/example_dags/example_short_circuit_decorator.py for tasks to queue
[2024-10-21T09:03:57.538+0000] {logging_mixin.py:190} INFO - [2024-10-21T09:03:57.537+0000] {dagbag.py:587} INFO - Filling up the DagBag from /home/airflow/.local/lib/python3.12/site-packages/airflow/example_dags/example_short_circuit_decorator.py
[2024-10-21T09:04:00.327+0000] {processor.py:925} INFO - DAG(s) 'example_short_circuit_decorator' retrieved from /home/airflow/.local/lib/python3.12/site-packages/airflow/example_dags/example_short_circuit_decorator.py
[2024-10-21T09:04:01.259+0000] {logging_mixin.py:190} INFO - [2024-10-21T09:04:01.258+0000] {dag.py:3229} INFO - Sync 1 DAGs
[2024-10-21T09:04:01.540+0000] {logging_mixin.py:190} INFO - [2024-10-21T09:04:01.536+0000] {dag.py:4156} INFO - Setting next_dagrun for example_short_circuit_decorator to None, run_after=None
[2024-10-21T09:04:01.757+0000] {processor.py:208} INFO - Processing /home/airflow/.local/lib/python3.12/site-packages/airflow/example_dags/example_short_circuit_decorator.py took 4.245 seconds
[2024-10-21T09:09:19.116+0000] {processor.py:186} INFO - Started process (PID=81) to work on /home/airflow/.local/lib/python3.12/site-packages/airflow/example_dags/example_short_circuit_decorator.py
[2024-10-21T09:09:19.123+0000] {processor.py:914} INFO - Processing file /home/airflow/.local/lib/python3.12/site-packages/airflow/example_dags/example_short_circuit_decorator.py for tasks to queue
[2024-10-21T09:09:19.143+0000] {logging_mixin.py:190} INFO - [2024-10-21T09:09:19.141+0000] {dagbag.py:587} INFO - Filling up the DagBag from /home/airflow/.local/lib/python3.12/site-packages/airflow/example_dags/example_short_circuit_decorator.py
[2024-10-21T09:09:19.202+0000] {processor.py:925} INFO - DAG(s) 'example_short_circuit_decorator' retrieved from /home/airflow/.local/lib/python3.12/site-packages/airflow/example_dags/example_short_circuit_decorator.py
[2024-10-21T09:09:19.464+0000] {logging_mixin.py:190} INFO - [2024-10-21T09:09:19.463+0000] {dag.py:3229} INFO - Sync 1 DAGs
[2024-10-21T09:09:19.543+0000] {logging_mixin.py:190} INFO - [2024-10-21T09:09:19.543+0000] {dag.py:4156} INFO - Setting next_dagrun for example_short_circuit_decorator to None, run_after=None
[2024-10-21T09:09:19.620+0000] {processor.py:208} INFO - Processing /home/airflow/.local/lib/python3.12/site-packages/airflow/example_dags/example_short_circuit_decorator.py took 0.584 seconds
[2024-10-21T09:12:36.192+0000] {processor.py:186} INFO - Started process (PID=79) to work on /home/airflow/.local/lib/python3.12/site-packages/airflow/example_dags/example_short_circuit_decorator.py
[2024-10-21T09:12:36.201+0000] {processor.py:914} INFO - Processing file /home/airflow/.local/lib/python3.12/site-packages/airflow/example_dags/example_short_circuit_decorator.py for tasks to queue
[2024-10-21T09:12:36.248+0000] {logging_mixin.py:190} INFO - [2024-10-21T09:12:36.247+0000] {dagbag.py:587} INFO - Filling up the DagBag from /home/airflow/.local/lib/python3.12/site-packages/airflow/example_dags/example_short_circuit_decorator.py
[2024-10-21T09:12:36.445+0000] {processor.py:925} INFO - DAG(s) 'example_short_circuit_decorator' retrieved from /home/airflow/.local/lib/python3.12/site-packages/airflow/example_dags/example_short_circuit_decorator.py
[2024-10-21T09:12:36.824+0000] {logging_mixin.py:190} INFO - [2024-10-21T09:12:36.823+0000] {dag.py:3229} INFO - Sync 1 DAGs
[2024-10-21T09:12:36.969+0000] {logging_mixin.py:190} INFO - [2024-10-21T09:12:36.966+0000] {dag.py:4156} INFO - Setting next_dagrun for example_short_circuit_decorator to None, run_after=None
[2024-10-21T09:12:37.249+0000] {processor.py:208} INFO - Processing /home/airflow/.local/lib/python3.12/site-packages/airflow/example_dags/example_short_circuit_decorator.py took 1.098 seconds
[2024-10-21T18:01:21.708+0000] {processor.py:186} INFO - Started process (PID=102) to work on /home/airflow/.local/lib/python3.12/site-packages/airflow/example_dags/example_short_circuit_decorator.py
[2024-10-21T18:01:21.728+0000] {processor.py:914} INFO - Processing file /home/airflow/.local/lib/python3.12/site-packages/airflow/example_dags/example_short_circuit_decorator.py for tasks to queue
[2024-10-21T18:01:21.769+0000] {logging_mixin.py:190} INFO - [2024-10-21T18:01:21.766+0000] {dagbag.py:587} INFO - Filling up the DagBag from /home/airflow/.local/lib/python3.12/site-packages/airflow/example_dags/example_short_circuit_decorator.py
[2024-10-21T18:01:21.832+0000] {processor.py:925} INFO - DAG(s) 'example_short_circuit_decorator' retrieved from /home/airflow/.local/lib/python3.12/site-packages/airflow/example_dags/example_short_circuit_decorator.py
[2024-10-21T18:01:22.355+0000] {logging_mixin.py:190} INFO - [2024-10-21T18:01:22.351+0000] {dag.py:3229} INFO - Sync 1 DAGs
[2024-10-21T18:01:22.594+0000] {logging_mixin.py:190} INFO - [2024-10-21T18:01:22.593+0000] {dag.py:4156} INFO - Setting next_dagrun for example_short_circuit_decorator to None, run_after=None
[2024-10-21T18:01:22.827+0000] {processor.py:208} INFO - Processing /home/airflow/.local/lib/python3.12/site-packages/airflow/example_dags/example_short_circuit_decorator.py took 1.165 seconds
[2024-10-21T18:02:27.018+0000] {processor.py:186} INFO - Started process (PID=170) to work on /home/airflow/.local/lib/python3.12/site-packages/airflow/example_dags/example_short_circuit_decorator.py
[2024-10-21T18:02:27.035+0000] {processor.py:914} INFO - Processing file /home/airflow/.local/lib/python3.12/site-packages/airflow/example_dags/example_short_circuit_decorator.py for tasks to queue
[2024-10-21T18:02:27.050+0000] {logging_mixin.py:190} INFO - [2024-10-21T18:02:27.049+0000] {dagbag.py:587} INFO - Filling up the DagBag from /home/airflow/.local/lib/python3.12/site-packages/airflow/example_dags/example_short_circuit_decorator.py
[2024-10-21T18:02:27.141+0000] {processor.py:925} INFO - DAG(s) 'example_short_circuit_decorator' retrieved from /home/airflow/.local/lib/python3.12/site-packages/airflow/example_dags/example_short_circuit_decorator.py
[2024-10-21T18:02:27.349+0000] {logging_mixin.py:190} INFO - [2024-10-21T18:02:27.348+0000] {dag.py:3229} INFO - Sync 1 DAGs
[2024-10-21T18:02:27.563+0000] {logging_mixin.py:190} INFO - [2024-10-21T18:02:27.563+0000] {dag.py:4156} INFO - Setting next_dagrun for example_short_circuit_decorator to None, run_after=None
[2024-10-21T18:02:28.401+0000] {processor.py:208} INFO - Processing /home/airflow/.local/lib/python3.12/site-packages/airflow/example_dags/example_short_circuit_decorator.py took 1.437 seconds
[2024-10-21T18:03:31.592+0000] {processor.py:186} INFO - Started process (PID=239) to work on /home/airflow/.local/lib/python3.12/site-packages/airflow/example_dags/example_short_circuit_decorator.py
[2024-10-21T18:03:31.604+0000] {processor.py:914} INFO - Processing file /home/airflow/.local/lib/python3.12/site-packages/airflow/example_dags/example_short_circuit_decorator.py for tasks to queue
[2024-10-21T18:03:31.622+0000] {logging_mixin.py:190} INFO - [2024-10-21T18:03:31.622+0000] {dagbag.py:587} INFO - Filling up the DagBag from /home/airflow/.local/lib/python3.12/site-packages/airflow/example_dags/example_short_circuit_decorator.py
[2024-10-21T18:03:31.784+0000] {processor.py:925} INFO - DAG(s) 'example_short_circuit_decorator' retrieved from /home/airflow/.local/lib/python3.12/site-packages/airflow/example_dags/example_short_circuit_decorator.py
[2024-10-21T18:03:32.191+0000] {logging_mixin.py:190} INFO - [2024-10-21T18:03:32.191+0000] {dag.py:3229} INFO - Sync 1 DAGs
[2024-10-21T18:03:32.799+0000] {logging_mixin.py:190} INFO - [2024-10-21T18:03:32.799+0000] {dag.py:4156} INFO - Setting next_dagrun for example_short_circuit_decorator to None, run_after=None
[2024-10-21T18:03:33.920+0000] {processor.py:208} INFO - Processing /home/airflow/.local/lib/python3.12/site-packages/airflow/example_dags/example_short_circuit_decorator.py took 2.464 seconds
[2024-10-21T18:09:05.754+0000] {processor.py:186} INFO - Started process (PID=87) to work on /home/airflow/.local/lib/python3.12/site-packages/airflow/example_dags/example_short_circuit_decorator.py
[2024-10-21T18:09:05.762+0000] {processor.py:914} INFO - Processing file /home/airflow/.local/lib/python3.12/site-packages/airflow/example_dags/example_short_circuit_decorator.py for tasks to queue
[2024-10-21T18:09:05.787+0000] {logging_mixin.py:190} INFO - [2024-10-21T18:09:05.786+0000] {dagbag.py:587} INFO - Filling up the DagBag from /home/airflow/.local/lib/python3.12/site-packages/airflow/example_dags/example_short_circuit_decorator.py
[2024-10-21T18:09:05.925+0000] {processor.py:925} INFO - DAG(s) 'example_short_circuit_decorator' retrieved from /home/airflow/.local/lib/python3.12/site-packages/airflow/example_dags/example_short_circuit_decorator.py
[2024-10-21T18:09:06.244+0000] {logging_mixin.py:190} INFO - [2024-10-21T18:09:06.244+0000] {dag.py:3229} INFO - Sync 1 DAGs
[2024-10-21T18:09:06.542+0000] {logging_mixin.py:190} INFO - [2024-10-21T18:09:06.541+0000] {dag.py:4156} INFO - Setting next_dagrun for example_short_circuit_decorator to None, run_after=None
[2024-10-21T18:09:06.797+0000] {processor.py:208} INFO - Processing /home/airflow/.local/lib/python3.12/site-packages/airflow/example_dags/example_short_circuit_decorator.py took 1.088 seconds
