[2024-10-21T09:02:00.773+0000] {processor.py:186} INFO - Started process (PID=160) to work on /home/airflow/.local/lib/python3.12/site-packages/airflow/example_dags/example_kubernetes_executor.py
[2024-10-21T09:02:00.804+0000] {processor.py:914} INFO - Processing file /home/airflow/.local/lib/python3.12/site-packages/airflow/example_dags/example_kubernetes_executor.py for tasks to queue
[2024-10-21T09:02:00.933+0000] {logging_mixin.py:190} INFO - [2024-10-21T09:02:00.932+0000] {dagbag.py:587} INFO - Filling up the DagBag from /home/airflow/.local/lib/python3.12/site-packages/airflow/example_dags/example_kubernetes_executor.py
[2024-10-21T09:02:01.352+0000] {processor.py:925} INFO - DAG(s) 'example_kubernetes_executor' retrieved from /home/airflow/.local/lib/python3.12/site-packages/airflow/example_dags/example_kubernetes_executor.py
[2024-10-21T09:02:02.079+0000] {logging_mixin.py:190} INFO - [2024-10-21T09:02:02.079+0000] {dag.py:3229} INFO - Sync 1 DAGs
[2024-10-21T09:02:02.342+0000] {logging_mixin.py:190} INFO - [2024-10-21T09:02:02.342+0000] {dag.py:4156} INFO - Setting next_dagrun for example_kubernetes_executor to None, run_after=None
[2024-10-21T09:02:02.608+0000] {processor.py:208} INFO - Processing /home/airflow/.local/lib/python3.12/site-packages/airflow/example_dags/example_kubernetes_executor.py took 1.914 seconds
[2024-10-21T09:03:18.133+0000] {processor.py:186} INFO - Started process (PID=249) to work on /home/airflow/.local/lib/python3.12/site-packages/airflow/example_dags/example_kubernetes_executor.py
[2024-10-21T09:03:18.135+0000] {processor.py:914} INFO - Processing file /home/airflow/.local/lib/python3.12/site-packages/airflow/example_dags/example_kubernetes_executor.py for tasks to queue
[2024-10-21T09:03:18.148+0000] {logging_mixin.py:190} INFO - [2024-10-21T09:03:18.147+0000] {dagbag.py:587} INFO - Filling up the DagBag from /home/airflow/.local/lib/python3.12/site-packages/airflow/example_dags/example_kubernetes_executor.py
[2024-10-21T09:03:18.261+0000] {processor.py:925} INFO - DAG(s) 'example_kubernetes_executor' retrieved from /home/airflow/.local/lib/python3.12/site-packages/airflow/example_dags/example_kubernetes_executor.py
[2024-10-21T09:03:18.790+0000] {logging_mixin.py:190} INFO - [2024-10-21T09:03:18.789+0000] {dag.py:3229} INFO - Sync 1 DAGs
[2024-10-21T09:03:19.167+0000] {logging_mixin.py:190} INFO - [2024-10-21T09:03:19.167+0000] {dag.py:4156} INFO - Setting next_dagrun for example_kubernetes_executor to None, run_after=None
[2024-10-21T09:03:19.402+0000] {processor.py:208} INFO - Processing /home/airflow/.local/lib/python3.12/site-packages/airflow/example_dags/example_kubernetes_executor.py took 1.295 seconds
[2024-10-21T09:09:44.703+0000] {processor.py:186} INFO - Started process (PID=126) to work on /home/airflow/.local/lib/python3.12/site-packages/airflow/example_dags/example_kubernetes_executor.py
[2024-10-21T09:09:44.705+0000] {processor.py:914} INFO - Processing file /home/airflow/.local/lib/python3.12/site-packages/airflow/example_dags/example_kubernetes_executor.py for tasks to queue
[2024-10-21T09:09:44.711+0000] {logging_mixin.py:190} INFO - [2024-10-21T09:09:44.710+0000] {dagbag.py:587} INFO - Filling up the DagBag from /home/airflow/.local/lib/python3.12/site-packages/airflow/example_dags/example_kubernetes_executor.py
[2024-10-21T09:09:44.750+0000] {processor.py:925} INFO - DAG(s) 'example_kubernetes_executor' retrieved from /home/airflow/.local/lib/python3.12/site-packages/airflow/example_dags/example_kubernetes_executor.py
[2024-10-21T09:09:44.941+0000] {logging_mixin.py:190} INFO - [2024-10-21T09:09:44.940+0000] {dag.py:3229} INFO - Sync 1 DAGs
[2024-10-21T09:09:45.026+0000] {logging_mixin.py:190} INFO - [2024-10-21T09:09:45.024+0000] {dag.py:4156} INFO - Setting next_dagrun for example_kubernetes_executor to None, run_after=None
[2024-10-21T09:09:45.099+0000] {processor.py:208} INFO - Processing /home/airflow/.local/lib/python3.12/site-packages/airflow/example_dags/example_kubernetes_executor.py took 0.410 seconds
[2024-10-21T18:02:13.382+0000] {processor.py:186} INFO - Started process (PID=148) to work on /home/airflow/.local/lib/python3.12/site-packages/airflow/example_dags/example_kubernetes_executor.py
[2024-10-21T18:02:13.397+0000] {processor.py:914} INFO - Processing file /home/airflow/.local/lib/python3.12/site-packages/airflow/example_dags/example_kubernetes_executor.py for tasks to queue
[2024-10-21T18:02:13.452+0000] {logging_mixin.py:190} INFO - [2024-10-21T18:02:13.441+0000] {dagbag.py:587} INFO - Filling up the DagBag from /home/airflow/.local/lib/python3.12/site-packages/airflow/example_dags/example_kubernetes_executor.py
[2024-10-21T18:02:13.921+0000] {processor.py:925} INFO - DAG(s) 'example_kubernetes_executor' retrieved from /home/airflow/.local/lib/python3.12/site-packages/airflow/example_dags/example_kubernetes_executor.py
[2024-10-21T18:02:14.776+0000] {logging_mixin.py:190} INFO - [2024-10-21T18:02:14.775+0000] {dag.py:3229} INFO - Sync 1 DAGs
[2024-10-21T18:02:14.987+0000] {logging_mixin.py:190} INFO - [2024-10-21T18:02:14.987+0000] {dag.py:4156} INFO - Setting next_dagrun for example_kubernetes_executor to None, run_after=None
[2024-10-21T18:02:15.160+0000] {processor.py:208} INFO - Processing /home/airflow/.local/lib/python3.12/site-packages/airflow/example_dags/example_kubernetes_executor.py took 1.853 seconds
[2024-10-21T18:03:20.086+0000] {processor.py:186} INFO - Started process (PID=218) to work on /home/airflow/.local/lib/python3.12/site-packages/airflow/example_dags/example_kubernetes_executor.py
[2024-10-21T18:03:20.127+0000] {processor.py:914} INFO - Processing file /home/airflow/.local/lib/python3.12/site-packages/airflow/example_dags/example_kubernetes_executor.py for tasks to queue
[2024-10-21T18:03:20.154+0000] {logging_mixin.py:190} INFO - [2024-10-21T18:03:20.153+0000] {dagbag.py:587} INFO - Filling up the DagBag from /home/airflow/.local/lib/python3.12/site-packages/airflow/example_dags/example_kubernetes_executor.py
[2024-10-21T18:03:20.532+0000] {processor.py:925} INFO - DAG(s) 'example_kubernetes_executor' retrieved from /home/airflow/.local/lib/python3.12/site-packages/airflow/example_dags/example_kubernetes_executor.py
[2024-10-21T18:03:21.238+0000] {logging_mixin.py:190} INFO - [2024-10-21T18:03:21.237+0000] {dag.py:3229} INFO - Sync 1 DAGs
[2024-10-21T18:03:21.703+0000] {logging_mixin.py:190} INFO - [2024-10-21T18:03:21.703+0000] {dag.py:4156} INFO - Setting next_dagrun for example_kubernetes_executor to None, run_after=None
[2024-10-21T18:03:22.437+0000] {processor.py:208} INFO - Processing /home/airflow/.local/lib/python3.12/site-packages/airflow/example_dags/example_kubernetes_executor.py took 2.618 seconds
[2024-10-21T18:09:27.778+0000] {processor.py:186} INFO - Started process (PID=135) to work on /home/airflow/.local/lib/python3.12/site-packages/airflow/example_dags/example_kubernetes_executor.py
[2024-10-21T18:09:27.786+0000] {processor.py:914} INFO - Processing file /home/airflow/.local/lib/python3.12/site-packages/airflow/example_dags/example_kubernetes_executor.py for tasks to queue
[2024-10-21T18:09:27.791+0000] {logging_mixin.py:190} INFO - [2024-10-21T18:09:27.791+0000] {dagbag.py:587} INFO - Filling up the DagBag from /home/airflow/.local/lib/python3.12/site-packages/airflow/example_dags/example_kubernetes_executor.py
[2024-10-21T18:09:27.867+0000] {processor.py:925} INFO - DAG(s) 'example_kubernetes_executor' retrieved from /home/airflow/.local/lib/python3.12/site-packages/airflow/example_dags/example_kubernetes_executor.py
[2024-10-21T18:09:28.113+0000] {logging_mixin.py:190} INFO - [2024-10-21T18:09:28.112+0000] {dag.py:3229} INFO - Sync 1 DAGs
[2024-10-21T18:09:28.210+0000] {logging_mixin.py:190} INFO - [2024-10-21T18:09:28.209+0000] {dag.py:4156} INFO - Setting next_dagrun for example_kubernetes_executor to None, run_after=None
[2024-10-21T18:09:28.569+0000] {processor.py:208} INFO - Processing /home/airflow/.local/lib/python3.12/site-packages/airflow/example_dags/example_kubernetes_executor.py took 0.810 seconds
