[2024-10-21T09:01:16.387+0000] {processor.py:186} INFO - Started process (PID=122) to work on /home/airflow/.local/lib/python3.12/site-packages/airflow/example_dags/example_task_group.py
[2024-10-21T09:01:16.389+0000] {processor.py:914} INFO - Processing file /home/airflow/.local/lib/python3.12/site-packages/airflow/example_dags/example_task_group.py for tasks to queue
[2024-10-21T09:01:16.433+0000] {logging_mixin.py:190} INFO - [2024-10-21T09:01:16.432+0000] {dagbag.py:587} INFO - Filling up the DagBag from /home/airflow/.local/lib/python3.12/site-packages/airflow/example_dags/example_task_group.py
[2024-10-21T09:01:16.522+0000] {processor.py:925} INFO - DAG(s) 'example_task_group' retrieved from /home/airflow/.local/lib/python3.12/site-packages/airflow/example_dags/example_task_group.py
[2024-10-21T09:01:16.904+0000] {logging_mixin.py:190} INFO - [2024-10-21T09:01:16.903+0000] {dag.py:3229} INFO - Sync 1 DAGs
[2024-10-21T09:01:17.209+0000] {logging_mixin.py:190} INFO - [2024-10-21T09:01:17.193+0000] {dag.py:4156} INFO - Setting next_dagrun for example_task_group to None, run_after=None
[2024-10-21T09:01:17.598+0000] {processor.py:208} INFO - Processing /home/airflow/.local/lib/python3.12/site-packages/airflow/example_dags/example_task_group.py took 1.236 seconds
[2024-10-21T09:02:26.814+0000] {processor.py:186} INFO - Started process (PID=191) to work on /home/airflow/.local/lib/python3.12/site-packages/airflow/example_dags/example_task_group.py
[2024-10-21T09:02:26.903+0000] {processor.py:914} INFO - Processing file /home/airflow/.local/lib/python3.12/site-packages/airflow/example_dags/example_task_group.py for tasks to queue
[2024-10-21T09:02:26.950+0000] {logging_mixin.py:190} INFO - [2024-10-21T09:02:26.950+0000] {dagbag.py:587} INFO - Filling up the DagBag from /home/airflow/.local/lib/python3.12/site-packages/airflow/example_dags/example_task_group.py
[2024-10-21T09:02:27.160+0000] {processor.py:925} INFO - DAG(s) 'example_task_group' retrieved from /home/airflow/.local/lib/python3.12/site-packages/airflow/example_dags/example_task_group.py
[2024-10-21T09:02:28.118+0000] {logging_mixin.py:190} INFO - [2024-10-21T09:02:28.117+0000] {dag.py:3229} INFO - Sync 1 DAGs
[2024-10-21T09:02:28.632+0000] {logging_mixin.py:190} INFO - [2024-10-21T09:02:28.631+0000] {dag.py:4156} INFO - Setting next_dagrun for example_task_group to None, run_after=None
[2024-10-21T09:02:28.947+0000] {processor.py:208} INFO - Processing /home/airflow/.local/lib/python3.12/site-packages/airflow/example_dags/example_task_group.py took 2.166 seconds
[2024-10-21T09:03:24.950+0000] {processor.py:186} INFO - Started process (PID=260) to work on /home/airflow/.local/lib/python3.12/site-packages/airflow/example_dags/example_task_group.py
[2024-10-21T09:03:24.994+0000] {processor.py:914} INFO - Processing file /home/airflow/.local/lib/python3.12/site-packages/airflow/example_dags/example_task_group.py for tasks to queue
[2024-10-21T09:03:25.008+0000] {logging_mixin.py:190} INFO - [2024-10-21T09:03:25.008+0000] {dagbag.py:587} INFO - Filling up the DagBag from /home/airflow/.local/lib/python3.12/site-packages/airflow/example_dags/example_task_group.py
[2024-10-21T09:03:25.076+0000] {processor.py:925} INFO - DAG(s) 'example_task_group' retrieved from /home/airflow/.local/lib/python3.12/site-packages/airflow/example_dags/example_task_group.py
[2024-10-21T09:03:25.226+0000] {logging_mixin.py:190} INFO - [2024-10-21T09:03:25.226+0000] {dag.py:3229} INFO - Sync 1 DAGs
[2024-10-21T09:03:25.322+0000] {logging_mixin.py:190} INFO - [2024-10-21T09:03:25.321+0000] {dag.py:4156} INFO - Setting next_dagrun for example_task_group to None, run_after=None
[2024-10-21T09:03:25.438+0000] {processor.py:208} INFO - Processing /home/airflow/.local/lib/python3.12/site-packages/airflow/example_dags/example_task_group.py took 0.566 seconds
[2024-10-21T09:09:23.593+0000] {processor.py:186} INFO - Started process (PID=89) to work on /home/airflow/.local/lib/python3.12/site-packages/airflow/example_dags/example_task_group.py
[2024-10-21T09:09:23.597+0000] {processor.py:914} INFO - Processing file /home/airflow/.local/lib/python3.12/site-packages/airflow/example_dags/example_task_group.py for tasks to queue
[2024-10-21T09:09:23.617+0000] {logging_mixin.py:190} INFO - [2024-10-21T09:09:23.616+0000] {dagbag.py:587} INFO - Filling up the DagBag from /home/airflow/.local/lib/python3.12/site-packages/airflow/example_dags/example_task_group.py
[2024-10-21T09:09:23.757+0000] {processor.py:925} INFO - DAG(s) 'example_task_group' retrieved from /home/airflow/.local/lib/python3.12/site-packages/airflow/example_dags/example_task_group.py
[2024-10-21T09:09:24.227+0000] {logging_mixin.py:190} INFO - [2024-10-21T09:09:24.226+0000] {dag.py:3229} INFO - Sync 1 DAGs
[2024-10-21T09:09:24.343+0000] {logging_mixin.py:190} INFO - [2024-10-21T09:09:24.342+0000] {dag.py:4156} INFO - Setting next_dagrun for example_task_group to None, run_after=None
[2024-10-21T09:09:24.452+0000] {processor.py:208} INFO - Processing /home/airflow/.local/lib/python3.12/site-packages/airflow/example_dags/example_task_group.py took 0.876 seconds
[2024-10-21T09:12:42.647+0000] {processor.py:186} INFO - Started process (PID=93) to work on /home/airflow/.local/lib/python3.12/site-packages/airflow/example_dags/example_task_group.py
[2024-10-21T09:12:42.662+0000] {processor.py:914} INFO - Processing file /home/airflow/.local/lib/python3.12/site-packages/airflow/example_dags/example_task_group.py for tasks to queue
[2024-10-21T09:12:42.687+0000] {logging_mixin.py:190} INFO - [2024-10-21T09:12:42.678+0000] {dagbag.py:587} INFO - Filling up the DagBag from /home/airflow/.local/lib/python3.12/site-packages/airflow/example_dags/example_task_group.py
[2024-10-21T09:12:42.809+0000] {processor.py:925} INFO - DAG(s) 'example_task_group' retrieved from /home/airflow/.local/lib/python3.12/site-packages/airflow/example_dags/example_task_group.py
[2024-10-21T09:12:42.927+0000] {logging_mixin.py:190} INFO - [2024-10-21T09:12:42.926+0000] {dag.py:3229} INFO - Sync 1 DAGs
[2024-10-21T09:12:43.001+0000] {logging_mixin.py:190} INFO - [2024-10-21T09:12:43.000+0000] {dag.py:4156} INFO - Setting next_dagrun for example_task_group to None, run_after=None
[2024-10-21T09:12:43.119+0000] {processor.py:208} INFO - Processing /home/airflow/.local/lib/python3.12/site-packages/airflow/example_dags/example_task_group.py took 0.529 seconds
[2024-10-21T18:01:32.671+0000] {processor.py:186} INFO - Started process (PID=110) to work on /home/airflow/.local/lib/python3.12/site-packages/airflow/example_dags/example_task_group.py
[2024-10-21T18:01:32.706+0000] {processor.py:914} INFO - Processing file /home/airflow/.local/lib/python3.12/site-packages/airflow/example_dags/example_task_group.py for tasks to queue
[2024-10-21T18:01:32.719+0000] {logging_mixin.py:190} INFO - [2024-10-21T18:01:32.719+0000] {dagbag.py:587} INFO - Filling up the DagBag from /home/airflow/.local/lib/python3.12/site-packages/airflow/example_dags/example_task_group.py
[2024-10-21T18:01:32.856+0000] {processor.py:925} INFO - DAG(s) 'example_task_group' retrieved from /home/airflow/.local/lib/python3.12/site-packages/airflow/example_dags/example_task_group.py
[2024-10-21T18:01:33.177+0000] {logging_mixin.py:190} INFO - [2024-10-21T18:01:33.177+0000] {dag.py:3229} INFO - Sync 1 DAGs
[2024-10-21T18:01:33.350+0000] {logging_mixin.py:190} INFO - [2024-10-21T18:01:33.349+0000] {dag.py:4156} INFO - Setting next_dagrun for example_task_group to None, run_after=None
[2024-10-21T18:01:33.576+0000] {processor.py:208} INFO - Processing /home/airflow/.local/lib/python3.12/site-packages/airflow/example_dags/example_task_group.py took 0.949 seconds
[2024-10-21T18:02:37.121+0000] {processor.py:186} INFO - Started process (PID=178) to work on /home/airflow/.local/lib/python3.12/site-packages/airflow/example_dags/example_task_group.py
[2024-10-21T18:02:37.151+0000] {processor.py:914} INFO - Processing file /home/airflow/.local/lib/python3.12/site-packages/airflow/example_dags/example_task_group.py for tasks to queue
[2024-10-21T18:02:37.195+0000] {logging_mixin.py:190} INFO - [2024-10-21T18:02:37.192+0000] {dagbag.py:587} INFO - Filling up the DagBag from /home/airflow/.local/lib/python3.12/site-packages/airflow/example_dags/example_task_group.py
[2024-10-21T18:02:37.383+0000] {processor.py:925} INFO - DAG(s) 'example_task_group' retrieved from /home/airflow/.local/lib/python3.12/site-packages/airflow/example_dags/example_task_group.py
[2024-10-21T18:02:37.854+0000] {logging_mixin.py:190} INFO - [2024-10-21T18:02:37.853+0000] {dag.py:3229} INFO - Sync 1 DAGs
[2024-10-21T18:02:38.242+0000] {logging_mixin.py:190} INFO - [2024-10-21T18:02:38.242+0000] {dag.py:4156} INFO - Setting next_dagrun for example_task_group to None, run_after=None
[2024-10-21T18:02:38.639+0000] {processor.py:208} INFO - Processing /home/airflow/.local/lib/python3.12/site-packages/airflow/example_dags/example_task_group.py took 1.646 seconds
[2024-10-21T18:03:45.557+0000] {processor.py:186} INFO - Started process (PID=247) to work on /home/airflow/.local/lib/python3.12/site-packages/airflow/example_dags/example_task_group.py
[2024-10-21T18:03:45.633+0000] {processor.py:914} INFO - Processing file /home/airflow/.local/lib/python3.12/site-packages/airflow/example_dags/example_task_group.py for tasks to queue
[2024-10-21T18:03:45.699+0000] {logging_mixin.py:190} INFO - [2024-10-21T18:03:45.698+0000] {dagbag.py:587} INFO - Filling up the DagBag from /home/airflow/.local/lib/python3.12/site-packages/airflow/example_dags/example_task_group.py
[2024-10-21T18:03:45.956+0000] {processor.py:925} INFO - DAG(s) 'example_task_group' retrieved from /home/airflow/.local/lib/python3.12/site-packages/airflow/example_dags/example_task_group.py
[2024-10-21T18:03:46.251+0000] {logging_mixin.py:190} INFO - [2024-10-21T18:03:46.250+0000] {dag.py:3229} INFO - Sync 1 DAGs
[2024-10-21T18:03:46.427+0000] {logging_mixin.py:190} INFO - [2024-10-21T18:03:46.426+0000] {dag.py:4156} INFO - Setting next_dagrun for example_task_group to None, run_after=None
[2024-10-21T18:03:46.904+0000] {processor.py:208} INFO - Processing /home/airflow/.local/lib/python3.12/site-packages/airflow/example_dags/example_task_group.py took 1.469 seconds
[2024-10-21T18:09:11.436+0000] {processor.py:186} INFO - Started process (PID=95) to work on /home/airflow/.local/lib/python3.12/site-packages/airflow/example_dags/example_task_group.py
[2024-10-21T18:09:11.438+0000] {processor.py:914} INFO - Processing file /home/airflow/.local/lib/python3.12/site-packages/airflow/example_dags/example_task_group.py for tasks to queue
[2024-10-21T18:09:11.447+0000] {logging_mixin.py:190} INFO - [2024-10-21T18:09:11.444+0000] {dagbag.py:587} INFO - Filling up the DagBag from /home/airflow/.local/lib/python3.12/site-packages/airflow/example_dags/example_task_group.py
[2024-10-21T18:09:11.478+0000] {processor.py:925} INFO - DAG(s) 'example_task_group' retrieved from /home/airflow/.local/lib/python3.12/site-packages/airflow/example_dags/example_task_group.py
[2024-10-21T18:09:11.602+0000] {logging_mixin.py:190} INFO - [2024-10-21T18:09:11.602+0000] {dag.py:3229} INFO - Sync 1 DAGs
[2024-10-21T18:09:11.656+0000] {logging_mixin.py:190} INFO - [2024-10-21T18:09:11.656+0000] {dag.py:4156} INFO - Setting next_dagrun for example_task_group to None, run_after=None
[2024-10-21T18:09:11.746+0000] {processor.py:208} INFO - Processing /home/airflow/.local/lib/python3.12/site-packages/airflow/example_dags/example_task_group.py took 0.332 seconds
