[2024-10-21T09:01:08.157+0000] {processor.py:186} INFO - Started process (PID=116) to work on /home/airflow/.local/lib/python3.12/site-packages/airflow/example_dags/example_latest_only.py
[2024-10-21T09:01:08.172+0000] {processor.py:914} INFO - Processing file /home/airflow/.local/lib/python3.12/site-packages/airflow/example_dags/example_latest_only.py for tasks to queue
[2024-10-21T09:01:08.225+0000] {logging_mixin.py:190} INFO - [2024-10-21T09:01:08.224+0000] {dagbag.py:587} INFO - Filling up the DagBag from /home/airflow/.local/lib/python3.12/site-packages/airflow/example_dags/example_latest_only.py
[2024-10-21T09:01:08.377+0000] {processor.py:925} INFO - DAG(s) 'latest_only' retrieved from /home/airflow/.local/lib/python3.12/site-packages/airflow/example_dags/example_latest_only.py
[2024-10-21T09:01:08.622+0000] {logging_mixin.py:190} INFO - [2024-10-21T09:01:08.621+0000] {dag.py:3229} INFO - Sync 1 DAGs
[2024-10-21T09:01:09.017+0000] {logging_mixin.py:190} INFO - [2024-10-21T09:01:09.017+0000] {dag.py:4156} INFO - Setting next_dagrun for latest_only to 2024-10-21 04:00:00+00:00, run_after=2024-10-21 08:00:00+00:00
[2024-10-21T09:01:09.312+0000] {processor.py:208} INFO - Processing /home/airflow/.local/lib/python3.12/site-packages/airflow/example_dags/example_latest_only.py took 1.246 seconds
[2024-10-21T09:02:14.970+0000] {processor.py:186} INFO - Started process (PID=185) to work on /home/airflow/.local/lib/python3.12/site-packages/airflow/example_dags/example_latest_only.py
[2024-10-21T09:02:14.990+0000] {processor.py:914} INFO - Processing file /home/airflow/.local/lib/python3.12/site-packages/airflow/example_dags/example_latest_only.py for tasks to queue
[2024-10-21T09:02:15.058+0000] {logging_mixin.py:190} INFO - [2024-10-21T09:02:15.056+0000] {dagbag.py:587} INFO - Filling up the DagBag from /home/airflow/.local/lib/python3.12/site-packages/airflow/example_dags/example_latest_only.py
[2024-10-21T09:02:15.264+0000] {processor.py:925} INFO - DAG(s) 'latest_only' retrieved from /home/airflow/.local/lib/python3.12/site-packages/airflow/example_dags/example_latest_only.py
[2024-10-21T09:02:15.788+0000] {logging_mixin.py:190} INFO - [2024-10-21T09:02:15.787+0000] {dag.py:3229} INFO - Sync 1 DAGs
[2024-10-21T09:02:17.443+0000] {logging_mixin.py:190} INFO - [2024-10-21T09:02:17.443+0000] {dag.py:4156} INFO - Setting next_dagrun for latest_only to 2024-10-21 04:00:00+00:00, run_after=2024-10-21 08:00:00+00:00
[2024-10-21T09:02:17.988+0000] {processor.py:208} INFO - Processing /home/airflow/.local/lib/python3.12/site-packages/airflow/example_dags/example_latest_only.py took 3.205 seconds
[2024-10-21T09:03:01.198+0000] {processor.py:186} INFO - Started process (PID=224) to work on /home/airflow/.local/lib/python3.12/site-packages/airflow/example_dags/example_latest_only.py
[2024-10-21T09:03:01.221+0000] {processor.py:914} INFO - Processing file /home/airflow/.local/lib/python3.12/site-packages/airflow/example_dags/example_latest_only.py for tasks to queue
[2024-10-21T09:03:01.261+0000] {logging_mixin.py:190} INFO - [2024-10-21T09:03:01.261+0000] {dagbag.py:587} INFO - Filling up the DagBag from /home/airflow/.local/lib/python3.12/site-packages/airflow/example_dags/example_latest_only.py
[2024-10-21T09:03:01.366+0000] {processor.py:925} INFO - DAG(s) 'latest_only' retrieved from /home/airflow/.local/lib/python3.12/site-packages/airflow/example_dags/example_latest_only.py
[2024-10-21T09:03:01.710+0000] {logging_mixin.py:190} INFO - [2024-10-21T09:03:01.709+0000] {dag.py:3229} INFO - Sync 1 DAGs
[2024-10-21T09:03:02.243+0000] {logging_mixin.py:190} INFO - [2024-10-21T09:03:02.242+0000] {dag.py:4156} INFO - Setting next_dagrun for latest_only to 2024-10-21 04:00:00+00:00, run_after=2024-10-21 08:00:00+00:00
[2024-10-21T09:03:02.477+0000] {processor.py:208} INFO - Processing /home/airflow/.local/lib/python3.12/site-packages/airflow/example_dags/example_latest_only.py took 1.390 seconds
[2024-10-21T09:04:02.833+0000] {processor.py:186} INFO - Started process (PID=292) to work on /home/airflow/.local/lib/python3.12/site-packages/airflow/example_dags/example_latest_only.py
[2024-10-21T09:04:02.839+0000] {processor.py:914} INFO - Processing file /home/airflow/.local/lib/python3.12/site-packages/airflow/example_dags/example_latest_only.py for tasks to queue
[2024-10-21T09:04:02.867+0000] {logging_mixin.py:190} INFO - [2024-10-21T09:04:02.865+0000] {dagbag.py:587} INFO - Filling up the DagBag from /home/airflow/.local/lib/python3.12/site-packages/airflow/example_dags/example_latest_only.py
[2024-10-21T09:04:02.954+0000] {processor.py:925} INFO - DAG(s) 'latest_only' retrieved from /home/airflow/.local/lib/python3.12/site-packages/airflow/example_dags/example_latest_only.py
[2024-10-21T09:09:19.847+0000] {processor.py:186} INFO - Started process (PID=83) to work on /home/airflow/.local/lib/python3.12/site-packages/airflow/example_dags/example_latest_only.py
[2024-10-21T09:09:19.851+0000] {processor.py:914} INFO - Processing file /home/airflow/.local/lib/python3.12/site-packages/airflow/example_dags/example_latest_only.py for tasks to queue
[2024-10-21T09:09:19.880+0000] {logging_mixin.py:190} INFO - [2024-10-21T09:09:19.878+0000] {dagbag.py:587} INFO - Filling up the DagBag from /home/airflow/.local/lib/python3.12/site-packages/airflow/example_dags/example_latest_only.py
[2024-10-21T09:09:19.911+0000] {processor.py:925} INFO - DAG(s) 'latest_only' retrieved from /home/airflow/.local/lib/python3.12/site-packages/airflow/example_dags/example_latest_only.py
[2024-10-21T09:09:20.027+0000] {logging_mixin.py:190} INFO - [2024-10-21T09:09:20.026+0000] {dag.py:3229} INFO - Sync 1 DAGs
[2024-10-21T09:09:20.253+0000] {logging_mixin.py:190} INFO - [2024-10-21T09:09:20.253+0000] {dag.py:4156} INFO - Setting next_dagrun for latest_only to 2024-10-21 04:00:00+00:00, run_after=2024-10-21 08:00:00+00:00
[2024-10-21T09:09:20.347+0000] {processor.py:208} INFO - Processing /home/airflow/.local/lib/python3.12/site-packages/airflow/example_dags/example_latest_only.py took 0.521 seconds
[2024-10-21T09:12:37.664+0000] {processor.py:186} INFO - Started process (PID=81) to work on /home/airflow/.local/lib/python3.12/site-packages/airflow/example_dags/example_latest_only.py
[2024-10-21T09:12:37.686+0000] {processor.py:914} INFO - Processing file /home/airflow/.local/lib/python3.12/site-packages/airflow/example_dags/example_latest_only.py for tasks to queue
[2024-10-21T09:12:37.760+0000] {logging_mixin.py:190} INFO - [2024-10-21T09:12:37.757+0000] {dagbag.py:587} INFO - Filling up the DagBag from /home/airflow/.local/lib/python3.12/site-packages/airflow/example_dags/example_latest_only.py
[2024-10-21T09:12:37.844+0000] {processor.py:925} INFO - DAG(s) 'latest_only' retrieved from /home/airflow/.local/lib/python3.12/site-packages/airflow/example_dags/example_latest_only.py
[2024-10-21T09:12:38.065+0000] {logging_mixin.py:190} INFO - [2024-10-21T09:12:38.064+0000] {dag.py:3229} INFO - Sync 1 DAGs
[2024-10-21T09:12:38.334+0000] {logging_mixin.py:190} INFO - [2024-10-21T09:12:38.333+0000] {dag.py:4156} INFO - Setting next_dagrun for latest_only to 2024-10-21 04:00:00+00:00, run_after=2024-10-21 08:00:00+00:00
[2024-10-21T09:12:38.472+0000] {processor.py:208} INFO - Processing /home/airflow/.local/lib/python3.12/site-packages/airflow/example_dags/example_latest_only.py took 0.898 seconds
[2024-10-21T18:01:23.050+0000] {processor.py:186} INFO - Started process (PID=104) to work on /home/airflow/.local/lib/python3.12/site-packages/airflow/example_dags/example_latest_only.py
[2024-10-21T18:01:23.054+0000] {processor.py:914} INFO - Processing file /home/airflow/.local/lib/python3.12/site-packages/airflow/example_dags/example_latest_only.py for tasks to queue
[2024-10-21T18:01:23.077+0000] {logging_mixin.py:190} INFO - [2024-10-21T18:01:23.076+0000] {dagbag.py:587} INFO - Filling up the DagBag from /home/airflow/.local/lib/python3.12/site-packages/airflow/example_dags/example_latest_only.py
[2024-10-21T18:01:23.115+0000] {processor.py:925} INFO - DAG(s) 'latest_only' retrieved from /home/airflow/.local/lib/python3.12/site-packages/airflow/example_dags/example_latest_only.py
[2024-10-21T18:01:23.534+0000] {logging_mixin.py:190} INFO - [2024-10-21T18:01:23.534+0000] {dag.py:3229} INFO - Sync 1 DAGs
[2024-10-21T18:01:24.019+0000] {logging_mixin.py:190} INFO - [2024-10-21T18:01:24.019+0000] {dag.py:4156} INFO - Setting next_dagrun for latest_only to 2024-10-21 12:00:00+00:00, run_after=2024-10-21 16:00:00+00:00
[2024-10-21T18:01:24.390+0000] {processor.py:208} INFO - Processing /home/airflow/.local/lib/python3.12/site-packages/airflow/example_dags/example_latest_only.py took 1.386 seconds
[2024-10-21T18:02:29.018+0000] {processor.py:186} INFO - Started process (PID=172) to work on /home/airflow/.local/lib/python3.12/site-packages/airflow/example_dags/example_latest_only.py
[2024-10-21T18:02:29.079+0000] {processor.py:914} INFO - Processing file /home/airflow/.local/lib/python3.12/site-packages/airflow/example_dags/example_latest_only.py for tasks to queue
[2024-10-21T18:02:29.242+0000] {logging_mixin.py:190} INFO - [2024-10-21T18:02:29.224+0000] {dagbag.py:587} INFO - Filling up the DagBag from /home/airflow/.local/lib/python3.12/site-packages/airflow/example_dags/example_latest_only.py
[2024-10-21T18:02:29.408+0000] {processor.py:925} INFO - DAG(s) 'latest_only' retrieved from /home/airflow/.local/lib/python3.12/site-packages/airflow/example_dags/example_latest_only.py
[2024-10-21T18:02:29.659+0000] {logging_mixin.py:190} INFO - [2024-10-21T18:02:29.658+0000] {dag.py:3229} INFO - Sync 1 DAGs
[2024-10-21T18:02:29.813+0000] {logging_mixin.py:190} INFO - [2024-10-21T18:02:29.813+0000] {dag.py:4156} INFO - Setting next_dagrun for latest_only to 2024-10-21 12:00:00+00:00, run_after=2024-10-21 16:00:00+00:00
[2024-10-21T18:02:30.121+0000] {processor.py:208} INFO - Processing /home/airflow/.local/lib/python3.12/site-packages/airflow/example_dags/example_latest_only.py took 1.159 seconds
[2024-10-21T18:03:36.529+0000] {processor.py:186} INFO - Started process (PID=241) to work on /home/airflow/.local/lib/python3.12/site-packages/airflow/example_dags/example_latest_only.py
[2024-10-21T18:03:36.620+0000] {processor.py:914} INFO - Processing file /home/airflow/.local/lib/python3.12/site-packages/airflow/example_dags/example_latest_only.py for tasks to queue
[2024-10-21T18:03:36.650+0000] {logging_mixin.py:190} INFO - [2024-10-21T18:03:36.649+0000] {dagbag.py:587} INFO - Filling up the DagBag from /home/airflow/.local/lib/python3.12/site-packages/airflow/example_dags/example_latest_only.py
[2024-10-21T18:03:36.801+0000] {processor.py:925} INFO - DAG(s) 'latest_only' retrieved from /home/airflow/.local/lib/python3.12/site-packages/airflow/example_dags/example_latest_only.py
[2024-10-21T18:03:36.971+0000] {logging_mixin.py:190} INFO - [2024-10-21T18:03:36.969+0000] {dag.py:3229} INFO - Sync 1 DAGs
[2024-10-21T18:03:37.442+0000] {logging_mixin.py:190} INFO - [2024-10-21T18:03:37.441+0000] {dag.py:4156} INFO - Setting next_dagrun for latest_only to 2024-10-21 12:00:00+00:00, run_after=2024-10-21 16:00:00+00:00
[2024-10-21T18:03:37.909+0000] {processor.py:208} INFO - Processing /home/airflow/.local/lib/python3.12/site-packages/airflow/example_dags/example_latest_only.py took 1.884 seconds
[2024-10-21T18:09:07.202+0000] {processor.py:186} INFO - Started process (PID=89) to work on /home/airflow/.local/lib/python3.12/site-packages/airflow/example_dags/example_latest_only.py
[2024-10-21T18:09:07.212+0000] {processor.py:914} INFO - Processing file /home/airflow/.local/lib/python3.12/site-packages/airflow/example_dags/example_latest_only.py for tasks to queue
[2024-10-21T18:09:07.226+0000] {logging_mixin.py:190} INFO - [2024-10-21T18:09:07.226+0000] {dagbag.py:587} INFO - Filling up the DagBag from /home/airflow/.local/lib/python3.12/site-packages/airflow/example_dags/example_latest_only.py
[2024-10-21T18:09:07.288+0000] {processor.py:925} INFO - DAG(s) 'latest_only' retrieved from /home/airflow/.local/lib/python3.12/site-packages/airflow/example_dags/example_latest_only.py
[2024-10-21T18:09:07.610+0000] {logging_mixin.py:190} INFO - [2024-10-21T18:09:07.609+0000] {dag.py:3229} INFO - Sync 1 DAGs
[2024-10-21T18:09:08.937+0000] {logging_mixin.py:190} INFO - [2024-10-21T18:09:08.936+0000] {dag.py:4156} INFO - Setting next_dagrun for latest_only to 2024-10-21 12:00:00+00:00, run_after=2024-10-21 16:00:00+00:00
[2024-10-21T18:09:09.095+0000] {processor.py:208} INFO - Processing /home/airflow/.local/lib/python3.12/site-packages/airflow/example_dags/example_latest_only.py took 1.928 seconds
