[2024-10-21T09:01:00.995+0000] {processor.py:186} INFO - Started process (PID=113) to work on /home/airflow/.local/lib/python3.12/site-packages/airflow/example_dags/example_nested_branch_dag.py
[2024-10-21T09:01:01.066+0000] {processor.py:914} INFO - Processing file /home/airflow/.local/lib/python3.12/site-packages/airflow/example_dags/example_nested_branch_dag.py for tasks to queue
[2024-10-21T09:01:01.083+0000] {logging_mixin.py:190} INFO - [2024-10-21T09:01:01.081+0000] {dagbag.py:587} INFO - Filling up the DagBag from /home/airflow/.local/lib/python3.12/site-packages/airflow/example_dags/example_nested_branch_dag.py
[2024-10-21T09:01:02.329+0000] {processor.py:925} INFO - DAG(s) 'example_nested_branch_dag' retrieved from /home/airflow/.local/lib/python3.12/site-packages/airflow/example_dags/example_nested_branch_dag.py
[2024-10-21T09:01:03.278+0000] {logging_mixin.py:190} INFO - [2024-10-21T09:01:03.277+0000] {dag.py:3229} INFO - Sync 1 DAGs
[2024-10-21T09:01:04.411+0000] {logging_mixin.py:190} INFO - [2024-10-21T09:01:04.410+0000] {dag.py:4156} INFO - Setting next_dagrun for example_nested_branch_dag to 2024-10-20 00:00:00+00:00, run_after=2024-10-21 00:00:00+00:00
[2024-10-21T09:01:04.641+0000] {processor.py:208} INFO - Processing /home/airflow/.local/lib/python3.12/site-packages/airflow/example_dags/example_nested_branch_dag.py took 3.873 seconds
[2024-10-21T09:02:12.453+0000] {processor.py:186} INFO - Started process (PID=182) to work on /home/airflow/.local/lib/python3.12/site-packages/airflow/example_dags/example_nested_branch_dag.py
[2024-10-21T09:02:12.477+0000] {processor.py:914} INFO - Processing file /home/airflow/.local/lib/python3.12/site-packages/airflow/example_dags/example_nested_branch_dag.py for tasks to queue
[2024-10-21T09:02:12.510+0000] {logging_mixin.py:190} INFO - [2024-10-21T09:02:12.509+0000] {dagbag.py:587} INFO - Filling up the DagBag from /home/airflow/.local/lib/python3.12/site-packages/airflow/example_dags/example_nested_branch_dag.py
[2024-10-21T09:02:12.660+0000] {processor.py:925} INFO - DAG(s) 'example_nested_branch_dag' retrieved from /home/airflow/.local/lib/python3.12/site-packages/airflow/example_dags/example_nested_branch_dag.py
[2024-10-21T09:02:13.008+0000] {logging_mixin.py:190} INFO - [2024-10-21T09:02:13.007+0000] {dag.py:3229} INFO - Sync 1 DAGs
[2024-10-21T09:02:13.287+0000] {logging_mixin.py:190} INFO - [2024-10-21T09:02:13.287+0000] {dag.py:4156} INFO - Setting next_dagrun for example_nested_branch_dag to 2024-10-20 00:00:00+00:00, run_after=2024-10-21 00:00:00+00:00
[2024-10-21T09:02:13.735+0000] {processor.py:208} INFO - Processing /home/airflow/.local/lib/python3.12/site-packages/airflow/example_dags/example_nested_branch_dag.py took 1.360 seconds
[2024-10-21T09:02:58.196+0000] {processor.py:186} INFO - Started process (PID=221) to work on /home/airflow/.local/lib/python3.12/site-packages/airflow/example_dags/example_nested_branch_dag.py
[2024-10-21T09:02:58.433+0000] {processor.py:914} INFO - Processing file /home/airflow/.local/lib/python3.12/site-packages/airflow/example_dags/example_nested_branch_dag.py for tasks to queue
[2024-10-21T09:02:58.456+0000] {logging_mixin.py:190} INFO - [2024-10-21T09:02:58.452+0000] {dagbag.py:587} INFO - Filling up the DagBag from /home/airflow/.local/lib/python3.12/site-packages/airflow/example_dags/example_nested_branch_dag.py
[2024-10-21T09:02:58.533+0000] {processor.py:925} INFO - DAG(s) 'example_nested_branch_dag' retrieved from /home/airflow/.local/lib/python3.12/site-packages/airflow/example_dags/example_nested_branch_dag.py
[2024-10-21T09:02:58.995+0000] {logging_mixin.py:190} INFO - [2024-10-21T09:02:58.995+0000] {dag.py:3229} INFO - Sync 1 DAGs
[2024-10-21T09:02:59.324+0000] {logging_mixin.py:190} INFO - [2024-10-21T09:02:59.324+0000] {dag.py:4156} INFO - Setting next_dagrun for example_nested_branch_dag to 2024-10-20 00:00:00+00:00, run_after=2024-10-21 00:00:00+00:00
[2024-10-21T09:02:59.450+0000] {processor.py:208} INFO - Processing /home/airflow/.local/lib/python3.12/site-packages/airflow/example_dags/example_nested_branch_dag.py took 1.283 seconds
[2024-10-21T09:03:56.020+0000] {processor.py:186} INFO - Started process (PID=289) to work on /home/airflow/.local/lib/python3.12/site-packages/airflow/example_dags/example_nested_branch_dag.py
[2024-10-21T09:03:56.023+0000] {processor.py:914} INFO - Processing file /home/airflow/.local/lib/python3.12/site-packages/airflow/example_dags/example_nested_branch_dag.py for tasks to queue
[2024-10-21T09:03:56.149+0000] {logging_mixin.py:190} INFO - [2024-10-21T09:03:56.146+0000] {dagbag.py:587} INFO - Filling up the DagBag from /home/airflow/.local/lib/python3.12/site-packages/airflow/example_dags/example_nested_branch_dag.py
[2024-10-21T09:04:00.345+0000] {processor.py:925} INFO - DAG(s) 'example_nested_branch_dag' retrieved from /home/airflow/.local/lib/python3.12/site-packages/airflow/example_dags/example_nested_branch_dag.py
[2024-10-21T09:04:01.082+0000] {logging_mixin.py:190} INFO - [2024-10-21T09:04:01.079+0000] {dag.py:3229} INFO - Sync 1 DAGs
[2024-10-21T09:04:01.680+0000] {logging_mixin.py:190} INFO - [2024-10-21T09:04:01.680+0000] {dag.py:4156} INFO - Setting next_dagrun for example_nested_branch_dag to 2024-10-20 00:00:00+00:00, run_after=2024-10-21 00:00:00+00:00
[2024-10-21T09:04:01.776+0000] {processor.py:208} INFO - Processing /home/airflow/.local/lib/python3.12/site-packages/airflow/example_dags/example_nested_branch_dag.py took 5.807 seconds
[2024-10-21T09:09:19.063+0000] {processor.py:186} INFO - Started process (PID=80) to work on /home/airflow/.local/lib/python3.12/site-packages/airflow/example_dags/example_nested_branch_dag.py
[2024-10-21T09:09:19.093+0000] {processor.py:914} INFO - Processing file /home/airflow/.local/lib/python3.12/site-packages/airflow/example_dags/example_nested_branch_dag.py for tasks to queue
[2024-10-21T09:09:19.135+0000] {logging_mixin.py:190} INFO - [2024-10-21T09:09:19.103+0000] {dagbag.py:587} INFO - Filling up the DagBag from /home/airflow/.local/lib/python3.12/site-packages/airflow/example_dags/example_nested_branch_dag.py
[2024-10-21T09:09:19.252+0000] {processor.py:925} INFO - DAG(s) 'example_nested_branch_dag' retrieved from /home/airflow/.local/lib/python3.12/site-packages/airflow/example_dags/example_nested_branch_dag.py
[2024-10-21T09:09:19.397+0000] {logging_mixin.py:190} INFO - [2024-10-21T09:09:19.397+0000] {dag.py:3229} INFO - Sync 1 DAGs
[2024-10-21T09:09:19.552+0000] {logging_mixin.py:190} INFO - [2024-10-21T09:09:19.551+0000] {dag.py:4156} INFO - Setting next_dagrun for example_nested_branch_dag to 2024-10-20 00:00:00+00:00, run_after=2024-10-21 00:00:00+00:00
[2024-10-21T09:09:19.711+0000] {processor.py:208} INFO - Processing /home/airflow/.local/lib/python3.12/site-packages/airflow/example_dags/example_nested_branch_dag.py took 0.685 seconds
[2024-10-21T09:12:35.386+0000] {processor.py:186} INFO - Started process (PID=78) to work on /home/airflow/.local/lib/python3.12/site-packages/airflow/example_dags/example_nested_branch_dag.py
[2024-10-21T09:12:35.389+0000] {processor.py:914} INFO - Processing file /home/airflow/.local/lib/python3.12/site-packages/airflow/example_dags/example_nested_branch_dag.py for tasks to queue
[2024-10-21T09:12:35.396+0000] {logging_mixin.py:190} INFO - [2024-10-21T09:12:35.395+0000] {dagbag.py:587} INFO - Filling up the DagBag from /home/airflow/.local/lib/python3.12/site-packages/airflow/example_dags/example_nested_branch_dag.py
[2024-10-21T09:12:35.429+0000] {processor.py:925} INFO - DAG(s) 'example_nested_branch_dag' retrieved from /home/airflow/.local/lib/python3.12/site-packages/airflow/example_dags/example_nested_branch_dag.py
[2024-10-21T09:12:35.595+0000] {logging_mixin.py:190} INFO - [2024-10-21T09:12:35.591+0000] {dag.py:3229} INFO - Sync 1 DAGs
[2024-10-21T09:12:35.753+0000] {logging_mixin.py:190} INFO - [2024-10-21T09:12:35.753+0000] {dag.py:4156} INFO - Setting next_dagrun for example_nested_branch_dag to 2024-10-20 00:00:00+00:00, run_after=2024-10-21 00:00:00+00:00
[2024-10-21T09:12:35.882+0000] {processor.py:208} INFO - Processing /home/airflow/.local/lib/python3.12/site-packages/airflow/example_dags/example_nested_branch_dag.py took 0.510 seconds
[2024-10-21T18:01:20.281+0000] {processor.py:186} INFO - Started process (PID=101) to work on /home/airflow/.local/lib/python3.12/site-packages/airflow/example_dags/example_nested_branch_dag.py
[2024-10-21T18:01:20.308+0000] {processor.py:914} INFO - Processing file /home/airflow/.local/lib/python3.12/site-packages/airflow/example_dags/example_nested_branch_dag.py for tasks to queue
[2024-10-21T18:01:20.342+0000] {logging_mixin.py:190} INFO - [2024-10-21T18:01:20.342+0000] {dagbag.py:587} INFO - Filling up the DagBag from /home/airflow/.local/lib/python3.12/site-packages/airflow/example_dags/example_nested_branch_dag.py
[2024-10-21T18:01:20.574+0000] {processor.py:925} INFO - DAG(s) 'example_nested_branch_dag' retrieved from /home/airflow/.local/lib/python3.12/site-packages/airflow/example_dags/example_nested_branch_dag.py
[2024-10-21T18:01:21.274+0000] {logging_mixin.py:190} INFO - [2024-10-21T18:01:21.274+0000] {dag.py:3229} INFO - Sync 1 DAGs
[2024-10-21T18:01:21.578+0000] {logging_mixin.py:190} INFO - [2024-10-21T18:01:21.578+0000] {dag.py:4156} INFO - Setting next_dagrun for example_nested_branch_dag to 2024-10-20 00:00:00+00:00, run_after=2024-10-21 00:00:00+00:00
[2024-10-21T18:01:21.733+0000] {processor.py:208} INFO - Processing /home/airflow/.local/lib/python3.12/site-packages/airflow/example_dags/example_nested_branch_dag.py took 1.707 seconds
[2024-10-21T18:02:26.121+0000] {processor.py:186} INFO - Started process (PID=169) to work on /home/airflow/.local/lib/python3.12/site-packages/airflow/example_dags/example_nested_branch_dag.py
[2024-10-21T18:02:26.134+0000] {processor.py:914} INFO - Processing file /home/airflow/.local/lib/python3.12/site-packages/airflow/example_dags/example_nested_branch_dag.py for tasks to queue
[2024-10-21T18:02:26.144+0000] {logging_mixin.py:190} INFO - [2024-10-21T18:02:26.143+0000] {dagbag.py:587} INFO - Filling up the DagBag from /home/airflow/.local/lib/python3.12/site-packages/airflow/example_dags/example_nested_branch_dag.py
[2024-10-21T18:02:26.263+0000] {processor.py:925} INFO - DAG(s) 'example_nested_branch_dag' retrieved from /home/airflow/.local/lib/python3.12/site-packages/airflow/example_dags/example_nested_branch_dag.py
[2024-10-21T18:02:26.461+0000] {logging_mixin.py:190} INFO - [2024-10-21T18:02:26.461+0000] {dag.py:3229} INFO - Sync 1 DAGs
[2024-10-21T18:02:26.697+0000] {logging_mixin.py:190} INFO - [2024-10-21T18:02:26.697+0000] {dag.py:4156} INFO - Setting next_dagrun for example_nested_branch_dag to 2024-10-20 00:00:00+00:00, run_after=2024-10-21 00:00:00+00:00
[2024-10-21T18:02:26.850+0000] {processor.py:208} INFO - Processing /home/airflow/.local/lib/python3.12/site-packages/airflow/example_dags/example_nested_branch_dag.py took 0.775 seconds
[2024-10-21T18:03:31.274+0000] {processor.py:186} INFO - Started process (PID=238) to work on /home/airflow/.local/lib/python3.12/site-packages/airflow/example_dags/example_nested_branch_dag.py
[2024-10-21T18:03:31.319+0000] {processor.py:914} INFO - Processing file /home/airflow/.local/lib/python3.12/site-packages/airflow/example_dags/example_nested_branch_dag.py for tasks to queue
[2024-10-21T18:03:31.348+0000] {logging_mixin.py:190} INFO - [2024-10-21T18:03:31.348+0000] {dagbag.py:587} INFO - Filling up the DagBag from /home/airflow/.local/lib/python3.12/site-packages/airflow/example_dags/example_nested_branch_dag.py
[2024-10-21T18:03:31.640+0000] {processor.py:925} INFO - DAG(s) 'example_nested_branch_dag' retrieved from /home/airflow/.local/lib/python3.12/site-packages/airflow/example_dags/example_nested_branch_dag.py
[2024-10-21T18:03:31.951+0000] {logging_mixin.py:190} INFO - [2024-10-21T18:03:31.951+0000] {dag.py:3229} INFO - Sync 1 DAGs
[2024-10-21T18:03:32.742+0000] {logging_mixin.py:190} INFO - [2024-10-21T18:03:32.741+0000] {dag.py:4156} INFO - Setting next_dagrun for example_nested_branch_dag to 2024-10-20 00:00:00+00:00, run_after=2024-10-21 00:00:00+00:00
[2024-10-21T18:03:33.918+0000] {processor.py:208} INFO - Processing /home/airflow/.local/lib/python3.12/site-packages/airflow/example_dags/example_nested_branch_dag.py took 2.725 seconds
[2024-10-21T18:09:04.550+0000] {processor.py:186} INFO - Started process (PID=86) to work on /home/airflow/.local/lib/python3.12/site-packages/airflow/example_dags/example_nested_branch_dag.py
[2024-10-21T18:09:04.566+0000] {processor.py:914} INFO - Processing file /home/airflow/.local/lib/python3.12/site-packages/airflow/example_dags/example_nested_branch_dag.py for tasks to queue
[2024-10-21T18:09:04.598+0000] {logging_mixin.py:190} INFO - [2024-10-21T18:09:04.596+0000] {dagbag.py:587} INFO - Filling up the DagBag from /home/airflow/.local/lib/python3.12/site-packages/airflow/example_dags/example_nested_branch_dag.py
[2024-10-21T18:09:04.715+0000] {processor.py:925} INFO - DAG(s) 'example_nested_branch_dag' retrieved from /home/airflow/.local/lib/python3.12/site-packages/airflow/example_dags/example_nested_branch_dag.py
[2024-10-21T18:09:05.226+0000] {logging_mixin.py:190} INFO - [2024-10-21T18:09:05.188+0000] {dag.py:3229} INFO - Sync 1 DAGs
[2024-10-21T18:09:05.727+0000] {logging_mixin.py:190} INFO - [2024-10-21T18:09:05.727+0000] {dag.py:4156} INFO - Setting next_dagrun for example_nested_branch_dag to 2024-10-20 00:00:00+00:00, run_after=2024-10-21 00:00:00+00:00
[2024-10-21T18:09:06.028+0000] {processor.py:208} INFO - Processing /home/airflow/.local/lib/python3.12/site-packages/airflow/example_dags/example_nested_branch_dag.py took 1.560 seconds
