[2024-10-21T09:01:39.717+0000] {processor.py:186} INFO - Started process (PID=147) to work on /home/airflow/.local/lib/python3.12/site-packages/airflow/example_dags/example_python_decorator.py
[2024-10-21T09:01:39.718+0000] {processor.py:914} INFO - Processing file /home/airflow/.local/lib/python3.12/site-packages/airflow/example_dags/example_python_decorator.py for tasks to queue
[2024-10-21T09:01:39.721+0000] {logging_mixin.py:190} INFO - [2024-10-21T09:01:39.721+0000] {dagbag.py:587} INFO - Filling up the DagBag from /home/airflow/.local/lib/python3.12/site-packages/airflow/example_dags/example_python_decorator.py
[2024-10-21T09:01:40.791+0000] {processor.py:925} INFO - DAG(s) 'example_python_decorator' retrieved from /home/airflow/.local/lib/python3.12/site-packages/airflow/example_dags/example_python_decorator.py
[2024-10-21T09:01:44.449+0000] {logging_mixin.py:190} INFO - [2024-10-21T09:01:44.449+0000] {dag.py:3229} INFO - Sync 1 DAGs
[2024-10-21T09:01:45.005+0000] {logging_mixin.py:190} INFO - [2024-10-21T09:01:45.005+0000] {dag.py:4156} INFO - Setting next_dagrun for example_python_decorator to None, run_after=None
[2024-10-21T09:01:45.280+0000] {processor.py:208} INFO - Processing /home/airflow/.local/lib/python3.12/site-packages/airflow/example_dags/example_python_decorator.py took 5.635 seconds
[2024-10-21T09:03:06.955+0000] {processor.py:186} INFO - Started process (PID=236) to work on /home/airflow/.local/lib/python3.12/site-packages/airflow/example_dags/example_python_decorator.py
[2024-10-21T09:03:06.963+0000] {processor.py:914} INFO - Processing file /home/airflow/.local/lib/python3.12/site-packages/airflow/example_dags/example_python_decorator.py for tasks to queue
[2024-10-21T09:03:06.976+0000] {logging_mixin.py:190} INFO - [2024-10-21T09:03:06.975+0000] {dagbag.py:587} INFO - Filling up the DagBag from /home/airflow/.local/lib/python3.12/site-packages/airflow/example_dags/example_python_decorator.py
[2024-10-21T09:03:07.127+0000] {processor.py:925} INFO - DAG(s) 'example_python_decorator' retrieved from /home/airflow/.local/lib/python3.12/site-packages/airflow/example_dags/example_python_decorator.py
[2024-10-21T09:03:07.421+0000] {logging_mixin.py:190} INFO - [2024-10-21T09:03:07.413+0000] {dag.py:3229} INFO - Sync 1 DAGs
[2024-10-21T09:03:07.793+0000] {logging_mixin.py:190} INFO - [2024-10-21T09:03:07.793+0000] {dag.py:4156} INFO - Setting next_dagrun for example_python_decorator to None, run_after=None
[2024-10-21T09:03:08.195+0000] {processor.py:208} INFO - Processing /home/airflow/.local/lib/python3.12/site-packages/airflow/example_dags/example_python_decorator.py took 1.274 seconds
[2024-10-21T09:09:38.909+0000] {processor.py:186} INFO - Started process (PID=113) to work on /home/airflow/.local/lib/python3.12/site-packages/airflow/example_dags/example_python_decorator.py
[2024-10-21T09:09:38.914+0000] {processor.py:914} INFO - Processing file /home/airflow/.local/lib/python3.12/site-packages/airflow/example_dags/example_python_decorator.py for tasks to queue
[2024-10-21T09:09:38.936+0000] {logging_mixin.py:190} INFO - [2024-10-21T09:09:38.934+0000] {dagbag.py:587} INFO - Filling up the DagBag from /home/airflow/.local/lib/python3.12/site-packages/airflow/example_dags/example_python_decorator.py
[2024-10-21T09:09:39.091+0000] {processor.py:925} INFO - DAG(s) 'example_python_decorator' retrieved from /home/airflow/.local/lib/python3.12/site-packages/airflow/example_dags/example_python_decorator.py
[2024-10-21T09:09:39.894+0000] {logging_mixin.py:190} INFO - [2024-10-21T09:09:39.894+0000] {dag.py:3229} INFO - Sync 1 DAGs
[2024-10-21T09:09:39.947+0000] {logging_mixin.py:190} INFO - [2024-10-21T09:09:39.945+0000] {dag.py:4156} INFO - Setting next_dagrun for example_python_decorator to None, run_after=None
[2024-10-21T09:09:40.054+0000] {processor.py:208} INFO - Processing /home/airflow/.local/lib/python3.12/site-packages/airflow/example_dags/example_python_decorator.py took 1.164 seconds
[2024-10-21T18:01:55.641+0000] {processor.py:186} INFO - Started process (PID=135) to work on /home/airflow/.local/lib/python3.12/site-packages/airflow/example_dags/example_python_decorator.py
[2024-10-21T18:01:55.656+0000] {processor.py:914} INFO - Processing file /home/airflow/.local/lib/python3.12/site-packages/airflow/example_dags/example_python_decorator.py for tasks to queue
[2024-10-21T18:01:55.662+0000] {logging_mixin.py:190} INFO - [2024-10-21T18:01:55.661+0000] {dagbag.py:587} INFO - Filling up the DagBag from /home/airflow/.local/lib/python3.12/site-packages/airflow/example_dags/example_python_decorator.py
[2024-10-21T18:01:55.908+0000] {processor.py:925} INFO - DAG(s) 'example_python_decorator' retrieved from /home/airflow/.local/lib/python3.12/site-packages/airflow/example_dags/example_python_decorator.py
[2024-10-21T18:01:58.648+0000] {logging_mixin.py:190} INFO - [2024-10-21T18:01:58.648+0000] {dag.py:3229} INFO - Sync 1 DAGs
[2024-10-21T18:01:58.848+0000] {logging_mixin.py:190} INFO - [2024-10-21T18:01:58.848+0000] {dag.py:4156} INFO - Setting next_dagrun for example_python_decorator to None, run_after=None
[2024-10-21T18:01:59.155+0000] {processor.py:208} INFO - Processing /home/airflow/.local/lib/python3.12/site-packages/airflow/example_dags/example_python_decorator.py took 3.585 seconds
[2024-10-21T18:03:05.243+0000] {processor.py:186} INFO - Started process (PID=205) to work on /home/airflow/.local/lib/python3.12/site-packages/airflow/example_dags/example_python_decorator.py
[2024-10-21T18:03:05.251+0000] {processor.py:914} INFO - Processing file /home/airflow/.local/lib/python3.12/site-packages/airflow/example_dags/example_python_decorator.py for tasks to queue
[2024-10-21T18:03:05.274+0000] {logging_mixin.py:190} INFO - [2024-10-21T18:03:05.272+0000] {dagbag.py:587} INFO - Filling up the DagBag from /home/airflow/.local/lib/python3.12/site-packages/airflow/example_dags/example_python_decorator.py
[2024-10-21T18:03:05.552+0000] {processor.py:925} INFO - DAG(s) 'example_python_decorator' retrieved from /home/airflow/.local/lib/python3.12/site-packages/airflow/example_dags/example_python_decorator.py
[2024-10-21T18:03:06.184+0000] {logging_mixin.py:190} INFO - [2024-10-21T18:03:06.183+0000] {dag.py:3229} INFO - Sync 1 DAGs
[2024-10-21T18:03:06.444+0000] {logging_mixin.py:190} INFO - [2024-10-21T18:03:06.443+0000] {dag.py:4156} INFO - Setting next_dagrun for example_python_decorator to None, run_after=None
[2024-10-21T18:03:06.823+0000] {processor.py:208} INFO - Processing /home/airflow/.local/lib/python3.12/site-packages/airflow/example_dags/example_python_decorator.py took 1.693 seconds
[2024-10-21T18:04:20.773+0000] {processor.py:186} INFO - Started process (PID=276) to work on /home/airflow/.local/lib/python3.12/site-packages/airflow/example_dags/example_python_decorator.py
[2024-10-21T18:04:20.799+0000] {processor.py:914} INFO - Processing file /home/airflow/.local/lib/python3.12/site-packages/airflow/example_dags/example_python_decorator.py for tasks to queue
[2024-10-21T18:04:20.869+0000] {logging_mixin.py:190} INFO - [2024-10-21T18:04:20.861+0000] {dagbag.py:587} INFO - Filling up the DagBag from /home/airflow/.local/lib/python3.12/site-packages/airflow/example_dags/example_python_decorator.py
[2024-10-21T18:04:29.014+0000] {processor.py:925} INFO - DAG(s) 'example_python_decorator' retrieved from /home/airflow/.local/lib/python3.12/site-packages/airflow/example_dags/example_python_decorator.py
[2024-10-21T18:04:37.657+0000] {logging_mixin.py:190} INFO - [2024-10-21T18:04:37.625+0000] {dag.py:3229} INFO - Sync 1 DAGs
[2024-10-21T18:04:39.509+0000] {logging_mixin.py:190} INFO - [2024-10-21T18:04:39.473+0000] {dag.py:4156} INFO - Setting next_dagrun for example_python_decorator to None, run_after=None
[2024-10-21T18:04:40.025+0000] {processor.py:208} INFO - Processing /home/airflow/.local/lib/python3.12/site-packages/airflow/example_dags/example_python_decorator.py took 19.654 seconds
[2024-10-21T18:09:19.780+0000] {processor.py:186} INFO - Started process (PID=114) to work on /home/airflow/.local/lib/python3.12/site-packages/airflow/example_dags/example_python_decorator.py
[2024-10-21T18:09:19.787+0000] {processor.py:914} INFO - Processing file /home/airflow/.local/lib/python3.12/site-packages/airflow/example_dags/example_python_decorator.py for tasks to queue
[2024-10-21T18:09:19.802+0000] {logging_mixin.py:190} INFO - [2024-10-21T18:09:19.801+0000] {dagbag.py:587} INFO - Filling up the DagBag from /home/airflow/.local/lib/python3.12/site-packages/airflow/example_dags/example_python_decorator.py
[2024-10-21T18:09:19.963+0000] {processor.py:925} INFO - DAG(s) 'example_python_decorator' retrieved from /home/airflow/.local/lib/python3.12/site-packages/airflow/example_dags/example_python_decorator.py
[2024-10-21T18:09:21.352+0000] {logging_mixin.py:190} INFO - [2024-10-21T18:09:21.351+0000] {dag.py:3229} INFO - Sync 1 DAGs
[2024-10-21T18:09:21.510+0000] {logging_mixin.py:190} INFO - [2024-10-21T18:09:21.510+0000] {dag.py:4156} INFO - Setting next_dagrun for example_python_decorator to None, run_after=None
[2024-10-21T18:09:21.622+0000] {processor.py:208} INFO - Processing /home/airflow/.local/lib/python3.12/site-packages/airflow/example_dags/example_python_decorator.py took 1.921 seconds
