[2024-10-21T09:01:50.256+0000] {processor.py:186} INFO - Started process (PID=151) to work on /home/airflow/.local/lib/python3.12/site-packages/airflow/example_dags/example_params_trigger_ui.py
[2024-10-21T09:01:50.303+0000] {processor.py:914} INFO - Processing file /home/airflow/.local/lib/python3.12/site-packages/airflow/example_dags/example_params_trigger_ui.py for tasks to queue
[2024-10-21T09:01:50.322+0000] {logging_mixin.py:190} INFO - [2024-10-21T09:01:50.311+0000] {dagbag.py:587} INFO - Filling up the DagBag from /home/airflow/.local/lib/python3.12/site-packages/airflow/example_dags/example_params_trigger_ui.py
[2024-10-21T09:01:50.408+0000] {processor.py:925} INFO - DAG(s) 'example_params_trigger_ui' retrieved from /home/airflow/.local/lib/python3.12/site-packages/airflow/example_dags/example_params_trigger_ui.py
[2024-10-21T09:01:51.015+0000] {logging_mixin.py:190} INFO - [2024-10-21T09:01:51.014+0000] {dag.py:3229} INFO - Sync 1 DAGs
[2024-10-21T09:01:51.133+0000] {logging_mixin.py:190} INFO - [2024-10-21T09:01:51.133+0000] {dag.py:4156} INFO - Setting next_dagrun for example_params_trigger_ui to None, run_after=None
[2024-10-21T09:01:51.460+0000] {processor.py:208} INFO - Processing /home/airflow/.local/lib/python3.12/site-packages/airflow/example_dags/example_params_trigger_ui.py took 1.252 seconds
[2024-10-21T09:03:12.750+0000] {processor.py:186} INFO - Started process (PID=240) to work on /home/airflow/.local/lib/python3.12/site-packages/airflow/example_dags/example_params_trigger_ui.py
[2024-10-21T09:03:12.762+0000] {processor.py:914} INFO - Processing file /home/airflow/.local/lib/python3.12/site-packages/airflow/example_dags/example_params_trigger_ui.py for tasks to queue
[2024-10-21T09:03:12.771+0000] {logging_mixin.py:190} INFO - [2024-10-21T09:03:12.770+0000] {dagbag.py:587} INFO - Filling up the DagBag from /home/airflow/.local/lib/python3.12/site-packages/airflow/example_dags/example_params_trigger_ui.py
[2024-10-21T09:03:12.894+0000] {processor.py:925} INFO - DAG(s) 'example_params_trigger_ui' retrieved from /home/airflow/.local/lib/python3.12/site-packages/airflow/example_dags/example_params_trigger_ui.py
[2024-10-21T09:03:13.395+0000] {logging_mixin.py:190} INFO - [2024-10-21T09:03:13.394+0000] {dag.py:3229} INFO - Sync 1 DAGs
[2024-10-21T09:03:13.540+0000] {logging_mixin.py:190} INFO - [2024-10-21T09:03:13.539+0000] {dag.py:4156} INFO - Setting next_dagrun for example_params_trigger_ui to None, run_after=None
[2024-10-21T09:03:13.923+0000] {processor.py:208} INFO - Processing /home/airflow/.local/lib/python3.12/site-packages/airflow/example_dags/example_params_trigger_ui.py took 1.257 seconds
[2024-10-21T09:09:41.319+0000] {processor.py:186} INFO - Started process (PID=117) to work on /home/airflow/.local/lib/python3.12/site-packages/airflow/example_dags/example_params_trigger_ui.py
[2024-10-21T09:09:41.332+0000] {processor.py:914} INFO - Processing file /home/airflow/.local/lib/python3.12/site-packages/airflow/example_dags/example_params_trigger_ui.py for tasks to queue
[2024-10-21T09:09:41.340+0000] {logging_mixin.py:190} INFO - [2024-10-21T09:09:41.339+0000] {dagbag.py:587} INFO - Filling up the DagBag from /home/airflow/.local/lib/python3.12/site-packages/airflow/example_dags/example_params_trigger_ui.py
[2024-10-21T09:09:41.397+0000] {processor.py:925} INFO - DAG(s) 'example_params_trigger_ui' retrieved from /home/airflow/.local/lib/python3.12/site-packages/airflow/example_dags/example_params_trigger_ui.py
[2024-10-21T09:09:41.687+0000] {logging_mixin.py:190} INFO - [2024-10-21T09:09:41.686+0000] {dag.py:3229} INFO - Sync 1 DAGs
[2024-10-21T09:09:41.738+0000] {logging_mixin.py:190} INFO - [2024-10-21T09:09:41.737+0000] {dag.py:4156} INFO - Setting next_dagrun for example_params_trigger_ui to None, run_after=None
[2024-10-21T09:09:41.829+0000] {processor.py:208} INFO - Processing /home/airflow/.local/lib/python3.12/site-packages/airflow/example_dags/example_params_trigger_ui.py took 0.538 seconds
[2024-10-21T18:02:03.166+0000] {processor.py:186} INFO - Started process (PID=139) to work on /home/airflow/.local/lib/python3.12/site-packages/airflow/example_dags/example_params_trigger_ui.py
[2024-10-21T18:02:03.185+0000] {processor.py:914} INFO - Processing file /home/airflow/.local/lib/python3.12/site-packages/airflow/example_dags/example_params_trigger_ui.py for tasks to queue
[2024-10-21T18:02:03.194+0000] {logging_mixin.py:190} INFO - [2024-10-21T18:02:03.193+0000] {dagbag.py:587} INFO - Filling up the DagBag from /home/airflow/.local/lib/python3.12/site-packages/airflow/example_dags/example_params_trigger_ui.py
[2024-10-21T18:02:03.364+0000] {processor.py:925} INFO - DAG(s) 'example_params_trigger_ui' retrieved from /home/airflow/.local/lib/python3.12/site-packages/airflow/example_dags/example_params_trigger_ui.py
[2024-10-21T18:02:03.968+0000] {logging_mixin.py:190} INFO - [2024-10-21T18:02:03.967+0000] {dag.py:3229} INFO - Sync 1 DAGs
[2024-10-21T18:02:04.124+0000] {logging_mixin.py:190} INFO - [2024-10-21T18:02:04.123+0000] {dag.py:4156} INFO - Setting next_dagrun for example_params_trigger_ui to None, run_after=None
[2024-10-21T18:02:04.356+0000] {processor.py:208} INFO - Processing /home/airflow/.local/lib/python3.12/site-packages/airflow/example_dags/example_params_trigger_ui.py took 1.248 seconds
[2024-10-21T18:03:10.949+0000] {processor.py:186} INFO - Started process (PID=209) to work on /home/airflow/.local/lib/python3.12/site-packages/airflow/example_dags/example_params_trigger_ui.py
[2024-10-21T18:03:10.986+0000] {processor.py:914} INFO - Processing file /home/airflow/.local/lib/python3.12/site-packages/airflow/example_dags/example_params_trigger_ui.py for tasks to queue
[2024-10-21T18:03:11.002+0000] {logging_mixin.py:190} INFO - [2024-10-21T18:03:11.001+0000] {dagbag.py:587} INFO - Filling up the DagBag from /home/airflow/.local/lib/python3.12/site-packages/airflow/example_dags/example_params_trigger_ui.py
[2024-10-21T18:03:11.117+0000] {processor.py:925} INFO - DAG(s) 'example_params_trigger_ui' retrieved from /home/airflow/.local/lib/python3.12/site-packages/airflow/example_dags/example_params_trigger_ui.py
[2024-10-21T18:03:12.101+0000] {logging_mixin.py:190} INFO - [2024-10-21T18:03:12.101+0000] {dag.py:3229} INFO - Sync 1 DAGs
[2024-10-21T18:03:12.524+0000] {logging_mixin.py:190} INFO - [2024-10-21T18:03:12.523+0000] {dag.py:4156} INFO - Setting next_dagrun for example_params_trigger_ui to None, run_after=None
[2024-10-21T18:03:13.027+0000] {processor.py:208} INFO - Processing /home/airflow/.local/lib/python3.12/site-packages/airflow/example_dags/example_params_trigger_ui.py took 2.111 seconds
[2024-10-21T18:09:23.627+0000] {processor.py:186} INFO - Started process (PID=126) to work on /home/airflow/.local/lib/python3.12/site-packages/airflow/example_dags/example_params_trigger_ui.py
[2024-10-21T18:09:23.634+0000] {processor.py:914} INFO - Processing file /home/airflow/.local/lib/python3.12/site-packages/airflow/example_dags/example_params_trigger_ui.py for tasks to queue
[2024-10-21T18:09:23.659+0000] {logging_mixin.py:190} INFO - [2024-10-21T18:09:23.654+0000] {dagbag.py:587} INFO - Filling up the DagBag from /home/airflow/.local/lib/python3.12/site-packages/airflow/example_dags/example_params_trigger_ui.py
[2024-10-21T18:09:23.752+0000] {processor.py:925} INFO - DAG(s) 'example_params_trigger_ui' retrieved from /home/airflow/.local/lib/python3.12/site-packages/airflow/example_dags/example_params_trigger_ui.py
[2024-10-21T18:09:24.186+0000] {logging_mixin.py:190} INFO - [2024-10-21T18:09:24.186+0000] {dag.py:3229} INFO - Sync 1 DAGs
[2024-10-21T18:09:24.452+0000] {logging_mixin.py:190} INFO - [2024-10-21T18:09:24.451+0000] {dag.py:4156} INFO - Setting next_dagrun for example_params_trigger_ui to None, run_after=None
[2024-10-21T18:09:24.549+0000] {processor.py:208} INFO - Processing /home/airflow/.local/lib/python3.12/site-packages/airflow/example_dags/example_params_trigger_ui.py took 0.955 seconds
