[2024-10-21T09:00:52.309+0000] {processor.py:186} INFO - Started process (PID=102) to work on /home/airflow/.local/lib/python3.12/site-packages/airflow/example_dags/example_branch_python_dop_operator_3.py
[2024-10-21T09:00:52.322+0000] {processor.py:914} INFO - Processing file /home/airflow/.local/lib/python3.12/site-packages/airflow/example_dags/example_branch_python_dop_operator_3.py for tasks to queue
[2024-10-21T09:00:52.381+0000] {logging_mixin.py:190} INFO - [2024-10-21T09:00:52.371+0000] {dagbag.py:587} INFO - Filling up the DagBag from /home/airflow/.local/lib/python3.12/site-packages/airflow/example_dags/example_branch_python_dop_operator_3.py
[2024-10-21T09:00:52.553+0000] {processor.py:925} INFO - DAG(s) 'example_branch_dop_operator_v3' retrieved from /home/airflow/.local/lib/python3.12/site-packages/airflow/example_dags/example_branch_python_dop_operator_3.py
[2024-10-21T09:00:53.228+0000] {logging_mixin.py:190} INFO - [2024-10-21T09:00:53.227+0000] {dag.py:3229} INFO - Sync 1 DAGs
[2024-10-21T09:00:53.630+0000] {logging_mixin.py:190} INFO - [2024-10-21T09:00:53.629+0000] {dag.py:4156} INFO - Setting next_dagrun for example_branch_dop_operator_v3 to 2024-10-21 08:59:00+00:00, run_after=2024-10-21 09:00:00+00:00
[2024-10-21T09:00:54.939+0000] {processor.py:208} INFO - Processing /home/airflow/.local/lib/python3.12/site-packages/airflow/example_dags/example_branch_python_dop_operator_3.py took 2.729 seconds
[2024-10-21T09:02:08.573+0000] {processor.py:186} INFO - Started process (PID=177) to work on /home/airflow/.local/lib/python3.12/site-packages/airflow/example_dags/example_branch_python_dop_operator_3.py
[2024-10-21T09:02:08.626+0000] {processor.py:914} INFO - Processing file /home/airflow/.local/lib/python3.12/site-packages/airflow/example_dags/example_branch_python_dop_operator_3.py for tasks to queue
[2024-10-21T09:02:08.652+0000] {logging_mixin.py:190} INFO - [2024-10-21T09:02:08.650+0000] {dagbag.py:587} INFO - Filling up the DagBag from /home/airflow/.local/lib/python3.12/site-packages/airflow/example_dags/example_branch_python_dop_operator_3.py
[2024-10-21T09:02:08.812+0000] {processor.py:925} INFO - DAG(s) 'example_branch_dop_operator_v3' retrieved from /home/airflow/.local/lib/python3.12/site-packages/airflow/example_dags/example_branch_python_dop_operator_3.py
[2024-10-21T09:02:08.932+0000] {logging_mixin.py:190} INFO - [2024-10-21T09:02:08.932+0000] {dag.py:3229} INFO - Sync 1 DAGs
[2024-10-21T09:02:09.309+0000] {logging_mixin.py:190} INFO - [2024-10-21T09:02:09.308+0000] {dag.py:4156} INFO - Setting next_dagrun for example_branch_dop_operator_v3 to 2024-10-21 09:01:00+00:00, run_after=2024-10-21 09:02:00+00:00
[2024-10-21T09:02:09.920+0000] {processor.py:208} INFO - Processing /home/airflow/.local/lib/python3.12/site-packages/airflow/example_dags/example_branch_python_dop_operator_3.py took 1.362 seconds
[2024-10-21T09:02:54.586+0000] {processor.py:186} INFO - Started process (PID=216) to work on /home/airflow/.local/lib/python3.12/site-packages/airflow/example_dags/example_branch_python_dop_operator_3.py
[2024-10-21T09:02:54.828+0000] {processor.py:914} INFO - Processing file /home/airflow/.local/lib/python3.12/site-packages/airflow/example_dags/example_branch_python_dop_operator_3.py for tasks to queue
[2024-10-21T09:02:54.834+0000] {logging_mixin.py:190} INFO - [2024-10-21T09:02:54.833+0000] {dagbag.py:587} INFO - Filling up the DagBag from /home/airflow/.local/lib/python3.12/site-packages/airflow/example_dags/example_branch_python_dop_operator_3.py
[2024-10-21T09:02:54.879+0000] {processor.py:925} INFO - DAG(s) 'example_branch_dop_operator_v3' retrieved from /home/airflow/.local/lib/python3.12/site-packages/airflow/example_dags/example_branch_python_dop_operator_3.py
[2024-10-21T09:02:54.949+0000] {logging_mixin.py:190} INFO - [2024-10-21T09:02:54.949+0000] {dag.py:3229} INFO - Sync 1 DAGs
[2024-10-21T09:02:55.059+0000] {logging_mixin.py:190} INFO - [2024-10-21T09:02:55.059+0000] {dag.py:4156} INFO - Setting next_dagrun for example_branch_dop_operator_v3 to 2024-10-21 09:01:00+00:00, run_after=2024-10-21 09:02:00+00:00
[2024-10-21T09:02:55.659+0000] {processor.py:208} INFO - Processing /home/airflow/.local/lib/python3.12/site-packages/airflow/example_dags/example_branch_python_dop_operator_3.py took 1.085 seconds
[2024-10-21T09:03:43.046+0000] {processor.py:186} INFO - Started process (PID=284) to work on /home/airflow/.local/lib/python3.12/site-packages/airflow/example_dags/example_branch_python_dop_operator_3.py
[2024-10-21T09:03:43.064+0000] {processor.py:914} INFO - Processing file /home/airflow/.local/lib/python3.12/site-packages/airflow/example_dags/example_branch_python_dop_operator_3.py for tasks to queue
[2024-10-21T09:03:43.073+0000] {logging_mixin.py:190} INFO - [2024-10-21T09:03:43.071+0000] {dagbag.py:587} INFO - Filling up the DagBag from /home/airflow/.local/lib/python3.12/site-packages/airflow/example_dags/example_branch_python_dop_operator_3.py
[2024-10-21T09:03:47.046+0000] {processor.py:925} INFO - DAG(s) 'example_branch_dop_operator_v3' retrieved from /home/airflow/.local/lib/python3.12/site-packages/airflow/example_dags/example_branch_python_dop_operator_3.py
[2024-10-21T09:03:47.375+0000] {logging_mixin.py:190} INFO - [2024-10-21T09:03:47.374+0000] {dag.py:3229} INFO - Sync 1 DAGs
[2024-10-21T09:03:47.973+0000] {logging_mixin.py:190} INFO - [2024-10-21T09:03:47.972+0000] {dag.py:4156} INFO - Setting next_dagrun for example_branch_dop_operator_v3 to 2024-10-21 09:02:00+00:00, run_after=2024-10-21 09:03:00+00:00
[2024-10-21T09:03:49.224+0000] {processor.py:208} INFO - Processing /home/airflow/.local/lib/python3.12/site-packages/airflow/example_dags/example_branch_python_dop_operator_3.py took 6.195 seconds
[2024-10-21T09:09:17.062+0000] {processor.py:186} INFO - Started process (PID=75) to work on /home/airflow/.local/lib/python3.12/site-packages/airflow/example_dags/example_branch_python_dop_operator_3.py
[2024-10-21T09:09:17.088+0000] {processor.py:914} INFO - Processing file /home/airflow/.local/lib/python3.12/site-packages/airflow/example_dags/example_branch_python_dop_operator_3.py for tasks to queue
[2024-10-21T09:09:17.109+0000] {logging_mixin.py:190} INFO - [2024-10-21T09:09:17.108+0000] {dagbag.py:587} INFO - Filling up the DagBag from /home/airflow/.local/lib/python3.12/site-packages/airflow/example_dags/example_branch_python_dop_operator_3.py
[2024-10-21T09:09:17.217+0000] {processor.py:925} INFO - DAG(s) 'example_branch_dop_operator_v3' retrieved from /home/airflow/.local/lib/python3.12/site-packages/airflow/example_dags/example_branch_python_dop_operator_3.py
[2024-10-21T09:09:17.325+0000] {logging_mixin.py:190} INFO - [2024-10-21T09:09:17.324+0000] {dag.py:3229} INFO - Sync 1 DAGs
[2024-10-21T09:09:17.510+0000] {logging_mixin.py:190} INFO - [2024-10-21T09:09:17.510+0000] {dag.py:4156} INFO - Setting next_dagrun for example_branch_dop_operator_v3 to 2024-10-21 09:08:00+00:00, run_after=2024-10-21 09:09:00+00:00
[2024-10-21T09:09:17.638+0000] {processor.py:208} INFO - Processing /home/airflow/.local/lib/python3.12/site-packages/airflow/example_dags/example_branch_python_dop_operator_3.py took 0.615 seconds
[2024-10-21T09:09:53.603+0000] {processor.py:186} INFO - Started process (PID=137) to work on /home/airflow/.local/lib/python3.12/site-packages/airflow/example_dags/example_branch_python_dop_operator_3.py
[2024-10-21T09:09:53.608+0000] {processor.py:914} INFO - Processing file /home/airflow/.local/lib/python3.12/site-packages/airflow/example_dags/example_branch_python_dop_operator_3.py for tasks to queue
[2024-10-21T09:09:53.636+0000] {logging_mixin.py:190} INFO - [2024-10-21T09:09:53.635+0000] {dagbag.py:587} INFO - Filling up the DagBag from /home/airflow/.local/lib/python3.12/site-packages/airflow/example_dags/example_branch_python_dop_operator_3.py
[2024-10-21T09:09:53.696+0000] {processor.py:925} INFO - DAG(s) 'example_branch_dop_operator_v3' retrieved from /home/airflow/.local/lib/python3.12/site-packages/airflow/example_dags/example_branch_python_dop_operator_3.py
[2024-10-21T09:09:54.061+0000] {logging_mixin.py:190} INFO - [2024-10-21T09:09:54.059+0000] {dag.py:3229} INFO - Sync 1 DAGs
[2024-10-21T09:09:54.355+0000] {logging_mixin.py:190} INFO - [2024-10-21T09:09:54.354+0000] {dag.py:4156} INFO - Setting next_dagrun for example_branch_dop_operator_v3 to 2024-10-21 09:08:00+00:00, run_after=2024-10-21 09:09:00+00:00
[2024-10-21T09:09:54.660+0000] {processor.py:208} INFO - Processing /home/airflow/.local/lib/python3.12/site-packages/airflow/example_dags/example_branch_python_dop_operator_3.py took 1.081 seconds
[2024-10-21T09:12:32.908+0000] {processor.py:186} INFO - Started process (PID=73) to work on /home/airflow/.local/lib/python3.12/site-packages/airflow/example_dags/example_branch_python_dop_operator_3.py
[2024-10-21T09:12:32.933+0000] {processor.py:914} INFO - Processing file /home/airflow/.local/lib/python3.12/site-packages/airflow/example_dags/example_branch_python_dop_operator_3.py for tasks to queue
[2024-10-21T09:12:32.977+0000] {logging_mixin.py:190} INFO - [2024-10-21T09:12:32.977+0000] {dagbag.py:587} INFO - Filling up the DagBag from /home/airflow/.local/lib/python3.12/site-packages/airflow/example_dags/example_branch_python_dop_operator_3.py
[2024-10-21T09:12:33.066+0000] {processor.py:925} INFO - DAG(s) 'example_branch_dop_operator_v3' retrieved from /home/airflow/.local/lib/python3.12/site-packages/airflow/example_dags/example_branch_python_dop_operator_3.py
[2024-10-21T09:12:33.271+0000] {logging_mixin.py:190} INFO - [2024-10-21T09:12:33.269+0000] {dag.py:3229} INFO - Sync 1 DAGs
[2024-10-21T09:12:33.670+0000] {logging_mixin.py:190} INFO - [2024-10-21T09:12:33.670+0000] {dag.py:4156} INFO - Setting next_dagrun for example_branch_dop_operator_v3 to 2024-10-21 09:11:00+00:00, run_after=2024-10-21 09:12:00+00:00
[2024-10-21T09:12:33.779+0000] {processor.py:208} INFO - Processing /home/airflow/.local/lib/python3.12/site-packages/airflow/example_dags/example_branch_python_dop_operator_3.py took 0.915 seconds
[2024-10-21T18:01:15.405+0000] {processor.py:186} INFO - Started process (PID=91) to work on /home/airflow/.local/lib/python3.12/site-packages/airflow/example_dags/example_branch_python_dop_operator_3.py
[2024-10-21T18:01:15.430+0000] {processor.py:914} INFO - Processing file /home/airflow/.local/lib/python3.12/site-packages/airflow/example_dags/example_branch_python_dop_operator_3.py for tasks to queue
[2024-10-21T18:01:15.454+0000] {logging_mixin.py:190} INFO - [2024-10-21T18:01:15.452+0000] {dagbag.py:587} INFO - Filling up the DagBag from /home/airflow/.local/lib/python3.12/site-packages/airflow/example_dags/example_branch_python_dop_operator_3.py
[2024-10-21T18:01:15.703+0000] {processor.py:925} INFO - DAG(s) 'example_branch_dop_operator_v3' retrieved from /home/airflow/.local/lib/python3.12/site-packages/airflow/example_dags/example_branch_python_dop_operator_3.py
[2024-10-21T18:01:16.079+0000] {logging_mixin.py:190} INFO - [2024-10-21T18:01:16.079+0000] {dag.py:3229} INFO - Sync 1 DAGs
[2024-10-21T18:01:16.431+0000] {logging_mixin.py:190} INFO - [2024-10-21T18:01:16.430+0000] {dag.py:4156} INFO - Setting next_dagrun for example_branch_dop_operator_v3 to 2024-10-21 18:00:00+00:00, run_after=2024-10-21 18:01:00+00:00
[2024-10-21T18:01:16.858+0000] {processor.py:208} INFO - Processing /home/airflow/.local/lib/python3.12/site-packages/airflow/example_dags/example_branch_python_dop_operator_3.py took 1.513 seconds
[2024-10-21T18:02:22.704+0000] {processor.py:186} INFO - Started process (PID=164) to work on /home/airflow/.local/lib/python3.12/site-packages/airflow/example_dags/example_branch_python_dop_operator_3.py
[2024-10-21T18:02:22.719+0000] {processor.py:914} INFO - Processing file /home/airflow/.local/lib/python3.12/site-packages/airflow/example_dags/example_branch_python_dop_operator_3.py for tasks to queue
[2024-10-21T18:02:22.734+0000] {logging_mixin.py:190} INFO - [2024-10-21T18:02:22.733+0000] {dagbag.py:587} INFO - Filling up the DagBag from /home/airflow/.local/lib/python3.12/site-packages/airflow/example_dags/example_branch_python_dop_operator_3.py
[2024-10-21T18:02:22.864+0000] {processor.py:925} INFO - DAG(s) 'example_branch_dop_operator_v3' retrieved from /home/airflow/.local/lib/python3.12/site-packages/airflow/example_dags/example_branch_python_dop_operator_3.py
[2024-10-21T18:02:23.275+0000] {logging_mixin.py:190} INFO - [2024-10-21T18:02:23.274+0000] {dag.py:3229} INFO - Sync 1 DAGs
[2024-10-21T18:02:23.646+0000] {logging_mixin.py:190} INFO - [2024-10-21T18:02:23.645+0000] {dag.py:4156} INFO - Setting next_dagrun for example_branch_dop_operator_v3 to 2024-10-21 18:01:00+00:00, run_after=2024-10-21 18:02:00+00:00
[2024-10-21T18:02:23.848+0000] {processor.py:208} INFO - Processing /home/airflow/.local/lib/python3.12/site-packages/airflow/example_dags/example_branch_python_dop_operator_3.py took 1.196 seconds
[2024-10-21T18:03:26.379+0000] {processor.py:186} INFO - Started process (PID=233) to work on /home/airflow/.local/lib/python3.12/site-packages/airflow/example_dags/example_branch_python_dop_operator_3.py
[2024-10-21T18:03:26.405+0000] {processor.py:914} INFO - Processing file /home/airflow/.local/lib/python3.12/site-packages/airflow/example_dags/example_branch_python_dop_operator_3.py for tasks to queue
[2024-10-21T18:03:26.426+0000] {logging_mixin.py:190} INFO - [2024-10-21T18:03:26.425+0000] {dagbag.py:587} INFO - Filling up the DagBag from /home/airflow/.local/lib/python3.12/site-packages/airflow/example_dags/example_branch_python_dop_operator_3.py
[2024-10-21T18:03:26.533+0000] {processor.py:925} INFO - DAG(s) 'example_branch_dop_operator_v3' retrieved from /home/airflow/.local/lib/python3.12/site-packages/airflow/example_dags/example_branch_python_dop_operator_3.py
[2024-10-21T18:03:26.801+0000] {logging_mixin.py:190} INFO - [2024-10-21T18:03:26.801+0000] {dag.py:3229} INFO - Sync 1 DAGs
[2024-10-21T18:03:27.332+0000] {logging_mixin.py:190} INFO - [2024-10-21T18:03:27.332+0000] {dag.py:4156} INFO - Setting next_dagrun for example_branch_dop_operator_v3 to 2024-10-21 18:02:00+00:00, run_after=2024-10-21 18:03:00+00:00
[2024-10-21T18:03:27.702+0000] {processor.py:208} INFO - Processing /home/airflow/.local/lib/python3.12/site-packages/airflow/example_dags/example_branch_python_dop_operator_3.py took 1.420 seconds
[2024-10-21T18:09:01.599+0000] {processor.py:186} INFO - Started process (PID=81) to work on /home/airflow/.local/lib/python3.12/site-packages/airflow/example_dags/example_branch_python_dop_operator_3.py
[2024-10-21T18:09:01.634+0000] {processor.py:914} INFO - Processing file /home/airflow/.local/lib/python3.12/site-packages/airflow/example_dags/example_branch_python_dop_operator_3.py for tasks to queue
[2024-10-21T18:09:01.671+0000] {logging_mixin.py:190} INFO - [2024-10-21T18:09:01.670+0000] {dagbag.py:587} INFO - Filling up the DagBag from /home/airflow/.local/lib/python3.12/site-packages/airflow/example_dags/example_branch_python_dop_operator_3.py
[2024-10-21T18:09:01.744+0000] {processor.py:925} INFO - DAG(s) 'example_branch_dop_operator_v3' retrieved from /home/airflow/.local/lib/python3.12/site-packages/airflow/example_dags/example_branch_python_dop_operator_3.py
[2024-10-21T18:09:01.883+0000] {logging_mixin.py:190} INFO - [2024-10-21T18:09:01.882+0000] {dag.py:3229} INFO - Sync 1 DAGs
[2024-10-21T18:09:02.124+0000] {logging_mixin.py:190} INFO - [2024-10-21T18:09:02.103+0000] {dag.py:4156} INFO - Setting next_dagrun for example_branch_dop_operator_v3 to 2024-10-21 18:08:00+00:00, run_after=2024-10-21 18:09:00+00:00
[2024-10-21T18:09:02.220+0000] {processor.py:208} INFO - Processing /home/airflow/.local/lib/python3.12/site-packages/airflow/example_dags/example_branch_python_dop_operator_3.py took 0.685 seconds
