[2024-10-21T09:00:53.516+0000] {processor.py:186} INFO - Started process (PID=103) to work on /home/airflow/.local/lib/python3.12/site-packages/airflow/example_dags/example_sensors.py
[2024-10-21T09:00:53.519+0000] {processor.py:914} INFO - Processing file /home/airflow/.local/lib/python3.12/site-packages/airflow/example_dags/example_sensors.py for tasks to queue
[2024-10-21T09:00:53.528+0000] {logging_mixin.py:190} INFO - [2024-10-21T09:00:53.527+0000] {dagbag.py:587} INFO - Filling up the DagBag from /home/airflow/.local/lib/python3.12/site-packages/airflow/example_dags/example_sensors.py
[2024-10-21T09:00:53.880+0000] {processor.py:925} INFO - DAG(s) 'example_sensors' retrieved from /home/airflow/.local/lib/python3.12/site-packages/airflow/example_dags/example_sensors.py
[2024-10-21T09:00:55.463+0000] {logging_mixin.py:190} INFO - [2024-10-21T09:00:55.463+0000] {dag.py:3229} INFO - Sync 1 DAGs
[2024-10-21T09:00:55.665+0000] {logging_mixin.py:190} INFO - [2024-10-21T09:00:55.665+0000] {dag.py:4156} INFO - Setting next_dagrun for example_sensors to None, run_after=None
[2024-10-21T09:00:57.164+0000] {processor.py:208} INFO - Processing /home/airflow/.local/lib/python3.12/site-packages/airflow/example_dags/example_sensors.py took 3.735 seconds
[2024-10-21T09:02:08.779+0000] {processor.py:186} INFO - Started process (PID=178) to work on /home/airflow/.local/lib/python3.12/site-packages/airflow/example_dags/example_sensors.py
[2024-10-21T09:02:08.819+0000] {processor.py:914} INFO - Processing file /home/airflow/.local/lib/python3.12/site-packages/airflow/example_dags/example_sensors.py for tasks to queue
[2024-10-21T09:02:08.831+0000] {logging_mixin.py:190} INFO - [2024-10-21T09:02:08.831+0000] {dagbag.py:587} INFO - Filling up the DagBag from /home/airflow/.local/lib/python3.12/site-packages/airflow/example_dags/example_sensors.py
[2024-10-21T09:02:08.993+0000] {processor.py:925} INFO - DAG(s) 'example_sensors' retrieved from /home/airflow/.local/lib/python3.12/site-packages/airflow/example_dags/example_sensors.py
[2024-10-21T09:02:09.468+0000] {logging_mixin.py:190} INFO - [2024-10-21T09:02:09.467+0000] {dag.py:3229} INFO - Sync 1 DAGs
[2024-10-21T09:02:09.903+0000] {logging_mixin.py:190} INFO - [2024-10-21T09:02:09.902+0000] {dag.py:4156} INFO - Setting next_dagrun for example_sensors to None, run_after=None
[2024-10-21T09:02:10.287+0000] {processor.py:208} INFO - Processing /home/airflow/.local/lib/python3.12/site-packages/airflow/example_dags/example_sensors.py took 1.611 seconds
[2024-10-21T09:02:55.458+0000] {processor.py:186} INFO - Started process (PID=217) to work on /home/airflow/.local/lib/python3.12/site-packages/airflow/example_dags/example_sensors.py
[2024-10-21T09:02:55.537+0000] {processor.py:914} INFO - Processing file /home/airflow/.local/lib/python3.12/site-packages/airflow/example_dags/example_sensors.py for tasks to queue
[2024-10-21T09:02:55.544+0000] {logging_mixin.py:190} INFO - [2024-10-21T09:02:55.544+0000] {dagbag.py:587} INFO - Filling up the DagBag from /home/airflow/.local/lib/python3.12/site-packages/airflow/example_dags/example_sensors.py
[2024-10-21T09:02:55.633+0000] {processor.py:925} INFO - DAG(s) 'example_sensors' retrieved from /home/airflow/.local/lib/python3.12/site-packages/airflow/example_dags/example_sensors.py
[2024-10-21T09:02:55.838+0000] {logging_mixin.py:190} INFO - [2024-10-21T09:02:55.838+0000] {dag.py:3229} INFO - Sync 1 DAGs
[2024-10-21T09:02:55.906+0000] {logging_mixin.py:190} INFO - [2024-10-21T09:02:55.906+0000] {dag.py:4156} INFO - Setting next_dagrun for example_sensors to None, run_after=None
[2024-10-21T09:02:56.774+0000] {processor.py:208} INFO - Processing /home/airflow/.local/lib/python3.12/site-packages/airflow/example_dags/example_sensors.py took 1.348 seconds
[2024-10-21T09:03:43.195+0000] {processor.py:186} INFO - Started process (PID=285) to work on /home/airflow/.local/lib/python3.12/site-packages/airflow/example_dags/example_sensors.py
[2024-10-21T09:03:43.200+0000] {processor.py:914} INFO - Processing file /home/airflow/.local/lib/python3.12/site-packages/airflow/example_dags/example_sensors.py for tasks to queue
[2024-10-21T09:03:43.213+0000] {logging_mixin.py:190} INFO - [2024-10-21T09:03:43.211+0000] {dagbag.py:587} INFO - Filling up the DagBag from /home/airflow/.local/lib/python3.12/site-packages/airflow/example_dags/example_sensors.py
[2024-10-21T09:03:44.346+0000] {processor.py:925} INFO - DAG(s) 'example_sensors' retrieved from /home/airflow/.local/lib/python3.12/site-packages/airflow/example_dags/example_sensors.py
[2024-10-21T09:03:47.027+0000] {logging_mixin.py:190} INFO - [2024-10-21T09:03:47.027+0000] {dag.py:3229} INFO - Sync 1 DAGs
[2024-10-21T09:03:47.572+0000] {logging_mixin.py:190} INFO - [2024-10-21T09:03:47.564+0000] {dag.py:4156} INFO - Setting next_dagrun for example_sensors to None, run_after=None
[2024-10-21T09:03:49.221+0000] {processor.py:208} INFO - Processing /home/airflow/.local/lib/python3.12/site-packages/airflow/example_dags/example_sensors.py took 6.070 seconds
[2024-10-21T09:09:17.496+0000] {processor.py:186} INFO - Started process (PID=76) to work on /home/airflow/.local/lib/python3.12/site-packages/airflow/example_dags/example_sensors.py
[2024-10-21T09:09:17.499+0000] {processor.py:914} INFO - Processing file /home/airflow/.local/lib/python3.12/site-packages/airflow/example_dags/example_sensors.py for tasks to queue
[2024-10-21T09:09:17.505+0000] {logging_mixin.py:190} INFO - [2024-10-21T09:09:17.505+0000] {dagbag.py:587} INFO - Filling up the DagBag from /home/airflow/.local/lib/python3.12/site-packages/airflow/example_dags/example_sensors.py
[2024-10-21T09:09:17.543+0000] {processor.py:925} INFO - DAG(s) 'example_sensors' retrieved from /home/airflow/.local/lib/python3.12/site-packages/airflow/example_dags/example_sensors.py
[2024-10-21T09:09:17.667+0000] {logging_mixin.py:190} INFO - [2024-10-21T09:09:17.667+0000] {dag.py:3229} INFO - Sync 1 DAGs
[2024-10-21T09:09:17.759+0000] {logging_mixin.py:190} INFO - [2024-10-21T09:09:17.758+0000] {dag.py:4156} INFO - Setting next_dagrun for example_sensors to None, run_after=None
[2024-10-21T09:09:17.886+0000] {processor.py:208} INFO - Processing /home/airflow/.local/lib/python3.12/site-packages/airflow/example_dags/example_sensors.py took 0.427 seconds
[2024-10-21T09:09:54.805+0000] {processor.py:186} INFO - Started process (PID=138) to work on /home/airflow/.local/lib/python3.12/site-packages/airflow/example_dags/example_sensors.py
[2024-10-21T09:09:54.810+0000] {processor.py:914} INFO - Processing file /home/airflow/.local/lib/python3.12/site-packages/airflow/example_dags/example_sensors.py for tasks to queue
[2024-10-21T09:09:54.828+0000] {logging_mixin.py:190} INFO - [2024-10-21T09:09:54.820+0000] {dagbag.py:587} INFO - Filling up the DagBag from /home/airflow/.local/lib/python3.12/site-packages/airflow/example_dags/example_sensors.py
[2024-10-21T09:09:54.963+0000] {processor.py:925} INFO - DAG(s) 'example_sensors' retrieved from /home/airflow/.local/lib/python3.12/site-packages/airflow/example_dags/example_sensors.py
[2024-10-21T09:12:33.307+0000] {processor.py:186} INFO - Started process (PID=74) to work on /home/airflow/.local/lib/python3.12/site-packages/airflow/example_dags/example_sensors.py
[2024-10-21T09:12:33.313+0000] {processor.py:914} INFO - Processing file /home/airflow/.local/lib/python3.12/site-packages/airflow/example_dags/example_sensors.py for tasks to queue
[2024-10-21T09:12:33.322+0000] {logging_mixin.py:190} INFO - [2024-10-21T09:12:33.319+0000] {dagbag.py:587} INFO - Filling up the DagBag from /home/airflow/.local/lib/python3.12/site-packages/airflow/example_dags/example_sensors.py
[2024-10-21T09:12:33.446+0000] {processor.py:925} INFO - DAG(s) 'example_sensors' retrieved from /home/airflow/.local/lib/python3.12/site-packages/airflow/example_dags/example_sensors.py
[2024-10-21T09:12:33.667+0000] {logging_mixin.py:190} INFO - [2024-10-21T09:12:33.666+0000] {dag.py:3229} INFO - Sync 1 DAGs
[2024-10-21T09:12:33.960+0000] {logging_mixin.py:190} INFO - [2024-10-21T09:12:33.959+0000] {dag.py:4156} INFO - Setting next_dagrun for example_sensors to None, run_after=None
[2024-10-21T09:12:34.193+0000] {processor.py:208} INFO - Processing /home/airflow/.local/lib/python3.12/site-packages/airflow/example_dags/example_sensors.py took 0.948 seconds
[2024-10-21T18:01:16.514+0000] {processor.py:186} INFO - Started process (PID=92) to work on /home/airflow/.local/lib/python3.12/site-packages/airflow/example_dags/example_sensors.py
[2024-10-21T18:01:16.540+0000] {processor.py:914} INFO - Processing file /home/airflow/.local/lib/python3.12/site-packages/airflow/example_dags/example_sensors.py for tasks to queue
[2024-10-21T18:01:16.600+0000] {logging_mixin.py:190} INFO - [2024-10-21T18:01:16.584+0000] {dagbag.py:587} INFO - Filling up the DagBag from /home/airflow/.local/lib/python3.12/site-packages/airflow/example_dags/example_sensors.py
[2024-10-21T18:01:16.860+0000] {processor.py:925} INFO - DAG(s) 'example_sensors' retrieved from /home/airflow/.local/lib/python3.12/site-packages/airflow/example_dags/example_sensors.py
[2024-10-21T18:01:17.641+0000] {logging_mixin.py:190} INFO - [2024-10-21T18:01:17.640+0000] {dag.py:3229} INFO - Sync 1 DAGs
[2024-10-21T18:01:17.840+0000] {logging_mixin.py:190} INFO - [2024-10-21T18:01:17.840+0000] {dag.py:4156} INFO - Setting next_dagrun for example_sensors to None, run_after=None
[2024-10-21T18:01:18.195+0000] {processor.py:208} INFO - Processing /home/airflow/.local/lib/python3.12/site-packages/airflow/example_dags/example_sensors.py took 1.733 seconds
[2024-10-21T18:02:23.697+0000] {processor.py:186} INFO - Started process (PID=165) to work on /home/airflow/.local/lib/python3.12/site-packages/airflow/example_dags/example_sensors.py
[2024-10-21T18:02:23.769+0000] {processor.py:914} INFO - Processing file /home/airflow/.local/lib/python3.12/site-packages/airflow/example_dags/example_sensors.py for tasks to queue
[2024-10-21T18:02:23.794+0000] {logging_mixin.py:190} INFO - [2024-10-21T18:02:23.793+0000] {dagbag.py:587} INFO - Filling up the DagBag from /home/airflow/.local/lib/python3.12/site-packages/airflow/example_dags/example_sensors.py
[2024-10-21T18:02:23.913+0000] {processor.py:925} INFO - DAG(s) 'example_sensors' retrieved from /home/airflow/.local/lib/python3.12/site-packages/airflow/example_dags/example_sensors.py
[2024-10-21T18:02:24.131+0000] {logging_mixin.py:190} INFO - [2024-10-21T18:02:24.130+0000] {dag.py:3229} INFO - Sync 1 DAGs
[2024-10-21T18:02:24.453+0000] {logging_mixin.py:190} INFO - [2024-10-21T18:02:24.452+0000] {dag.py:4156} INFO - Setting next_dagrun for example_sensors to None, run_after=None
[2024-10-21T18:02:24.719+0000] {processor.py:208} INFO - Processing /home/airflow/.local/lib/python3.12/site-packages/airflow/example_dags/example_sensors.py took 1.057 seconds
[2024-10-21T18:03:26.846+0000] {processor.py:186} INFO - Started process (PID=234) to work on /home/airflow/.local/lib/python3.12/site-packages/airflow/example_dags/example_sensors.py
[2024-10-21T18:03:26.867+0000] {processor.py:914} INFO - Processing file /home/airflow/.local/lib/python3.12/site-packages/airflow/example_dags/example_sensors.py for tasks to queue
[2024-10-21T18:03:26.879+0000] {logging_mixin.py:190} INFO - [2024-10-21T18:03:26.878+0000] {dagbag.py:587} INFO - Filling up the DagBag from /home/airflow/.local/lib/python3.12/site-packages/airflow/example_dags/example_sensors.py
[2024-10-21T18:03:27.175+0000] {processor.py:925} INFO - DAG(s) 'example_sensors' retrieved from /home/airflow/.local/lib/python3.12/site-packages/airflow/example_dags/example_sensors.py
[2024-10-21T18:03:27.684+0000] {logging_mixin.py:190} INFO - [2024-10-21T18:03:27.684+0000] {dag.py:3229} INFO - Sync 1 DAGs
[2024-10-21T18:03:27.909+0000] {logging_mixin.py:190} INFO - [2024-10-21T18:03:27.908+0000] {dag.py:4156} INFO - Setting next_dagrun for example_sensors to None, run_after=None
[2024-10-21T18:03:28.272+0000] {processor.py:208} INFO - Processing /home/airflow/.local/lib/python3.12/site-packages/airflow/example_dags/example_sensors.py took 1.488 seconds
[2024-10-21T18:09:02.080+0000] {processor.py:186} INFO - Started process (PID=82) to work on /home/airflow/.local/lib/python3.12/site-packages/airflow/example_dags/example_sensors.py
[2024-10-21T18:09:02.087+0000] {processor.py:914} INFO - Processing file /home/airflow/.local/lib/python3.12/site-packages/airflow/example_dags/example_sensors.py for tasks to queue
[2024-10-21T18:09:02.107+0000] {logging_mixin.py:190} INFO - [2024-10-21T18:09:02.106+0000] {dagbag.py:587} INFO - Filling up the DagBag from /home/airflow/.local/lib/python3.12/site-packages/airflow/example_dags/example_sensors.py
[2024-10-21T18:09:02.151+0000] {processor.py:925} INFO - DAG(s) 'example_sensors' retrieved from /home/airflow/.local/lib/python3.12/site-packages/airflow/example_dags/example_sensors.py
[2024-10-21T18:09:02.443+0000] {logging_mixin.py:190} INFO - [2024-10-21T18:09:02.442+0000] {dag.py:3229} INFO - Sync 1 DAGs
[2024-10-21T18:09:02.517+0000] {logging_mixin.py:190} INFO - [2024-10-21T18:09:02.517+0000] {dag.py:4156} INFO - Setting next_dagrun for example_sensors to None, run_after=None
[2024-10-21T18:09:02.775+0000] {processor.py:208} INFO - Processing /home/airflow/.local/lib/python3.12/site-packages/airflow/example_dags/example_sensors.py took 0.743 seconds
