[2024-10-21T09:01:24.199+0000] {processor.py:186} INFO - Started process (PID=132) to work on /home/airflow/.local/lib/python3.12/site-packages/airflow/example_dags/example_dataset_alias.py
[2024-10-21T09:01:24.218+0000] {processor.py:914} INFO - Processing file /home/airflow/.local/lib/python3.12/site-packages/airflow/example_dags/example_dataset_alias.py for tasks to queue
[2024-10-21T09:01:24.243+0000] {logging_mixin.py:190} INFO - [2024-10-21T09:01:24.242+0000] {dagbag.py:587} INFO - Filling up the DagBag from /home/airflow/.local/lib/python3.12/site-packages/airflow/example_dags/example_dataset_alias.py
[2024-10-21T09:01:26.035+0000] {processor.py:925} INFO - DAG(s) 'dataset_s3_bucket_producer', 'dataset_alias_example_alias_producer', 'dataset_s3_bucket_consumer', 'dataset_alias_example_alias_consumer' retrieved from /home/airflow/.local/lib/python3.12/site-packages/airflow/example_dags/example_dataset_alias.py
[2024-10-21T09:01:26.385+0000] {logging_mixin.py:190} INFO - [2024-10-21T09:01:26.384+0000] {dag.py:3229} INFO - Sync 4 DAGs
[2024-10-21T09:01:26.626+0000] {logging_mixin.py:190} INFO - [2024-10-21T09:01:26.624+0000] {dag.py:4156} INFO - Setting next_dagrun for dataset_alias_example_alias_consumer to None, run_after=None
[2024-10-21T09:01:26.681+0000] {logging_mixin.py:190} INFO - [2024-10-21T09:01:26.676+0000] {dag.py:4156} INFO - Setting next_dagrun for dataset_alias_example_alias_producer to None, run_after=None
[2024-10-21T09:01:26.703+0000] {logging_mixin.py:190} INFO - [2024-10-21T09:01:26.702+0000] {dag.py:4156} INFO - Setting next_dagrun for dataset_s3_bucket_consumer to None, run_after=None
[2024-10-21T09:01:26.718+0000] {logging_mixin.py:190} INFO - [2024-10-21T09:01:26.717+0000] {dag.py:4156} INFO - Setting next_dagrun for dataset_s3_bucket_producer to None, run_after=None
[2024-10-21T09:01:26.903+0000] {processor.py:208} INFO - Processing /home/airflow/.local/lib/python3.12/site-packages/airflow/example_dags/example_dataset_alias.py took 2.758 seconds
[2024-10-21T09:02:39.713+0000] {processor.py:186} INFO - Started process (PID=207) to work on /home/airflow/.local/lib/python3.12/site-packages/airflow/example_dags/example_dataset_alias.py
[2024-10-21T09:02:39.727+0000] {processor.py:914} INFO - Processing file /home/airflow/.local/lib/python3.12/site-packages/airflow/example_dags/example_dataset_alias.py for tasks to queue
[2024-10-21T09:02:39.769+0000] {logging_mixin.py:190} INFO - [2024-10-21T09:02:39.768+0000] {dagbag.py:587} INFO - Filling up the DagBag from /home/airflow/.local/lib/python3.12/site-packages/airflow/example_dags/example_dataset_alias.py
[2024-10-21T09:02:43.429+0000] {processor.py:925} INFO - DAG(s) 'dataset_alias_example_alias_consumer', 'dataset_s3_bucket_consumer', 'dataset_s3_bucket_producer', 'dataset_alias_example_alias_producer' retrieved from /home/airflow/.local/lib/python3.12/site-packages/airflow/example_dags/example_dataset_alias.py
[2024-10-21T09:02:44.494+0000] {logging_mixin.py:190} INFO - [2024-10-21T09:02:44.493+0000] {dag.py:3229} INFO - Sync 4 DAGs
[2024-10-21T09:02:45.216+0000] {logging_mixin.py:190} INFO - [2024-10-21T09:02:45.215+0000] {dag.py:4156} INFO - Setting next_dagrun for dataset_alias_example_alias_consumer to None, run_after=None
[2024-10-21T09:02:45.315+0000] {logging_mixin.py:190} INFO - [2024-10-21T09:02:45.315+0000] {dag.py:4156} INFO - Setting next_dagrun for dataset_alias_example_alias_producer to None, run_after=None
[2024-10-21T09:02:45.333+0000] {logging_mixin.py:190} INFO - [2024-10-21T09:02:45.332+0000] {dag.py:4156} INFO - Setting next_dagrun for dataset_s3_bucket_consumer to None, run_after=None
[2024-10-21T09:02:45.378+0000] {logging_mixin.py:190} INFO - [2024-10-21T09:02:45.378+0000] {dag.py:4156} INFO - Setting next_dagrun for dataset_s3_bucket_producer to None, run_after=None
[2024-10-21T09:02:45.963+0000] {processor.py:208} INFO - Processing /home/airflow/.local/lib/python3.12/site-packages/airflow/example_dags/example_dataset_alias.py took 6.356 seconds
[2024-10-21T09:03:29.547+0000] {processor.py:186} INFO - Started process (PID=270) to work on /home/airflow/.local/lib/python3.12/site-packages/airflow/example_dags/example_dataset_alias.py
[2024-10-21T09:03:29.550+0000] {processor.py:914} INFO - Processing file /home/airflow/.local/lib/python3.12/site-packages/airflow/example_dags/example_dataset_alias.py for tasks to queue
[2024-10-21T09:03:29.565+0000] {logging_mixin.py:190} INFO - [2024-10-21T09:03:29.563+0000] {dagbag.py:587} INFO - Filling up the DagBag from /home/airflow/.local/lib/python3.12/site-packages/airflow/example_dags/example_dataset_alias.py
[2024-10-21T09:03:31.013+0000] {processor.py:925} INFO - DAG(s) 'dataset_alias_example_alias_producer', 'dataset_alias_example_alias_consumer', 'dataset_s3_bucket_consumer', 'dataset_s3_bucket_producer' retrieved from /home/airflow/.local/lib/python3.12/site-packages/airflow/example_dags/example_dataset_alias.py
[2024-10-21T09:03:31.332+0000] {logging_mixin.py:190} INFO - [2024-10-21T09:03:31.332+0000] {dag.py:3229} INFO - Sync 4 DAGs
[2024-10-21T09:03:31.430+0000] {logging_mixin.py:190} INFO - [2024-10-21T09:03:31.429+0000] {dag.py:4156} INFO - Setting next_dagrun for dataset_alias_example_alias_consumer to None, run_after=None
[2024-10-21T09:03:31.475+0000] {logging_mixin.py:190} INFO - [2024-10-21T09:03:31.475+0000] {dag.py:4156} INFO - Setting next_dagrun for dataset_alias_example_alias_producer to None, run_after=None
[2024-10-21T09:03:31.478+0000] {logging_mixin.py:190} INFO - [2024-10-21T09:03:31.478+0000] {dag.py:4156} INFO - Setting next_dagrun for dataset_s3_bucket_consumer to None, run_after=None
[2024-10-21T09:03:31.488+0000] {logging_mixin.py:190} INFO - [2024-10-21T09:03:31.487+0000] {dag.py:4156} INFO - Setting next_dagrun for dataset_s3_bucket_producer to None, run_after=None
[2024-10-21T09:03:31.651+0000] {processor.py:208} INFO - Processing /home/airflow/.local/lib/python3.12/site-packages/airflow/example_dags/example_dataset_alias.py took 2.146 seconds
[2024-10-21T09:09:28.202+0000] {processor.py:186} INFO - Started process (PID=99) to work on /home/airflow/.local/lib/python3.12/site-packages/airflow/example_dags/example_dataset_alias.py
[2024-10-21T09:09:28.236+0000] {processor.py:914} INFO - Processing file /home/airflow/.local/lib/python3.12/site-packages/airflow/example_dags/example_dataset_alias.py for tasks to queue
[2024-10-21T09:09:28.263+0000] {logging_mixin.py:190} INFO - [2024-10-21T09:09:28.258+0000] {dagbag.py:587} INFO - Filling up the DagBag from /home/airflow/.local/lib/python3.12/site-packages/airflow/example_dags/example_dataset_alias.py
[2024-10-21T09:09:31.759+0000] {processor.py:925} INFO - DAG(s) 'dataset_s3_bucket_producer', 'dataset_alias_example_alias_producer', 'dataset_alias_example_alias_consumer', 'dataset_s3_bucket_consumer' retrieved from /home/airflow/.local/lib/python3.12/site-packages/airflow/example_dags/example_dataset_alias.py
[2024-10-21T09:09:32.244+0000] {logging_mixin.py:190} INFO - [2024-10-21T09:09:32.243+0000] {dag.py:3229} INFO - Sync 4 DAGs
[2024-10-21T09:09:32.520+0000] {logging_mixin.py:190} INFO - [2024-10-21T09:09:32.517+0000] {dag.py:4156} INFO - Setting next_dagrun for dataset_alias_example_alias_consumer to None, run_after=None
[2024-10-21T09:09:32.597+0000] {logging_mixin.py:190} INFO - [2024-10-21T09:09:32.597+0000] {dag.py:4156} INFO - Setting next_dagrun for dataset_alias_example_alias_producer to None, run_after=None
[2024-10-21T09:09:32.603+0000] {logging_mixin.py:190} INFO - [2024-10-21T09:09:32.602+0000] {dag.py:4156} INFO - Setting next_dagrun for dataset_s3_bucket_consumer to None, run_after=None
[2024-10-21T09:09:32.611+0000] {logging_mixin.py:190} INFO - [2024-10-21T09:09:32.610+0000] {dag.py:4156} INFO - Setting next_dagrun for dataset_s3_bucket_producer to None, run_after=None
[2024-10-21T09:09:32.940+0000] {processor.py:208} INFO - Processing /home/airflow/.local/lib/python3.12/site-packages/airflow/example_dags/example_dataset_alias.py took 4.817 seconds
[2024-10-21T09:12:45.621+0000] {processor.py:186} INFO - Started process (PID=103) to work on /home/airflow/.local/lib/python3.12/site-packages/airflow/example_dags/example_dataset_alias.py
[2024-10-21T09:12:45.625+0000] {processor.py:914} INFO - Processing file /home/airflow/.local/lib/python3.12/site-packages/airflow/example_dags/example_dataset_alias.py for tasks to queue
[2024-10-21T09:12:45.638+0000] {logging_mixin.py:190} INFO - [2024-10-21T09:12:45.638+0000] {dagbag.py:587} INFO - Filling up the DagBag from /home/airflow/.local/lib/python3.12/site-packages/airflow/example_dags/example_dataset_alias.py
[2024-10-21T09:12:47.764+0000] {processor.py:925} INFO - DAG(s) 'dataset_s3_bucket_producer', 'dataset_s3_bucket_consumer', 'dataset_alias_example_alias_producer', 'dataset_alias_example_alias_consumer' retrieved from /home/airflow/.local/lib/python3.12/site-packages/airflow/example_dags/example_dataset_alias.py
[2024-10-21T09:12:47.855+0000] {logging_mixin.py:190} INFO - [2024-10-21T09:12:47.854+0000] {dag.py:3229} INFO - Sync 4 DAGs
[2024-10-21T09:12:48.120+0000] {logging_mixin.py:190} INFO - [2024-10-21T09:12:48.112+0000] {dag.py:4156} INFO - Setting next_dagrun for dataset_alias_example_alias_consumer to None, run_after=None
[2024-10-21T09:12:48.137+0000] {logging_mixin.py:190} INFO - [2024-10-21T09:12:48.136+0000] {dag.py:4156} INFO - Setting next_dagrun for dataset_alias_example_alias_producer to None, run_after=None
[2024-10-21T09:12:48.140+0000] {logging_mixin.py:190} INFO - [2024-10-21T09:12:48.140+0000] {dag.py:4156} INFO - Setting next_dagrun for dataset_s3_bucket_consumer to None, run_after=None
[2024-10-21T09:12:48.151+0000] {logging_mixin.py:190} INFO - [2024-10-21T09:12:48.150+0000] {dag.py:4156} INFO - Setting next_dagrun for dataset_s3_bucket_producer to None, run_after=None
[2024-10-21T09:12:48.421+0000] {processor.py:208} INFO - Processing /home/airflow/.local/lib/python3.12/site-packages/airflow/example_dags/example_dataset_alias.py took 2.818 seconds
[2024-10-21T18:01:40.437+0000] {processor.py:186} INFO - Started process (PID=120) to work on /home/airflow/.local/lib/python3.12/site-packages/airflow/example_dags/example_dataset_alias.py
[2024-10-21T18:01:40.453+0000] {processor.py:914} INFO - Processing file /home/airflow/.local/lib/python3.12/site-packages/airflow/example_dags/example_dataset_alias.py for tasks to queue
[2024-10-21T18:01:40.476+0000] {logging_mixin.py:190} INFO - [2024-10-21T18:01:40.475+0000] {dagbag.py:587} INFO - Filling up the DagBag from /home/airflow/.local/lib/python3.12/site-packages/airflow/example_dags/example_dataset_alias.py
[2024-10-21T18:01:44.150+0000] {processor.py:925} INFO - DAG(s) 'dataset_alias_example_alias_consumer', 'dataset_s3_bucket_consumer', 'dataset_s3_bucket_producer', 'dataset_alias_example_alias_producer' retrieved from /home/airflow/.local/lib/python3.12/site-packages/airflow/example_dags/example_dataset_alias.py
[2024-10-21T18:01:44.939+0000] {logging_mixin.py:190} INFO - [2024-10-21T18:01:44.939+0000] {dag.py:3229} INFO - Sync 4 DAGs
[2024-10-21T18:01:45.598+0000] {logging_mixin.py:190} INFO - [2024-10-21T18:01:45.598+0000] {dag.py:4156} INFO - Setting next_dagrun for dataset_alias_example_alias_consumer to None, run_after=None
[2024-10-21T18:01:45.833+0000] {logging_mixin.py:190} INFO - [2024-10-21T18:01:45.799+0000] {dag.py:4156} INFO - Setting next_dagrun for dataset_alias_example_alias_producer to None, run_after=None
[2024-10-21T18:01:45.862+0000] {logging_mixin.py:190} INFO - [2024-10-21T18:01:45.861+0000] {dag.py:4156} INFO - Setting next_dagrun for dataset_s3_bucket_consumer to None, run_after=None
[2024-10-21T18:01:45.957+0000] {logging_mixin.py:190} INFO - [2024-10-21T18:01:45.953+0000] {dag.py:4156} INFO - Setting next_dagrun for dataset_s3_bucket_producer to None, run_after=None
[2024-10-21T18:01:46.602+0000] {processor.py:208} INFO - Processing /home/airflow/.local/lib/python3.12/site-packages/airflow/example_dags/example_dataset_alias.py took 6.185 seconds
[2024-10-21T18:02:48.810+0000] {processor.py:186} INFO - Started process (PID=188) to work on /home/airflow/.local/lib/python3.12/site-packages/airflow/example_dags/example_dataset_alias.py
[2024-10-21T18:02:49.036+0000] {processor.py:914} INFO - Processing file /home/airflow/.local/lib/python3.12/site-packages/airflow/example_dags/example_dataset_alias.py for tasks to queue
[2024-10-21T18:02:49.129+0000] {logging_mixin.py:190} INFO - [2024-10-21T18:02:49.128+0000] {dagbag.py:587} INFO - Filling up the DagBag from /home/airflow/.local/lib/python3.12/site-packages/airflow/example_dags/example_dataset_alias.py
[2024-10-21T18:02:53.790+0000] {processor.py:925} INFO - DAG(s) 'dataset_alias_example_alias_producer', 'dataset_s3_bucket_producer', 'dataset_s3_bucket_consumer', 'dataset_alias_example_alias_consumer' retrieved from /home/airflow/.local/lib/python3.12/site-packages/airflow/example_dags/example_dataset_alias.py
[2024-10-21T18:02:54.423+0000] {logging_mixin.py:190} INFO - [2024-10-21T18:02:54.421+0000] {dag.py:3229} INFO - Sync 4 DAGs
[2024-10-21T18:02:54.981+0000] {logging_mixin.py:190} INFO - [2024-10-21T18:02:54.981+0000] {dag.py:4156} INFO - Setting next_dagrun for dataset_alias_example_alias_consumer to None, run_after=None
[2024-10-21T18:02:55.076+0000] {logging_mixin.py:190} INFO - [2024-10-21T18:02:55.076+0000] {dag.py:4156} INFO - Setting next_dagrun for dataset_alias_example_alias_producer to None, run_after=None
[2024-10-21T18:02:55.093+0000] {logging_mixin.py:190} INFO - [2024-10-21T18:02:55.092+0000] {dag.py:4156} INFO - Setting next_dagrun for dataset_s3_bucket_consumer to None, run_after=None
[2024-10-21T18:02:55.209+0000] {logging_mixin.py:190} INFO - [2024-10-21T18:02:55.209+0000] {dag.py:4156} INFO - Setting next_dagrun for dataset_s3_bucket_producer to None, run_after=None
[2024-10-21T18:02:55.791+0000] {processor.py:208} INFO - Processing /home/airflow/.local/lib/python3.12/site-packages/airflow/example_dags/example_dataset_alias.py took 7.390 seconds
[2024-10-21T18:04:02.734+0000] {processor.py:186} INFO - Started process (PID=269) to work on /home/airflow/.local/lib/python3.12/site-packages/airflow/example_dags/example_dataset_alias.py
[2024-10-21T18:04:02.763+0000] {processor.py:914} INFO - Processing file /home/airflow/.local/lib/python3.12/site-packages/airflow/example_dags/example_dataset_alias.py for tasks to queue
[2024-10-21T18:04:02.780+0000] {logging_mixin.py:190} INFO - [2024-10-21T18:04:02.779+0000] {dagbag.py:587} INFO - Filling up the DagBag from /home/airflow/.local/lib/python3.12/site-packages/airflow/example_dags/example_dataset_alias.py
[2024-10-21T18:04:07.410+0000] {processor.py:925} INFO - DAG(s) 'dataset_s3_bucket_producer', 'dataset_alias_example_alias_producer', 'dataset_s3_bucket_consumer', 'dataset_alias_example_alias_consumer' retrieved from /home/airflow/.local/lib/python3.12/site-packages/airflow/example_dags/example_dataset_alias.py
[2024-10-21T18:04:08.607+0000] {logging_mixin.py:190} INFO - [2024-10-21T18:04:08.605+0000] {dag.py:3229} INFO - Sync 4 DAGs
[2024-10-21T18:04:08.886+0000] {logging_mixin.py:190} INFO - [2024-10-21T18:04:08.886+0000] {dag.py:4156} INFO - Setting next_dagrun for dataset_alias_example_alias_consumer to None, run_after=None
[2024-10-21T18:04:08.916+0000] {logging_mixin.py:190} INFO - [2024-10-21T18:04:08.915+0000] {dag.py:4156} INFO - Setting next_dagrun for dataset_alias_example_alias_producer to None, run_after=None
[2024-10-21T18:04:09.015+0000] {logging_mixin.py:190} INFO - [2024-10-21T18:04:09.002+0000] {dag.py:4156} INFO - Setting next_dagrun for dataset_s3_bucket_consumer to None, run_after=None
[2024-10-21T18:04:09.028+0000] {logging_mixin.py:190} INFO - [2024-10-21T18:04:09.027+0000] {dag.py:4156} INFO - Setting next_dagrun for dataset_s3_bucket_producer to None, run_after=None
[2024-10-21T18:04:09.471+0000] {processor.py:208} INFO - Processing /home/airflow/.local/lib/python3.12/site-packages/airflow/example_dags/example_dataset_alias.py took 6.870 seconds
[2024-10-21T18:09:14.874+0000] {processor.py:186} INFO - Started process (PID=105) to work on /home/airflow/.local/lib/python3.12/site-packages/airflow/example_dags/example_dataset_alias.py
[2024-10-21T18:09:14.877+0000] {processor.py:914} INFO - Processing file /home/airflow/.local/lib/python3.12/site-packages/airflow/example_dags/example_dataset_alias.py for tasks to queue
[2024-10-21T18:09:14.903+0000] {logging_mixin.py:190} INFO - [2024-10-21T18:09:14.900+0000] {dagbag.py:587} INFO - Filling up the DagBag from /home/airflow/.local/lib/python3.12/site-packages/airflow/example_dags/example_dataset_alias.py
[2024-10-21T18:09:15.982+0000] {processor.py:925} INFO - DAG(s) 'dataset_alias_example_alias_consumer', 'dataset_s3_bucket_consumer', 'dataset_s3_bucket_producer', 'dataset_alias_example_alias_producer' retrieved from /home/airflow/.local/lib/python3.12/site-packages/airflow/example_dags/example_dataset_alias.py
[2024-10-21T18:09:16.134+0000] {logging_mixin.py:190} INFO - [2024-10-21T18:09:16.133+0000] {dag.py:3229} INFO - Sync 4 DAGs
[2024-10-21T18:09:16.289+0000] {logging_mixin.py:190} INFO - [2024-10-21T18:09:16.287+0000] {dag.py:4156} INFO - Setting next_dagrun for dataset_alias_example_alias_consumer to None, run_after=None
[2024-10-21T18:09:16.313+0000] {logging_mixin.py:190} INFO - [2024-10-21T18:09:16.311+0000] {dag.py:4156} INFO - Setting next_dagrun for dataset_alias_example_alias_producer to None, run_after=None
[2024-10-21T18:09:16.330+0000] {logging_mixin.py:190} INFO - [2024-10-21T18:09:16.321+0000] {dag.py:4156} INFO - Setting next_dagrun for dataset_s3_bucket_consumer to None, run_after=None
[2024-10-21T18:09:16.342+0000] {logging_mixin.py:190} INFO - [2024-10-21T18:09:16.340+0000] {dag.py:4156} INFO - Setting next_dagrun for dataset_s3_bucket_producer to None, run_after=None
[2024-10-21T18:09:16.519+0000] {processor.py:208} INFO - Processing /home/airflow/.local/lib/python3.12/site-packages/airflow/example_dags/example_dataset_alias.py took 1.671 seconds
