[2024-10-21T09:00:49.769+0000] {processor.py:186} INFO - Started process (PID=100) to work on /home/airflow/.local/lib/python3.12/site-packages/airflow/example_dags/example_subdag_operator.py
[2024-10-21T09:00:49.772+0000] {processor.py:914} INFO - Processing file /home/airflow/.local/lib/python3.12/site-packages/airflow/example_dags/example_subdag_operator.py for tasks to queue
[2024-10-21T09:00:49.782+0000] {logging_mixin.py:190} INFO - [2024-10-21T09:00:49.782+0000] {dagbag.py:587} INFO - Filling up the DagBag from /home/airflow/.local/lib/python3.12/site-packages/airflow/example_dags/example_subdag_operator.py
[2024-10-21T09:00:50.035+0000] {processor.py:925} INFO - DAG(s) 'example_subdag_operator.section-1', 'example_subdag_operator.section-2', 'example_subdag_operator' retrieved from /home/airflow/.local/lib/python3.12/site-packages/airflow/example_dags/example_subdag_operator.py
[2024-10-21T09:00:50.177+0000] {logging_mixin.py:190} INFO - [2024-10-21T09:00:50.176+0000] {dag.py:3229} INFO - Sync 3 DAGs
[2024-10-21T09:00:50.381+0000] {logging_mixin.py:190} INFO - [2024-10-21T09:00:50.379+0000] {dag.py:4156} INFO - Setting next_dagrun for example_subdag_operator to 2022-01-01 00:00:00+00:00, run_after=2022-01-01 00:00:00+00:00
[2024-10-21T09:00:51.497+0000] {logging_mixin.py:190} INFO - [2024-10-21T09:00:51.489+0000] {dag.py:4156} INFO - Setting next_dagrun for example_subdag_operator.section-1 to None, run_after=None
[2024-10-21T09:00:51.608+0000] {logging_mixin.py:190} INFO - [2024-10-21T09:00:51.594+0000] {dag.py:4156} INFO - Setting next_dagrun for example_subdag_operator.section-2 to None, run_after=None
[2024-10-21T09:00:51.838+0000] {logging_mixin.py:190} INFO - [2024-10-21T09:00:51.838+0000] {dag.py:3229} INFO - Sync 2 DAGs
[2024-10-21T09:00:51.907+0000] {logging_mixin.py:190} INFO - [2024-10-21T09:00:51.907+0000] {dag.py:4156} INFO - Setting next_dagrun for example_subdag_operator.section-1 to None, run_after=None
[2024-10-21T09:00:51.917+0000] {logging_mixin.py:190} INFO - [2024-10-21T09:00:51.916+0000] {dag.py:4156} INFO - Setting next_dagrun for example_subdag_operator.section-2 to None, run_after=None
[2024-10-21T09:00:52.051+0000] {processor.py:208} INFO - Processing /home/airflow/.local/lib/python3.12/site-packages/airflow/example_dags/example_subdag_operator.py took 2.336 seconds
[2024-10-21T09:02:07.224+0000] {processor.py:186} INFO - Started process (PID=175) to work on /home/airflow/.local/lib/python3.12/site-packages/airflow/example_dags/example_subdag_operator.py
[2024-10-21T09:02:07.246+0000] {processor.py:914} INFO - Processing file /home/airflow/.local/lib/python3.12/site-packages/airflow/example_dags/example_subdag_operator.py for tasks to queue
[2024-10-21T09:02:07.269+0000] {logging_mixin.py:190} INFO - [2024-10-21T09:02:07.268+0000] {dagbag.py:587} INFO - Filling up the DagBag from /home/airflow/.local/lib/python3.12/site-packages/airflow/example_dags/example_subdag_operator.py
[2024-10-21T09:02:07.419+0000] {processor.py:925} INFO - DAG(s) 'example_subdag_operator.section-1', 'example_subdag_operator.section-2', 'example_subdag_operator' retrieved from /home/airflow/.local/lib/python3.12/site-packages/airflow/example_dags/example_subdag_operator.py
[2024-10-21T09:02:07.532+0000] {logging_mixin.py:190} INFO - [2024-10-21T09:02:07.531+0000] {dag.py:3229} INFO - Sync 3 DAGs
[2024-10-21T09:02:07.773+0000] {logging_mixin.py:190} INFO - [2024-10-21T09:02:07.772+0000] {dag.py:4156} INFO - Setting next_dagrun for example_subdag_operator to 2022-01-01 00:00:00+00:00, run_after=2022-01-01 00:00:00+00:00
[2024-10-21T09:02:07.816+0000] {logging_mixin.py:190} INFO - [2024-10-21T09:02:07.816+0000] {dag.py:4156} INFO - Setting next_dagrun for example_subdag_operator.section-1 to None, run_after=None
[2024-10-21T09:02:07.833+0000] {logging_mixin.py:190} INFO - [2024-10-21T09:02:07.833+0000] {dag.py:4156} INFO - Setting next_dagrun for example_subdag_operator.section-2 to None, run_after=None
[2024-10-21T09:02:07.895+0000] {logging_mixin.py:190} INFO - [2024-10-21T09:02:07.895+0000] {dag.py:3229} INFO - Sync 2 DAGs
[2024-10-21T09:02:07.930+0000] {logging_mixin.py:190} INFO - [2024-10-21T09:02:07.930+0000] {dag.py:4156} INFO - Setting next_dagrun for example_subdag_operator.section-1 to None, run_after=None
[2024-10-21T09:02:07.932+0000] {logging_mixin.py:190} INFO - [2024-10-21T09:02:07.932+0000] {dag.py:4156} INFO - Setting next_dagrun for example_subdag_operator.section-2 to None, run_after=None
[2024-10-21T09:02:08.048+0000] {processor.py:208} INFO - Processing /home/airflow/.local/lib/python3.12/site-packages/airflow/example_dags/example_subdag_operator.py took 0.872 seconds
[2024-10-21T09:02:53.130+0000] {processor.py:186} INFO - Started process (PID=214) to work on /home/airflow/.local/lib/python3.12/site-packages/airflow/example_dags/example_subdag_operator.py
[2024-10-21T09:02:53.150+0000] {processor.py:914} INFO - Processing file /home/airflow/.local/lib/python3.12/site-packages/airflow/example_dags/example_subdag_operator.py for tasks to queue
[2024-10-21T09:02:53.183+0000] {logging_mixin.py:190} INFO - [2024-10-21T09:02:53.183+0000] {dagbag.py:587} INFO - Filling up the DagBag from /home/airflow/.local/lib/python3.12/site-packages/airflow/example_dags/example_subdag_operator.py
[2024-10-21T09:02:53.544+0000] {processor.py:925} INFO - DAG(s) 'example_subdag_operator.section-1', 'example_subdag_operator.section-2', 'example_subdag_operator' retrieved from /home/airflow/.local/lib/python3.12/site-packages/airflow/example_dags/example_subdag_operator.py
[2024-10-21T09:02:53.788+0000] {logging_mixin.py:190} INFO - [2024-10-21T09:02:53.787+0000] {dag.py:3229} INFO - Sync 3 DAGs
[2024-10-21T09:02:54.080+0000] {logging_mixin.py:190} INFO - [2024-10-21T09:02:54.080+0000] {dag.py:4156} INFO - Setting next_dagrun for example_subdag_operator to 2022-01-01 00:00:00+00:00, run_after=2022-01-01 00:00:00+00:00
[2024-10-21T09:02:54.181+0000] {logging_mixin.py:190} INFO - [2024-10-21T09:02:54.181+0000] {dag.py:4156} INFO - Setting next_dagrun for example_subdag_operator.section-1 to None, run_after=None
[2024-10-21T09:02:54.185+0000] {logging_mixin.py:190} INFO - [2024-10-21T09:02:54.185+0000] {dag.py:4156} INFO - Setting next_dagrun for example_subdag_operator.section-2 to None, run_after=None
[2024-10-21T09:02:54.262+0000] {logging_mixin.py:190} INFO - [2024-10-21T09:02:54.261+0000] {dag.py:3229} INFO - Sync 2 DAGs
[2024-10-21T09:02:54.319+0000] {logging_mixin.py:190} INFO - [2024-10-21T09:02:54.318+0000] {dag.py:4156} INFO - Setting next_dagrun for example_subdag_operator.section-1 to None, run_after=None
[2024-10-21T09:02:54.329+0000] {logging_mixin.py:190} INFO - [2024-10-21T09:02:54.328+0000] {dag.py:4156} INFO - Setting next_dagrun for example_subdag_operator.section-2 to None, run_after=None
[2024-10-21T09:02:54.410+0000] {processor.py:208} INFO - Processing /home/airflow/.local/lib/python3.12/site-packages/airflow/example_dags/example_subdag_operator.py took 1.336 seconds
[2024-10-21T09:03:35.554+0000] {processor.py:186} INFO - Started process (PID=277) to work on /home/airflow/.local/lib/python3.12/site-packages/airflow/example_dags/example_subdag_operator.py
[2024-10-21T09:03:35.562+0000] {processor.py:914} INFO - Processing file /home/airflow/.local/lib/python3.12/site-packages/airflow/example_dags/example_subdag_operator.py for tasks to queue
[2024-10-21T09:03:35.569+0000] {logging_mixin.py:190} INFO - [2024-10-21T09:03:35.568+0000] {dagbag.py:587} INFO - Filling up the DagBag from /home/airflow/.local/lib/python3.12/site-packages/airflow/example_dags/example_subdag_operator.py
[2024-10-21T09:03:35.846+0000] {processor.py:925} INFO - DAG(s) 'example_subdag_operator.section-1', 'example_subdag_operator.section-2', 'example_subdag_operator' retrieved from /home/airflow/.local/lib/python3.12/site-packages/airflow/example_dags/example_subdag_operator.py
[2024-10-21T09:03:36.103+0000] {logging_mixin.py:190} INFO - [2024-10-21T09:03:36.102+0000] {dag.py:3229} INFO - Sync 3 DAGs
[2024-10-21T09:03:36.462+0000] {logging_mixin.py:190} INFO - [2024-10-21T09:03:36.461+0000] {dag.py:4156} INFO - Setting next_dagrun for example_subdag_operator to 2022-01-01 00:00:00+00:00, run_after=2022-01-01 00:00:00+00:00
[2024-10-21T09:03:37.082+0000] {logging_mixin.py:190} INFO - [2024-10-21T09:03:37.081+0000] {dag.py:4156} INFO - Setting next_dagrun for example_subdag_operator.section-1 to None, run_after=None
[2024-10-21T09:03:37.091+0000] {logging_mixin.py:190} INFO - [2024-10-21T09:03:37.090+0000] {dag.py:4156} INFO - Setting next_dagrun for example_subdag_operator.section-2 to None, run_after=None
[2024-10-21T09:03:40.040+0000] {logging_mixin.py:190} INFO - [2024-10-21T09:03:40.040+0000] {dag.py:3229} INFO - Sync 2 DAGs
[2024-10-21T09:03:40.190+0000] {logging_mixin.py:190} INFO - [2024-10-21T09:03:40.172+0000] {dag.py:4156} INFO - Setting next_dagrun for example_subdag_operator.section-1 to None, run_after=None
[2024-10-21T09:03:40.204+0000] {logging_mixin.py:190} INFO - [2024-10-21T09:03:40.203+0000] {dag.py:4156} INFO - Setting next_dagrun for example_subdag_operator.section-2 to None, run_after=None
[2024-10-21T09:03:40.376+0000] {processor.py:208} INFO - Processing /home/airflow/.local/lib/python3.12/site-packages/airflow/example_dags/example_subdag_operator.py took 4.851 seconds
[2024-10-21T09:09:15.416+0000] {processor.py:186} INFO - Started process (PID=73) to work on /home/airflow/.local/lib/python3.12/site-packages/airflow/example_dags/example_subdag_operator.py
[2024-10-21T09:09:15.424+0000] {processor.py:914} INFO - Processing file /home/airflow/.local/lib/python3.12/site-packages/airflow/example_dags/example_subdag_operator.py for tasks to queue
[2024-10-21T09:09:15.443+0000] {logging_mixin.py:190} INFO - [2024-10-21T09:09:15.441+0000] {dagbag.py:587} INFO - Filling up the DagBag from /home/airflow/.local/lib/python3.12/site-packages/airflow/example_dags/example_subdag_operator.py
[2024-10-21T09:09:15.539+0000] {processor.py:925} INFO - DAG(s) 'example_subdag_operator.section-1', 'example_subdag_operator.section-2', 'example_subdag_operator' retrieved from /home/airflow/.local/lib/python3.12/site-packages/airflow/example_dags/example_subdag_operator.py
[2024-10-21T09:09:15.756+0000] {logging_mixin.py:190} INFO - [2024-10-21T09:09:15.755+0000] {dag.py:3229} INFO - Sync 3 DAGs
[2024-10-21T09:09:16.017+0000] {logging_mixin.py:190} INFO - [2024-10-21T09:09:16.014+0000] {dag.py:4156} INFO - Setting next_dagrun for example_subdag_operator to 2022-01-01 00:00:00+00:00, run_after=2022-01-01 00:00:00+00:00
[2024-10-21T09:09:16.203+0000] {logging_mixin.py:190} INFO - [2024-10-21T09:09:16.192+0000] {dag.py:4156} INFO - Setting next_dagrun for example_subdag_operator.section-1 to None, run_after=None
[2024-10-21T09:09:16.276+0000] {logging_mixin.py:190} INFO - [2024-10-21T09:09:16.273+0000] {dag.py:4156} INFO - Setting next_dagrun for example_subdag_operator.section-2 to None, run_after=None
[2024-10-21T09:09:16.443+0000] {logging_mixin.py:190} INFO - [2024-10-21T09:09:16.442+0000] {dag.py:3229} INFO - Sync 2 DAGs
[2024-10-21T09:09:16.523+0000] {logging_mixin.py:190} INFO - [2024-10-21T09:09:16.522+0000] {dag.py:4156} INFO - Setting next_dagrun for example_subdag_operator.section-1 to None, run_after=None
[2024-10-21T09:09:16.526+0000] {logging_mixin.py:190} INFO - [2024-10-21T09:09:16.525+0000] {dag.py:4156} INFO - Setting next_dagrun for example_subdag_operator.section-2 to None, run_after=None
[2024-10-21T09:09:16.666+0000] {processor.py:208} INFO - Processing /home/airflow/.local/lib/python3.12/site-packages/airflow/example_dags/example_subdag_operator.py took 1.301 seconds
[2024-10-21T09:09:47.244+0000] {processor.py:186} INFO - Started process (PID=135) to work on /home/airflow/.local/lib/python3.12/site-packages/airflow/example_dags/example_subdag_operator.py
[2024-10-21T09:09:47.252+0000] {processor.py:914} INFO - Processing file /home/airflow/.local/lib/python3.12/site-packages/airflow/example_dags/example_subdag_operator.py for tasks to queue
[2024-10-21T09:09:47.262+0000] {logging_mixin.py:190} INFO - [2024-10-21T09:09:47.258+0000] {dagbag.py:587} INFO - Filling up the DagBag from /home/airflow/.local/lib/python3.12/site-packages/airflow/example_dags/example_subdag_operator.py
[2024-10-21T09:09:47.335+0000] {processor.py:925} INFO - DAG(s) 'example_subdag_operator.section-1', 'example_subdag_operator.section-2', 'example_subdag_operator' retrieved from /home/airflow/.local/lib/python3.12/site-packages/airflow/example_dags/example_subdag_operator.py
[2024-10-21T09:09:47.393+0000] {logging_mixin.py:190} INFO - [2024-10-21T09:09:47.392+0000] {dag.py:3229} INFO - Sync 3 DAGs
[2024-10-21T09:09:47.508+0000] {logging_mixin.py:190} INFO - [2024-10-21T09:09:47.507+0000] {dag.py:4156} INFO - Setting next_dagrun for example_subdag_operator to 2022-01-01 00:00:00+00:00, run_after=2022-01-01 00:00:00+00:00
[2024-10-21T09:09:47.551+0000] {logging_mixin.py:190} INFO - [2024-10-21T09:09:47.550+0000] {dag.py:4156} INFO - Setting next_dagrun for example_subdag_operator.section-1 to None, run_after=None
[2024-10-21T09:09:47.572+0000] {logging_mixin.py:190} INFO - [2024-10-21T09:09:47.568+0000] {dag.py:4156} INFO - Setting next_dagrun for example_subdag_operator.section-2 to None, run_after=None
[2024-10-21T09:09:47.661+0000] {logging_mixin.py:190} INFO - [2024-10-21T09:09:47.660+0000] {dag.py:3229} INFO - Sync 2 DAGs
[2024-10-21T09:09:47.697+0000] {logging_mixin.py:190} INFO - [2024-10-21T09:09:47.696+0000] {dag.py:4156} INFO - Setting next_dagrun for example_subdag_operator.section-1 to None, run_after=None
[2024-10-21T09:09:47.702+0000] {logging_mixin.py:190} INFO - [2024-10-21T09:09:47.702+0000] {dag.py:4156} INFO - Setting next_dagrun for example_subdag_operator.section-2 to None, run_after=None
[2024-10-21T09:09:47.777+0000] {processor.py:208} INFO - Processing /home/airflow/.local/lib/python3.12/site-packages/airflow/example_dags/example_subdag_operator.py took 0.565 seconds
[2024-10-21T09:12:31.383+0000] {processor.py:186} INFO - Started process (PID=71) to work on /home/airflow/.local/lib/python3.12/site-packages/airflow/example_dags/example_subdag_operator.py
[2024-10-21T09:12:31.407+0000] {processor.py:914} INFO - Processing file /home/airflow/.local/lib/python3.12/site-packages/airflow/example_dags/example_subdag_operator.py for tasks to queue
[2024-10-21T09:12:31.449+0000] {logging_mixin.py:190} INFO - [2024-10-21T09:12:31.439+0000] {dagbag.py:587} INFO - Filling up the DagBag from /home/airflow/.local/lib/python3.12/site-packages/airflow/example_dags/example_subdag_operator.py
[2024-10-21T09:12:31.681+0000] {processor.py:925} INFO - DAG(s) 'example_subdag_operator.section-1', 'example_subdag_operator.section-2', 'example_subdag_operator' retrieved from /home/airflow/.local/lib/python3.12/site-packages/airflow/example_dags/example_subdag_operator.py
[2024-10-21T09:12:31.920+0000] {logging_mixin.py:190} INFO - [2024-10-21T09:12:31.917+0000] {dag.py:3229} INFO - Sync 3 DAGs
[2024-10-21T09:12:32.136+0000] {logging_mixin.py:190} INFO - [2024-10-21T09:12:32.135+0000] {dag.py:4156} INFO - Setting next_dagrun for example_subdag_operator to 2022-01-01 00:00:00+00:00, run_after=2022-01-01 00:00:00+00:00
[2024-10-21T09:12:32.155+0000] {logging_mixin.py:190} INFO - [2024-10-21T09:12:32.154+0000] {dag.py:4156} INFO - Setting next_dagrun for example_subdag_operator.section-1 to None, run_after=None
[2024-10-21T09:12:32.162+0000] {logging_mixin.py:190} INFO - [2024-10-21T09:12:32.162+0000] {dag.py:4156} INFO - Setting next_dagrun for example_subdag_operator.section-2 to None, run_after=None
[2024-10-21T09:12:32.193+0000] {logging_mixin.py:190} INFO - [2024-10-21T09:12:32.193+0000] {dag.py:3229} INFO - Sync 2 DAGs
[2024-10-21T09:12:32.215+0000] {logging_mixin.py:190} INFO - [2024-10-21T09:12:32.215+0000] {dag.py:4156} INFO - Setting next_dagrun for example_subdag_operator.section-1 to None, run_after=None
[2024-10-21T09:12:32.218+0000] {logging_mixin.py:190} INFO - [2024-10-21T09:12:32.217+0000] {dag.py:4156} INFO - Setting next_dagrun for example_subdag_operator.section-2 to None, run_after=None
[2024-10-21T09:12:32.351+0000] {processor.py:208} INFO - Processing /home/airflow/.local/lib/python3.12/site-packages/airflow/example_dags/example_subdag_operator.py took 0.997 seconds
[2024-10-21T18:01:11.958+0000] {processor.py:186} INFO - Started process (PID=89) to work on /home/airflow/.local/lib/python3.12/site-packages/airflow/example_dags/example_subdag_operator.py
[2024-10-21T18:01:11.970+0000] {processor.py:914} INFO - Processing file /home/airflow/.local/lib/python3.12/site-packages/airflow/example_dags/example_subdag_operator.py for tasks to queue
[2024-10-21T18:01:11.984+0000] {logging_mixin.py:190} INFO - [2024-10-21T18:01:11.983+0000] {dagbag.py:587} INFO - Filling up the DagBag from /home/airflow/.local/lib/python3.12/site-packages/airflow/example_dags/example_subdag_operator.py
[2024-10-21T18:01:12.454+0000] {processor.py:925} INFO - DAG(s) 'example_subdag_operator.section-1', 'example_subdag_operator.section-2', 'example_subdag_operator' retrieved from /home/airflow/.local/lib/python3.12/site-packages/airflow/example_dags/example_subdag_operator.py
[2024-10-21T18:01:13.221+0000] {logging_mixin.py:190} INFO - [2024-10-21T18:01:13.220+0000] {dag.py:3229} INFO - Sync 3 DAGs
[2024-10-21T18:01:14.390+0000] {logging_mixin.py:190} INFO - [2024-10-21T18:01:14.379+0000] {dag.py:4156} INFO - Setting next_dagrun for example_subdag_operator to 2022-01-01 00:00:00+00:00, run_after=2022-01-01 00:00:00+00:00
[2024-10-21T18:01:14.515+0000] {logging_mixin.py:190} INFO - [2024-10-21T18:01:14.514+0000] {dag.py:4156} INFO - Setting next_dagrun for example_subdag_operator.section-1 to None, run_after=None
[2024-10-21T18:01:14.532+0000] {logging_mixin.py:190} INFO - [2024-10-21T18:01:14.530+0000] {dag.py:4156} INFO - Setting next_dagrun for example_subdag_operator.section-2 to None, run_after=None
[2024-10-21T18:01:14.738+0000] {logging_mixin.py:190} INFO - [2024-10-21T18:01:14.738+0000] {dag.py:3229} INFO - Sync 2 DAGs
[2024-10-21T18:01:15.056+0000] {logging_mixin.py:190} INFO - [2024-10-21T18:01:15.055+0000] {dag.py:4156} INFO - Setting next_dagrun for example_subdag_operator.section-1 to None, run_after=None
[2024-10-21T18:01:15.062+0000] {logging_mixin.py:190} INFO - [2024-10-21T18:01:15.062+0000] {dag.py:4156} INFO - Setting next_dagrun for example_subdag_operator.section-2 to None, run_after=None
[2024-10-21T18:01:15.140+0000] {processor.py:208} INFO - Processing /home/airflow/.local/lib/python3.12/site-packages/airflow/example_dags/example_subdag_operator.py took 3.245 seconds
[2024-10-21T18:02:20.789+0000] {processor.py:186} INFO - Started process (PID=157) to work on /home/airflow/.local/lib/python3.12/site-packages/airflow/example_dags/example_subdag_operator.py
[2024-10-21T18:02:20.796+0000] {processor.py:914} INFO - Processing file /home/airflow/.local/lib/python3.12/site-packages/airflow/example_dags/example_subdag_operator.py for tasks to queue
[2024-10-21T18:02:20.832+0000] {logging_mixin.py:190} INFO - [2024-10-21T18:02:20.829+0000] {dagbag.py:587} INFO - Filling up the DagBag from /home/airflow/.local/lib/python3.12/site-packages/airflow/example_dags/example_subdag_operator.py
[2024-10-21T18:02:21.026+0000] {processor.py:925} INFO - DAG(s) 'example_subdag_operator.section-1', 'example_subdag_operator.section-2', 'example_subdag_operator' retrieved from /home/airflow/.local/lib/python3.12/site-packages/airflow/example_dags/example_subdag_operator.py
[2024-10-21T18:02:21.186+0000] {logging_mixin.py:190} INFO - [2024-10-21T18:02:21.185+0000] {dag.py:3229} INFO - Sync 3 DAGs
[2024-10-21T18:02:21.538+0000] {logging_mixin.py:190} INFO - [2024-10-21T18:02:21.498+0000] {dag.py:4156} INFO - Setting next_dagrun for example_subdag_operator to 2022-01-01 00:00:00+00:00, run_after=2022-01-01 00:00:00+00:00
[2024-10-21T18:02:21.572+0000] {logging_mixin.py:190} INFO - [2024-10-21T18:02:21.571+0000] {dag.py:4156} INFO - Setting next_dagrun for example_subdag_operator.section-1 to None, run_after=None
[2024-10-21T18:02:21.635+0000] {logging_mixin.py:190} INFO - [2024-10-21T18:02:21.633+0000] {dag.py:4156} INFO - Setting next_dagrun for example_subdag_operator.section-2 to None, run_after=None
[2024-10-21T18:02:21.764+0000] {logging_mixin.py:190} INFO - [2024-10-21T18:02:21.763+0000] {dag.py:3229} INFO - Sync 2 DAGs
[2024-10-21T18:02:21.865+0000] {logging_mixin.py:190} INFO - [2024-10-21T18:02:21.865+0000] {dag.py:4156} INFO - Setting next_dagrun for example_subdag_operator.section-1 to None, run_after=None
[2024-10-21T18:02:21.869+0000] {logging_mixin.py:190} INFO - [2024-10-21T18:02:21.869+0000] {dag.py:4156} INFO - Setting next_dagrun for example_subdag_operator.section-2 to None, run_after=None
[2024-10-21T18:02:22.019+0000] {processor.py:208} INFO - Processing /home/airflow/.local/lib/python3.12/site-packages/airflow/example_dags/example_subdag_operator.py took 1.499 seconds
[2024-10-21T18:03:25.208+0000] {processor.py:186} INFO - Started process (PID=231) to work on /home/airflow/.local/lib/python3.12/site-packages/airflow/example_dags/example_subdag_operator.py
[2024-10-21T18:03:25.231+0000] {processor.py:914} INFO - Processing file /home/airflow/.local/lib/python3.12/site-packages/airflow/example_dags/example_subdag_operator.py for tasks to queue
[2024-10-21T18:03:25.259+0000] {logging_mixin.py:190} INFO - [2024-10-21T18:03:25.258+0000] {dagbag.py:587} INFO - Filling up the DagBag from /home/airflow/.local/lib/python3.12/site-packages/airflow/example_dags/example_subdag_operator.py
[2024-10-21T18:03:25.477+0000] {processor.py:925} INFO - DAG(s) 'example_subdag_operator.section-1', 'example_subdag_operator.section-2', 'example_subdag_operator' retrieved from /home/airflow/.local/lib/python3.12/site-packages/airflow/example_dags/example_subdag_operator.py
[2024-10-21T18:03:25.692+0000] {logging_mixin.py:190} INFO - [2024-10-21T18:03:25.691+0000] {dag.py:3229} INFO - Sync 3 DAGs
[2024-10-21T18:03:26.049+0000] {logging_mixin.py:190} INFO - [2024-10-21T18:03:26.049+0000] {dag.py:4156} INFO - Setting next_dagrun for example_subdag_operator to 2022-01-01 00:00:00+00:00, run_after=2022-01-01 00:00:00+00:00
[2024-10-21T18:03:26.095+0000] {logging_mixin.py:190} INFO - [2024-10-21T18:03:26.095+0000] {dag.py:4156} INFO - Setting next_dagrun for example_subdag_operator.section-1 to None, run_after=None
[2024-10-21T18:03:26.132+0000] {logging_mixin.py:190} INFO - [2024-10-21T18:03:26.131+0000] {dag.py:4156} INFO - Setting next_dagrun for example_subdag_operator.section-2 to None, run_after=None
[2024-10-21T18:03:26.185+0000] {logging_mixin.py:190} INFO - [2024-10-21T18:03:26.185+0000] {dag.py:3229} INFO - Sync 2 DAGs
[2024-10-21T18:03:26.239+0000] {logging_mixin.py:190} INFO - [2024-10-21T18:03:26.238+0000] {dag.py:4156} INFO - Setting next_dagrun for example_subdag_operator.section-1 to None, run_after=None
[2024-10-21T18:03:26.265+0000] {logging_mixin.py:190} INFO - [2024-10-21T18:03:26.263+0000] {dag.py:4156} INFO - Setting next_dagrun for example_subdag_operator.section-2 to None, run_after=None
[2024-10-21T18:03:26.461+0000] {processor.py:208} INFO - Processing /home/airflow/.local/lib/python3.12/site-packages/airflow/example_dags/example_subdag_operator.py took 1.333 seconds
[2024-10-21T18:03:59.489+0000] {processor.py:186} INFO - Started process (PID=267) to work on /home/airflow/.local/lib/python3.12/site-packages/airflow/example_dags/example_subdag_operator.py
[2024-10-21T18:03:59.503+0000] {processor.py:914} INFO - Processing file /home/airflow/.local/lib/python3.12/site-packages/airflow/example_dags/example_subdag_operator.py for tasks to queue
[2024-10-21T18:03:59.549+0000] {logging_mixin.py:190} INFO - [2024-10-21T18:03:59.548+0000] {dagbag.py:587} INFO - Filling up the DagBag from /home/airflow/.local/lib/python3.12/site-packages/airflow/example_dags/example_subdag_operator.py
[2024-10-21T18:04:00.448+0000] {processor.py:925} INFO - DAG(s) 'example_subdag_operator.section-1', 'example_subdag_operator.section-2', 'example_subdag_operator' retrieved from /home/airflow/.local/lib/python3.12/site-packages/airflow/example_dags/example_subdag_operator.py
[2024-10-21T18:04:01.003+0000] {logging_mixin.py:190} INFO - [2024-10-21T18:04:01.003+0000] {dag.py:3229} INFO - Sync 3 DAGs
[2024-10-21T18:04:01.504+0000] {logging_mixin.py:190} INFO - [2024-10-21T18:04:01.500+0000] {dag.py:4156} INFO - Setting next_dagrun for example_subdag_operator to 2022-01-01 00:00:00+00:00, run_after=2022-01-01 00:00:00+00:00
[2024-10-21T18:04:01.643+0000] {logging_mixin.py:190} INFO - [2024-10-21T18:04:01.591+0000] {dag.py:4156} INFO - Setting next_dagrun for example_subdag_operator.section-1 to None, run_after=None
[2024-10-21T18:04:01.676+0000] {logging_mixin.py:190} INFO - [2024-10-21T18:04:01.675+0000] {dag.py:4156} INFO - Setting next_dagrun for example_subdag_operator.section-2 to None, run_after=None
[2024-10-21T18:04:01.930+0000] {logging_mixin.py:190} INFO - [2024-10-21T18:04:01.929+0000] {dag.py:3229} INFO - Sync 2 DAGs
[2024-10-21T18:04:02.075+0000] {logging_mixin.py:190} INFO - [2024-10-21T18:04:02.075+0000] {dag.py:4156} INFO - Setting next_dagrun for example_subdag_operator.section-1 to None, run_after=None
[2024-10-21T18:04:02.083+0000] {logging_mixin.py:190} INFO - [2024-10-21T18:04:02.081+0000] {dag.py:4156} INFO - Setting next_dagrun for example_subdag_operator.section-2 to None, run_after=None
[2024-10-21T18:04:02.211+0000] {processor.py:208} INFO - Processing /home/airflow/.local/lib/python3.12/site-packages/airflow/example_dags/example_subdag_operator.py took 2.791 seconds
[2024-10-21T18:09:00.132+0000] {processor.py:186} INFO - Started process (PID=79) to work on /home/airflow/.local/lib/python3.12/site-packages/airflow/example_dags/example_subdag_operator.py
[2024-10-21T18:09:00.138+0000] {processor.py:914} INFO - Processing file /home/airflow/.local/lib/python3.12/site-packages/airflow/example_dags/example_subdag_operator.py for tasks to queue
[2024-10-21T18:09:00.149+0000] {logging_mixin.py:190} INFO - [2024-10-21T18:09:00.148+0000] {dagbag.py:587} INFO - Filling up the DagBag from /home/airflow/.local/lib/python3.12/site-packages/airflow/example_dags/example_subdag_operator.py
[2024-10-21T18:09:00.330+0000] {processor.py:925} INFO - DAG(s) 'example_subdag_operator.section-1', 'example_subdag_operator.section-2', 'example_subdag_operator' retrieved from /home/airflow/.local/lib/python3.12/site-packages/airflow/example_dags/example_subdag_operator.py
[2024-10-21T18:09:00.483+0000] {logging_mixin.py:190} INFO - [2024-10-21T18:09:00.482+0000] {dag.py:3229} INFO - Sync 3 DAGs
[2024-10-21T18:09:00.674+0000] {logging_mixin.py:190} INFO - [2024-10-21T18:09:00.673+0000] {dag.py:4156} INFO - Setting next_dagrun for example_subdag_operator to 2022-01-01 00:00:00+00:00, run_after=2022-01-01 00:00:00+00:00
[2024-10-21T18:09:00.699+0000] {logging_mixin.py:190} INFO - [2024-10-21T18:09:00.697+0000] {dag.py:4156} INFO - Setting next_dagrun for example_subdag_operator.section-1 to None, run_after=None
[2024-10-21T18:09:00.727+0000] {logging_mixin.py:190} INFO - [2024-10-21T18:09:00.726+0000] {dag.py:4156} INFO - Setting next_dagrun for example_subdag_operator.section-2 to None, run_after=None
[2024-10-21T18:09:00.778+0000] {logging_mixin.py:190} INFO - [2024-10-21T18:09:00.777+0000] {dag.py:3229} INFO - Sync 2 DAGs
[2024-10-21T18:09:00.801+0000] {logging_mixin.py:190} INFO - [2024-10-21T18:09:00.800+0000] {dag.py:4156} INFO - Setting next_dagrun for example_subdag_operator.section-1 to None, run_after=None
[2024-10-21T18:09:00.803+0000] {logging_mixin.py:190} INFO - [2024-10-21T18:09:00.803+0000] {dag.py:4156} INFO - Setting next_dagrun for example_subdag_operator.section-2 to None, run_after=None
[2024-10-21T18:09:00.858+0000] {processor.py:208} INFO - Processing /home/airflow/.local/lib/python3.12/site-packages/airflow/example_dags/example_subdag_operator.py took 0.787 seconds
