[2024-10-21T09:02:01.774+0000] {processor.py:186} INFO - Started process (PID=161) to work on /home/airflow/.local/lib/python3.12/site-packages/airflow/example_dags/example_external_task_marker_dag.py
[2024-10-21T09:02:01.808+0000] {processor.py:914} INFO - Processing file /home/airflow/.local/lib/python3.12/site-packages/airflow/example_dags/example_external_task_marker_dag.py for tasks to queue
[2024-10-21T09:02:01.819+0000] {logging_mixin.py:190} INFO - [2024-10-21T09:02:01.818+0000] {dagbag.py:587} INFO - Filling up the DagBag from /home/airflow/.local/lib/python3.12/site-packages/airflow/example_dags/example_external_task_marker_dag.py
[2024-10-21T09:02:01.975+0000] {processor.py:925} INFO - DAG(s) 'example_external_task_marker_child', 'example_external_task_marker_parent' retrieved from /home/airflow/.local/lib/python3.12/site-packages/airflow/example_dags/example_external_task_marker_dag.py
[2024-10-21T09:02:02.340+0000] {logging_mixin.py:190} INFO - [2024-10-21T09:02:02.340+0000] {dag.py:3229} INFO - Sync 2 DAGs
[2024-10-21T09:02:02.495+0000] {logging_mixin.py:190} INFO - [2024-10-21T09:02:02.494+0000] {dag.py:4156} INFO - Setting next_dagrun for example_external_task_marker_child to None, run_after=None
[2024-10-21T09:02:02.583+0000] {logging_mixin.py:190} INFO - [2024-10-21T09:02:02.580+0000] {dag.py:4156} INFO - Setting next_dagrun for example_external_task_marker_parent to None, run_after=None
[2024-10-21T09:02:02.792+0000] {processor.py:208} INFO - Processing /home/airflow/.local/lib/python3.12/site-packages/airflow/example_dags/example_external_task_marker_dag.py took 1.097 seconds
[2024-10-21T09:03:18.625+0000] {processor.py:186} INFO - Started process (PID=250) to work on /home/airflow/.local/lib/python3.12/site-packages/airflow/example_dags/example_external_task_marker_dag.py
[2024-10-21T09:03:18.630+0000] {processor.py:914} INFO - Processing file /home/airflow/.local/lib/python3.12/site-packages/airflow/example_dags/example_external_task_marker_dag.py for tasks to queue
[2024-10-21T09:03:18.676+0000] {logging_mixin.py:190} INFO - [2024-10-21T09:03:18.675+0000] {dagbag.py:587} INFO - Filling up the DagBag from /home/airflow/.local/lib/python3.12/site-packages/airflow/example_dags/example_external_task_marker_dag.py
[2024-10-21T09:03:18.771+0000] {processor.py:925} INFO - DAG(s) 'example_external_task_marker_child', 'example_external_task_marker_parent' retrieved from /home/airflow/.local/lib/python3.12/site-packages/airflow/example_dags/example_external_task_marker_dag.py
[2024-10-21T09:03:19.313+0000] {logging_mixin.py:190} INFO - [2024-10-21T09:03:19.312+0000] {dag.py:3229} INFO - Sync 2 DAGs
[2024-10-21T09:03:19.490+0000] {logging_mixin.py:190} INFO - [2024-10-21T09:03:19.489+0000] {dag.py:4156} INFO - Setting next_dagrun for example_external_task_marker_child to None, run_after=None
[2024-10-21T09:03:19.578+0000] {logging_mixin.py:190} INFO - [2024-10-21T09:03:19.578+0000] {dag.py:4156} INFO - Setting next_dagrun for example_external_task_marker_parent to None, run_after=None
[2024-10-21T09:03:19.732+0000] {processor.py:208} INFO - Processing /home/airflow/.local/lib/python3.12/site-packages/airflow/example_dags/example_external_task_marker_dag.py took 1.186 seconds
[2024-10-21T09:09:44.990+0000] {processor.py:186} INFO - Started process (PID=127) to work on /home/airflow/.local/lib/python3.12/site-packages/airflow/example_dags/example_external_task_marker_dag.py
[2024-10-21T09:09:44.996+0000] {processor.py:914} INFO - Processing file /home/airflow/.local/lib/python3.12/site-packages/airflow/example_dags/example_external_task_marker_dag.py for tasks to queue
[2024-10-21T09:09:45.034+0000] {logging_mixin.py:190} INFO - [2024-10-21T09:09:45.033+0000] {dagbag.py:587} INFO - Filling up the DagBag from /home/airflow/.local/lib/python3.12/site-packages/airflow/example_dags/example_external_task_marker_dag.py
[2024-10-21T09:09:45.068+0000] {processor.py:925} INFO - DAG(s) 'example_external_task_marker_child', 'example_external_task_marker_parent' retrieved from /home/airflow/.local/lib/python3.12/site-packages/airflow/example_dags/example_external_task_marker_dag.py
[2024-10-21T09:09:45.149+0000] {logging_mixin.py:190} INFO - [2024-10-21T09:09:45.149+0000] {dag.py:3229} INFO - Sync 2 DAGs
[2024-10-21T09:09:45.209+0000] {logging_mixin.py:190} INFO - [2024-10-21T09:09:45.208+0000] {dag.py:4156} INFO - Setting next_dagrun for example_external_task_marker_child to None, run_after=None
[2024-10-21T09:09:45.219+0000] {logging_mixin.py:190} INFO - [2024-10-21T09:09:45.218+0000] {dag.py:4156} INFO - Setting next_dagrun for example_external_task_marker_parent to None, run_after=None
[2024-10-21T09:09:45.313+0000] {processor.py:208} INFO - Processing /home/airflow/.local/lib/python3.12/site-packages/airflow/example_dags/example_external_task_marker_dag.py took 0.352 seconds
[2024-10-21T18:02:14.238+0000] {processor.py:186} INFO - Started process (PID=149) to work on /home/airflow/.local/lib/python3.12/site-packages/airflow/example_dags/example_external_task_marker_dag.py
[2024-10-21T18:02:14.257+0000] {processor.py:914} INFO - Processing file /home/airflow/.local/lib/python3.12/site-packages/airflow/example_dags/example_external_task_marker_dag.py for tasks to queue
[2024-10-21T18:02:14.273+0000] {logging_mixin.py:190} INFO - [2024-10-21T18:02:14.271+0000] {dagbag.py:587} INFO - Filling up the DagBag from /home/airflow/.local/lib/python3.12/site-packages/airflow/example_dags/example_external_task_marker_dag.py
[2024-10-21T18:02:14.506+0000] {processor.py:925} INFO - DAG(s) 'example_external_task_marker_parent', 'example_external_task_marker_child' retrieved from /home/airflow/.local/lib/python3.12/site-packages/airflow/example_dags/example_external_task_marker_dag.py
[2024-10-21T18:02:14.837+0000] {logging_mixin.py:190} INFO - [2024-10-21T18:02:14.830+0000] {dag.py:3229} INFO - Sync 2 DAGs
[2024-10-21T18:02:15.028+0000] {logging_mixin.py:190} INFO - [2024-10-21T18:02:15.026+0000] {dag.py:4156} INFO - Setting next_dagrun for example_external_task_marker_child to None, run_after=None
[2024-10-21T18:02:15.071+0000] {logging_mixin.py:190} INFO - [2024-10-21T18:02:15.070+0000] {dag.py:4156} INFO - Setting next_dagrun for example_external_task_marker_parent to None, run_after=None
[2024-10-21T18:02:15.213+0000] {processor.py:208} INFO - Processing /home/airflow/.local/lib/python3.12/site-packages/airflow/example_dags/example_external_task_marker_dag.py took 1.102 seconds
[2024-10-21T18:03:20.688+0000] {processor.py:186} INFO - Started process (PID=219) to work on /home/airflow/.local/lib/python3.12/site-packages/airflow/example_dags/example_external_task_marker_dag.py
[2024-10-21T18:03:20.693+0000] {processor.py:914} INFO - Processing file /home/airflow/.local/lib/python3.12/site-packages/airflow/example_dags/example_external_task_marker_dag.py for tasks to queue
[2024-10-21T18:03:20.701+0000] {logging_mixin.py:190} INFO - [2024-10-21T18:03:20.700+0000] {dagbag.py:587} INFO - Filling up the DagBag from /home/airflow/.local/lib/python3.12/site-packages/airflow/example_dags/example_external_task_marker_dag.py
[2024-10-21T18:03:20.866+0000] {processor.py:925} INFO - DAG(s) 'example_external_task_marker_parent', 'example_external_task_marker_child' retrieved from /home/airflow/.local/lib/python3.12/site-packages/airflow/example_dags/example_external_task_marker_dag.py
[2024-10-21T18:03:21.391+0000] {logging_mixin.py:190} INFO - [2024-10-21T18:03:21.313+0000] {dag.py:3229} INFO - Sync 2 DAGs
[2024-10-21T18:03:22.048+0000] {logging_mixin.py:190} INFO - [2024-10-21T18:03:22.047+0000] {dag.py:4156} INFO - Setting next_dagrun for example_external_task_marker_child to None, run_after=None
[2024-10-21T18:03:22.245+0000] {logging_mixin.py:190} INFO - [2024-10-21T18:03:22.245+0000] {dag.py:4156} INFO - Setting next_dagrun for example_external_task_marker_parent to None, run_after=None
[2024-10-21T18:03:22.931+0000] {processor.py:208} INFO - Processing /home/airflow/.local/lib/python3.12/site-packages/airflow/example_dags/example_external_task_marker_dag.py took 2.539 seconds
[2024-10-21T18:09:28.822+0000] {processor.py:186} INFO - Started process (PID=136) to work on /home/airflow/.local/lib/python3.12/site-packages/airflow/example_dags/example_external_task_marker_dag.py
[2024-10-21T18:09:28.829+0000] {processor.py:914} INFO - Processing file /home/airflow/.local/lib/python3.12/site-packages/airflow/example_dags/example_external_task_marker_dag.py for tasks to queue
[2024-10-21T18:09:28.837+0000] {logging_mixin.py:190} INFO - [2024-10-21T18:09:28.835+0000] {dagbag.py:587} INFO - Filling up the DagBag from /home/airflow/.local/lib/python3.12/site-packages/airflow/example_dags/example_external_task_marker_dag.py
[2024-10-21T18:09:28.900+0000] {processor.py:925} INFO - DAG(s) 'example_external_task_marker_child', 'example_external_task_marker_parent' retrieved from /home/airflow/.local/lib/python3.12/site-packages/airflow/example_dags/example_external_task_marker_dag.py
[2024-10-21T18:09:29.130+0000] {logging_mixin.py:190} INFO - [2024-10-21T18:09:29.129+0000] {dag.py:3229} INFO - Sync 2 DAGs
[2024-10-21T18:09:29.305+0000] {logging_mixin.py:190} INFO - [2024-10-21T18:09:29.303+0000] {dag.py:4156} INFO - Setting next_dagrun for example_external_task_marker_child to None, run_after=None
[2024-10-21T18:09:29.351+0000] {logging_mixin.py:190} INFO - [2024-10-21T18:09:29.351+0000] {dag.py:4156} INFO - Setting next_dagrun for example_external_task_marker_parent to None, run_after=None
[2024-10-21T18:09:29.445+0000] {processor.py:208} INFO - Processing /home/airflow/.local/lib/python3.12/site-packages/airflow/example_dags/example_external_task_marker_dag.py took 0.662 seconds
