[2024-10-21T09:01:28.331+0000] {processor.py:186} INFO - Started process (PID=137) to work on /home/airflow/.local/lib/python3.12/site-packages/airflow/example_dags/example_inlet_event_extra.py
[2024-10-21T09:01:28.364+0000] {processor.py:914} INFO - Processing file /home/airflow/.local/lib/python3.12/site-packages/airflow/example_dags/example_inlet_event_extra.py for tasks to queue
[2024-10-21T09:01:28.463+0000] {logging_mixin.py:190} INFO - [2024-10-21T09:01:28.462+0000] {dagbag.py:587} INFO - Filling up the DagBag from /home/airflow/.local/lib/python3.12/site-packages/airflow/example_dags/example_inlet_event_extra.py
[2024-10-21T09:01:29.710+0000] {processor.py:925} INFO - DAG(s) 'read_dataset_event_from_classic', 'read_dataset_event' retrieved from /home/airflow/.local/lib/python3.12/site-packages/airflow/example_dags/example_inlet_event_extra.py
[2024-10-21T09:01:30.304+0000] {logging_mixin.py:190} INFO - [2024-10-21T09:01:30.304+0000] {dag.py:3229} INFO - Sync 2 DAGs
[2024-10-21T09:01:30.582+0000] {logging_mixin.py:190} INFO - [2024-10-21T09:01:30.581+0000] {dag.py:4156} INFO - Setting next_dagrun for read_dataset_event to 2024-10-20 00:00:00+00:00, run_after=2024-10-21 00:00:00+00:00
[2024-10-21T09:01:30.744+0000] {logging_mixin.py:190} INFO - [2024-10-21T09:01:30.740+0000] {dag.py:4156} INFO - Setting next_dagrun for read_dataset_event_from_classic to 2024-10-20 00:00:00+00:00, run_after=2024-10-21 00:00:00+00:00
[2024-10-21T09:01:31.019+0000] {processor.py:208} INFO - Processing /home/airflow/.local/lib/python3.12/site-packages/airflow/example_dags/example_inlet_event_extra.py took 2.897 seconds
[2024-10-21T09:03:02.742+0000] {processor.py:186} INFO - Started process (PID=226) to work on /home/airflow/.local/lib/python3.12/site-packages/airflow/example_dags/example_inlet_event_extra.py
[2024-10-21T09:03:02.754+0000] {processor.py:914} INFO - Processing file /home/airflow/.local/lib/python3.12/site-packages/airflow/example_dags/example_inlet_event_extra.py for tasks to queue
[2024-10-21T09:03:02.762+0000] {logging_mixin.py:190} INFO - [2024-10-21T09:03:02.761+0000] {dagbag.py:587} INFO - Filling up the DagBag from /home/airflow/.local/lib/python3.12/site-packages/airflow/example_dags/example_inlet_event_extra.py
[2024-10-21T09:03:04.005+0000] {processor.py:925} INFO - DAG(s) 'read_dataset_event_from_classic', 'read_dataset_event' retrieved from /home/airflow/.local/lib/python3.12/site-packages/airflow/example_dags/example_inlet_event_extra.py
[2024-10-21T09:03:04.319+0000] {logging_mixin.py:190} INFO - [2024-10-21T09:03:04.318+0000] {dag.py:3229} INFO - Sync 2 DAGs
[2024-10-21T09:03:04.727+0000] {logging_mixin.py:190} INFO - [2024-10-21T09:03:04.726+0000] {dag.py:4156} INFO - Setting next_dagrun for read_dataset_event to 2024-10-20 00:00:00+00:00, run_after=2024-10-21 00:00:00+00:00
[2024-10-21T09:03:04.849+0000] {logging_mixin.py:190} INFO - [2024-10-21T09:03:04.828+0000] {dag.py:4156} INFO - Setting next_dagrun for read_dataset_event_from_classic to 2024-10-20 00:00:00+00:00, run_after=2024-10-21 00:00:00+00:00
[2024-10-21T09:03:05.069+0000] {processor.py:208} INFO - Processing /home/airflow/.local/lib/python3.12/site-packages/airflow/example_dags/example_inlet_event_extra.py took 2.398 seconds
[2024-10-21T09:09:33.842+0000] {processor.py:186} INFO - Started process (PID=109) to work on /home/airflow/.local/lib/python3.12/site-packages/airflow/example_dags/example_inlet_event_extra.py
[2024-10-21T09:09:33.880+0000] {processor.py:914} INFO - Processing file /home/airflow/.local/lib/python3.12/site-packages/airflow/example_dags/example_inlet_event_extra.py for tasks to queue
[2024-10-21T09:09:33.934+0000] {logging_mixin.py:190} INFO - [2024-10-21T09:09:33.917+0000] {dagbag.py:587} INFO - Filling up the DagBag from /home/airflow/.local/lib/python3.12/site-packages/airflow/example_dags/example_inlet_event_extra.py
[2024-10-21T09:09:36.236+0000] {processor.py:925} INFO - DAG(s) 'read_dataset_event', 'read_dataset_event_from_classic' retrieved from /home/airflow/.local/lib/python3.12/site-packages/airflow/example_dags/example_inlet_event_extra.py
[2024-10-21T09:09:36.341+0000] {logging_mixin.py:190} INFO - [2024-10-21T09:09:36.340+0000] {dag.py:3229} INFO - Sync 2 DAGs
[2024-10-21T09:09:36.527+0000] {logging_mixin.py:190} INFO - [2024-10-21T09:09:36.526+0000] {dag.py:4156} INFO - Setting next_dagrun for read_dataset_event to 2024-10-20 00:00:00+00:00, run_after=2024-10-21 00:00:00+00:00
[2024-10-21T09:09:36.570+0000] {logging_mixin.py:190} INFO - [2024-10-21T09:09:36.568+0000] {dag.py:4156} INFO - Setting next_dagrun for read_dataset_event_from_classic to 2024-10-20 00:00:00+00:00, run_after=2024-10-21 00:00:00+00:00
[2024-10-21T09:09:36.690+0000] {processor.py:208} INFO - Processing /home/airflow/.local/lib/python3.12/site-packages/airflow/example_dags/example_inlet_event_extra.py took 2.888 seconds
[2024-10-21T18:01:50.070+0000] {processor.py:186} INFO - Started process (PID=125) to work on /home/airflow/.local/lib/python3.12/site-packages/airflow/example_dags/example_inlet_event_extra.py
[2024-10-21T18:01:50.088+0000] {processor.py:914} INFO - Processing file /home/airflow/.local/lib/python3.12/site-packages/airflow/example_dags/example_inlet_event_extra.py for tasks to queue
[2024-10-21T18:01:50.098+0000] {logging_mixin.py:190} INFO - [2024-10-21T18:01:50.097+0000] {dagbag.py:587} INFO - Filling up the DagBag from /home/airflow/.local/lib/python3.12/site-packages/airflow/example_dags/example_inlet_event_extra.py
[2024-10-21T18:01:52.716+0000] {processor.py:925} INFO - DAG(s) 'read_dataset_event', 'read_dataset_event_from_classic' retrieved from /home/airflow/.local/lib/python3.12/site-packages/airflow/example_dags/example_inlet_event_extra.py
[2024-10-21T18:01:52.984+0000] {logging_mixin.py:190} INFO - [2024-10-21T18:01:52.983+0000] {dag.py:3229} INFO - Sync 2 DAGs
[2024-10-21T18:01:53.485+0000] {logging_mixin.py:190} INFO - [2024-10-21T18:01:53.485+0000] {dag.py:4156} INFO - Setting next_dagrun for read_dataset_event to 2024-10-20 00:00:00+00:00, run_after=2024-10-21 00:00:00+00:00
[2024-10-21T18:01:53.531+0000] {logging_mixin.py:190} INFO - [2024-10-21T18:01:53.531+0000] {dag.py:4156} INFO - Setting next_dagrun for read_dataset_event_from_classic to 2024-10-20 00:00:00+00:00, run_after=2024-10-21 00:00:00+00:00
[2024-10-21T18:01:53.727+0000] {processor.py:208} INFO - Processing /home/airflow/.local/lib/python3.12/site-packages/airflow/example_dags/example_inlet_event_extra.py took 3.747 seconds
[2024-10-21T18:02:59.583+0000] {processor.py:186} INFO - Started process (PID=201) to work on /home/airflow/.local/lib/python3.12/site-packages/airflow/example_dags/example_inlet_event_extra.py
[2024-10-21T18:02:59.586+0000] {processor.py:914} INFO - Processing file /home/airflow/.local/lib/python3.12/site-packages/airflow/example_dags/example_inlet_event_extra.py for tasks to queue
[2024-10-21T18:02:59.600+0000] {logging_mixin.py:190} INFO - [2024-10-21T18:02:59.599+0000] {dagbag.py:587} INFO - Filling up the DagBag from /home/airflow/.local/lib/python3.12/site-packages/airflow/example_dags/example_inlet_event_extra.py
[2024-10-21T18:03:01.997+0000] {processor.py:925} INFO - DAG(s) 'read_dataset_event_from_classic', 'read_dataset_event' retrieved from /home/airflow/.local/lib/python3.12/site-packages/airflow/example_dags/example_inlet_event_extra.py
[2024-10-21T18:03:02.233+0000] {logging_mixin.py:190} INFO - [2024-10-21T18:03:02.232+0000] {dag.py:3229} INFO - Sync 2 DAGs
[2024-10-21T18:03:02.451+0000] {logging_mixin.py:190} INFO - [2024-10-21T18:03:02.447+0000] {dag.py:4156} INFO - Setting next_dagrun for read_dataset_event to 2024-10-20 00:00:00+00:00, run_after=2024-10-21 00:00:00+00:00
[2024-10-21T18:03:02.519+0000] {logging_mixin.py:190} INFO - [2024-10-21T18:03:02.519+0000] {dag.py:4156} INFO - Setting next_dagrun for read_dataset_event_from_classic to 2024-10-20 00:00:00+00:00, run_after=2024-10-21 00:00:00+00:00
[2024-10-21T18:03:02.870+0000] {processor.py:208} INFO - Processing /home/airflow/.local/lib/python3.12/site-packages/airflow/example_dags/example_inlet_event_extra.py took 3.314 seconds
[2024-10-21T18:04:09.845+0000] {processor.py:186} INFO - Started process (PID=272) to work on /home/airflow/.local/lib/python3.12/site-packages/airflow/example_dags/example_inlet_event_extra.py
[2024-10-21T18:04:09.860+0000] {processor.py:914} INFO - Processing file /home/airflow/.local/lib/python3.12/site-packages/airflow/example_dags/example_inlet_event_extra.py for tasks to queue
[2024-10-21T18:04:09.905+0000] {logging_mixin.py:190} INFO - [2024-10-21T18:04:09.899+0000] {dagbag.py:587} INFO - Filling up the DagBag from /home/airflow/.local/lib/python3.12/site-packages/airflow/example_dags/example_inlet_event_extra.py
[2024-10-21T18:04:14.332+0000] {processor.py:925} INFO - DAG(s) 'read_dataset_event_from_classic', 'read_dataset_event' retrieved from /home/airflow/.local/lib/python3.12/site-packages/airflow/example_dags/example_inlet_event_extra.py
[2024-10-21T18:04:14.818+0000] {logging_mixin.py:190} INFO - [2024-10-21T18:04:14.817+0000] {dag.py:3229} INFO - Sync 2 DAGs
[2024-10-21T18:04:17.186+0000] {logging_mixin.py:190} INFO - [2024-10-21T18:04:17.176+0000] {dag.py:4156} INFO - Setting next_dagrun for read_dataset_event to 2024-10-20 00:00:00+00:00, run_after=2024-10-21 00:00:00+00:00
[2024-10-21T18:04:17.301+0000] {logging_mixin.py:190} INFO - [2024-10-21T18:04:17.300+0000] {dag.py:4156} INFO - Setting next_dagrun for read_dataset_event_from_classic to 2024-10-20 00:00:00+00:00, run_after=2024-10-21 00:00:00+00:00
[2024-10-21T18:04:19.885+0000] {processor.py:208} INFO - Processing /home/airflow/.local/lib/python3.12/site-packages/airflow/example_dags/example_inlet_event_extra.py took 10.090 seconds
[2024-10-21T18:09:17.159+0000] {processor.py:186} INFO - Started process (PID=110) to work on /home/airflow/.local/lib/python3.12/site-packages/airflow/example_dags/example_inlet_event_extra.py
[2024-10-21T18:09:17.168+0000] {processor.py:914} INFO - Processing file /home/airflow/.local/lib/python3.12/site-packages/airflow/example_dags/example_inlet_event_extra.py for tasks to queue
[2024-10-21T18:09:17.179+0000] {logging_mixin.py:190} INFO - [2024-10-21T18:09:17.176+0000] {dagbag.py:587} INFO - Filling up the DagBag from /home/airflow/.local/lib/python3.12/site-packages/airflow/example_dags/example_inlet_event_extra.py
[2024-10-21T18:09:17.908+0000] {processor.py:925} INFO - DAG(s) 'read_dataset_event_from_classic', 'read_dataset_event' retrieved from /home/airflow/.local/lib/python3.12/site-packages/airflow/example_dags/example_inlet_event_extra.py
[2024-10-21T18:09:18.052+0000] {logging_mixin.py:190} INFO - [2024-10-21T18:09:18.052+0000] {dag.py:3229} INFO - Sync 2 DAGs
[2024-10-21T18:09:18.283+0000] {logging_mixin.py:190} INFO - [2024-10-21T18:09:18.255+0000] {dag.py:4156} INFO - Setting next_dagrun for read_dataset_event to 2024-10-20 00:00:00+00:00, run_after=2024-10-21 00:00:00+00:00
[2024-10-21T18:09:18.362+0000] {logging_mixin.py:190} INFO - [2024-10-21T18:09:18.361+0000] {dag.py:4156} INFO - Setting next_dagrun for read_dataset_event_from_classic to 2024-10-20 00:00:00+00:00, run_after=2024-10-21 00:00:00+00:00
[2024-10-21T18:09:18.527+0000] {processor.py:208} INFO - Processing /home/airflow/.local/lib/python3.12/site-packages/airflow/example_dags/example_inlet_event_extra.py took 1.393 seconds
