[2024-10-21T09:01:15.107+0000] {processor.py:186} INFO - Started process (PID=121) to work on /home/airflow/.local/lib/python3.12/site-packages/airflow/example_dags/example_complex.py
[2024-10-21T09:01:15.116+0000] {processor.py:914} INFO - Processing file /home/airflow/.local/lib/python3.12/site-packages/airflow/example_dags/example_complex.py for tasks to queue
[2024-10-21T09:01:15.141+0000] {logging_mixin.py:190} INFO - [2024-10-21T09:01:15.140+0000] {dagbag.py:587} INFO - Filling up the DagBag from /home/airflow/.local/lib/python3.12/site-packages/airflow/example_dags/example_complex.py
[2024-10-21T09:01:15.393+0000] {processor.py:925} INFO - DAG(s) 'example_complex' retrieved from /home/airflow/.local/lib/python3.12/site-packages/airflow/example_dags/example_complex.py
[2024-10-21T09:01:15.718+0000] {logging_mixin.py:190} INFO - [2024-10-21T09:01:15.717+0000] {dag.py:3229} INFO - Sync 1 DAGs
[2024-10-21T09:01:15.775+0000] {logging_mixin.py:190} INFO - [2024-10-21T09:01:15.774+0000] {dag.py:4156} INFO - Setting next_dagrun for example_complex to None, run_after=None
[2024-10-21T09:01:15.930+0000] {processor.py:208} INFO - Processing /home/airflow/.local/lib/python3.12/site-packages/airflow/example_dags/example_complex.py took 0.881 seconds
[2024-10-21T09:02:26.128+0000] {processor.py:186} INFO - Started process (PID=190) to work on /home/airflow/.local/lib/python3.12/site-packages/airflow/example_dags/example_complex.py
[2024-10-21T09:02:26.158+0000] {processor.py:914} INFO - Processing file /home/airflow/.local/lib/python3.12/site-packages/airflow/example_dags/example_complex.py for tasks to queue
[2024-10-21T09:02:26.191+0000] {logging_mixin.py:190} INFO - [2024-10-21T09:02:26.190+0000] {dagbag.py:587} INFO - Filling up the DagBag from /home/airflow/.local/lib/python3.12/site-packages/airflow/example_dags/example_complex.py
[2024-10-21T09:02:26.783+0000] {processor.py:925} INFO - DAG(s) 'example_complex' retrieved from /home/airflow/.local/lib/python3.12/site-packages/airflow/example_dags/example_complex.py
[2024-10-21T09:02:27.119+0000] {logging_mixin.py:190} INFO - [2024-10-21T09:02:27.119+0000] {dag.py:3229} INFO - Sync 1 DAGs
[2024-10-21T09:02:27.671+0000] {logging_mixin.py:190} INFO - [2024-10-21T09:02:27.671+0000] {dag.py:4156} INFO - Setting next_dagrun for example_complex to None, run_after=None
[2024-10-21T09:02:28.326+0000] {processor.py:208} INFO - Processing /home/airflow/.local/lib/python3.12/site-packages/airflow/example_dags/example_complex.py took 2.407 seconds
[2024-10-21T09:03:24.566+0000] {processor.py:186} INFO - Started process (PID=259) to work on /home/airflow/.local/lib/python3.12/site-packages/airflow/example_dags/example_complex.py
[2024-10-21T09:03:24.574+0000] {processor.py:914} INFO - Processing file /home/airflow/.local/lib/python3.12/site-packages/airflow/example_dags/example_complex.py for tasks to queue
[2024-10-21T09:03:24.584+0000] {logging_mixin.py:190} INFO - [2024-10-21T09:03:24.583+0000] {dagbag.py:587} INFO - Filling up the DagBag from /home/airflow/.local/lib/python3.12/site-packages/airflow/example_dags/example_complex.py
[2024-10-21T09:03:24.647+0000] {processor.py:925} INFO - DAG(s) 'example_complex' retrieved from /home/airflow/.local/lib/python3.12/site-packages/airflow/example_dags/example_complex.py
[2024-10-21T09:03:24.808+0000] {logging_mixin.py:190} INFO - [2024-10-21T09:03:24.807+0000] {dag.py:3229} INFO - Sync 1 DAGs
[2024-10-21T09:03:24.894+0000] {logging_mixin.py:190} INFO - [2024-10-21T09:03:24.893+0000] {dag.py:4156} INFO - Setting next_dagrun for example_complex to None, run_after=None
[2024-10-21T09:03:25.074+0000] {processor.py:208} INFO - Processing /home/airflow/.local/lib/python3.12/site-packages/airflow/example_dags/example_complex.py took 0.552 seconds
[2024-10-21T09:09:23.580+0000] {processor.py:186} INFO - Started process (PID=88) to work on /home/airflow/.local/lib/python3.12/site-packages/airflow/example_dags/example_complex.py
[2024-10-21T09:09:23.586+0000] {processor.py:914} INFO - Processing file /home/airflow/.local/lib/python3.12/site-packages/airflow/example_dags/example_complex.py for tasks to queue
[2024-10-21T09:09:23.620+0000] {logging_mixin.py:190} INFO - [2024-10-21T09:09:23.604+0000] {dagbag.py:587} INFO - Filling up the DagBag from /home/airflow/.local/lib/python3.12/site-packages/airflow/example_dags/example_complex.py
[2024-10-21T09:09:23.757+0000] {processor.py:925} INFO - DAG(s) 'example_complex' retrieved from /home/airflow/.local/lib/python3.12/site-packages/airflow/example_dags/example_complex.py
[2024-10-21T09:09:24.145+0000] {logging_mixin.py:190} INFO - [2024-10-21T09:09:24.143+0000] {dag.py:3229} INFO - Sync 1 DAGs
[2024-10-21T09:09:24.194+0000] {logging_mixin.py:190} INFO - [2024-10-21T09:09:24.194+0000] {dag.py:4156} INFO - Setting next_dagrun for example_complex to None, run_after=None
[2024-10-21T09:09:24.274+0000] {processor.py:208} INFO - Processing /home/airflow/.local/lib/python3.12/site-packages/airflow/example_dags/example_complex.py took 0.741 seconds
[2024-10-21T09:12:42.357+0000] {processor.py:186} INFO - Started process (PID=92) to work on /home/airflow/.local/lib/python3.12/site-packages/airflow/example_dags/example_complex.py
[2024-10-21T09:12:42.369+0000] {processor.py:914} INFO - Processing file /home/airflow/.local/lib/python3.12/site-packages/airflow/example_dags/example_complex.py for tasks to queue
[2024-10-21T09:12:42.378+0000] {logging_mixin.py:190} INFO - [2024-10-21T09:12:42.377+0000] {dagbag.py:587} INFO - Filling up the DagBag from /home/airflow/.local/lib/python3.12/site-packages/airflow/example_dags/example_complex.py
[2024-10-21T09:12:42.461+0000] {processor.py:925} INFO - DAG(s) 'example_complex' retrieved from /home/airflow/.local/lib/python3.12/site-packages/airflow/example_dags/example_complex.py
[2024-10-21T09:12:42.877+0000] {logging_mixin.py:190} INFO - [2024-10-21T09:12:42.877+0000] {dag.py:3229} INFO - Sync 1 DAGs
[2024-10-21T09:12:42.996+0000] {logging_mixin.py:190} INFO - [2024-10-21T09:12:42.996+0000] {dag.py:4156} INFO - Setting next_dagrun for example_complex to None, run_after=None
[2024-10-21T09:12:43.142+0000] {processor.py:208} INFO - Processing /home/airflow/.local/lib/python3.12/site-packages/airflow/example_dags/example_complex.py took 0.829 seconds
[2024-10-21T18:01:31.520+0000] {processor.py:186} INFO - Started process (PID=109) to work on /home/airflow/.local/lib/python3.12/site-packages/airflow/example_dags/example_complex.py
[2024-10-21T18:01:31.526+0000] {processor.py:914} INFO - Processing file /home/airflow/.local/lib/python3.12/site-packages/airflow/example_dags/example_complex.py for tasks to queue
[2024-10-21T18:01:31.538+0000] {logging_mixin.py:190} INFO - [2024-10-21T18:01:31.537+0000] {dagbag.py:587} INFO - Filling up the DagBag from /home/airflow/.local/lib/python3.12/site-packages/airflow/example_dags/example_complex.py
[2024-10-21T18:01:31.704+0000] {processor.py:925} INFO - DAG(s) 'example_complex' retrieved from /home/airflow/.local/lib/python3.12/site-packages/airflow/example_dags/example_complex.py
[2024-10-21T18:01:32.077+0000] {logging_mixin.py:190} INFO - [2024-10-21T18:01:32.048+0000] {dag.py:3229} INFO - Sync 1 DAGs
[2024-10-21T18:01:32.210+0000] {logging_mixin.py:190} INFO - [2024-10-21T18:01:32.209+0000] {dag.py:4156} INFO - Setting next_dagrun for example_complex to None, run_after=None
[2024-10-21T18:01:32.369+0000] {processor.py:208} INFO - Processing /home/airflow/.local/lib/python3.12/site-packages/airflow/example_dags/example_complex.py took 0.910 seconds
[2024-10-21T18:02:36.241+0000] {processor.py:186} INFO - Started process (PID=177) to work on /home/airflow/.local/lib/python3.12/site-packages/airflow/example_dags/example_complex.py
[2024-10-21T18:02:36.263+0000] {processor.py:914} INFO - Processing file /home/airflow/.local/lib/python3.12/site-packages/airflow/example_dags/example_complex.py for tasks to queue
[2024-10-21T18:02:36.306+0000] {logging_mixin.py:190} INFO - [2024-10-21T18:02:36.305+0000] {dagbag.py:587} INFO - Filling up the DagBag from /home/airflow/.local/lib/python3.12/site-packages/airflow/example_dags/example_complex.py
[2024-10-21T18:02:36.653+0000] {processor.py:925} INFO - DAG(s) 'example_complex' retrieved from /home/airflow/.local/lib/python3.12/site-packages/airflow/example_dags/example_complex.py
[2024-10-21T18:02:37.140+0000] {logging_mixin.py:190} INFO - [2024-10-21T18:02:37.140+0000] {dag.py:3229} INFO - Sync 1 DAGs
[2024-10-21T18:02:37.424+0000] {logging_mixin.py:190} INFO - [2024-10-21T18:02:37.423+0000] {dag.py:4156} INFO - Setting next_dagrun for example_complex to None, run_after=None
[2024-10-21T18:02:37.799+0000] {processor.py:208} INFO - Processing /home/airflow/.local/lib/python3.12/site-packages/airflow/example_dags/example_complex.py took 1.707 seconds
[2024-10-21T18:03:44.880+0000] {processor.py:186} INFO - Started process (PID=246) to work on /home/airflow/.local/lib/python3.12/site-packages/airflow/example_dags/example_complex.py
[2024-10-21T18:03:44.895+0000] {processor.py:914} INFO - Processing file /home/airflow/.local/lib/python3.12/site-packages/airflow/example_dags/example_complex.py for tasks to queue
[2024-10-21T18:03:44.924+0000] {logging_mixin.py:190} INFO - [2024-10-21T18:03:44.923+0000] {dagbag.py:587} INFO - Filling up the DagBag from /home/airflow/.local/lib/python3.12/site-packages/airflow/example_dags/example_complex.py
[2024-10-21T18:03:45.102+0000] {processor.py:925} INFO - DAG(s) 'example_complex' retrieved from /home/airflow/.local/lib/python3.12/site-packages/airflow/example_dags/example_complex.py
[2024-10-21T18:03:45.965+0000] {logging_mixin.py:190} INFO - [2024-10-21T18:03:45.965+0000] {dag.py:3229} INFO - Sync 1 DAGs
[2024-10-21T18:03:46.185+0000] {logging_mixin.py:190} INFO - [2024-10-21T18:03:46.184+0000] {dag.py:4156} INFO - Setting next_dagrun for example_complex to None, run_after=None
[2024-10-21T18:03:46.492+0000] {processor.py:208} INFO - Processing /home/airflow/.local/lib/python3.12/site-packages/airflow/example_dags/example_complex.py took 1.650 seconds
[2024-10-21T18:09:11.235+0000] {processor.py:186} INFO - Started process (PID=94) to work on /home/airflow/.local/lib/python3.12/site-packages/airflow/example_dags/example_complex.py
[2024-10-21T18:09:11.238+0000] {processor.py:914} INFO - Processing file /home/airflow/.local/lib/python3.12/site-packages/airflow/example_dags/example_complex.py for tasks to queue
[2024-10-21T18:09:11.244+0000] {logging_mixin.py:190} INFO - [2024-10-21T18:09:11.243+0000] {dagbag.py:587} INFO - Filling up the DagBag from /home/airflow/.local/lib/python3.12/site-packages/airflow/example_dags/example_complex.py
[2024-10-21T18:09:11.299+0000] {processor.py:925} INFO - DAG(s) 'example_complex' retrieved from /home/airflow/.local/lib/python3.12/site-packages/airflow/example_dags/example_complex.py
[2024-10-21T18:09:11.463+0000] {logging_mixin.py:190} INFO - [2024-10-21T18:09:11.462+0000] {dag.py:3229} INFO - Sync 1 DAGs
[2024-10-21T18:09:11.529+0000] {logging_mixin.py:190} INFO - [2024-10-21T18:09:11.527+0000] {dag.py:4156} INFO - Setting next_dagrun for example_complex to None, run_after=None
[2024-10-21T18:09:11.602+0000] {processor.py:208} INFO - Processing /home/airflow/.local/lib/python3.12/site-packages/airflow/example_dags/example_complex.py took 0.387 seconds
