[2024-10-21T09:01:21.461+0000] {processor.py:186} INFO - Started process (PID=129) to work on /home/airflow/.local/lib/python3.12/site-packages/airflow/example_dags/example_skip_dag.py
[2024-10-21T09:01:21.468+0000] {processor.py:914} INFO - Processing file /home/airflow/.local/lib/python3.12/site-packages/airflow/example_dags/example_skip_dag.py for tasks to queue
[2024-10-21T09:01:21.484+0000] {logging_mixin.py:190} INFO - [2024-10-21T09:01:21.480+0000] {dagbag.py:587} INFO - Filling up the DagBag from /home/airflow/.local/lib/python3.12/site-packages/airflow/example_dags/example_skip_dag.py
[2024-10-21T09:01:21.537+0000] {processor.py:925} INFO - DAG(s) 'example_skip_dag' retrieved from /home/airflow/.local/lib/python3.12/site-packages/airflow/example_dags/example_skip_dag.py
[2024-10-21T09:01:21.681+0000] {logging_mixin.py:190} INFO - [2024-10-21T09:01:21.681+0000] {dag.py:3229} INFO - Sync 1 DAGs
[2024-10-21T09:01:21.812+0000] {logging_mixin.py:190} INFO - [2024-10-21T09:01:21.811+0000] {dag.py:4156} INFO - Setting next_dagrun for example_skip_dag to 2024-10-20 00:00:00+00:00, run_after=2024-10-21 00:00:00+00:00
[2024-10-21T09:01:22.000+0000] {processor.py:208} INFO - Processing /home/airflow/.local/lib/python3.12/site-packages/airflow/example_dags/example_skip_dag.py took 0.582 seconds
[2024-10-21T09:02:36.854+0000] {processor.py:186} INFO - Started process (PID=204) to work on /home/airflow/.local/lib/python3.12/site-packages/airflow/example_dags/example_skip_dag.py
[2024-10-21T09:02:36.971+0000] {processor.py:914} INFO - Processing file /home/airflow/.local/lib/python3.12/site-packages/airflow/example_dags/example_skip_dag.py for tasks to queue
[2024-10-21T09:02:37.023+0000] {logging_mixin.py:190} INFO - [2024-10-21T09:02:37.022+0000] {dagbag.py:587} INFO - Filling up the DagBag from /home/airflow/.local/lib/python3.12/site-packages/airflow/example_dags/example_skip_dag.py
[2024-10-21T09:02:37.138+0000] {processor.py:925} INFO - DAG(s) 'example_skip_dag' retrieved from /home/airflow/.local/lib/python3.12/site-packages/airflow/example_dags/example_skip_dag.py
[2024-10-21T09:02:37.378+0000] {logging_mixin.py:190} INFO - [2024-10-21T09:02:37.374+0000] {dag.py:3229} INFO - Sync 1 DAGs
[2024-10-21T09:02:37.860+0000] {logging_mixin.py:190} INFO - [2024-10-21T09:02:37.858+0000] {dag.py:4156} INFO - Setting next_dagrun for example_skip_dag to 2024-10-20 00:00:00+00:00, run_after=2024-10-21 00:00:00+00:00
[2024-10-21T09:02:38.207+0000] {processor.py:208} INFO - Processing /home/airflow/.local/lib/python3.12/site-packages/airflow/example_dags/example_skip_dag.py took 1.514 seconds
[2024-10-21T09:03:28.533+0000] {processor.py:186} INFO - Started process (PID=267) to work on /home/airflow/.local/lib/python3.12/site-packages/airflow/example_dags/example_skip_dag.py
[2024-10-21T09:03:28.541+0000] {processor.py:914} INFO - Processing file /home/airflow/.local/lib/python3.12/site-packages/airflow/example_dags/example_skip_dag.py for tasks to queue
[2024-10-21T09:03:28.548+0000] {logging_mixin.py:190} INFO - [2024-10-21T09:03:28.547+0000] {dagbag.py:587} INFO - Filling up the DagBag from /home/airflow/.local/lib/python3.12/site-packages/airflow/example_dags/example_skip_dag.py
[2024-10-21T09:03:28.593+0000] {processor.py:925} INFO - DAG(s) 'example_skip_dag' retrieved from /home/airflow/.local/lib/python3.12/site-packages/airflow/example_dags/example_skip_dag.py
[2024-10-21T09:03:28.679+0000] {logging_mixin.py:190} INFO - [2024-10-21T09:03:28.678+0000] {dag.py:3229} INFO - Sync 1 DAGs
[2024-10-21T09:03:28.901+0000] {logging_mixin.py:190} INFO - [2024-10-21T09:03:28.900+0000] {dag.py:4156} INFO - Setting next_dagrun for example_skip_dag to 2024-10-20 00:00:00+00:00, run_after=2024-10-21 00:00:00+00:00
[2024-10-21T09:03:29.014+0000] {processor.py:208} INFO - Processing /home/airflow/.local/lib/python3.12/site-packages/airflow/example_dags/example_skip_dag.py took 0.502 seconds
[2024-10-21T09:09:26.239+0000] {processor.py:186} INFO - Started process (PID=96) to work on /home/airflow/.local/lib/python3.12/site-packages/airflow/example_dags/example_skip_dag.py
[2024-10-21T09:09:26.243+0000] {processor.py:914} INFO - Processing file /home/airflow/.local/lib/python3.12/site-packages/airflow/example_dags/example_skip_dag.py for tasks to queue
[2024-10-21T09:09:26.251+0000] {logging_mixin.py:190} INFO - [2024-10-21T09:09:26.249+0000] {dagbag.py:587} INFO - Filling up the DagBag from /home/airflow/.local/lib/python3.12/site-packages/airflow/example_dags/example_skip_dag.py
[2024-10-21T09:09:26.286+0000] {processor.py:925} INFO - DAG(s) 'example_skip_dag' retrieved from /home/airflow/.local/lib/python3.12/site-packages/airflow/example_dags/example_skip_dag.py
[2024-10-21T09:09:26.379+0000] {logging_mixin.py:190} INFO - [2024-10-21T09:09:26.378+0000] {dag.py:3229} INFO - Sync 1 DAGs
[2024-10-21T09:09:26.509+0000] {logging_mixin.py:190} INFO - [2024-10-21T09:09:26.508+0000] {dag.py:4156} INFO - Setting next_dagrun for example_skip_dag to 2024-10-20 00:00:00+00:00, run_after=2024-10-21 00:00:00+00:00
[2024-10-21T09:09:26.639+0000] {processor.py:208} INFO - Processing /home/airflow/.local/lib/python3.12/site-packages/airflow/example_dags/example_skip_dag.py took 0.417 seconds
[2024-10-21T09:12:44.745+0000] {processor.py:186} INFO - Started process (PID=100) to work on /home/airflow/.local/lib/python3.12/site-packages/airflow/example_dags/example_skip_dag.py
[2024-10-21T09:12:44.747+0000] {processor.py:914} INFO - Processing file /home/airflow/.local/lib/python3.12/site-packages/airflow/example_dags/example_skip_dag.py for tasks to queue
[2024-10-21T09:12:44.752+0000] {logging_mixin.py:190} INFO - [2024-10-21T09:12:44.751+0000] {dagbag.py:587} INFO - Filling up the DagBag from /home/airflow/.local/lib/python3.12/site-packages/airflow/example_dags/example_skip_dag.py
[2024-10-21T09:12:44.770+0000] {processor.py:925} INFO - DAG(s) 'example_skip_dag' retrieved from /home/airflow/.local/lib/python3.12/site-packages/airflow/example_dags/example_skip_dag.py
[2024-10-21T09:12:44.848+0000] {logging_mixin.py:190} INFO - [2024-10-21T09:12:44.847+0000] {dag.py:3229} INFO - Sync 1 DAGs
[2024-10-21T09:12:44.947+0000] {logging_mixin.py:190} INFO - [2024-10-21T09:12:44.945+0000] {dag.py:4156} INFO - Setting next_dagrun for example_skip_dag to 2024-10-20 00:00:00+00:00, run_after=2024-10-21 00:00:00+00:00
[2024-10-21T09:12:45.032+0000] {processor.py:208} INFO - Processing /home/airflow/.local/lib/python3.12/site-packages/airflow/example_dags/example_skip_dag.py took 0.303 seconds
[2024-10-21T18:01:38.195+0000] {processor.py:186} INFO - Started process (PID=117) to work on /home/airflow/.local/lib/python3.12/site-packages/airflow/example_dags/example_skip_dag.py
[2024-10-21T18:01:38.235+0000] {processor.py:914} INFO - Processing file /home/airflow/.local/lib/python3.12/site-packages/airflow/example_dags/example_skip_dag.py for tasks to queue
[2024-10-21T18:01:38.278+0000] {logging_mixin.py:190} INFO - [2024-10-21T18:01:38.277+0000] {dagbag.py:587} INFO - Filling up the DagBag from /home/airflow/.local/lib/python3.12/site-packages/airflow/example_dags/example_skip_dag.py
[2024-10-21T18:01:38.350+0000] {processor.py:925} INFO - DAG(s) 'example_skip_dag' retrieved from /home/airflow/.local/lib/python3.12/site-packages/airflow/example_dags/example_skip_dag.py
[2024-10-21T18:01:38.638+0000] {logging_mixin.py:190} INFO - [2024-10-21T18:01:38.637+0000] {dag.py:3229} INFO - Sync 1 DAGs
[2024-10-21T18:01:38.826+0000] {logging_mixin.py:190} INFO - [2024-10-21T18:01:38.806+0000] {dag.py:4156} INFO - Setting next_dagrun for example_skip_dag to 2024-10-20 00:00:00+00:00, run_after=2024-10-21 00:00:00+00:00
[2024-10-21T18:01:38.922+0000] {processor.py:208} INFO - Processing /home/airflow/.local/lib/python3.12/site-packages/airflow/example_dags/example_skip_dag.py took 0.833 seconds
[2024-10-21T18:02:43.986+0000] {processor.py:186} INFO - Started process (PID=185) to work on /home/airflow/.local/lib/python3.12/site-packages/airflow/example_dags/example_skip_dag.py
[2024-10-21T18:02:44.000+0000] {processor.py:914} INFO - Processing file /home/airflow/.local/lib/python3.12/site-packages/airflow/example_dags/example_skip_dag.py for tasks to queue
[2024-10-21T18:02:44.050+0000] {logging_mixin.py:190} INFO - [2024-10-21T18:02:44.050+0000] {dagbag.py:587} INFO - Filling up the DagBag from /home/airflow/.local/lib/python3.12/site-packages/airflow/example_dags/example_skip_dag.py
[2024-10-21T18:02:44.329+0000] {processor.py:925} INFO - DAG(s) 'example_skip_dag' retrieved from /home/airflow/.local/lib/python3.12/site-packages/airflow/example_dags/example_skip_dag.py
[2024-10-21T18:02:45.043+0000] {logging_mixin.py:190} INFO - [2024-10-21T18:02:45.042+0000] {dag.py:3229} INFO - Sync 1 DAGs
[2024-10-21T18:02:45.379+0000] {logging_mixin.py:190} INFO - [2024-10-21T18:02:45.378+0000] {dag.py:4156} INFO - Setting next_dagrun for example_skip_dag to 2024-10-20 00:00:00+00:00, run_after=2024-10-21 00:00:00+00:00
[2024-10-21T18:02:45.616+0000] {processor.py:208} INFO - Processing /home/airflow/.local/lib/python3.12/site-packages/airflow/example_dags/example_skip_dag.py took 1.844 seconds
[2024-10-21T18:03:53.314+0000] {processor.py:186} INFO - Started process (PID=260) to work on /home/airflow/.local/lib/python3.12/site-packages/airflow/example_dags/example_skip_dag.py
[2024-10-21T18:03:53.343+0000] {processor.py:914} INFO - Processing file /home/airflow/.local/lib/python3.12/site-packages/airflow/example_dags/example_skip_dag.py for tasks to queue
[2024-10-21T18:03:53.388+0000] {logging_mixin.py:190} INFO - [2024-10-21T18:03:53.387+0000] {dagbag.py:587} INFO - Filling up the DagBag from /home/airflow/.local/lib/python3.12/site-packages/airflow/example_dags/example_skip_dag.py
[2024-10-21T18:03:53.425+0000] {processor.py:925} INFO - DAG(s) 'example_skip_dag' retrieved from /home/airflow/.local/lib/python3.12/site-packages/airflow/example_dags/example_skip_dag.py
[2024-10-21T18:03:53.809+0000] {logging_mixin.py:190} INFO - [2024-10-21T18:03:53.808+0000] {dag.py:3229} INFO - Sync 1 DAGs
[2024-10-21T18:03:54.421+0000] {logging_mixin.py:190} INFO - [2024-10-21T18:03:54.421+0000] {dag.py:4156} INFO - Setting next_dagrun for example_skip_dag to 2024-10-20 00:00:00+00:00, run_after=2024-10-21 00:00:00+00:00
[2024-10-21T18:03:54.657+0000] {processor.py:208} INFO - Processing /home/airflow/.local/lib/python3.12/site-packages/airflow/example_dags/example_skip_dag.py took 1.425 seconds
[2024-10-21T18:09:13.227+0000] {processor.py:186} INFO - Started process (PID=102) to work on /home/airflow/.local/lib/python3.12/site-packages/airflow/example_dags/example_skip_dag.py
[2024-10-21T18:09:13.240+0000] {processor.py:914} INFO - Processing file /home/airflow/.local/lib/python3.12/site-packages/airflow/example_dags/example_skip_dag.py for tasks to queue
[2024-10-21T18:09:13.250+0000] {logging_mixin.py:190} INFO - [2024-10-21T18:09:13.248+0000] {dagbag.py:587} INFO - Filling up the DagBag from /home/airflow/.local/lib/python3.12/site-packages/airflow/example_dags/example_skip_dag.py
[2024-10-21T18:09:13.278+0000] {processor.py:925} INFO - DAG(s) 'example_skip_dag' retrieved from /home/airflow/.local/lib/python3.12/site-packages/airflow/example_dags/example_skip_dag.py
[2024-10-21T18:09:13.412+0000] {logging_mixin.py:190} INFO - [2024-10-21T18:09:13.412+0000] {dag.py:3229} INFO - Sync 1 DAGs
[2024-10-21T18:09:13.527+0000] {logging_mixin.py:190} INFO - [2024-10-21T18:09:13.526+0000] {dag.py:4156} INFO - Setting next_dagrun for example_skip_dag to 2024-10-20 00:00:00+00:00, run_after=2024-10-21 00:00:00+00:00
[2024-10-21T18:09:13.608+0000] {processor.py:208} INFO - Processing /home/airflow/.local/lib/python3.12/site-packages/airflow/example_dags/example_skip_dag.py took 0.406 seconds
