[2024-10-21T09:01:45.117+0000] {processor.py:186} INFO - Started process (PID=148) to work on /home/airflow/.local/lib/python3.12/site-packages/airflow/example_dags/example_datasets.py
[2024-10-21T09:01:45.126+0000] {processor.py:914} INFO - Processing file /home/airflow/.local/lib/python3.12/site-packages/airflow/example_dags/example_datasets.py for tasks to queue
[2024-10-21T09:01:45.195+0000] {logging_mixin.py:190} INFO - [2024-10-21T09:01:45.191+0000] {dagbag.py:587} INFO - Filling up the DagBag from /home/airflow/.local/lib/python3.12/site-packages/airflow/example_dags/example_datasets.py
[2024-10-21T09:01:48.427+0000] {processor.py:925} INFO - DAG(s) 'dataset_consumes_1', 'dataset_produces_2', 'dataset_consumes_unknown_never_scheduled', 'dataset_consumes_1_never_scheduled', 'conditional_dataset_and_time_based_timetable', 'consume_1_or_both_2_and_3_with_dataset_expressions', 'dataset_produces_1', 'consume_1_and_2_with_dataset_expressions', 'dataset_consumes_1_and_2', 'consume_1_or_2_with_dataset_expressions' retrieved from /home/airflow/.local/lib/python3.12/site-packages/airflow/example_dags/example_datasets.py
[2024-10-21T09:01:49.621+0000] {logging_mixin.py:190} INFO - [2024-10-21T09:01:49.616+0000] {dag.py:3229} INFO - Sync 10 DAGs
[2024-10-21T09:01:50.059+0000] {logging_mixin.py:190} INFO - [2024-10-21T09:01:50.059+0000] {dag.py:4156} INFO - Setting next_dagrun for conditional_dataset_and_time_based_timetable to 2024-10-16 01:00:00+00:00, run_after=2024-10-16 01:00:00+00:00
[2024-10-21T09:01:50.102+0000] {logging_mixin.py:190} INFO - [2024-10-21T09:01:50.097+0000] {dag.py:4156} INFO - Setting next_dagrun for consume_1_and_2_with_dataset_expressions to None, run_after=None
[2024-10-21T09:01:50.116+0000] {logging_mixin.py:190} INFO - [2024-10-21T09:01:50.114+0000] {dag.py:4156} INFO - Setting next_dagrun for consume_1_or_2_with_dataset_expressions to None, run_after=None
[2024-10-21T09:01:50.134+0000] {logging_mixin.py:190} INFO - [2024-10-21T09:01:50.132+0000] {dag.py:4156} INFO - Setting next_dagrun for consume_1_or_both_2_and_3_with_dataset_expressions to None, run_after=None
[2024-10-21T09:01:50.152+0000] {logging_mixin.py:190} INFO - [2024-10-21T09:01:50.150+0000] {dag.py:4156} INFO - Setting next_dagrun for dataset_consumes_1 to None, run_after=None
[2024-10-21T09:01:50.239+0000] {logging_mixin.py:190} INFO - [2024-10-21T09:01:50.168+0000] {dag.py:4156} INFO - Setting next_dagrun for dataset_consumes_1_and_2 to None, run_after=None
[2024-10-21T09:01:50.251+0000] {logging_mixin.py:190} INFO - [2024-10-21T09:01:50.251+0000] {dag.py:4156} INFO - Setting next_dagrun for dataset_consumes_1_never_scheduled to None, run_after=None
[2024-10-21T09:01:50.267+0000] {logging_mixin.py:190} INFO - [2024-10-21T09:01:50.267+0000] {dag.py:4156} INFO - Setting next_dagrun for dataset_consumes_unknown_never_scheduled to None, run_after=None
[2024-10-21T09:01:50.302+0000] {logging_mixin.py:190} INFO - [2024-10-21T09:01:50.302+0000] {dag.py:4156} INFO - Setting next_dagrun for dataset_produces_1 to 2024-10-20 00:00:00+00:00, run_after=2024-10-21 00:00:00+00:00
[2024-10-21T09:01:50.349+0000] {logging_mixin.py:190} INFO - [2024-10-21T09:01:50.348+0000] {dag.py:4156} INFO - Setting next_dagrun for dataset_produces_2 to None, run_after=None
[2024-10-21T09:01:50.746+0000] {processor.py:208} INFO - Processing /home/airflow/.local/lib/python3.12/site-packages/airflow/example_dags/example_datasets.py took 5.775 seconds
[2024-10-21T09:03:08.517+0000] {processor.py:186} INFO - Started process (PID=237) to work on /home/airflow/.local/lib/python3.12/site-packages/airflow/example_dags/example_datasets.py
[2024-10-21T09:03:08.523+0000] {processor.py:914} INFO - Processing file /home/airflow/.local/lib/python3.12/site-packages/airflow/example_dags/example_datasets.py for tasks to queue
[2024-10-21T09:03:08.540+0000] {logging_mixin.py:190} INFO - [2024-10-21T09:03:08.533+0000] {dagbag.py:587} INFO - Filling up the DagBag from /home/airflow/.local/lib/python3.12/site-packages/airflow/example_dags/example_datasets.py
[2024-10-21T09:03:10.771+0000] {processor.py:925} INFO - DAG(s) 'dataset_produces_1', 'dataset_consumes_1', 'dataset_produces_2', 'dataset_consumes_unknown_never_scheduled', 'conditional_dataset_and_time_based_timetable', 'consume_1_or_2_with_dataset_expressions', 'dataset_consumes_1_never_scheduled', 'consume_1_or_both_2_and_3_with_dataset_expressions', 'dataset_consumes_1_and_2', 'consume_1_and_2_with_dataset_expressions' retrieved from /home/airflow/.local/lib/python3.12/site-packages/airflow/example_dags/example_datasets.py
[2024-10-21T09:03:11.283+0000] {logging_mixin.py:190} INFO - [2024-10-21T09:03:11.282+0000] {dag.py:3229} INFO - Sync 10 DAGs
[2024-10-21T09:03:11.754+0000] {logging_mixin.py:190} INFO - [2024-10-21T09:03:11.753+0000] {dag.py:4156} INFO - Setting next_dagrun for conditional_dataset_and_time_based_timetable to 2024-10-16 01:00:00+00:00, run_after=2024-10-16 01:00:00+00:00
[2024-10-21T09:03:11.878+0000] {logging_mixin.py:190} INFO - [2024-10-21T09:03:11.877+0000] {dag.py:4156} INFO - Setting next_dagrun for consume_1_and_2_with_dataset_expressions to None, run_after=None
[2024-10-21T09:03:11.921+0000] {logging_mixin.py:190} INFO - [2024-10-21T09:03:11.920+0000] {dag.py:4156} INFO - Setting next_dagrun for consume_1_or_2_with_dataset_expressions to None, run_after=None
[2024-10-21T09:03:11.973+0000] {logging_mixin.py:190} INFO - [2024-10-21T09:03:11.973+0000] {dag.py:4156} INFO - Setting next_dagrun for consume_1_or_both_2_and_3_with_dataset_expressions to None, run_after=None
[2024-10-21T09:03:12.005+0000] {logging_mixin.py:190} INFO - [2024-10-21T09:03:12.004+0000] {dag.py:4156} INFO - Setting next_dagrun for dataset_consumes_1 to None, run_after=None
[2024-10-21T09:03:12.036+0000] {logging_mixin.py:190} INFO - [2024-10-21T09:03:12.032+0000] {dag.py:4156} INFO - Setting next_dagrun for dataset_consumes_1_and_2 to None, run_after=None
[2024-10-21T09:03:12.075+0000] {logging_mixin.py:190} INFO - [2024-10-21T09:03:12.074+0000] {dag.py:4156} INFO - Setting next_dagrun for dataset_consumes_1_never_scheduled to None, run_after=None
[2024-10-21T09:03:12.083+0000] {logging_mixin.py:190} INFO - [2024-10-21T09:03:12.082+0000] {dag.py:4156} INFO - Setting next_dagrun for dataset_consumes_unknown_never_scheduled to None, run_after=None
[2024-10-21T09:03:12.089+0000] {logging_mixin.py:190} INFO - [2024-10-21T09:03:12.089+0000] {dag.py:4156} INFO - Setting next_dagrun for dataset_produces_1 to 2024-10-20 00:00:00+00:00, run_after=2024-10-21 00:00:00+00:00
[2024-10-21T09:03:12.105+0000] {logging_mixin.py:190} INFO - [2024-10-21T09:03:12.105+0000] {dag.py:4156} INFO - Setting next_dagrun for dataset_produces_2 to None, run_after=None
[2024-10-21T09:03:12.496+0000] {processor.py:208} INFO - Processing /home/airflow/.local/lib/python3.12/site-packages/airflow/example_dags/example_datasets.py took 4.017 seconds
[2024-10-21T09:09:39.819+0000] {processor.py:186} INFO - Started process (PID=114) to work on /home/airflow/.local/lib/python3.12/site-packages/airflow/example_dags/example_datasets.py
[2024-10-21T09:09:39.822+0000] {processor.py:914} INFO - Processing file /home/airflow/.local/lib/python3.12/site-packages/airflow/example_dags/example_datasets.py for tasks to queue
[2024-10-21T09:09:39.834+0000] {logging_mixin.py:190} INFO - [2024-10-21T09:09:39.832+0000] {dagbag.py:587} INFO - Filling up the DagBag from /home/airflow/.local/lib/python3.12/site-packages/airflow/example_dags/example_datasets.py
[2024-10-21T09:09:40.770+0000] {processor.py:925} INFO - DAG(s) 'dataset_produces_2', 'dataset_produces_1', 'consume_1_or_both_2_and_3_with_dataset_expressions', 'consume_1_and_2_with_dataset_expressions', 'dataset_consumes_1', 'consume_1_or_2_with_dataset_expressions', 'dataset_consumes_1_and_2', 'conditional_dataset_and_time_based_timetable', 'dataset_consumes_unknown_never_scheduled', 'dataset_consumes_1_never_scheduled' retrieved from /home/airflow/.local/lib/python3.12/site-packages/airflow/example_dags/example_datasets.py
[2024-10-21T09:09:41.010+0000] {logging_mixin.py:190} INFO - [2024-10-21T09:09:41.010+0000] {dag.py:3229} INFO - Sync 10 DAGs
[2024-10-21T09:09:41.125+0000] {logging_mixin.py:190} INFO - [2024-10-21T09:09:41.124+0000] {dag.py:4156} INFO - Setting next_dagrun for conditional_dataset_and_time_based_timetable to 2024-10-16 01:00:00+00:00, run_after=2024-10-16 01:00:00+00:00
[2024-10-21T09:09:41.150+0000] {logging_mixin.py:190} INFO - [2024-10-21T09:09:41.148+0000] {dag.py:4156} INFO - Setting next_dagrun for consume_1_and_2_with_dataset_expressions to None, run_after=None
[2024-10-21T09:09:41.181+0000] {logging_mixin.py:190} INFO - [2024-10-21T09:09:41.181+0000] {dag.py:4156} INFO - Setting next_dagrun for consume_1_or_2_with_dataset_expressions to None, run_after=None
[2024-10-21T09:09:41.189+0000] {logging_mixin.py:190} INFO - [2024-10-21T09:09:41.188+0000] {dag.py:4156} INFO - Setting next_dagrun for consume_1_or_both_2_and_3_with_dataset_expressions to None, run_after=None
[2024-10-21T09:09:41.197+0000] {logging_mixin.py:190} INFO - [2024-10-21T09:09:41.197+0000] {dag.py:4156} INFO - Setting next_dagrun for dataset_consumes_1 to None, run_after=None
[2024-10-21T09:09:41.214+0000] {logging_mixin.py:190} INFO - [2024-10-21T09:09:41.212+0000] {dag.py:4156} INFO - Setting next_dagrun for dataset_consumes_1_and_2 to None, run_after=None
[2024-10-21T09:09:41.229+0000] {logging_mixin.py:190} INFO - [2024-10-21T09:09:41.229+0000] {dag.py:4156} INFO - Setting next_dagrun for dataset_consumes_1_never_scheduled to None, run_after=None
[2024-10-21T09:09:41.234+0000] {logging_mixin.py:190} INFO - [2024-10-21T09:09:41.233+0000] {dag.py:4156} INFO - Setting next_dagrun for dataset_consumes_unknown_never_scheduled to None, run_after=None
[2024-10-21T09:09:41.251+0000] {logging_mixin.py:190} INFO - [2024-10-21T09:09:41.251+0000] {dag.py:4156} INFO - Setting next_dagrun for dataset_produces_1 to 2024-10-20 00:00:00+00:00, run_after=2024-10-21 00:00:00+00:00
[2024-10-21T09:09:41.255+0000] {logging_mixin.py:190} INFO - [2024-10-21T09:09:41.255+0000] {dag.py:4156} INFO - Setting next_dagrun for dataset_produces_2 to None, run_after=None
[2024-10-21T09:09:41.394+0000] {processor.py:208} INFO - Processing /home/airflow/.local/lib/python3.12/site-packages/airflow/example_dags/example_datasets.py took 1.596 seconds
[2024-10-21T18:01:59.323+0000] {processor.py:186} INFO - Started process (PID=136) to work on /home/airflow/.local/lib/python3.12/site-packages/airflow/example_dags/example_datasets.py
[2024-10-21T18:01:59.326+0000] {processor.py:914} INFO - Processing file /home/airflow/.local/lib/python3.12/site-packages/airflow/example_dags/example_datasets.py for tasks to queue
[2024-10-21T18:01:59.343+0000] {logging_mixin.py:190} INFO - [2024-10-21T18:01:59.342+0000] {dagbag.py:587} INFO - Filling up the DagBag from /home/airflow/.local/lib/python3.12/site-packages/airflow/example_dags/example_datasets.py
[2024-10-21T18:02:01.805+0000] {processor.py:925} INFO - DAG(s) 'consume_1_or_2_with_dataset_expressions', 'dataset_consumes_1_and_2', 'consume_1_or_both_2_and_3_with_dataset_expressions', 'dataset_consumes_1_never_scheduled', 'dataset_consumes_unknown_never_scheduled', 'dataset_produces_2', 'conditional_dataset_and_time_based_timetable', 'consume_1_and_2_with_dataset_expressions', 'dataset_consumes_1', 'dataset_produces_1' retrieved from /home/airflow/.local/lib/python3.12/site-packages/airflow/example_dags/example_datasets.py
[2024-10-21T18:02:02.518+0000] {logging_mixin.py:190} INFO - [2024-10-21T18:02:02.507+0000] {dag.py:3229} INFO - Sync 10 DAGs
[2024-10-21T18:02:02.692+0000] {logging_mixin.py:190} INFO - [2024-10-21T18:02:02.690+0000] {dag.py:4156} INFO - Setting next_dagrun for conditional_dataset_and_time_based_timetable to 2024-10-16 01:00:00+00:00, run_after=2024-10-16 01:00:00+00:00
[2024-10-21T18:02:02.726+0000] {logging_mixin.py:190} INFO - [2024-10-21T18:02:02.721+0000] {dag.py:4156} INFO - Setting next_dagrun for consume_1_and_2_with_dataset_expressions to None, run_after=None
[2024-10-21T18:02:02.755+0000] {logging_mixin.py:190} INFO - [2024-10-21T18:02:02.748+0000] {dag.py:4156} INFO - Setting next_dagrun for consume_1_or_2_with_dataset_expressions to None, run_after=None
[2024-10-21T18:02:02.765+0000] {logging_mixin.py:190} INFO - [2024-10-21T18:02:02.764+0000] {dag.py:4156} INFO - Setting next_dagrun for consume_1_or_both_2_and_3_with_dataset_expressions to None, run_after=None
[2024-10-21T18:02:02.770+0000] {logging_mixin.py:190} INFO - [2024-10-21T18:02:02.770+0000] {dag.py:4156} INFO - Setting next_dagrun for dataset_consumes_1 to None, run_after=None
[2024-10-21T18:02:02.797+0000] {logging_mixin.py:190} INFO - [2024-10-21T18:02:02.785+0000] {dag.py:4156} INFO - Setting next_dagrun for dataset_consumes_1_and_2 to None, run_after=None
[2024-10-21T18:02:02.833+0000] {logging_mixin.py:190} INFO - [2024-10-21T18:02:02.833+0000] {dag.py:4156} INFO - Setting next_dagrun for dataset_consumes_1_never_scheduled to None, run_after=None
[2024-10-21T18:02:02.855+0000] {logging_mixin.py:190} INFO - [2024-10-21T18:02:02.854+0000] {dag.py:4156} INFO - Setting next_dagrun for dataset_consumes_unknown_never_scheduled to None, run_after=None
[2024-10-21T18:02:02.878+0000] {logging_mixin.py:190} INFO - [2024-10-21T18:02:02.878+0000] {dag.py:4156} INFO - Setting next_dagrun for dataset_produces_1 to 2024-10-20 00:00:00+00:00, run_after=2024-10-21 00:00:00+00:00
[2024-10-21T18:02:02.910+0000] {logging_mixin.py:190} INFO - [2024-10-21T18:02:02.909+0000] {dag.py:4156} INFO - Setting next_dagrun for dataset_produces_2 to None, run_after=None
[2024-10-21T18:02:03.540+0000] {processor.py:208} INFO - Processing /home/airflow/.local/lib/python3.12/site-packages/airflow/example_dags/example_datasets.py took 4.249 seconds
[2024-10-21T18:03:07.441+0000] {processor.py:186} INFO - Started process (PID=206) to work on /home/airflow/.local/lib/python3.12/site-packages/airflow/example_dags/example_datasets.py
[2024-10-21T18:03:07.445+0000] {processor.py:914} INFO - Processing file /home/airflow/.local/lib/python3.12/site-packages/airflow/example_dags/example_datasets.py for tasks to queue
[2024-10-21T18:03:07.482+0000] {logging_mixin.py:190} INFO - [2024-10-21T18:03:07.481+0000] {dagbag.py:587} INFO - Filling up the DagBag from /home/airflow/.local/lib/python3.12/site-packages/airflow/example_dags/example_datasets.py
[2024-10-21T18:03:09.726+0000] {processor.py:925} INFO - DAG(s) 'dataset_consumes_unknown_never_scheduled', 'consume_1_or_both_2_and_3_with_dataset_expressions', 'dataset_produces_2', 'dataset_consumes_1_never_scheduled', 'dataset_consumes_1_and_2', 'dataset_produces_1', 'dataset_consumes_1', 'consume_1_or_2_with_dataset_expressions', 'consume_1_and_2_with_dataset_expressions', 'conditional_dataset_and_time_based_timetable' retrieved from /home/airflow/.local/lib/python3.12/site-packages/airflow/example_dags/example_datasets.py
[2024-10-21T18:03:10.150+0000] {logging_mixin.py:190} INFO - [2024-10-21T18:03:10.149+0000] {dag.py:3229} INFO - Sync 10 DAGs
[2024-10-21T18:03:10.481+0000] {logging_mixin.py:190} INFO - [2024-10-21T18:03:10.470+0000] {dag.py:4156} INFO - Setting next_dagrun for conditional_dataset_and_time_based_timetable to 2024-10-16 01:00:00+00:00, run_after=2024-10-16 01:00:00+00:00
[2024-10-21T18:03:10.498+0000] {logging_mixin.py:190} INFO - [2024-10-21T18:03:10.497+0000] {dag.py:4156} INFO - Setting next_dagrun for consume_1_and_2_with_dataset_expressions to None, run_after=None
[2024-10-21T18:03:10.503+0000] {logging_mixin.py:190} INFO - [2024-10-21T18:03:10.502+0000] {dag.py:4156} INFO - Setting next_dagrun for consume_1_or_2_with_dataset_expressions to None, run_after=None
[2024-10-21T18:03:10.506+0000] {logging_mixin.py:190} INFO - [2024-10-21T18:03:10.505+0000] {dag.py:4156} INFO - Setting next_dagrun for consume_1_or_both_2_and_3_with_dataset_expressions to None, run_after=None
[2024-10-21T18:03:10.512+0000] {logging_mixin.py:190} INFO - [2024-10-21T18:03:10.512+0000] {dag.py:4156} INFO - Setting next_dagrun for dataset_consumes_1 to None, run_after=None
[2024-10-21T18:03:10.523+0000] {logging_mixin.py:190} INFO - [2024-10-21T18:03:10.522+0000] {dag.py:4156} INFO - Setting next_dagrun for dataset_consumes_1_and_2 to None, run_after=None
[2024-10-21T18:03:10.526+0000] {logging_mixin.py:190} INFO - [2024-10-21T18:03:10.525+0000] {dag.py:4156} INFO - Setting next_dagrun for dataset_consumes_1_never_scheduled to None, run_after=None
[2024-10-21T18:03:10.533+0000] {logging_mixin.py:190} INFO - [2024-10-21T18:03:10.532+0000] {dag.py:4156} INFO - Setting next_dagrun for dataset_consumes_unknown_never_scheduled to None, run_after=None
[2024-10-21T18:03:10.540+0000] {logging_mixin.py:190} INFO - [2024-10-21T18:03:10.539+0000] {dag.py:4156} INFO - Setting next_dagrun for dataset_produces_1 to 2024-10-20 00:00:00+00:00, run_after=2024-10-21 00:00:00+00:00
[2024-10-21T18:03:10.563+0000] {logging_mixin.py:190} INFO - [2024-10-21T18:03:10.562+0000] {dag.py:4156} INFO - Setting next_dagrun for dataset_produces_2 to None, run_after=None
[2024-10-21T18:03:10.882+0000] {processor.py:208} INFO - Processing /home/airflow/.local/lib/python3.12/site-packages/airflow/example_dags/example_datasets.py took 3.552 seconds
[2024-10-21T18:04:41.103+0000] {processor.py:186} INFO - Started process (PID=283) to work on /home/airflow/.local/lib/python3.12/site-packages/airflow/example_dags/example_datasets.py
[2024-10-21T18:04:41.321+0000] {processor.py:914} INFO - Processing file /home/airflow/.local/lib/python3.12/site-packages/airflow/example_dags/example_datasets.py for tasks to queue
[2024-10-21T18:04:41.709+0000] {logging_mixin.py:190} INFO - [2024-10-21T18:04:41.623+0000] {dagbag.py:587} INFO - Filling up the DagBag from /home/airflow/.local/lib/python3.12/site-packages/airflow/example_dags/example_datasets.py
[2024-10-21T18:09:21.783+0000] {processor.py:186} INFO - Started process (PID=123) to work on /home/airflow/.local/lib/python3.12/site-packages/airflow/example_dags/example_datasets.py
[2024-10-21T18:09:21.789+0000] {processor.py:914} INFO - Processing file /home/airflow/.local/lib/python3.12/site-packages/airflow/example_dags/example_datasets.py for tasks to queue
[2024-10-21T18:09:21.800+0000] {logging_mixin.py:190} INFO - [2024-10-21T18:09:21.799+0000] {dagbag.py:587} INFO - Filling up the DagBag from /home/airflow/.local/lib/python3.12/site-packages/airflow/example_dags/example_datasets.py
[2024-10-21T18:09:22.612+0000] {processor.py:925} INFO - DAG(s) 'dataset_produces_1', 'consume_1_or_both_2_and_3_with_dataset_expressions', 'consume_1_and_2_with_dataset_expressions', 'dataset_consumes_unknown_never_scheduled', 'dataset_produces_2', 'conditional_dataset_and_time_based_timetable', 'consume_1_or_2_with_dataset_expressions', 'dataset_consumes_1', 'dataset_consumes_1_and_2', 'dataset_consumes_1_never_scheduled' retrieved from /home/airflow/.local/lib/python3.12/site-packages/airflow/example_dags/example_datasets.py
[2024-10-21T18:09:22.940+0000] {logging_mixin.py:190} INFO - [2024-10-21T18:09:22.939+0000] {dag.py:3229} INFO - Sync 10 DAGs
[2024-10-21T18:09:23.206+0000] {logging_mixin.py:190} INFO - [2024-10-21T18:09:23.205+0000] {dag.py:4156} INFO - Setting next_dagrun for conditional_dataset_and_time_based_timetable to 2024-10-16 01:00:00+00:00, run_after=2024-10-16 01:00:00+00:00
[2024-10-21T18:09:23.225+0000] {logging_mixin.py:190} INFO - [2024-10-21T18:09:23.225+0000] {dag.py:4156} INFO - Setting next_dagrun for consume_1_and_2_with_dataset_expressions to None, run_after=None
[2024-10-21T18:09:23.237+0000] {logging_mixin.py:190} INFO - [2024-10-21T18:09:23.237+0000] {dag.py:4156} INFO - Setting next_dagrun for consume_1_or_2_with_dataset_expressions to None, run_after=None
[2024-10-21T18:09:23.256+0000] {logging_mixin.py:190} INFO - [2024-10-21T18:09:23.255+0000] {dag.py:4156} INFO - Setting next_dagrun for consume_1_or_both_2_and_3_with_dataset_expressions to None, run_after=None
[2024-10-21T18:09:23.277+0000] {logging_mixin.py:190} INFO - [2024-10-21T18:09:23.277+0000] {dag.py:4156} INFO - Setting next_dagrun for dataset_consumes_1 to None, run_after=None
[2024-10-21T18:09:23.309+0000] {logging_mixin.py:190} INFO - [2024-10-21T18:09:23.307+0000] {dag.py:4156} INFO - Setting next_dagrun for dataset_consumes_1_and_2 to None, run_after=None
[2024-10-21T18:09:23.325+0000] {logging_mixin.py:190} INFO - [2024-10-21T18:09:23.324+0000] {dag.py:4156} INFO - Setting next_dagrun for dataset_consumes_1_never_scheduled to None, run_after=None
[2024-10-21T18:09:23.344+0000] {logging_mixin.py:190} INFO - [2024-10-21T18:09:23.343+0000] {dag.py:4156} INFO - Setting next_dagrun for dataset_consumes_unknown_never_scheduled to None, run_after=None
[2024-10-21T18:09:23.368+0000] {logging_mixin.py:190} INFO - [2024-10-21T18:09:23.358+0000] {dag.py:4156} INFO - Setting next_dagrun for dataset_produces_1 to 2024-10-20 00:00:00+00:00, run_after=2024-10-21 00:00:00+00:00
[2024-10-21T18:09:23.390+0000] {logging_mixin.py:190} INFO - [2024-10-21T18:09:23.389+0000] {dag.py:4156} INFO - Setting next_dagrun for dataset_produces_2 to None, run_after=None
[2024-10-21T18:09:23.767+0000] {processor.py:208} INFO - Processing /home/airflow/.local/lib/python3.12/site-packages/airflow/example_dags/example_datasets.py took 2.025 seconds
