[2024-10-21T09:01:17.310+0000] {processor.py:186} INFO - Started process (PID=123) to work on /home/airflow/.local/lib/python3.12/site-packages/airflow/example_dags/example_trigger_controller_dag.py
[2024-10-21T09:01:17.355+0000] {processor.py:914} INFO - Processing file /home/airflow/.local/lib/python3.12/site-packages/airflow/example_dags/example_trigger_controller_dag.py for tasks to queue
[2024-10-21T09:01:17.414+0000] {logging_mixin.py:190} INFO - [2024-10-21T09:01:17.413+0000] {dagbag.py:587} INFO - Filling up the DagBag from /home/airflow/.local/lib/python3.12/site-packages/airflow/example_dags/example_trigger_controller_dag.py
[2024-10-21T09:01:17.481+0000] {processor.py:925} INFO - DAG(s) 'example_trigger_controller_dag' retrieved from /home/airflow/.local/lib/python3.12/site-packages/airflow/example_dags/example_trigger_controller_dag.py
[2024-10-21T09:01:17.621+0000] {logging_mixin.py:190} INFO - [2024-10-21T09:01:17.618+0000] {dag.py:3229} INFO - Sync 1 DAGs
[2024-10-21T09:01:18.099+0000] {logging_mixin.py:190} INFO - [2024-10-21T09:01:18.097+0000] {dag.py:4156} INFO - Setting next_dagrun for example_trigger_controller_dag to 2021-01-01 00:00:00+00:00, run_after=2021-01-01 00:00:00+00:00
[2024-10-21T09:01:19.050+0000] {processor.py:208} INFO - Processing /home/airflow/.local/lib/python3.12/site-packages/airflow/example_dags/example_trigger_controller_dag.py took 1.833 seconds
[2024-10-21T09:02:29.326+0000] {processor.py:186} INFO - Started process (PID=192) to work on /home/airflow/.local/lib/python3.12/site-packages/airflow/example_dags/example_trigger_controller_dag.py
[2024-10-21T09:02:29.358+0000] {processor.py:914} INFO - Processing file /home/airflow/.local/lib/python3.12/site-packages/airflow/example_dags/example_trigger_controller_dag.py for tasks to queue
[2024-10-21T09:02:29.373+0000] {logging_mixin.py:190} INFO - [2024-10-21T09:02:29.372+0000] {dagbag.py:587} INFO - Filling up the DagBag from /home/airflow/.local/lib/python3.12/site-packages/airflow/example_dags/example_trigger_controller_dag.py
[2024-10-21T09:02:29.513+0000] {processor.py:925} INFO - DAG(s) 'example_trigger_controller_dag' retrieved from /home/airflow/.local/lib/python3.12/site-packages/airflow/example_dags/example_trigger_controller_dag.py
[2024-10-21T09:02:29.769+0000] {logging_mixin.py:190} INFO - [2024-10-21T09:02:29.768+0000] {dag.py:3229} INFO - Sync 1 DAGs
[2024-10-21T09:02:30.201+0000] {logging_mixin.py:190} INFO - [2024-10-21T09:02:30.200+0000] {dag.py:4156} INFO - Setting next_dagrun for example_trigger_controller_dag to 2021-01-01 00:00:00+00:00, run_after=2021-01-01 00:00:00+00:00
[2024-10-21T09:02:30.771+0000] {processor.py:208} INFO - Processing /home/airflow/.local/lib/python3.12/site-packages/airflow/example_dags/example_trigger_controller_dag.py took 1.714 seconds
[2024-10-21T09:03:25.258+0000] {processor.py:186} INFO - Started process (PID=261) to work on /home/airflow/.local/lib/python3.12/site-packages/airflow/example_dags/example_trigger_controller_dag.py
[2024-10-21T09:03:25.282+0000] {processor.py:914} INFO - Processing file /home/airflow/.local/lib/python3.12/site-packages/airflow/example_dags/example_trigger_controller_dag.py for tasks to queue
[2024-10-21T09:03:25.294+0000] {logging_mixin.py:190} INFO - [2024-10-21T09:03:25.294+0000] {dagbag.py:587} INFO - Filling up the DagBag from /home/airflow/.local/lib/python3.12/site-packages/airflow/example_dags/example_trigger_controller_dag.py
[2024-10-21T09:03:25.311+0000] {processor.py:925} INFO - DAG(s) 'example_trigger_controller_dag' retrieved from /home/airflow/.local/lib/python3.12/site-packages/airflow/example_dags/example_trigger_controller_dag.py
[2024-10-21T09:03:25.388+0000] {logging_mixin.py:190} INFO - [2024-10-21T09:03:25.387+0000] {dag.py:3229} INFO - Sync 1 DAGs
[2024-10-21T09:03:25.558+0000] {logging_mixin.py:190} INFO - [2024-10-21T09:03:25.557+0000] {dag.py:4156} INFO - Setting next_dagrun for example_trigger_controller_dag to 2021-01-01 00:00:00+00:00, run_after=2021-01-01 00:00:00+00:00
[2024-10-21T09:03:25.768+0000] {processor.py:208} INFO - Processing /home/airflow/.local/lib/python3.12/site-packages/airflow/example_dags/example_trigger_controller_dag.py took 0.535 seconds
[2024-10-21T09:09:24.388+0000] {processor.py:186} INFO - Started process (PID=90) to work on /home/airflow/.local/lib/python3.12/site-packages/airflow/example_dags/example_trigger_controller_dag.py
[2024-10-21T09:09:24.391+0000] {processor.py:914} INFO - Processing file /home/airflow/.local/lib/python3.12/site-packages/airflow/example_dags/example_trigger_controller_dag.py for tasks to queue
[2024-10-21T09:09:24.401+0000] {logging_mixin.py:190} INFO - [2024-10-21T09:09:24.400+0000] {dagbag.py:587} INFO - Filling up the DagBag from /home/airflow/.local/lib/python3.12/site-packages/airflow/example_dags/example_trigger_controller_dag.py
[2024-10-21T09:09:24.448+0000] {processor.py:925} INFO - DAG(s) 'example_trigger_controller_dag' retrieved from /home/airflow/.local/lib/python3.12/site-packages/airflow/example_dags/example_trigger_controller_dag.py
[2024-10-21T09:09:24.524+0000] {logging_mixin.py:190} INFO - [2024-10-21T09:09:24.524+0000] {dag.py:3229} INFO - Sync 1 DAGs
[2024-10-21T09:09:24.659+0000] {logging_mixin.py:190} INFO - [2024-10-21T09:09:24.658+0000] {dag.py:4156} INFO - Setting next_dagrun for example_trigger_controller_dag to 2021-01-01 00:00:00+00:00, run_after=2021-01-01 00:00:00+00:00
[2024-10-21T09:09:24.745+0000] {processor.py:208} INFO - Processing /home/airflow/.local/lib/python3.12/site-packages/airflow/example_dags/example_trigger_controller_dag.py took 0.375 seconds
[2024-10-21T09:12:43.276+0000] {processor.py:186} INFO - Started process (PID=94) to work on /home/airflow/.local/lib/python3.12/site-packages/airflow/example_dags/example_trigger_controller_dag.py
[2024-10-21T09:12:43.279+0000] {processor.py:914} INFO - Processing file /home/airflow/.local/lib/python3.12/site-packages/airflow/example_dags/example_trigger_controller_dag.py for tasks to queue
[2024-10-21T09:12:43.284+0000] {logging_mixin.py:190} INFO - [2024-10-21T09:12:43.283+0000] {dagbag.py:587} INFO - Filling up the DagBag from /home/airflow/.local/lib/python3.12/site-packages/airflow/example_dags/example_trigger_controller_dag.py
[2024-10-21T09:12:43.299+0000] {processor.py:925} INFO - DAG(s) 'example_trigger_controller_dag' retrieved from /home/airflow/.local/lib/python3.12/site-packages/airflow/example_dags/example_trigger_controller_dag.py
[2024-10-21T09:12:43.360+0000] {logging_mixin.py:190} INFO - [2024-10-21T09:12:43.359+0000] {dag.py:3229} INFO - Sync 1 DAGs
[2024-10-21T09:12:43.419+0000] {logging_mixin.py:190} INFO - [2024-10-21T09:12:43.419+0000] {dag.py:4156} INFO - Setting next_dagrun for example_trigger_controller_dag to 2021-01-01 00:00:00+00:00, run_after=2021-01-01 00:00:00+00:00
[2024-10-21T09:12:43.500+0000] {processor.py:208} INFO - Processing /home/airflow/.local/lib/python3.12/site-packages/airflow/example_dags/example_trigger_controller_dag.py took 0.241 seconds
[2024-10-21T18:01:32.890+0000] {processor.py:186} INFO - Started process (PID=111) to work on /home/airflow/.local/lib/python3.12/site-packages/airflow/example_dags/example_trigger_controller_dag.py
[2024-10-21T18:01:32.901+0000] {processor.py:914} INFO - Processing file /home/airflow/.local/lib/python3.12/site-packages/airflow/example_dags/example_trigger_controller_dag.py for tasks to queue
[2024-10-21T18:01:32.949+0000] {logging_mixin.py:190} INFO - [2024-10-21T18:01:32.948+0000] {dagbag.py:587} INFO - Filling up the DagBag from /home/airflow/.local/lib/python3.12/site-packages/airflow/example_dags/example_trigger_controller_dag.py
[2024-10-21T18:01:33.036+0000] {processor.py:925} INFO - DAG(s) 'example_trigger_controller_dag' retrieved from /home/airflow/.local/lib/python3.12/site-packages/airflow/example_dags/example_trigger_controller_dag.py
[2024-10-21T18:01:33.201+0000] {logging_mixin.py:190} INFO - [2024-10-21T18:01:33.201+0000] {dag.py:3229} INFO - Sync 1 DAGs
[2024-10-21T18:01:33.555+0000] {logging_mixin.py:190} INFO - [2024-10-21T18:01:33.554+0000] {dag.py:4156} INFO - Setting next_dagrun for example_trigger_controller_dag to 2021-01-01 00:00:00+00:00, run_after=2021-01-01 00:00:00+00:00
[2024-10-21T18:01:34.031+0000] {processor.py:208} INFO - Processing /home/airflow/.local/lib/python3.12/site-packages/airflow/example_dags/example_trigger_controller_dag.py took 1.197 seconds
[2024-10-21T18:02:38.152+0000] {processor.py:186} INFO - Started process (PID=179) to work on /home/airflow/.local/lib/python3.12/site-packages/airflow/example_dags/example_trigger_controller_dag.py
[2024-10-21T18:02:38.159+0000] {processor.py:914} INFO - Processing file /home/airflow/.local/lib/python3.12/site-packages/airflow/example_dags/example_trigger_controller_dag.py for tasks to queue
[2024-10-21T18:02:38.216+0000] {logging_mixin.py:190} INFO - [2024-10-21T18:02:38.211+0000] {dagbag.py:587} INFO - Filling up the DagBag from /home/airflow/.local/lib/python3.12/site-packages/airflow/example_dags/example_trigger_controller_dag.py
[2024-10-21T18:02:38.302+0000] {processor.py:925} INFO - DAG(s) 'example_trigger_controller_dag' retrieved from /home/airflow/.local/lib/python3.12/site-packages/airflow/example_dags/example_trigger_controller_dag.py
[2024-10-21T18:02:38.515+0000] {logging_mixin.py:190} INFO - [2024-10-21T18:02:38.515+0000] {dag.py:3229} INFO - Sync 1 DAGs
[2024-10-21T18:02:39.259+0000] {logging_mixin.py:190} INFO - [2024-10-21T18:02:39.259+0000] {dag.py:4156} INFO - Setting next_dagrun for example_trigger_controller_dag to 2021-01-01 00:00:00+00:00, run_after=2021-01-01 00:00:00+00:00
[2024-10-21T18:02:39.745+0000] {processor.py:208} INFO - Processing /home/airflow/.local/lib/python3.12/site-packages/airflow/example_dags/example_trigger_controller_dag.py took 1.699 seconds
[2024-10-21T18:03:46.994+0000] {processor.py:186} INFO - Started process (PID=248) to work on /home/airflow/.local/lib/python3.12/site-packages/airflow/example_dags/example_trigger_controller_dag.py
[2024-10-21T18:03:47.015+0000] {processor.py:914} INFO - Processing file /home/airflow/.local/lib/python3.12/site-packages/airflow/example_dags/example_trigger_controller_dag.py for tasks to queue
[2024-10-21T18:03:47.049+0000] {logging_mixin.py:190} INFO - [2024-10-21T18:03:47.048+0000] {dagbag.py:587} INFO - Filling up the DagBag from /home/airflow/.local/lib/python3.12/site-packages/airflow/example_dags/example_trigger_controller_dag.py
[2024-10-21T18:03:47.136+0000] {processor.py:925} INFO - DAG(s) 'example_trigger_controller_dag' retrieved from /home/airflow/.local/lib/python3.12/site-packages/airflow/example_dags/example_trigger_controller_dag.py
[2024-10-21T18:03:47.292+0000] {logging_mixin.py:190} INFO - [2024-10-21T18:03:47.291+0000] {dag.py:3229} INFO - Sync 1 DAGs
[2024-10-21T18:03:47.684+0000] {logging_mixin.py:190} INFO - [2024-10-21T18:03:47.683+0000] {dag.py:4156} INFO - Setting next_dagrun for example_trigger_controller_dag to 2021-01-01 00:00:00+00:00, run_after=2021-01-01 00:00:00+00:00
[2024-10-21T18:03:48.101+0000] {processor.py:208} INFO - Processing /home/airflow/.local/lib/python3.12/site-packages/airflow/example_dags/example_trigger_controller_dag.py took 1.167 seconds
[2024-10-21T18:09:11.860+0000] {processor.py:186} INFO - Started process (PID=96) to work on /home/airflow/.local/lib/python3.12/site-packages/airflow/example_dags/example_trigger_controller_dag.py
[2024-10-21T18:09:11.864+0000] {processor.py:914} INFO - Processing file /home/airflow/.local/lib/python3.12/site-packages/airflow/example_dags/example_trigger_controller_dag.py for tasks to queue
[2024-10-21T18:09:11.880+0000] {logging_mixin.py:190} INFO - [2024-10-21T18:09:11.878+0000] {dagbag.py:587} INFO - Filling up the DagBag from /home/airflow/.local/lib/python3.12/site-packages/airflow/example_dags/example_trigger_controller_dag.py
[2024-10-21T18:09:11.918+0000] {processor.py:925} INFO - DAG(s) 'example_trigger_controller_dag' retrieved from /home/airflow/.local/lib/python3.12/site-packages/airflow/example_dags/example_trigger_controller_dag.py
[2024-10-21T18:09:12.009+0000] {logging_mixin.py:190} INFO - [2024-10-21T18:09:12.009+0000] {dag.py:3229} INFO - Sync 1 DAGs
[2024-10-21T18:09:12.099+0000] {logging_mixin.py:190} INFO - [2024-10-21T18:09:12.099+0000] {dag.py:4156} INFO - Setting next_dagrun for example_trigger_controller_dag to 2021-01-01 00:00:00+00:00, run_after=2021-01-01 00:00:00+00:00
[2024-10-21T18:09:12.216+0000] {processor.py:208} INFO - Processing /home/airflow/.local/lib/python3.12/site-packages/airflow/example_dags/example_trigger_controller_dag.py took 0.392 seconds
