[2024-10-21T09:01:08.394+0000] {processor.py:186} INFO - Started process (PID=117) to work on /home/airflow/.local/lib/python3.12/site-packages/airflow/example_dags/example_python_operator.py
[2024-10-21T09:01:08.417+0000] {processor.py:914} INFO - Processing file /home/airflow/.local/lib/python3.12/site-packages/airflow/example_dags/example_python_operator.py for tasks to queue
[2024-10-21T09:01:08.490+0000] {logging_mixin.py:190} INFO - [2024-10-21T09:01:08.488+0000] {dagbag.py:587} INFO - Filling up the DagBag from /home/airflow/.local/lib/python3.12/site-packages/airflow/example_dags/example_python_operator.py
[2024-10-21T09:01:08.679+0000] {processor.py:925} INFO - DAG(s) 'example_python_operator' retrieved from /home/airflow/.local/lib/python3.12/site-packages/airflow/example_dags/example_python_operator.py
[2024-10-21T09:01:10.964+0000] {logging_mixin.py:190} INFO - [2024-10-21T09:01:10.963+0000] {dag.py:3229} INFO - Sync 1 DAGs
[2024-10-21T09:01:11.071+0000] {logging_mixin.py:190} INFO - [2024-10-21T09:01:11.071+0000] {dag.py:4156} INFO - Setting next_dagrun for example_python_operator to None, run_after=None
[2024-10-21T09:01:11.277+0000] {processor.py:208} INFO - Processing /home/airflow/.local/lib/python3.12/site-packages/airflow/example_dags/example_python_operator.py took 2.992 seconds
[2024-10-21T09:02:14.994+0000] {processor.py:186} INFO - Started process (PID=186) to work on /home/airflow/.local/lib/python3.12/site-packages/airflow/example_dags/example_python_operator.py
[2024-10-21T09:02:15.037+0000] {processor.py:914} INFO - Processing file /home/airflow/.local/lib/python3.12/site-packages/airflow/example_dags/example_python_operator.py for tasks to queue
[2024-10-21T09:02:15.098+0000] {logging_mixin.py:190} INFO - [2024-10-21T09:02:15.097+0000] {dagbag.py:587} INFO - Filling up the DagBag from /home/airflow/.local/lib/python3.12/site-packages/airflow/example_dags/example_python_operator.py
[2024-10-21T09:02:15.403+0000] {processor.py:925} INFO - DAG(s) 'example_python_operator' retrieved from /home/airflow/.local/lib/python3.12/site-packages/airflow/example_dags/example_python_operator.py
[2024-10-21T09:02:15.628+0000] {logging_mixin.py:190} INFO - [2024-10-21T09:02:15.627+0000] {dag.py:3229} INFO - Sync 1 DAGs
[2024-10-21T09:02:17.398+0000] {logging_mixin.py:190} INFO - [2024-10-21T09:02:17.396+0000] {dag.py:4156} INFO - Setting next_dagrun for example_python_operator to None, run_after=None
[2024-10-21T09:02:18.060+0000] {processor.py:208} INFO - Processing /home/airflow/.local/lib/python3.12/site-packages/airflow/example_dags/example_python_operator.py took 3.180 seconds
[2024-10-21T09:03:01.569+0000] {processor.py:186} INFO - Started process (PID=225) to work on /home/airflow/.local/lib/python3.12/site-packages/airflow/example_dags/example_python_operator.py
[2024-10-21T09:03:01.603+0000] {processor.py:914} INFO - Processing file /home/airflow/.local/lib/python3.12/site-packages/airflow/example_dags/example_python_operator.py for tasks to queue
[2024-10-21T09:03:01.692+0000] {logging_mixin.py:190} INFO - [2024-10-21T09:03:01.613+0000] {dagbag.py:587} INFO - Filling up the DagBag from /home/airflow/.local/lib/python3.12/site-packages/airflow/example_dags/example_python_operator.py
[2024-10-21T09:03:02.013+0000] {processor.py:925} INFO - DAG(s) 'example_python_operator' retrieved from /home/airflow/.local/lib/python3.12/site-packages/airflow/example_dags/example_python_operator.py
[2024-10-21T09:03:02.236+0000] {logging_mixin.py:190} INFO - [2024-10-21T09:03:02.235+0000] {dag.py:3229} INFO - Sync 1 DAGs
[2024-10-21T09:03:02.294+0000] {logging_mixin.py:190} INFO - [2024-10-21T09:03:02.294+0000] {dag.py:4156} INFO - Setting next_dagrun for example_python_operator to None, run_after=None
[2024-10-21T09:03:02.469+0000] {processor.py:208} INFO - Processing /home/airflow/.local/lib/python3.12/site-packages/airflow/example_dags/example_python_operator.py took 0.975 seconds
[2024-10-21T09:09:20.141+0000] {processor.py:186} INFO - Started process (PID=84) to work on /home/airflow/.local/lib/python3.12/site-packages/airflow/example_dags/example_python_operator.py
[2024-10-21T09:09:20.143+0000] {processor.py:914} INFO - Processing file /home/airflow/.local/lib/python3.12/site-packages/airflow/example_dags/example_python_operator.py for tasks to queue
[2024-10-21T09:09:20.161+0000] {logging_mixin.py:190} INFO - [2024-10-21T09:09:20.160+0000] {dagbag.py:587} INFO - Filling up the DagBag from /home/airflow/.local/lib/python3.12/site-packages/airflow/example_dags/example_python_operator.py
[2024-10-21T09:09:20.234+0000] {processor.py:925} INFO - DAG(s) 'example_python_operator' retrieved from /home/airflow/.local/lib/python3.12/site-packages/airflow/example_dags/example_python_operator.py
[2024-10-21T09:09:21.124+0000] {logging_mixin.py:190} INFO - [2024-10-21T09:09:21.123+0000] {dag.py:3229} INFO - Sync 1 DAGs
[2024-10-21T09:09:21.277+0000] {logging_mixin.py:190} INFO - [2024-10-21T09:09:21.276+0000] {dag.py:4156} INFO - Setting next_dagrun for example_python_operator to None, run_after=None
[2024-10-21T09:09:21.390+0000] {processor.py:208} INFO - Processing /home/airflow/.local/lib/python3.12/site-packages/airflow/example_dags/example_python_operator.py took 1.267 seconds
[2024-10-21T09:12:38.110+0000] {processor.py:186} INFO - Started process (PID=83) to work on /home/airflow/.local/lib/python3.12/site-packages/airflow/example_dags/example_python_operator.py
[2024-10-21T09:12:38.119+0000] {processor.py:914} INFO - Processing file /home/airflow/.local/lib/python3.12/site-packages/airflow/example_dags/example_python_operator.py for tasks to queue
[2024-10-21T09:12:38.148+0000] {logging_mixin.py:190} INFO - [2024-10-21T09:12:38.147+0000] {dagbag.py:587} INFO - Filling up the DagBag from /home/airflow/.local/lib/python3.12/site-packages/airflow/example_dags/example_python_operator.py
[2024-10-21T09:12:38.258+0000] {processor.py:925} INFO - DAG(s) 'example_python_operator' retrieved from /home/airflow/.local/lib/python3.12/site-packages/airflow/example_dags/example_python_operator.py
[2024-10-21T09:12:39.129+0000] {logging_mixin.py:190} INFO - [2024-10-21T09:12:39.129+0000] {dag.py:3229} INFO - Sync 1 DAGs
[2024-10-21T09:12:39.179+0000] {logging_mixin.py:190} INFO - [2024-10-21T09:12:39.178+0000] {dag.py:4156} INFO - Setting next_dagrun for example_python_operator to None, run_after=None
[2024-10-21T09:12:39.425+0000] {processor.py:208} INFO - Processing /home/airflow/.local/lib/python3.12/site-packages/airflow/example_dags/example_python_operator.py took 1.353 seconds
[2024-10-21T18:01:23.595+0000] {processor.py:186} INFO - Started process (PID=105) to work on /home/airflow/.local/lib/python3.12/site-packages/airflow/example_dags/example_python_operator.py
[2024-10-21T18:01:23.624+0000] {processor.py:914} INFO - Processing file /home/airflow/.local/lib/python3.12/site-packages/airflow/example_dags/example_python_operator.py for tasks to queue
[2024-10-21T18:01:23.634+0000] {logging_mixin.py:190} INFO - [2024-10-21T18:01:23.633+0000] {dagbag.py:587} INFO - Filling up the DagBag from /home/airflow/.local/lib/python3.12/site-packages/airflow/example_dags/example_python_operator.py
[2024-10-21T18:01:23.798+0000] {processor.py:925} INFO - DAG(s) 'example_python_operator' retrieved from /home/airflow/.local/lib/python3.12/site-packages/airflow/example_dags/example_python_operator.py
[2024-10-21T18:01:26.508+0000] {logging_mixin.py:190} INFO - [2024-10-21T18:01:26.507+0000] {dag.py:3229} INFO - Sync 1 DAGs
[2024-10-21T18:01:26.631+0000] {logging_mixin.py:190} INFO - [2024-10-21T18:01:26.626+0000] {dag.py:4156} INFO - Setting next_dagrun for example_python_operator to None, run_after=None
[2024-10-21T18:01:26.863+0000] {processor.py:208} INFO - Processing /home/airflow/.local/lib/python3.12/site-packages/airflow/example_dags/example_python_operator.py took 3.319 seconds
[2024-10-21T18:02:30.114+0000] {processor.py:186} INFO - Started process (PID=173) to work on /home/airflow/.local/lib/python3.12/site-packages/airflow/example_dags/example_python_operator.py
[2024-10-21T18:02:30.138+0000] {processor.py:914} INFO - Processing file /home/airflow/.local/lib/python3.12/site-packages/airflow/example_dags/example_python_operator.py for tasks to queue
[2024-10-21T18:02:30.161+0000] {logging_mixin.py:190} INFO - [2024-10-21T18:02:30.160+0000] {dagbag.py:587} INFO - Filling up the DagBag from /home/airflow/.local/lib/python3.12/site-packages/airflow/example_dags/example_python_operator.py
[2024-10-21T18:02:30.490+0000] {processor.py:925} INFO - DAG(s) 'example_python_operator' retrieved from /home/airflow/.local/lib/python3.12/site-packages/airflow/example_dags/example_python_operator.py
[2024-10-21T18:02:30.948+0000] {logging_mixin.py:190} INFO - [2024-10-21T18:02:30.947+0000] {dag.py:3229} INFO - Sync 1 DAGs
[2024-10-21T18:02:31.113+0000] {logging_mixin.py:190} INFO - [2024-10-21T18:02:31.111+0000] {dag.py:4156} INFO - Setting next_dagrun for example_python_operator to None, run_after=None
[2024-10-21T18:02:31.408+0000] {processor.py:208} INFO - Processing /home/airflow/.local/lib/python3.12/site-packages/airflow/example_dags/example_python_operator.py took 1.350 seconds
[2024-10-21T18:03:38.646+0000] {processor.py:186} INFO - Started process (PID=242) to work on /home/airflow/.local/lib/python3.12/site-packages/airflow/example_dags/example_python_operator.py
[2024-10-21T18:03:38.708+0000] {processor.py:914} INFO - Processing file /home/airflow/.local/lib/python3.12/site-packages/airflow/example_dags/example_python_operator.py for tasks to queue
[2024-10-21T18:03:38.742+0000] {logging_mixin.py:190} INFO - [2024-10-21T18:03:38.741+0000] {dagbag.py:587} INFO - Filling up the DagBag from /home/airflow/.local/lib/python3.12/site-packages/airflow/example_dags/example_python_operator.py
[2024-10-21T18:03:39.030+0000] {processor.py:925} INFO - DAG(s) 'example_python_operator' retrieved from /home/airflow/.local/lib/python3.12/site-packages/airflow/example_dags/example_python_operator.py
[2024-10-21T18:03:39.327+0000] {logging_mixin.py:190} INFO - [2024-10-21T18:03:39.326+0000] {dag.py:3229} INFO - Sync 1 DAGs
[2024-10-21T18:03:39.943+0000] {logging_mixin.py:190} INFO - [2024-10-21T18:03:39.943+0000] {dag.py:4156} INFO - Setting next_dagrun for example_python_operator to None, run_after=None
[2024-10-21T18:03:40.500+0000] {processor.py:208} INFO - Processing /home/airflow/.local/lib/python3.12/site-packages/airflow/example_dags/example_python_operator.py took 2.043 seconds
[2024-10-21T18:09:07.485+0000] {processor.py:186} INFO - Started process (PID=90) to work on /home/airflow/.local/lib/python3.12/site-packages/airflow/example_dags/example_python_operator.py
[2024-10-21T18:09:07.507+0000] {processor.py:914} INFO - Processing file /home/airflow/.local/lib/python3.12/site-packages/airflow/example_dags/example_python_operator.py for tasks to queue
[2024-10-21T18:09:07.571+0000] {logging_mixin.py:190} INFO - [2024-10-21T18:09:07.569+0000] {dagbag.py:587} INFO - Filling up the DagBag from /home/airflow/.local/lib/python3.12/site-packages/airflow/example_dags/example_python_operator.py
[2024-10-21T18:09:07.837+0000] {processor.py:925} INFO - DAG(s) 'example_python_operator' retrieved from /home/airflow/.local/lib/python3.12/site-packages/airflow/example_dags/example_python_operator.py
[2024-10-21T18:09:09.391+0000] {logging_mixin.py:190} INFO - [2024-10-21T18:09:09.390+0000] {dag.py:3229} INFO - Sync 1 DAGs
[2024-10-21T18:09:09.451+0000] {logging_mixin.py:190} INFO - [2024-10-21T18:09:09.450+0000] {dag.py:4156} INFO - Setting next_dagrun for example_python_operator to None, run_after=None
[2024-10-21T18:09:09.546+0000] {processor.py:208} INFO - Processing /home/airflow/.local/lib/python3.12/site-packages/airflow/example_dags/example_python_operator.py took 2.145 seconds
