[2024-10-21T09:01:54.082+0000] {processor.py:186} INFO - Started process (PID=155) to work on /home/airflow/.local/lib/python3.12/site-packages/airflow/example_dags/example_sensor_decorator.py
[2024-10-21T09:01:54.209+0000] {processor.py:914} INFO - Processing file /home/airflow/.local/lib/python3.12/site-packages/airflow/example_dags/example_sensor_decorator.py for tasks to queue
[2024-10-21T09:01:54.284+0000] {logging_mixin.py:190} INFO - [2024-10-21T09:01:54.283+0000] {dagbag.py:587} INFO - Filling up the DagBag from /home/airflow/.local/lib/python3.12/site-packages/airflow/example_dags/example_sensor_decorator.py
[2024-10-21T09:01:54.500+0000] {processor.py:925} INFO - DAG(s) 'example_sensor_decorator' retrieved from /home/airflow/.local/lib/python3.12/site-packages/airflow/example_dags/example_sensor_decorator.py
[2024-10-21T09:01:54.683+0000] {logging_mixin.py:190} INFO - [2024-10-21T09:01:54.683+0000] {dag.py:3229} INFO - Sync 1 DAGs
[2024-10-21T09:01:54.962+0000] {logging_mixin.py:190} INFO - [2024-10-21T09:01:54.962+0000] {dag.py:4156} INFO - Setting next_dagrun for example_sensor_decorator to None, run_after=None
[2024-10-21T09:01:55.299+0000] {processor.py:208} INFO - Processing /home/airflow/.local/lib/python3.12/site-packages/airflow/example_dags/example_sensor_decorator.py took 1.283 seconds
[2024-10-21T09:03:15.159+0000] {processor.py:186} INFO - Started process (PID=244) to work on /home/airflow/.local/lib/python3.12/site-packages/airflow/example_dags/example_sensor_decorator.py
[2024-10-21T09:03:15.204+0000] {processor.py:914} INFO - Processing file /home/airflow/.local/lib/python3.12/site-packages/airflow/example_dags/example_sensor_decorator.py for tasks to queue
[2024-10-21T09:03:15.243+0000] {logging_mixin.py:190} INFO - [2024-10-21T09:03:15.242+0000] {dagbag.py:587} INFO - Filling up the DagBag from /home/airflow/.local/lib/python3.12/site-packages/airflow/example_dags/example_sensor_decorator.py
[2024-10-21T09:03:15.284+0000] {processor.py:925} INFO - DAG(s) 'example_sensor_decorator' retrieved from /home/airflow/.local/lib/python3.12/site-packages/airflow/example_dags/example_sensor_decorator.py
[2024-10-21T09:03:15.476+0000] {logging_mixin.py:190} INFO - [2024-10-21T09:03:15.476+0000] {dag.py:3229} INFO - Sync 1 DAGs
[2024-10-21T09:03:15.688+0000] {logging_mixin.py:190} INFO - [2024-10-21T09:03:15.685+0000] {dag.py:4156} INFO - Setting next_dagrun for example_sensor_decorator to None, run_after=None
[2024-10-21T09:03:15.874+0000] {processor.py:208} INFO - Processing /home/airflow/.local/lib/python3.12/site-packages/airflow/example_dags/example_sensor_decorator.py took 0.766 seconds
[2024-10-21T09:09:42.484+0000] {processor.py:186} INFO - Started process (PID=121) to work on /home/airflow/.local/lib/python3.12/site-packages/airflow/example_dags/example_sensor_decorator.py
[2024-10-21T09:09:42.487+0000] {processor.py:914} INFO - Processing file /home/airflow/.local/lib/python3.12/site-packages/airflow/example_dags/example_sensor_decorator.py for tasks to queue
[2024-10-21T09:09:42.492+0000] {logging_mixin.py:190} INFO - [2024-10-21T09:09:42.491+0000] {dagbag.py:587} INFO - Filling up the DagBag from /home/airflow/.local/lib/python3.12/site-packages/airflow/example_dags/example_sensor_decorator.py
[2024-10-21T09:09:42.518+0000] {processor.py:925} INFO - DAG(s) 'example_sensor_decorator' retrieved from /home/airflow/.local/lib/python3.12/site-packages/airflow/example_dags/example_sensor_decorator.py
[2024-10-21T09:09:42.623+0000] {logging_mixin.py:190} INFO - [2024-10-21T09:09:42.622+0000] {dag.py:3229} INFO - Sync 1 DAGs
[2024-10-21T09:09:42.700+0000] {logging_mixin.py:190} INFO - [2024-10-21T09:09:42.700+0000] {dag.py:4156} INFO - Setting next_dagrun for example_sensor_decorator to None, run_after=None
[2024-10-21T09:09:42.819+0000] {processor.py:208} INFO - Processing /home/airflow/.local/lib/python3.12/site-packages/airflow/example_dags/example_sensor_decorator.py took 0.351 seconds
[2024-10-21T18:02:06.301+0000] {processor.py:186} INFO - Started process (PID=143) to work on /home/airflow/.local/lib/python3.12/site-packages/airflow/example_dags/example_sensor_decorator.py
[2024-10-21T18:02:06.355+0000] {processor.py:914} INFO - Processing file /home/airflow/.local/lib/python3.12/site-packages/airflow/example_dags/example_sensor_decorator.py for tasks to queue
[2024-10-21T18:02:06.367+0000] {logging_mixin.py:190} INFO - [2024-10-21T18:02:06.366+0000] {dagbag.py:587} INFO - Filling up the DagBag from /home/airflow/.local/lib/python3.12/site-packages/airflow/example_dags/example_sensor_decorator.py
[2024-10-21T18:02:06.564+0000] {processor.py:925} INFO - DAG(s) 'example_sensor_decorator' retrieved from /home/airflow/.local/lib/python3.12/site-packages/airflow/example_dags/example_sensor_decorator.py
[2024-10-21T18:02:07.001+0000] {logging_mixin.py:190} INFO - [2024-10-21T18:02:07.000+0000] {dag.py:3229} INFO - Sync 1 DAGs
[2024-10-21T18:02:07.331+0000] {logging_mixin.py:190} INFO - [2024-10-21T18:02:07.331+0000] {dag.py:4156} INFO - Setting next_dagrun for example_sensor_decorator to None, run_after=None
[2024-10-21T18:02:07.896+0000] {processor.py:208} INFO - Processing /home/airflow/.local/lib/python3.12/site-packages/airflow/example_dags/example_sensor_decorator.py took 1.660 seconds
[2024-10-21T18:03:15.074+0000] {processor.py:186} INFO - Started process (PID=213) to work on /home/airflow/.local/lib/python3.12/site-packages/airflow/example_dags/example_sensor_decorator.py
[2024-10-21T18:03:15.112+0000] {processor.py:914} INFO - Processing file /home/airflow/.local/lib/python3.12/site-packages/airflow/example_dags/example_sensor_decorator.py for tasks to queue
[2024-10-21T18:03:15.142+0000] {logging_mixin.py:190} INFO - [2024-10-21T18:03:15.141+0000] {dagbag.py:587} INFO - Filling up the DagBag from /home/airflow/.local/lib/python3.12/site-packages/airflow/example_dags/example_sensor_decorator.py
[2024-10-21T18:03:15.283+0000] {processor.py:925} INFO - DAG(s) 'example_sensor_decorator' retrieved from /home/airflow/.local/lib/python3.12/site-packages/airflow/example_dags/example_sensor_decorator.py
[2024-10-21T18:03:15.562+0000] {logging_mixin.py:190} INFO - [2024-10-21T18:03:15.561+0000] {dag.py:3229} INFO - Sync 1 DAGs
[2024-10-21T18:03:15.785+0000] {logging_mixin.py:190} INFO - [2024-10-21T18:03:15.784+0000] {dag.py:4156} INFO - Setting next_dagrun for example_sensor_decorator to None, run_after=None
[2024-10-21T18:03:16.055+0000] {processor.py:208} INFO - Processing /home/airflow/.local/lib/python3.12/site-packages/airflow/example_dags/example_sensor_decorator.py took 1.121 seconds
[2024-10-21T18:09:25.333+0000] {processor.py:186} INFO - Started process (PID=130) to work on /home/airflow/.local/lib/python3.12/site-packages/airflow/example_dags/example_sensor_decorator.py
[2024-10-21T18:09:25.336+0000] {processor.py:914} INFO - Processing file /home/airflow/.local/lib/python3.12/site-packages/airflow/example_dags/example_sensor_decorator.py for tasks to queue
[2024-10-21T18:09:25.345+0000] {logging_mixin.py:190} INFO - [2024-10-21T18:09:25.344+0000] {dagbag.py:587} INFO - Filling up the DagBag from /home/airflow/.local/lib/python3.12/site-packages/airflow/example_dags/example_sensor_decorator.py
[2024-10-21T18:09:25.430+0000] {processor.py:925} INFO - DAG(s) 'example_sensor_decorator' retrieved from /home/airflow/.local/lib/python3.12/site-packages/airflow/example_dags/example_sensor_decorator.py
[2024-10-21T18:09:25.651+0000] {logging_mixin.py:190} INFO - [2024-10-21T18:09:25.650+0000] {dag.py:3229} INFO - Sync 1 DAGs
[2024-10-21T18:09:25.713+0000] {logging_mixin.py:190} INFO - [2024-10-21T18:09:25.712+0000] {dag.py:4156} INFO - Setting next_dagrun for example_sensor_decorator to None, run_after=None
[2024-10-21T18:09:25.849+0000] {processor.py:208} INFO - Processing /home/airflow/.local/lib/python3.12/site-packages/airflow/example_dags/example_sensor_decorator.py took 0.551 seconds
