[2024-10-21T09:01:28.857+0000] {processor.py:186} INFO - Started process (PID=138) to work on /home/airflow/.local/lib/python3.12/site-packages/airflow/example_dags/example_branch_operator.py
[2024-10-21T09:01:28.865+0000] {processor.py:914} INFO - Processing file /home/airflow/.local/lib/python3.12/site-packages/airflow/example_dags/example_branch_operator.py for tasks to queue
[2024-10-21T09:01:28.889+0000] {logging_mixin.py:190} INFO - [2024-10-21T09:01:28.889+0000] {dagbag.py:587} INFO - Filling up the DagBag from /home/airflow/.local/lib/python3.12/site-packages/airflow/example_dags/example_branch_operator.py
[2024-10-21T09:01:29.140+0000] {processor.py:925} INFO - DAG(s) 'example_branch_operator' retrieved from /home/airflow/.local/lib/python3.12/site-packages/airflow/example_dags/example_branch_operator.py
[2024-10-21T09:01:31.174+0000] {logging_mixin.py:190} INFO - [2024-10-21T09:01:31.174+0000] {dag.py:3229} INFO - Sync 1 DAGs
[2024-10-21T09:01:31.525+0000] {logging_mixin.py:190} INFO - [2024-10-21T09:01:31.519+0000] {dag.py:4156} INFO - Setting next_dagrun for example_branch_operator to 2024-10-20 00:00:00+00:00, run_after=2024-10-21 00:00:00+00:00
[2024-10-21T09:01:31.896+0000] {processor.py:208} INFO - Processing /home/airflow/.local/lib/python3.12/site-packages/airflow/example_dags/example_branch_operator.py took 3.118 seconds
[2024-10-21T09:03:03.675+0000] {processor.py:186} INFO - Started process (PID=227) to work on /home/airflow/.local/lib/python3.12/site-packages/airflow/example_dags/example_branch_operator.py
[2024-10-21T09:03:03.719+0000] {processor.py:914} INFO - Processing file /home/airflow/.local/lib/python3.12/site-packages/airflow/example_dags/example_branch_operator.py for tasks to queue
[2024-10-21T09:03:03.742+0000] {logging_mixin.py:190} INFO - [2024-10-21T09:03:03.741+0000] {dagbag.py:587} INFO - Filling up the DagBag from /home/airflow/.local/lib/python3.12/site-packages/airflow/example_dags/example_branch_operator.py
[2024-10-21T09:03:03.984+0000] {processor.py:925} INFO - DAG(s) 'example_branch_operator' retrieved from /home/airflow/.local/lib/python3.12/site-packages/airflow/example_dags/example_branch_operator.py
[2024-10-21T09:03:04.378+0000] {logging_mixin.py:190} INFO - [2024-10-21T09:03:04.377+0000] {dag.py:3229} INFO - Sync 1 DAGs
[2024-10-21T09:03:04.778+0000] {logging_mixin.py:190} INFO - [2024-10-21T09:03:04.777+0000] {dag.py:4156} INFO - Setting next_dagrun for example_branch_operator to 2024-10-20 00:00:00+00:00, run_after=2024-10-21 00:00:00+00:00
[2024-10-21T09:03:05.020+0000] {processor.py:208} INFO - Processing /home/airflow/.local/lib/python3.12/site-packages/airflow/example_dags/example_branch_operator.py took 1.425 seconds
[2024-10-21T09:09:34.930+0000] {processor.py:186} INFO - Started process (PID=110) to work on /home/airflow/.local/lib/python3.12/site-packages/airflow/example_dags/example_branch_operator.py
[2024-10-21T09:09:34.953+0000] {processor.py:914} INFO - Processing file /home/airflow/.local/lib/python3.12/site-packages/airflow/example_dags/example_branch_operator.py for tasks to queue
[2024-10-21T09:09:34.965+0000] {logging_mixin.py:190} INFO - [2024-10-21T09:09:34.964+0000] {dagbag.py:587} INFO - Filling up the DagBag from /home/airflow/.local/lib/python3.12/site-packages/airflow/example_dags/example_branch_operator.py
[2024-10-21T09:09:35.158+0000] {processor.py:925} INFO - DAG(s) 'example_branch_operator' retrieved from /home/airflow/.local/lib/python3.12/site-packages/airflow/example_dags/example_branch_operator.py
[2024-10-21T09:09:37.257+0000] {logging_mixin.py:190} INFO - [2024-10-21T09:09:37.256+0000] {dag.py:3229} INFO - Sync 1 DAGs
[2024-10-21T09:09:37.713+0000] {logging_mixin.py:190} INFO - [2024-10-21T09:09:37.712+0000] {dag.py:4156} INFO - Setting next_dagrun for example_branch_operator to 2024-10-20 00:00:00+00:00, run_after=2024-10-21 00:00:00+00:00
[2024-10-21T09:09:37.996+0000] {processor.py:208} INFO - Processing /home/airflow/.local/lib/python3.12/site-packages/airflow/example_dags/example_branch_operator.py took 3.101 seconds
[2024-10-21T18:01:50.415+0000] {processor.py:186} INFO - Started process (PID=126) to work on /home/airflow/.local/lib/python3.12/site-packages/airflow/example_dags/example_branch_operator.py
[2024-10-21T18:01:50.487+0000] {processor.py:914} INFO - Processing file /home/airflow/.local/lib/python3.12/site-packages/airflow/example_dags/example_branch_operator.py for tasks to queue
[2024-10-21T18:01:50.510+0000] {logging_mixin.py:190} INFO - [2024-10-21T18:01:50.504+0000] {dagbag.py:587} INFO - Filling up the DagBag from /home/airflow/.local/lib/python3.12/site-packages/airflow/example_dags/example_branch_operator.py
[2024-10-21T18:01:51.126+0000] {processor.py:925} INFO - DAG(s) 'example_branch_operator' retrieved from /home/airflow/.local/lib/python3.12/site-packages/airflow/example_dags/example_branch_operator.py
[2024-10-21T18:01:53.215+0000] {logging_mixin.py:190} INFO - [2024-10-21T18:01:53.215+0000] {dag.py:3229} INFO - Sync 1 DAGs
[2024-10-21T18:01:53.621+0000] {logging_mixin.py:190} INFO - [2024-10-21T18:01:53.619+0000] {dag.py:4156} INFO - Setting next_dagrun for example_branch_operator to 2024-10-20 00:00:00+00:00, run_after=2024-10-21 00:00:00+00:00
[2024-10-21T18:01:53.935+0000] {processor.py:208} INFO - Processing /home/airflow/.local/lib/python3.12/site-packages/airflow/example_dags/example_branch_operator.py took 3.592 seconds
[2024-10-21T18:03:01.468+0000] {processor.py:186} INFO - Started process (PID=202) to work on /home/airflow/.local/lib/python3.12/site-packages/airflow/example_dags/example_branch_operator.py
[2024-10-21T18:03:01.489+0000] {processor.py:914} INFO - Processing file /home/airflow/.local/lib/python3.12/site-packages/airflow/example_dags/example_branch_operator.py for tasks to queue
[2024-10-21T18:03:01.552+0000] {logging_mixin.py:190} INFO - [2024-10-21T18:03:01.548+0000] {dagbag.py:587} INFO - Filling up the DagBag from /home/airflow/.local/lib/python3.12/site-packages/airflow/example_dags/example_branch_operator.py
[2024-10-21T18:03:01.974+0000] {processor.py:925} INFO - DAG(s) 'example_branch_operator' retrieved from /home/airflow/.local/lib/python3.12/site-packages/airflow/example_dags/example_branch_operator.py
[2024-10-21T18:03:02.629+0000] {logging_mixin.py:190} INFO - [2024-10-21T18:03:02.628+0000] {dag.py:3229} INFO - Sync 1 DAGs
[2024-10-21T18:03:03.013+0000] {logging_mixin.py:190} INFO - [2024-10-21T18:03:03.012+0000] {dag.py:4156} INFO - Setting next_dagrun for example_branch_operator to 2024-10-20 00:00:00+00:00, run_after=2024-10-21 00:00:00+00:00
[2024-10-21T18:03:03.248+0000] {processor.py:208} INFO - Processing /home/airflow/.local/lib/python3.12/site-packages/airflow/example_dags/example_branch_operator.py took 1.916 seconds
[2024-10-21T18:04:11.181+0000] {processor.py:186} INFO - Started process (PID=273) to work on /home/airflow/.local/lib/python3.12/site-packages/airflow/example_dags/example_branch_operator.py
[2024-10-21T18:04:11.202+0000] {processor.py:914} INFO - Processing file /home/airflow/.local/lib/python3.12/site-packages/airflow/example_dags/example_branch_operator.py for tasks to queue
[2024-10-21T18:04:11.220+0000] {logging_mixin.py:190} INFO - [2024-10-21T18:04:11.219+0000] {dagbag.py:587} INFO - Filling up the DagBag from /home/airflow/.local/lib/python3.12/site-packages/airflow/example_dags/example_branch_operator.py
[2024-10-21T18:04:11.492+0000] {processor.py:925} INFO - DAG(s) 'example_branch_operator' retrieved from /home/airflow/.local/lib/python3.12/site-packages/airflow/example_dags/example_branch_operator.py
[2024-10-21T18:04:12.293+0000] {logging_mixin.py:190} INFO - [2024-10-21T18:04:12.292+0000] {dag.py:3229} INFO - Sync 1 DAGs
[2024-10-21T18:04:13.045+0000] {logging_mixin.py:190} INFO - [2024-10-21T18:04:13.045+0000] {dag.py:4156} INFO - Setting next_dagrun for example_branch_operator to 2024-10-20 00:00:00+00:00, run_after=2024-10-21 00:00:00+00:00
[2024-10-21T18:04:13.279+0000] {processor.py:208} INFO - Processing /home/airflow/.local/lib/python3.12/site-packages/airflow/example_dags/example_branch_operator.py took 2.150 seconds
[2024-10-21T18:09:17.607+0000] {processor.py:186} INFO - Started process (PID=111) to work on /home/airflow/.local/lib/python3.12/site-packages/airflow/example_dags/example_branch_operator.py
[2024-10-21T18:09:17.621+0000] {processor.py:914} INFO - Processing file /home/airflow/.local/lib/python3.12/site-packages/airflow/example_dags/example_branch_operator.py for tasks to queue
[2024-10-21T18:09:17.631+0000] {logging_mixin.py:190} INFO - [2024-10-21T18:09:17.630+0000] {dagbag.py:587} INFO - Filling up the DagBag from /home/airflow/.local/lib/python3.12/site-packages/airflow/example_dags/example_branch_operator.py
[2024-10-21T18:09:17.700+0000] {processor.py:925} INFO - DAG(s) 'example_branch_operator' retrieved from /home/airflow/.local/lib/python3.12/site-packages/airflow/example_dags/example_branch_operator.py
[2024-10-21T18:09:18.135+0000] {logging_mixin.py:190} INFO - [2024-10-21T18:09:18.135+0000] {dag.py:3229} INFO - Sync 1 DAGs
[2024-10-21T18:09:18.432+0000] {logging_mixin.py:190} INFO - [2024-10-21T18:09:18.431+0000] {dag.py:4156} INFO - Setting next_dagrun for example_branch_operator to 2024-10-20 00:00:00+00:00, run_after=2024-10-21 00:00:00+00:00
[2024-10-21T18:09:18.540+0000] {processor.py:208} INFO - Processing /home/airflow/.local/lib/python3.12/site-packages/airflow/example_dags/example_branch_operator.py took 0.995 seconds
