[2024-10-21T09:00:57.474+0000] {processor.py:186} INFO - Started process (PID=105) to work on /home/airflow/.local/lib/python3.12/site-packages/airflow/example_dags/example_setup_teardown.py
[2024-10-21T09:00:57.496+0000] {processor.py:914} INFO - Processing file /home/airflow/.local/lib/python3.12/site-packages/airflow/example_dags/example_setup_teardown.py for tasks to queue
[2024-10-21T09:00:57.510+0000] {logging_mixin.py:190} INFO - [2024-10-21T09:00:57.509+0000] {dagbag.py:587} INFO - Filling up the DagBag from /home/airflow/.local/lib/python3.12/site-packages/airflow/example_dags/example_setup_teardown.py
[2024-10-21T09:00:57.582+0000] {processor.py:925} INFO - DAG(s) 'example_setup_teardown' retrieved from /home/airflow/.local/lib/python3.12/site-packages/airflow/example_dags/example_setup_teardown.py
[2024-10-21T09:00:57.957+0000] {logging_mixin.py:190} INFO - [2024-10-21T09:00:57.952+0000] {dag.py:3229} INFO - Sync 1 DAGs
[2024-10-21T09:00:58.333+0000] {logging_mixin.py:190} INFO - [2024-10-21T09:00:58.332+0000] {dag.py:4156} INFO - Setting next_dagrun for example_setup_teardown to None, run_after=None
[2024-10-21T09:01:00.290+0000] {processor.py:208} INFO - Processing /home/airflow/.local/lib/python3.12/site-packages/airflow/example_dags/example_setup_teardown.py took 2.841 seconds
[2024-10-21T09:02:10.565+0000] {processor.py:186} INFO - Started process (PID=180) to work on /home/airflow/.local/lib/python3.12/site-packages/airflow/example_dags/example_setup_teardown.py
[2024-10-21T09:02:10.965+0000] {processor.py:914} INFO - Processing file /home/airflow/.local/lib/python3.12/site-packages/airflow/example_dags/example_setup_teardown.py for tasks to queue
[2024-10-21T09:02:10.970+0000] {logging_mixin.py:190} INFO - [2024-10-21T09:02:10.970+0000] {dagbag.py:587} INFO - Filling up the DagBag from /home/airflow/.local/lib/python3.12/site-packages/airflow/example_dags/example_setup_teardown.py
[2024-10-21T09:02:11.020+0000] {processor.py:925} INFO - DAG(s) 'example_setup_teardown' retrieved from /home/airflow/.local/lib/python3.12/site-packages/airflow/example_dags/example_setup_teardown.py
[2024-10-21T09:02:11.409+0000] {logging_mixin.py:190} INFO - [2024-10-21T09:02:11.408+0000] {dag.py:3229} INFO - Sync 1 DAGs
[2024-10-21T09:02:11.753+0000] {logging_mixin.py:190} INFO - [2024-10-21T09:02:11.752+0000] {dag.py:4156} INFO - Setting next_dagrun for example_setup_teardown to None, run_after=None
[2024-10-21T09:02:12.177+0000] {processor.py:208} INFO - Processing /home/airflow/.local/lib/python3.12/site-packages/airflow/example_dags/example_setup_teardown.py took 1.625 seconds
[2024-10-21T09:02:57.035+0000] {processor.py:186} INFO - Started process (PID=219) to work on /home/airflow/.local/lib/python3.12/site-packages/airflow/example_dags/example_setup_teardown.py
[2024-10-21T09:02:57.291+0000] {processor.py:914} INFO - Processing file /home/airflow/.local/lib/python3.12/site-packages/airflow/example_dags/example_setup_teardown.py for tasks to queue
[2024-10-21T09:02:57.296+0000] {logging_mixin.py:190} INFO - [2024-10-21T09:02:57.295+0000] {dagbag.py:587} INFO - Filling up the DagBag from /home/airflow/.local/lib/python3.12/site-packages/airflow/example_dags/example_setup_teardown.py
[2024-10-21T09:02:57.342+0000] {processor.py:925} INFO - DAG(s) 'example_setup_teardown' retrieved from /home/airflow/.local/lib/python3.12/site-packages/airflow/example_dags/example_setup_teardown.py
[2024-10-21T09:02:57.530+0000] {logging_mixin.py:190} INFO - [2024-10-21T09:02:57.529+0000] {dag.py:3229} INFO - Sync 1 DAGs
[2024-10-21T09:02:57.566+0000] {logging_mixin.py:190} INFO - [2024-10-21T09:02:57.566+0000] {dag.py:4156} INFO - Setting next_dagrun for example_setup_teardown to None, run_after=None
[2024-10-21T09:02:58.002+0000] {processor.py:208} INFO - Processing /home/airflow/.local/lib/python3.12/site-packages/airflow/example_dags/example_setup_teardown.py took 1.003 seconds
[2024-10-21T09:03:51.219+0000] {processor.py:186} INFO - Started process (PID=287) to work on /home/airflow/.local/lib/python3.12/site-packages/airflow/example_dags/example_setup_teardown.py
[2024-10-21T09:03:51.240+0000] {processor.py:914} INFO - Processing file /home/airflow/.local/lib/python3.12/site-packages/airflow/example_dags/example_setup_teardown.py for tasks to queue
[2024-10-21T09:03:51.290+0000] {logging_mixin.py:190} INFO - [2024-10-21T09:03:51.287+0000] {dagbag.py:587} INFO - Filling up the DagBag from /home/airflow/.local/lib/python3.12/site-packages/airflow/example_dags/example_setup_teardown.py
[2024-10-21T09:03:51.601+0000] {processor.py:925} INFO - DAG(s) 'example_setup_teardown' retrieved from /home/airflow/.local/lib/python3.12/site-packages/airflow/example_dags/example_setup_teardown.py
[2024-10-21T09:03:52.568+0000] {logging_mixin.py:190} INFO - [2024-10-21T09:03:52.008+0000] {dag.py:3229} INFO - Sync 1 DAGs
[2024-10-21T09:03:52.859+0000] {logging_mixin.py:190} INFO - [2024-10-21T09:03:52.858+0000] {dag.py:4156} INFO - Setting next_dagrun for example_setup_teardown to None, run_after=None
[2024-10-21T09:03:53.113+0000] {processor.py:208} INFO - Processing /home/airflow/.local/lib/python3.12/site-packages/airflow/example_dags/example_setup_teardown.py took 2.022 seconds
[2024-10-21T09:09:18.045+0000] {processor.py:186} INFO - Started process (PID=78) to work on /home/airflow/.local/lib/python3.12/site-packages/airflow/example_dags/example_setup_teardown.py
[2024-10-21T09:09:18.054+0000] {processor.py:914} INFO - Processing file /home/airflow/.local/lib/python3.12/site-packages/airflow/example_dags/example_setup_teardown.py for tasks to queue
[2024-10-21T09:09:18.062+0000] {logging_mixin.py:190} INFO - [2024-10-21T09:09:18.060+0000] {dagbag.py:587} INFO - Filling up the DagBag from /home/airflow/.local/lib/python3.12/site-packages/airflow/example_dags/example_setup_teardown.py
[2024-10-21T09:09:18.099+0000] {processor.py:925} INFO - DAG(s) 'example_setup_teardown' retrieved from /home/airflow/.local/lib/python3.12/site-packages/airflow/example_dags/example_setup_teardown.py
[2024-10-21T09:09:18.192+0000] {logging_mixin.py:190} INFO - [2024-10-21T09:09:18.192+0000] {dag.py:3229} INFO - Sync 1 DAGs
[2024-10-21T09:09:18.285+0000] {logging_mixin.py:190} INFO - [2024-10-21T09:09:18.276+0000] {dag.py:4156} INFO - Setting next_dagrun for example_setup_teardown to None, run_after=None
[2024-10-21T09:09:18.402+0000] {processor.py:208} INFO - Processing /home/airflow/.local/lib/python3.12/site-packages/airflow/example_dags/example_setup_teardown.py took 0.396 seconds
[2024-10-21T09:12:34.467+0000] {processor.py:186} INFO - Started process (PID=76) to work on /home/airflow/.local/lib/python3.12/site-packages/airflow/example_dags/example_setup_teardown.py
[2024-10-21T09:12:34.471+0000] {processor.py:914} INFO - Processing file /home/airflow/.local/lib/python3.12/site-packages/airflow/example_dags/example_setup_teardown.py for tasks to queue
[2024-10-21T09:12:34.487+0000] {logging_mixin.py:190} INFO - [2024-10-21T09:12:34.485+0000] {dagbag.py:587} INFO - Filling up the DagBag from /home/airflow/.local/lib/python3.12/site-packages/airflow/example_dags/example_setup_teardown.py
[2024-10-21T09:12:34.550+0000] {processor.py:925} INFO - DAG(s) 'example_setup_teardown' retrieved from /home/airflow/.local/lib/python3.12/site-packages/airflow/example_dags/example_setup_teardown.py
[2024-10-21T09:12:34.807+0000] {logging_mixin.py:190} INFO - [2024-10-21T09:12:34.806+0000] {dag.py:3229} INFO - Sync 1 DAGs
[2024-10-21T09:12:35.030+0000] {logging_mixin.py:190} INFO - [2024-10-21T09:12:35.029+0000] {dag.py:4156} INFO - Setting next_dagrun for example_setup_teardown to None, run_after=None
[2024-10-21T09:12:35.236+0000] {processor.py:208} INFO - Processing /home/airflow/.local/lib/python3.12/site-packages/airflow/example_dags/example_setup_teardown.py took 0.818 seconds
[2024-10-21T18:01:18.402+0000] {processor.py:186} INFO - Started process (PID=99) to work on /home/airflow/.local/lib/python3.12/site-packages/airflow/example_dags/example_setup_teardown.py
[2024-10-21T18:01:18.430+0000] {processor.py:914} INFO - Processing file /home/airflow/.local/lib/python3.12/site-packages/airflow/example_dags/example_setup_teardown.py for tasks to queue
[2024-10-21T18:01:18.449+0000] {logging_mixin.py:190} INFO - [2024-10-21T18:01:18.444+0000] {dagbag.py:587} INFO - Filling up the DagBag from /home/airflow/.local/lib/python3.12/site-packages/airflow/example_dags/example_setup_teardown.py
[2024-10-21T18:01:18.628+0000] {processor.py:925} INFO - DAG(s) 'example_setup_teardown' retrieved from /home/airflow/.local/lib/python3.12/site-packages/airflow/example_dags/example_setup_teardown.py
[2024-10-21T18:01:19.318+0000] {logging_mixin.py:190} INFO - [2024-10-21T18:01:19.317+0000] {dag.py:3229} INFO - Sync 1 DAGs
[2024-10-21T18:01:19.510+0000] {logging_mixin.py:190} INFO - [2024-10-21T18:01:19.509+0000] {dag.py:4156} INFO - Setting next_dagrun for example_setup_teardown to None, run_after=None
[2024-10-21T18:01:19.816+0000] {processor.py:208} INFO - Processing /home/airflow/.local/lib/python3.12/site-packages/airflow/example_dags/example_setup_teardown.py took 1.444 seconds
[2024-10-21T18:02:25.126+0000] {processor.py:186} INFO - Started process (PID=167) to work on /home/airflow/.local/lib/python3.12/site-packages/airflow/example_dags/example_setup_teardown.py
[2024-10-21T18:02:25.176+0000] {processor.py:914} INFO - Processing file /home/airflow/.local/lib/python3.12/site-packages/airflow/example_dags/example_setup_teardown.py for tasks to queue
[2024-10-21T18:02:25.194+0000] {logging_mixin.py:190} INFO - [2024-10-21T18:02:25.193+0000] {dagbag.py:587} INFO - Filling up the DagBag from /home/airflow/.local/lib/python3.12/site-packages/airflow/example_dags/example_setup_teardown.py
[2024-10-21T18:02:25.358+0000] {processor.py:925} INFO - DAG(s) 'example_setup_teardown' retrieved from /home/airflow/.local/lib/python3.12/site-packages/airflow/example_dags/example_setup_teardown.py
[2024-10-21T18:02:25.516+0000] {logging_mixin.py:190} INFO - [2024-10-21T18:02:25.515+0000] {dag.py:3229} INFO - Sync 1 DAGs
[2024-10-21T18:02:25.649+0000] {logging_mixin.py:190} INFO - [2024-10-21T18:02:25.649+0000] {dag.py:4156} INFO - Setting next_dagrun for example_setup_teardown to None, run_after=None
[2024-10-21T18:02:25.879+0000] {processor.py:208} INFO - Processing /home/airflow/.local/lib/python3.12/site-packages/airflow/example_dags/example_setup_teardown.py took 0.820 seconds
[2024-10-21T18:03:28.712+0000] {processor.py:186} INFO - Started process (PID=236) to work on /home/airflow/.local/lib/python3.12/site-packages/airflow/example_dags/example_setup_teardown.py
[2024-10-21T18:03:28.735+0000] {processor.py:914} INFO - Processing file /home/airflow/.local/lib/python3.12/site-packages/airflow/example_dags/example_setup_teardown.py for tasks to queue
[2024-10-21T18:03:28.753+0000] {logging_mixin.py:190} INFO - [2024-10-21T18:03:28.752+0000] {dagbag.py:587} INFO - Filling up the DagBag from /home/airflow/.local/lib/python3.12/site-packages/airflow/example_dags/example_setup_teardown.py
[2024-10-21T18:03:28.819+0000] {processor.py:925} INFO - DAG(s) 'example_setup_teardown' retrieved from /home/airflow/.local/lib/python3.12/site-packages/airflow/example_dags/example_setup_teardown.py
[2024-10-21T18:03:29.365+0000] {logging_mixin.py:190} INFO - [2024-10-21T18:03:29.364+0000] {dag.py:3229} INFO - Sync 1 DAGs
[2024-10-21T18:03:29.856+0000] {logging_mixin.py:190} INFO - [2024-10-21T18:03:29.856+0000] {dag.py:4156} INFO - Setting next_dagrun for example_setup_teardown to None, run_after=None
[2024-10-21T18:03:30.697+0000] {processor.py:208} INFO - Processing /home/airflow/.local/lib/python3.12/site-packages/airflow/example_dags/example_setup_teardown.py took 2.055 seconds
[2024-10-21T18:09:03.151+0000] {processor.py:186} INFO - Started process (PID=84) to work on /home/airflow/.local/lib/python3.12/site-packages/airflow/example_dags/example_setup_teardown.py
[2024-10-21T18:09:03.220+0000] {processor.py:914} INFO - Processing file /home/airflow/.local/lib/python3.12/site-packages/airflow/example_dags/example_setup_teardown.py for tasks to queue
[2024-10-21T18:09:03.225+0000] {logging_mixin.py:190} INFO - [2024-10-21T18:09:03.224+0000] {dagbag.py:587} INFO - Filling up the DagBag from /home/airflow/.local/lib/python3.12/site-packages/airflow/example_dags/example_setup_teardown.py
[2024-10-21T18:09:03.255+0000] {processor.py:925} INFO - DAG(s) 'example_setup_teardown' retrieved from /home/airflow/.local/lib/python3.12/site-packages/airflow/example_dags/example_setup_teardown.py
[2024-10-21T18:09:03.429+0000] {logging_mixin.py:190} INFO - [2024-10-21T18:09:03.428+0000] {dag.py:3229} INFO - Sync 1 DAGs
[2024-10-21T18:09:03.682+0000] {logging_mixin.py:190} INFO - [2024-10-21T18:09:03.682+0000] {dag.py:4156} INFO - Setting next_dagrun for example_setup_teardown to None, run_after=None
[2024-10-21T18:09:04.095+0000] {processor.py:208} INFO - Processing /home/airflow/.local/lib/python3.12/site-packages/airflow/example_dags/example_setup_teardown.py took 0.978 seconds
