[2024-10-21T09:01:27.107+0000] {processor.py:186} INFO - Started process (PID=135) to work on /home/airflow/.local/lib/python3.12/site-packages/airflow/example_dags/example_workday_timetable.py
[2024-10-21T09:01:27.111+0000] {processor.py:914} INFO - Processing file /home/airflow/.local/lib/python3.12/site-packages/airflow/example_dags/example_workday_timetable.py for tasks to queue
[2024-10-21T09:01:27.130+0000] {logging_mixin.py:190} INFO - [2024-10-21T09:01:27.122+0000] {dagbag.py:587} INFO - Filling up the DagBag from /home/airflow/.local/lib/python3.12/site-packages/airflow/example_dags/example_workday_timetable.py
[2024-10-21T09:01:27.182+0000] {processor.py:925} INFO - DAG(s) 'example_workday_timetable' retrieved from /home/airflow/.local/lib/python3.12/site-packages/airflow/example_dags/example_workday_timetable.py
[2024-10-21T09:01:27.303+0000] {logging_mixin.py:190} INFO - [2024-10-21T09:01:27.294+0000] {dag.py:3229} INFO - Sync 1 DAGs
[2024-10-21T09:01:28.001+0000] {logging_mixin.py:190} INFO - [2024-10-21T09:01:28.000+0000] {dag.py:4156} INFO - Setting next_dagrun for example_workday_timetable to 2021-01-04 00:00:00+00:00, run_after=2021-01-05 00:00:00+00:00
[2024-10-21T09:01:28.417+0000] {processor.py:208} INFO - Processing /home/airflow/.local/lib/python3.12/site-packages/airflow/example_dags/example_workday_timetable.py took 1.363 seconds
[2024-10-21T09:02:47.091+0000] {processor.py:186} INFO - Started process (PID=210) to work on /home/airflow/.local/lib/python3.12/site-packages/airflow/example_dags/example_workday_timetable.py
[2024-10-21T09:02:47.114+0000] {processor.py:914} INFO - Processing file /home/airflow/.local/lib/python3.12/site-packages/airflow/example_dags/example_workday_timetable.py for tasks to queue
[2024-10-21T09:02:47.183+0000] {logging_mixin.py:190} INFO - [2024-10-21T09:02:47.182+0000] {dagbag.py:587} INFO - Filling up the DagBag from /home/airflow/.local/lib/python3.12/site-packages/airflow/example_dags/example_workday_timetable.py
[2024-10-21T09:02:47.431+0000] {processor.py:925} INFO - DAG(s) 'example_workday_timetable' retrieved from /home/airflow/.local/lib/python3.12/site-packages/airflow/example_dags/example_workday_timetable.py
[2024-10-21T09:02:47.893+0000] {logging_mixin.py:190} INFO - [2024-10-21T09:02:47.878+0000] {dag.py:3229} INFO - Sync 1 DAGs
[2024-10-21T09:02:49.296+0000] {logging_mixin.py:190} INFO - [2024-10-21T09:02:49.295+0000] {dag.py:4156} INFO - Setting next_dagrun for example_workday_timetable to 2021-01-04 00:00:00+00:00, run_after=2021-01-05 00:00:00+00:00
[2024-10-21T09:02:49.656+0000] {processor.py:208} INFO - Processing /home/airflow/.local/lib/python3.12/site-packages/airflow/example_dags/example_workday_timetable.py took 2.823 seconds
[2024-10-21T09:03:31.846+0000] {processor.py:186} INFO - Started process (PID=273) to work on /home/airflow/.local/lib/python3.12/site-packages/airflow/example_dags/example_workday_timetable.py
[2024-10-21T09:03:31.852+0000] {processor.py:914} INFO - Processing file /home/airflow/.local/lib/python3.12/site-packages/airflow/example_dags/example_workday_timetable.py for tasks to queue
[2024-10-21T09:03:31.860+0000] {logging_mixin.py:190} INFO - [2024-10-21T09:03:31.859+0000] {dagbag.py:587} INFO - Filling up the DagBag from /home/airflow/.local/lib/python3.12/site-packages/airflow/example_dags/example_workday_timetable.py
[2024-10-21T09:03:31.895+0000] {processor.py:925} INFO - DAG(s) 'example_workday_timetable' retrieved from /home/airflow/.local/lib/python3.12/site-packages/airflow/example_dags/example_workday_timetable.py
[2024-10-21T09:03:31.964+0000] {logging_mixin.py:190} INFO - [2024-10-21T09:03:31.964+0000] {dag.py:3229} INFO - Sync 1 DAGs
[2024-10-21T09:03:32.464+0000] {logging_mixin.py:190} INFO - [2024-10-21T09:03:32.463+0000] {dag.py:4156} INFO - Setting next_dagrun for example_workday_timetable to 2021-01-04 00:00:00+00:00, run_after=2021-01-05 00:00:00+00:00
[2024-10-21T09:03:32.539+0000] {processor.py:208} INFO - Processing /home/airflow/.local/lib/python3.12/site-packages/airflow/example_dags/example_workday_timetable.py took 0.716 seconds
[2024-10-21T09:09:31.060+0000] {processor.py:186} INFO - Started process (PID=102) to work on /home/airflow/.local/lib/python3.12/site-packages/airflow/example_dags/example_workday_timetable.py
[2024-10-21T09:09:31.063+0000] {processor.py:914} INFO - Processing file /home/airflow/.local/lib/python3.12/site-packages/airflow/example_dags/example_workday_timetable.py for tasks to queue
[2024-10-21T09:09:31.078+0000] {logging_mixin.py:190} INFO - [2024-10-21T09:09:31.077+0000] {dagbag.py:587} INFO - Filling up the DagBag from /home/airflow/.local/lib/python3.12/site-packages/airflow/example_dags/example_workday_timetable.py
[2024-10-21T09:09:31.105+0000] {processor.py:925} INFO - DAG(s) 'example_workday_timetable' retrieved from /home/airflow/.local/lib/python3.12/site-packages/airflow/example_dags/example_workday_timetable.py
[2024-10-21T09:09:31.656+0000] {logging_mixin.py:190} INFO - [2024-10-21T09:09:31.655+0000] {dag.py:3229} INFO - Sync 1 DAGs
[2024-10-21T09:09:33.560+0000] {logging_mixin.py:190} INFO - [2024-10-21T09:09:33.559+0000] {dag.py:4156} INFO - Setting next_dagrun for example_workday_timetable to 2021-01-04 00:00:00+00:00, run_after=2021-01-05 00:00:00+00:00
[2024-10-21T09:09:33.696+0000] {processor.py:208} INFO - Processing /home/airflow/.local/lib/python3.12/site-packages/airflow/example_dags/example_workday_timetable.py took 2.592 seconds
[2024-10-21T09:12:47.303+0000] {processor.py:186} INFO - Started process (PID=106) to work on /home/airflow/.local/lib/python3.12/site-packages/airflow/example_dags/example_workday_timetable.py
[2024-10-21T09:12:47.319+0000] {processor.py:914} INFO - Processing file /home/airflow/.local/lib/python3.12/site-packages/airflow/example_dags/example_workday_timetable.py for tasks to queue
[2024-10-21T09:12:47.332+0000] {logging_mixin.py:190} INFO - [2024-10-21T09:12:47.330+0000] {dagbag.py:587} INFO - Filling up the DagBag from /home/airflow/.local/lib/python3.12/site-packages/airflow/example_dags/example_workday_timetable.py
[2024-10-21T09:12:47.398+0000] {processor.py:925} INFO - DAG(s) 'example_workday_timetable' retrieved from /home/airflow/.local/lib/python3.12/site-packages/airflow/example_dags/example_workday_timetable.py
[2024-10-21T09:12:47.600+0000] {logging_mixin.py:190} INFO - [2024-10-21T09:12:47.599+0000] {dag.py:3229} INFO - Sync 1 DAGs
[2024-10-21T09:12:54.083+0000] {logging_mixin.py:190} INFO - [2024-10-21T09:12:54.054+0000] {dag.py:4156} INFO - Setting next_dagrun for example_workday_timetable to 2021-01-04 00:00:00+00:00, run_after=2021-01-05 00:00:00+00:00
[2024-10-21T18:01:46.835+0000] {processor.py:186} INFO - Started process (PID=123) to work on /home/airflow/.local/lib/python3.12/site-packages/airflow/example_dags/example_workday_timetable.py
[2024-10-21T18:01:46.857+0000] {processor.py:914} INFO - Processing file /home/airflow/.local/lib/python3.12/site-packages/airflow/example_dags/example_workday_timetable.py for tasks to queue
[2024-10-21T18:01:46.978+0000] {logging_mixin.py:190} INFO - [2024-10-21T18:01:46.977+0000] {dagbag.py:587} INFO - Filling up the DagBag from /home/airflow/.local/lib/python3.12/site-packages/airflow/example_dags/example_workday_timetable.py
[2024-10-21T18:01:47.137+0000] {processor.py:925} INFO - DAG(s) 'example_workday_timetable' retrieved from /home/airflow/.local/lib/python3.12/site-packages/airflow/example_dags/example_workday_timetable.py
[2024-10-21T18:01:47.652+0000] {logging_mixin.py:190} INFO - [2024-10-21T18:01:47.634+0000] {dag.py:3229} INFO - Sync 1 DAGs
[2024-10-21T18:01:49.457+0000] {logging_mixin.py:190} INFO - [2024-10-21T18:01:49.457+0000] {dag.py:4156} INFO - Setting next_dagrun for example_workday_timetable to 2021-01-04 00:00:00+00:00, run_after=2021-01-05 00:00:00+00:00
[2024-10-21T18:01:49.757+0000] {processor.py:208} INFO - Processing /home/airflow/.local/lib/python3.12/site-packages/airflow/example_dags/example_workday_timetable.py took 3.014 seconds
[2024-10-21T18:02:56.399+0000] {processor.py:186} INFO - Started process (PID=199) to work on /home/airflow/.local/lib/python3.12/site-packages/airflow/example_dags/example_workday_timetable.py
[2024-10-21T18:02:56.425+0000] {processor.py:914} INFO - Processing file /home/airflow/.local/lib/python3.12/site-packages/airflow/example_dags/example_workday_timetable.py for tasks to queue
[2024-10-21T18:02:56.473+0000] {logging_mixin.py:190} INFO - [2024-10-21T18:02:56.472+0000] {dagbag.py:587} INFO - Filling up the DagBag from /home/airflow/.local/lib/python3.12/site-packages/airflow/example_dags/example_workday_timetable.py
[2024-10-21T18:02:56.534+0000] {processor.py:925} INFO - DAG(s) 'example_workday_timetable' retrieved from /home/airflow/.local/lib/python3.12/site-packages/airflow/example_dags/example_workday_timetable.py
[2024-10-21T18:02:56.876+0000] {logging_mixin.py:190} INFO - [2024-10-21T18:02:56.874+0000] {dag.py:3229} INFO - Sync 1 DAGs
[2024-10-21T18:02:58.403+0000] {logging_mixin.py:190} INFO - [2024-10-21T18:02:58.402+0000] {dag.py:4156} INFO - Setting next_dagrun for example_workday_timetable to 2021-01-04 00:00:00+00:00, run_after=2021-01-05 00:00:00+00:00
[2024-10-21T18:02:58.684+0000] {processor.py:208} INFO - Processing /home/airflow/.local/lib/python3.12/site-packages/airflow/example_dags/example_workday_timetable.py took 2.358 seconds
[2024-10-21T18:04:04.022+0000] {processor.py:186} INFO - Started process (PID=270) to work on /home/airflow/.local/lib/python3.12/site-packages/airflow/example_dags/example_workday_timetable.py
[2024-10-21T18:04:04.173+0000] {processor.py:914} INFO - Processing file /home/airflow/.local/lib/python3.12/site-packages/airflow/example_dags/example_workday_timetable.py for tasks to queue
[2024-10-21T18:04:04.348+0000] {logging_mixin.py:190} INFO - [2024-10-21T18:04:04.253+0000] {dagbag.py:587} INFO - Filling up the DagBag from /home/airflow/.local/lib/python3.12/site-packages/airflow/example_dags/example_workday_timetable.py
[2024-10-21T18:04:04.987+0000] {processor.py:925} INFO - DAG(s) 'example_workday_timetable' retrieved from /home/airflow/.local/lib/python3.12/site-packages/airflow/example_dags/example_workday_timetable.py
[2024-10-21T18:04:05.210+0000] {logging_mixin.py:190} INFO - [2024-10-21T18:04:05.210+0000] {dag.py:3229} INFO - Sync 1 DAGs
[2024-10-21T18:04:07.007+0000] {logging_mixin.py:190} INFO - [2024-10-21T18:04:07.007+0000] {dag.py:4156} INFO - Setting next_dagrun for example_workday_timetable to 2021-01-04 00:00:00+00:00, run_after=2021-01-05 00:00:00+00:00
[2024-10-21T18:04:08.232+0000] {processor.py:208} INFO - Processing /home/airflow/.local/lib/python3.12/site-packages/airflow/example_dags/example_workday_timetable.py took 4.516 seconds
[2024-10-21T18:09:15.950+0000] {processor.py:186} INFO - Started process (PID=108) to work on /home/airflow/.local/lib/python3.12/site-packages/airflow/example_dags/example_workday_timetable.py
[2024-10-21T18:09:15.953+0000] {processor.py:914} INFO - Processing file /home/airflow/.local/lib/python3.12/site-packages/airflow/example_dags/example_workday_timetable.py for tasks to queue
[2024-10-21T18:09:15.958+0000] {logging_mixin.py:190} INFO - [2024-10-21T18:09:15.957+0000] {dagbag.py:587} INFO - Filling up the DagBag from /home/airflow/.local/lib/python3.12/site-packages/airflow/example_dags/example_workday_timetable.py
[2024-10-21T18:09:15.977+0000] {processor.py:925} INFO - DAG(s) 'example_workday_timetable' retrieved from /home/airflow/.local/lib/python3.12/site-packages/airflow/example_dags/example_workday_timetable.py
[2024-10-21T18:09:16.041+0000] {logging_mixin.py:190} INFO - [2024-10-21T18:09:16.040+0000] {dag.py:3229} INFO - Sync 1 DAGs
[2024-10-21T18:09:16.795+0000] {logging_mixin.py:190} INFO - [2024-10-21T18:09:16.794+0000] {dag.py:4156} INFO - Setting next_dagrun for example_workday_timetable to 2021-01-04 00:00:00+00:00, run_after=2021-01-05 00:00:00+00:00
[2024-10-21T18:09:17.005+0000] {processor.py:208} INFO - Processing /home/airflow/.local/lib/python3.12/site-packages/airflow/example_dags/example_workday_timetable.py took 1.076 seconds
